c:\users\grave\tpsinf1015\tps\projetjeuxechecs\projetjeuxechecs\x64\debug\verification_allocation.obj
c:\users\grave\tpsinf1015\tps\projetjeuxechecs\projetjeuxechecs\x64\debug\bibliotheque_cours.obj
c:\users\grave\tpsinf1015\tps\projetjeuxechecs\projetjeuxechecs\x64\debug\projetjeuxechecs.obj
c:\users\grave\tpsinf1015\tps\projetjeuxechecs\projetjeuxechecs\x64\debug\gtest-all.obj
c:\users\grave\tpsinf1015\tps\projetjeuxechecs\projetjeuxechecs\x64\debug\main.obj
c:\users\grave\tpsinf1015\tps\projetjeuxechecs\projetjeuxechecs\x64\debug\testjeuxechecs.obj
c:\users\grave\tpsinf1015\tps\projetjeuxechecs\projetjeuxechecs\x64\debug\vc143.pdb
c:\users\grave\tpsinf1015\tps\projetjeuxechecs\projetjeuxechecs\x64\debug\qrc_projetjeuxechecs.obj
c:\users\grave\tpsinf1015\tps\projetjeuxechecs\projetjeuxechecs\x64\debug\moc_projetjeuxechecs.obj
c:\users\grave\tpsinf1015\tps\projetjeuxechecs\x64\debug\projetjeuxechecs.exe
c:\users\grave\tpsinf1015\tps\projetjeuxechecs\x64\debug\projetjeuxechecs.pdb
c:\users\grave\tpsinf1015\tps\projetjeuxechecs\projetjeuxechecs\x64\debug\qt\moc\moc_projetjeuxechecs.cpp
c:\users\grave\tpsinf1015\tps\projetjeuxechecs\projetjeuxechecs\x64\debug\qt\uic\ui_projetjeuxechecs.h
c:\users\grave\tpsinf1015\tps\projetjeuxechecs\projetjeuxechecs\x64\debug\qt\rcc\qrc_projetjeuxechecs.cpp
c:\users\grave\tpsinf1015\tps\projetjeuxechecs\projetjeuxechecs\x64\debug\qt\moc\moc_modeledonnees.cpp
c:\users\grave\tpsinf1015\tps\projetjeuxechecs\x64\debug\projetjeuxechecs.lib
c:\users\grave\tpsinf1015\tps\projetjeuxechecs\x64\debug\projetjeuxechecs.exp
c:\users\grave\tpsinf1015\tps\projetjeuxechecs\projetjeuxechecs\x64\debug\projetjeuxechecs.ilk
c:\users\grave\tpsinf1015\tps\projetjeuxechecs\projetjeuxechecs\x64\debug\projetjeuxechecs.tlog\cl.command.1.tlog
c:\users\grave\tpsinf1015\tps\projetjeuxechecs\projetjeuxechecs\x64\debug\projetjeuxechecs.tlog\cl.items.tlog
c:\users\grave\tpsinf1015\tps\projetjeuxechecs\projetjeuxechecs\x64\debug\projetjeuxechecs.tlog\cl.read.1.tlog
c:\users\grave\tpsinf1015\tps\projetjeuxechecs\projetjeuxechecs\x64\debug\projetjeuxechecs.tlog\cl.write.1.tlog
c:\users\grave\tpsinf1015\tps\projetjeuxechecs\projetjeuxechecs\x64\debug\projetjeuxechecs.tlog\link.command.1.tlog
c:\users\grave\tpsinf1015\tps\projetjeuxechecs\projetjeuxechecs\x64\debug\projetjeuxechecs.tlog\link.read.1.tlog
c:\users\grave\tpsinf1015\tps\projetjeuxechecs\projetjeuxechecs\x64\debug\projetjeuxechecs.tlog\link.secondary.1.tlog
c:\users\grave\tpsinf1015\tps\projetjeuxechecs\projetjeuxechecs\x64\debug\projetjeuxechecs.tlog\link.write.1.tlog
c:\users\grave\tpsinf1015\tps\projetjeuxechecs\projetjeuxechecs\x64\debug\projetjeuxechecs.tlog\moc.read.1u.tlog
c:\users\grave\tpsinf1015\tps\projetjeuxechecs\projetjeuxechecs\x64\debug\projetjeuxechecs.tlog\moc.write.1u.tlog
c:\users\grave\tpsinf1015\tps\projetjeuxechecs\projetjeuxechecs\x64\debug\projetjeuxechecs.tlog\projetjeuxechecs.write.1u.tlog
c:\users\grave\tpsinf1015\tps\projetjeuxechecs\projetjeuxechecs\x64\debug\projetjeuxechecs.tlog\rcc.read.1u.tlog
c:\users\grave\tpsinf1015\tps\projetjeuxechecs\projetjeuxechecs\x64\debug\projetjeuxechecs.tlog\rcc.write.1u.tlog
c:\users\grave\tpsinf1015\tps\projetjeuxechecs\projetjeuxechecs\x64\debug\projetjeuxechecs.tlog\uic.read.1u.tlog
c:\users\grave\tpsinf1015\tps\projetjeuxechecs\projetjeuxechecs\x64\debug\projetjeuxechecs.tlog\uic.write.1u.tlog
