  td2.cpp
C:\Users\grave\TPsINF1015\TPs\TP4\structures.hpp(88,3): error C2679: '=' binaire : aucun opérateur trouvé qui accepte un opérande de partie droite de type 'std::unique_ptr<std::shared_ptr<Acteur>,std::default_delete<std::shared_ptr<Acteur>>>' (ou il n'existe pas de conversion acceptable)
  (compiler le fichier source 'td2.cpp')
      C:\Program Files\Microsoft Visual Studio\2022\Enterprise\VC\Tools\MSVC\14.42.34433\include\memory(3586,17):
      est peut-être 'std::unique_ptr<std::shared_ptr<Acteur> [],std::default_delete<std::shared_ptr<Acteur> []>> &std::unique_ptr<std::shared_ptr<Acteur> [],std::default_delete<std::shared_ptr<Acteur> []>>::operator =(const std::unique_ptr<std::shared_ptr<Acteur> [],std::default_delete<std::shared_ptr<Acteur> []>> &)'
          C:\Users\grave\TPsINF1015\TPs\TP4\structures.hpp(88,3):
          'std::unique_ptr<std::shared_ptr<Acteur> [],std::default_delete<std::shared_ptr<Acteur> []>> &std::unique_ptr<std::shared_ptr<Acteur> [],std::default_delete<std::shared_ptr<Acteur> []>>::operator =(const std::unique_ptr<std::shared_ptr<Acteur> [],std::default_delete<std::shared_ptr<Acteur> []>> &)' : impossible de convertir l'argument 2 de 'std::unique_ptr<std::shared_ptr<Acteur>,std::default_delete<std::shared_ptr<Acteur>>>' en 'const std::unique_ptr<std::shared_ptr<Acteur> [],std::default_delete<std::shared_ptr<Acteur> []>> &'
              C:\Users\grave\TPsINF1015\TPs\TP4\structures.hpp(88,41):
              Raison : impossible de convertir de 'std::unique_ptr<std::shared_ptr<Acteur>,std::default_delete<std::shared_ptr<Acteur>>>' en 'const std::unique_ptr<std::shared_ptr<Acteur> [],std::default_delete<std::shared_ptr<Acteur> []>>'
              C:\Users\grave\TPsINF1015\TPs\TP4\structures.hpp(88,41):
              Aucun opérateur de conversion définie par l'utilisateur disponible qui puisse effectuer cette conversion, ou l'opérateur ne peut pas être appelé
      C:\Program Files\Microsoft Visual Studio\2022\Enterprise\VC\Tools\MSVC\14.42.34433\include\memory(3532,30):
      ou       'std::unique_ptr<std::shared_ptr<Acteur> [],std::default_delete<std::shared_ptr<Acteur> []>> &std::unique_ptr<std::shared_ptr<Acteur> [],std::default_delete<std::shared_ptr<Acteur> []>>::operator =(std::nullptr_t) noexcept'
          C:\Users\grave\TPsINF1015\TPs\TP4\structures.hpp(88,3):
          'std::unique_ptr<std::shared_ptr<Acteur> [],std::default_delete<std::shared_ptr<Acteur> []>> &std::unique_ptr<std::shared_ptr<Acteur> [],std::default_delete<std::shared_ptr<Acteur> []>>::operator =(std::nullptr_t) noexcept' : impossible de convertir l'argument 2 de 'std::unique_ptr<std::shared_ptr<Acteur>,std::default_delete<std::shared_ptr<Acteur>>>' en 'std::nullptr_t'
              C:\Users\grave\TPsINF1015\TPs\TP4\structures.hpp(88,41):
              Aucun opérateur de conversion définie par l'utilisateur disponible qui puisse effectuer cette conversion, ou l'opérateur ne peut pas être appelé
      C:\Program Files\Microsoft Visual Studio\2022\Enterprise\VC\Tools\MSVC\14.42.34433\include\memory(3523,30):
      ou       'std::unique_ptr<std::shared_ptr<Acteur> [],std::default_delete<std::shared_ptr<Acteur> []>> &std::unique_ptr<std::shared_ptr<Acteur> [],std::default_delete<std::shared_ptr<Acteur> []>>::operator =(std::unique_ptr<_Ux,_Dx> &&) noexcept'
          C:\Users\grave\TPsINF1015\TPs\TP4\structures.hpp(88,3):
          'std::unique_ptr<std::shared_ptr<Acteur> [],std::default_delete<std::shared_ptr<Acteur> []>> &std::unique_ptr<std::shared_ptr<Acteur> [],std::default_delete<std::shared_ptr<Acteur> []>>::operator =(std::unique_ptr<_Ux,_Dx> &&) noexcept' : nous n’avons pas pu déduire modèle de l'argument '__formal'.
              C:\Program Files\Microsoft Visual Studio\2022\Enterprise\VC\Tools\MSVC\14.42.34433\include\memory(3511,32):
              'std::enable_if_t<false,int>' : échec de spécialisation du modèle d'alias
      C:\Program Files\Microsoft Visual Studio\2022\Enterprise\VC\Tools\MSVC\14.42.34433\include\memory(3500,30):
      ou       'std::unique_ptr<std::shared_ptr<Acteur> [],std::default_delete<std::shared_ptr<Acteur> []>> &std::unique_ptr<std::shared_ptr<Acteur> [],std::default_delete<std::shared_ptr<Acteur> []>>::operator =(std::unique_ptr<std::shared_ptr<Acteur> [],std::default_delete<std::shared_ptr<Acteur> []>> &&) noexcept'
          C:\Users\grave\TPsINF1015\TPs\TP4\structures.hpp(88,41):
          'initialisation' : impossible de convertir de 'std::unique_ptr<std::shared_ptr<Acteur>,std::default_delete<std::shared_ptr<Acteur>>>' en 'std::unique_ptr<std::shared_ptr<Acteur> [],std::default_delete<std::shared_ptr<Acteur> []>> &&'
              C:\Users\grave\TPsINF1015\TPs\TP4\structures.hpp(88,41):
              Raison : impossible de convertir de 'std::unique_ptr<std::shared_ptr<Acteur>,std::default_delete<std::shared_ptr<Acteur>>>' en 'std::unique_ptr<std::shared_ptr<Acteur> [],std::default_delete<std::shared_ptr<Acteur> []>>'
              C:\Users\grave\TPsINF1015\TPs\TP4\structures.hpp(88,41):
              Aucun opérateur de conversion définie par l'utilisateur disponible qui puisse effectuer cette conversion, ou l'opérateur ne peut pas être appelé
      C:\Users\grave\TPsINF1015\TPs\TP4\structures.hpp(88,3):
      lors de la tentative de mise en correspondance de la liste des arguments '(std::unique_ptr<std::shared_ptr<Acteur> [],std::default_delete<std::shared_ptr<Acteur> []>>, std::unique_ptr<std::shared_ptr<Acteur>,std::default_delete<std::shared_ptr<Acteur>>>)'
      C:\Users\grave\TPsINF1015\TPs\TP4\structures.hpp(88,3):
      le contexte d’instanciation du modèle (le plus ancien) est
          C:\Users\grave\TPsINF1015\TPs\TP4\structures.hpp(131,15):
          voir la référence à l'instanciation classe modèle 'Liste<Acteur>' en cours de compilation
          C:\Users\grave\TPsINF1015\TPs\TP4\structures.hpp(86,2):
          pendant la compilation de la fonction membre classe modèle 'Liste<Acteur>::Liste(int)'
              C:\Users\grave\TPsINF1015\TPs\TP4\td2.cpp(196,30):
              voir la première référence à « Liste<Acteur>::Liste » dans « ListeFilms::lireFilm »
  
