c:\users\zacka\documents\université\session2\inf1015\new folder\tp2\td2\debug\vc143.pdb
c:\users\zacka\documents\université\session2\inf1015\new folder\tp2\td2\debug\td2.obj
c:\users\zacka\documents\université\session2\inf1015\new folder\tp2\td2\debug\verification_allocation.obj
c:\users\zacka\documents\université\session2\inf1015\new folder\tp2\td2\debug\bibliotheque_cours.obj
c:\users\grave\tpsinf1015\tps\tp2\td2\debug\vc143.pdb
c:\users\grave\tpsinf1015\tps\tp2\td2\debug\td2.obj
c:\users\grave\tpsinf1015\tps\tp2\td2\debug\verification_allocation.obj
c:\users\zacka\documents\université\session2\inf1015\new folder\tp2\debug\td2.exe
c:\users\zacka\documents\université\session2\inf1015\new folder\tp2\debug\td2.pdb
c:\users\zacka\documents\université\session2\inf1015\new folder\tp2\debug\td2.lib
c:\users\zacka\documents\université\session2\inf1015\new folder\tp2\debug\td2.exp
c:\users\grave\tpsinf1015\tps\tp2\debug\td2.pdb
c:\users\grave\tpsinf1015\tps\tp2\debug\td2.exe
c:\users\grave\tpsinf1015\tps\tp2\td2\debug\td2.tlog\cl.command.1.tlog
c:\users\grave\tpsinf1015\tps\tp2\td2\debug\td2.tlog\cl.items.tlog
c:\users\grave\tpsinf1015\tps\tp2\td2\debug\td2.tlog\cl.read.1.tlog
c:\users\grave\tpsinf1015\tps\tp2\td2\debug\td2.tlog\cl.write.1.tlog
c:\users\grave\tpsinf1015\tps\tp2\td2\debug\td2.tlog\link.command.1.tlog
c:\users\grave\tpsinf1015\tps\tp2\td2\debug\td2.tlog\link.read.1.tlog
c:\users\grave\tpsinf1015\tps\tp2\td2\debug\td2.tlog\link.secondary.1.tlog
c:\users\grave\tpsinf1015\tps\tp2\td2\debug\td2.tlog\link.write.1.tlog
