2025-02-04 14:14:26.647 -05:00 [INF] ConfigurationFileUtility.GetConfiguration: Coverage settings file not provided. Using default settings.
2025-02-04 14:14:26.687 -05:00 [INF] Starting collection for session id: 23b4df76-c31d-4fe6-a3ed-dc322d2aa790
2025-02-04 14:14:26.704 -05:00 [INF] ReportGenerator.LoadGenerators. OutputType: default
2025-02-04 14:14:26.705 -05:00 [ERR] ReportGeneratorFactory.CreateGenerator: Invalid outputType: default found. Using DefaultReportGenerator.
2025-02-04 14:14:26.708 -05:00 [VRB] PrivilegeChecker.IsPrivilegeEnabled number of privileges: 4
2025-02-04 14:14:26.717 -05:00 [VRB] PrivilegeChecker.IsPrivilegeEnabled number of privileges: 4
2025-02-04 14:14:26.717 -05:00 [VRB] PrivilegeChecker.IsPrivilegeEnabled number of privileges: 4
2025-02-04 14:14:26.744 -05:00 [INF] PipeConnectionsManager.OpenConnectionInternal: acquired lock. Creating new connection.
2025-02-04 14:14:26.748 -05:00 [INF] PipeConnectionsManager.OpenConnectionInternal: Created new connection. Number of connections: 0
2025-02-04 14:14:26.748 -05:00 [INF] PipeConnectionsManager.OpenConnectionInternal: acquired lock. Creating new connection.
2025-02-04 14:14:26.748 -05:00 [INF] PipeConnectionsManager.OpenConnectionInternal: Created new connection. Number of connections: 0
2025-02-04 14:14:26.748 -05:00 [INF] PipeConnectionsManager.OpenConnectionInternal: acquired lock. Creating new connection.
2025-02-04 14:14:26.748 -05:00 [INF] PipeConnectionsManager.OpenConnectionInternal: Created new connection. Number of connections: 0
2025-02-04 14:14:26.748 -05:00 [INF] PipeConnectionsManager.OpenConnectionInternal: acquired lock. Creating new connection.
2025-02-04 14:14:26.748 -05:00 [INF] PipeConnectionsManager.OpenConnectionInternal: Created new connection. Number of connections: 0
2025-02-04 14:14:26.748 -05:00 [INF] PipeConnectionsManager.OpenConnectionInternal: acquired lock. Creating new connection.
2025-02-04 14:14:26.748 -05:00 [INF] PipeConnectionsManager.OpenConnectionInternal: Created new connection. Number of connections: 0
2025-02-04 14:14:26.752 -05:00 [VRB] Configuring environment variable key: CODE_COVERAGE_SESSION_NAME, value: 23b4df76-c31d-4fe6-a3ed-dc322d2aa790
2025-02-04 14:14:26.752 -05:00 [VRB] Configuring environment variable key: CODE_COVERAGE_PIPE_COUNT, value: 1
2025-02-04 14:14:26.752 -05:00 [VRB] Configuring environment variable key: MicrosoftInstrumentationEngine_DisableCodeSignatureValidation, value: 1
2025-02-04 14:14:26.752 -05:00 [VRB] Configuring environment variable key: CODE_COVERAGE_FLAGS, value: 5
2025-02-04 14:14:26.752 -05:00 [VRB] Configuring environment variable key: CODE_COVERAGE_DATA_PREFIX, value: CodeCoverage.23b4df76-c31d-4fe6-a3ed-dc322d2aa790.
2025-02-04 14:14:26.753 -05:00 [VRB] Configuring environment variable key: MicrosoftInstrumentationEngine_ConfigPath64_VanguardInstrumentationProfiler, value: C:\Program Files\Microsoft Visual Studio\2022\Enterprise\Team Tools\Dynamic Code Coverage Tools\amd64\Cov_x64.config
2025-02-04 14:14:26.753 -05:00 [VRB] Configuring environment variable key: MicrosoftInstrumentationEngine_ConfigPath32_VanguardInstrumentationProfiler, value: C:\Program Files\Microsoft Visual Studio\2022\Enterprise\Team Tools\Dynamic Code Coverage Tools\Cov_x86.config
2025-02-04 14:14:26.753 -05:00 [VRB] Configuring environment variable key: MicrosoftInstrumentationEngine_ConfigPathARM64_VanguardInstrumentationProfiler, value: C:\Program Files\Microsoft Visual Studio\2022\Enterprise\Team Tools\Dynamic Code Coverage Tools\arm64\Cov_arm64.config
2025-02-04 14:14:26.756 -05:00 [VRB] Configuring environment variable key: PATH, value: C:\Program Files\Microsoft Visual Studio\2022\Enterprise\Team Tools\Dynamic Code Coverage Tools\arm64;C:\Program Files\Microsoft Visual Studio\2022\Enterprise\Team Tools\Dynamic Code Coverage Tools\amd64;C:\Program Files\Microsoft Visual Studio\2022\Enterprise\Team Tools\Dynamic Code Coverage Tools;C:\Program Files (x86)\VMware\VMware Workstation\bin\;C:\windows\system32;C:\windows;C:\windows\System32\Wbem;C:\windows\System32\WindowsPowerShell\v1.0\;C:\windows\System32\OpenSSH\;C:\Program Files (x86)\NVIDIA Corporation\PhysX\Common;C:\Users\Administrator\AppData\Local\Microsoft\WindowsApps;C:\Program Files\HP\OMEN-Broadcast\Common;C:\Program Files\NVIDIA Corporation\NVIDIA app\NvDLISR;C:\Program Files\dotnet\;C:\Program Files (x86)\Windows Kits\10\Windows Performance Toolkit\;C:\Program Files\Microsoft SQL Server\150\Tools\Binn\;C:\Program Files\Git\cmd;C:\WINDOWS\system32;C:\WINDOWS;C:\WINDOWS\System32\Wbem;C:\WINDOWS\System32\WindowsPowerShell\v1.0\;C:\WINDOWS\System32\OpenSSH\;C:\Users\zacka\AppData\Local\Microsoft\WindowsApps;C:\Users\zacka\AppData\Local\Programs\Microsoft VS Code\bin;C:\Users\zacka\.dotnet\tools;
2025-02-04 14:14:26.757 -05:00 [VRB] Configuring environment variable key: CORECLR_ENABLE_PROFILING, value: 1
2025-02-04 14:14:26.757 -05:00 [VRB] Configuring environment variable key: CORECLR_PROFILER_PATH_64, value: C:\Program Files\Microsoft Visual Studio\2022\Enterprise\Common7\IDE\CommonExtensions\Platform\InstrumentationEngine\x64\MicrosoftInstrumentationEngine_x64.dll
2025-02-04 14:14:26.757 -05:00 [VRB] Configuring environment variable key: CORECLR_PROFILER, value: {324F817A-7420-4E6D-B3C1-143FBED6D855}
2025-02-04 14:14:26.757 -05:00 [VRB] Configuring environment variable key: CORECLR_PROFILER_PATH_32, value: C:\Program Files\Microsoft Visual Studio\2022\Enterprise\Common7\IDE\CommonExtensions\Platform\InstrumentationEngine\x86\MicrosoftInstrumentationEngine_x86.dll
2025-02-04 14:14:26.757 -05:00 [VRB] Configuring environment variable key: CORECLR_PROFILER_PATH_ARM64, value: C:\Program Files\Microsoft Visual Studio\2022\Enterprise\Common7\IDE\CommonExtensions\Platform\InstrumentationEngine\arm64\MicrosoftInstrumentationEngine_arm64.dll
2025-02-04 14:14:26.759 -05:00 [VRB] Configuring environment variable key: COR_ENABLE_PROFILING, value: 1
2025-02-04 14:14:26.759 -05:00 [VRB] Configuring environment variable key: COR_PROFILER_PATH_32, value: C:\Program Files\Microsoft Visual Studio\2022\Enterprise\Common7\IDE\CommonExtensions\Platform\InstrumentationEngine\x86\MicrosoftInstrumentationEngine_x86.dll
2025-02-04 14:14:26.759 -05:00 [VRB] Configuring environment variable key: COR_PROFILER_PATH_64, value: C:\Program Files\Microsoft Visual Studio\2022\Enterprise\Common7\IDE\CommonExtensions\Platform\InstrumentationEngine\x64\MicrosoftInstrumentationEngine_x64.dll
2025-02-04 14:14:26.759 -05:00 [VRB] Configuring environment variable key: COR_PROFILER_PATH_ARM64, value: C:\Program Files\Microsoft Visual Studio\2022\Enterprise\Common7\IDE\CommonExtensions\Platform\InstrumentationEngine\arm64\MicrosoftInstrumentationEngine_arm64.dll
2025-02-04 14:14:26.759 -05:00 [VRB] Configuring environment variable key: COR_PROFILER, value: {324F817A-7420-4E6D-B3C1-143FBED6D855}
2025-02-04 14:14:26.761 -05:00 [VRB] ProcessFactoryWithCovrunInjection.Create injecting covrun into new process for session: 23b4df76-c31d-4fe6-a3ed-dc322d2aa790
2025-02-04 14:14:26.761 -05:00 [VRB] ProcessFactory: Starting process: fileName: C:\Program Files\Microsoft Visual Studio\2022\Enterprise\Team Tools\Dynamic Code Coverage Tools\amd64\CodeCoverage.exe, arguments: connect /session:23b4df76-c31d-4fe6-a3ed-dc322d2aa790 /wait C:\Users\zacka\Documents\Université\Session2\INF1015\New folder\TP2\Debug\td2.exe
2025-02-04 14:14:26.781 -05:00 [INF] Started process id: 38516
2025-02-04 14:14:26.794 -05:00 [INF] PipeConnection.OnClientConnected: a2a6abf2-2c62-417b-92ee-10c17d67580a connected: CodeCoverage.pipe.23b4df76-c31d-4fe6-a3ed-dc322d2aa790
2025-02-04 14:14:26.795 -05:00 [INF] PipeConnectionsManager.OnClientConnectedEvent: Client connect with pipe: CodeCoverage.pipe.23b4df76-c31d-4fe6-a3ed-dc322d2aa790
2025-02-04 14:14:26.795 -05:00 [INF] PipeConnectionsManager.OpenConnectionInternal: acquired lock. Creating new connection.
2025-02-04 14:14:26.795 -05:00 [INF] PipeConnectionsManager.OpenConnectionInternal: Created new connection. Number of connections: 1
2025-02-04 14:14:26.800 -05:00 [VRB] PipeConnection.OnClientConnected: a2a6abf2-2c62-417b-92ee-10c17d67580a finished
2025-02-04 14:14:26.812 -05:00 [INF] LoggerBase.OnClientConnected: processId:38516
2025-02-04 14:14:26.813 -05:00 [INF] CoveragePipeClient.SendConfiguration[38516]: Sending RegisterClientResponseMessage to client.
2025-02-04 14:14:26.816 -05:00 [VRB] PipeConnection.ReadMessagesAsync: a2a6abf2-2c62-417b-92ee-10c17d67580a finished
2025-02-04 14:14:26.880 -05:00 [INF] PipeConnection.OnClientConnected: 16773eeb-1c02-4eaf-bb95-66250ed4bced connected: CodeCoverage.pipe.23b4df76-c31d-4fe6-a3ed-dc322d2aa790
2025-02-04 14:14:26.880 -05:00 [INF] PipeConnectionsManager.OnClientConnectedEvent: Client connect with pipe: CodeCoverage.pipe.23b4df76-c31d-4fe6-a3ed-dc322d2aa790
2025-02-04 14:14:26.880 -05:00 [INF] PipeConnectionsManager.OpenConnectionInternal: acquired lock. Creating new connection.
2025-02-04 14:14:26.880 -05:00 [INF] PipeConnectionsManager.OpenConnectionInternal: Created new connection. Number of connections: 2
2025-02-04 14:14:26.880 -05:00 [VRB] PipeConnection.OnClientConnected: 16773eeb-1c02-4eaf-bb95-66250ed4bced finished
2025-02-04 14:14:26.880 -05:00 [INF] LoggerBase.OnClientConnected: processId:29188
2025-02-04 14:14:26.880 -05:00 [INF] CoveragePipeClient.SendConfiguration[29188]: Sending RegisterClientResponseMessage to client.
2025-02-04 14:14:26.889 -05:00 [INF] LoggerBase.CreateStream[29188]: k:StreamKey { Id = b80c97c8-6322-4bb8-acfe-6f9ad3b13f2c, Prefix = entrypoint:\ } type:b157a3a4-9542-4546-859b-abd1367a08ed path:C:\Users\zacka\Documents\Université\Session2\INF1015\New folder\TP2\Debug\td2.exe
2025-02-04 14:14:26.893 -05:00 [INF] StaticStreamCreator.CreateStream: Creating LocalMemoryStream. streamId:0, identifier:00000000-0000-0000-0000-000000000000
2025-02-04 14:14:26.895 -05:00 [INF] LoggerBase.OnCreateStream: processId:29188, streamId:0, streamType:b157a3a4-9542-4546-859b-abd1367a08ed, bufferSize:0, bufferHeader:, bufferName:, prefix:entrypoint:\
2025-02-04 14:14:26.896 -05:00 [INF] CoveragePipeClient.SendCreateStreamResponse[29188]: streamId:0, bufferName:
2025-02-04 14:14:26.909 -05:00 [VRB] LoggerBase.OnWriteStream: processId:29188, streamId:0, streamType:b157a3a4-9542-4546-859b-abd1367a08ed, bufferSize:114
2025-02-04 14:14:26.920 -05:00 [INF] LoggerBase.CreateStream[29188]: k:StreamKey { Id = b80c97c8-6322-4bb8-acfe-6f9ad3b13f2c, Prefix = unmanaged:\ } type:2a4f0f81-6809-4480-87ce-0d772568cfb6 path:C:\Users\zacka\Documents\Université\Session2\INF1015\New folder\TP2\Debug\td2.exe
2025-02-04 14:14:26.920 -05:00 [INF] StaticStreamCreator.CreateStream: Creating LocalMemoryStream. streamId:1, identifier:00000000-0000-0000-0000-000000000000
2025-02-04 14:14:26.924 -05:00 [INF] LoggerBase.OnCreateStream: processId:29188, streamId:1, streamType:2a4f0f81-6809-4480-87ce-0d772568cfb6, bufferSize:0, bufferHeader:, bufferName:, prefix:unmanaged:\
2025-02-04 14:14:26.924 -05:00 [INF] CoveragePipeClient.SendCreateStreamResponse[29188]: streamId:1, bufferName:
2025-02-04 14:14:26.925 -05:00 [VRB] LoggerBase.OnWriteStream: processId:29188, streamId:1, streamType:2a4f0f81-6809-4480-87ce-0d772568cfb6, bufferSize:212
2025-02-04 14:14:26.947 -05:00 [VRB] LoggerBase.OnWriteStream: processId:29188, streamId:1, streamType:2a4f0f81-6809-4480-87ce-0d772568cfb6, bufferSize:102
2025-02-04 14:14:26.947 -05:00 [VRB] LoggerBase.OnWriteStream: processId:29188, streamId:1, streamType:2a4f0f81-6809-4480-87ce-0d772568cfb6, bufferSize:304
2025-02-04 14:14:26.947 -05:00 [VRB] LoggerBase.OnWriteStream: processId:29188, streamId:1, streamType:2a4f0f81-6809-4480-87ce-0d772568cfb6, bufferSize:104
2025-02-04 14:14:26.947 -05:00 [VRB] LoggerBase.OnWriteStream: processId:29188, streamId:1, streamType:2a4f0f81-6809-4480-87ce-0d772568cfb6, bufferSize:92
2025-02-04 14:14:26.947 -05:00 [VRB] LoggerBase.OnWriteStream: processId:29188, streamId:1, streamType:2a4f0f81-6809-4480-87ce-0d772568cfb6, bufferSize:52
2025-02-04 14:14:26.947 -05:00 [VRB] LoggerBase.OnWriteStream: processId:29188, streamId:1, streamType:2a4f0f81-6809-4480-87ce-0d772568cfb6, bufferSize:74
2025-02-04 14:14:26.949 -05:00 [VRB] LoggerBase.OnWriteStream: processId:29188, streamId:1, streamType:2a4f0f81-6809-4480-87ce-0d772568cfb6, bufferSize:60
2025-02-04 14:14:26.950 -05:00 [VRB] LoggerBase.OnWriteStream: processId:29188, streamId:1, streamType:2a4f0f81-6809-4480-87ce-0d772568cfb6, bufferSize:196
2025-02-04 14:14:26.950 -05:00 [VRB] LoggerBase.OnWriteStream: processId:29188, streamId:1, streamType:2a4f0f81-6809-4480-87ce-0d772568cfb6, bufferSize:242
2025-02-04 14:14:26.950 -05:00 [VRB] LoggerBase.OnWriteStream: processId:29188, streamId:1, streamType:2a4f0f81-6809-4480-87ce-0d772568cfb6, bufferSize:110
2025-02-04 14:14:26.950 -05:00 [VRB] LoggerBase.OnWriteStream: processId:29188, streamId:1, streamType:2a4f0f81-6809-4480-87ce-0d772568cfb6, bufferSize:48
2025-02-04 14:14:26.950 -05:00 [VRB] LoggerBase.OnWriteStream: processId:29188, streamId:1, streamType:2a4f0f81-6809-4480-87ce-0d772568cfb6, bufferSize:48
2025-02-04 14:14:26.951 -05:00 [VRB] LoggerBase.OnWriteStream: processId:29188, streamId:1, streamType:2a4f0f81-6809-4480-87ce-0d772568cfb6, bufferSize:48
2025-02-04 14:14:26.951 -05:00 [VRB] LoggerBase.OnWriteStream: processId:29188, streamId:1, streamType:2a4f0f81-6809-4480-87ce-0d772568cfb6, bufferSize:62
2025-02-04 14:14:26.951 -05:00 [VRB] LoggerBase.OnWriteStream: processId:29188, streamId:1, streamType:2a4f0f81-6809-4480-87ce-0d772568cfb6, bufferSize:198
2025-02-04 14:14:26.951 -05:00 [VRB] LoggerBase.OnWriteStream: processId:29188, streamId:1, streamType:2a4f0f81-6809-4480-87ce-0d772568cfb6, bufferSize:68
2025-02-04 14:14:26.951 -05:00 [VRB] LoggerBase.OnWriteStream: processId:29188, streamId:1, streamType:2a4f0f81-6809-4480-87ce-0d772568cfb6, bufferSize:90
2025-02-04 14:14:26.951 -05:00 [VRB] LoggerBase.OnWriteStream: processId:29188, streamId:1, streamType:2a4f0f81-6809-4480-87ce-0d772568cfb6, bufferSize:142
2025-02-04 14:14:26.952 -05:00 [VRB] LoggerBase.OnWriteStream: processId:29188, streamId:1, streamType:2a4f0f81-6809-4480-87ce-0d772568cfb6, bufferSize:110
2025-02-04 14:14:26.952 -05:00 [VRB] LoggerBase.OnWriteStream: processId:29188, streamId:1, streamType:2a4f0f81-6809-4480-87ce-0d772568cfb6, bufferSize:204
2025-02-04 14:14:26.952 -05:00 [VRB] LoggerBase.OnWriteStream: processId:29188, streamId:1, streamType:2a4f0f81-6809-4480-87ce-0d772568cfb6, bufferSize:82
2025-02-04 14:14:26.953 -05:00 [VRB] LoggerBase.OnWriteStream: processId:29188, streamId:1, streamType:2a4f0f81-6809-4480-87ce-0d772568cfb6, bufferSize:58
2025-02-04 14:14:26.953 -05:00 [VRB] LoggerBase.OnWriteStream: processId:29188, streamId:1, streamType:2a4f0f81-6809-4480-87ce-0d772568cfb6, bufferSize:60
2025-02-04 14:14:26.953 -05:00 [VRB] LoggerBase.OnWriteStream: processId:29188, streamId:1, streamType:2a4f0f81-6809-4480-87ce-0d772568cfb6, bufferSize:66
2025-02-04 14:14:26.953 -05:00 [VRB] LoggerBase.OnWriteStream: processId:29188, streamId:1, streamType:2a4f0f81-6809-4480-87ce-0d772568cfb6, bufferSize:56
2025-02-04 14:14:26.953 -05:00 [VRB] LoggerBase.OnWriteStream: processId:29188, streamId:1, streamType:2a4f0f81-6809-4480-87ce-0d772568cfb6, bufferSize:116
2025-02-04 14:14:26.954 -05:00 [VRB] LoggerBase.OnWriteStream: processId:29188, streamId:1, streamType:2a4f0f81-6809-4480-87ce-0d772568cfb6, bufferSize:58
2025-02-04 14:14:26.954 -05:00 [VRB] LoggerBase.OnWriteStream: processId:29188, streamId:1, streamType:2a4f0f81-6809-4480-87ce-0d772568cfb6, bufferSize:84
2025-02-04 14:14:26.955 -05:00 [VRB] LoggerBase.OnWriteStream: processId:29188, streamId:1, streamType:2a4f0f81-6809-4480-87ce-0d772568cfb6, bufferSize:88
2025-02-04 14:14:26.955 -05:00 [VRB] LoggerBase.OnWriteStream: processId:29188, streamId:1, streamType:2a4f0f81-6809-4480-87ce-0d772568cfb6, bufferSize:76
2025-02-04 14:14:26.955 -05:00 [VRB] LoggerBase.OnWriteStream: processId:29188, streamId:1, streamType:2a4f0f81-6809-4480-87ce-0d772568cfb6, bufferSize:150
2025-02-04 14:14:26.955 -05:00 [VRB] LoggerBase.OnWriteStream: processId:29188, streamId:1, streamType:2a4f0f81-6809-4480-87ce-0d772568cfb6, bufferSize:84
2025-02-04 14:14:26.955 -05:00 [VRB] LoggerBase.OnWriteStream: processId:29188, streamId:1, streamType:2a4f0f81-6809-4480-87ce-0d772568cfb6, bufferSize:84
2025-02-04 14:14:26.956 -05:00 [VRB] LoggerBase.OnWriteStream: processId:29188, streamId:1, streamType:2a4f0f81-6809-4480-87ce-0d772568cfb6, bufferSize:76
2025-02-04 14:14:26.956 -05:00 [VRB] LoggerBase.OnWriteStream: processId:29188, streamId:1, streamType:2a4f0f81-6809-4480-87ce-0d772568cfb6, bufferSize:808
2025-02-04 14:14:26.956 -05:00 [VRB] LoggerBase.OnWriteStream: processId:29188, streamId:1, streamType:2a4f0f81-6809-4480-87ce-0d772568cfb6, bufferSize:58
2025-02-04 14:14:26.956 -05:00 [VRB] LoggerBase.OnWriteStream: processId:29188, streamId:1, streamType:2a4f0f81-6809-4480-87ce-0d772568cfb6, bufferSize:62
2025-02-04 14:14:26.957 -05:00 [VRB] LoggerBase.OnWriteStream: processId:29188, streamId:1, streamType:2a4f0f81-6809-4480-87ce-0d772568cfb6, bufferSize:410
2025-02-04 14:14:26.957 -05:00 [VRB] LoggerBase.OnWriteStream: processId:29188, streamId:1, streamType:2a4f0f81-6809-4480-87ce-0d772568cfb6, bufferSize:822
2025-02-04 14:14:26.957 -05:00 [VRB] LoggerBase.OnWriteStream: processId:29188, streamId:1, streamType:2a4f0f81-6809-4480-87ce-0d772568cfb6, bufferSize:220
2025-02-04 14:14:26.957 -05:00 [VRB] LoggerBase.OnWriteStream: processId:29188, streamId:1, streamType:2a4f0f81-6809-4480-87ce-0d772568cfb6, bufferSize:44
2025-02-04 14:14:26.958 -05:00 [VRB] LoggerBase.OnWriteStream: processId:29188, streamId:1, streamType:2a4f0f81-6809-4480-87ce-0d772568cfb6, bufferSize:606
2025-02-04 14:14:26.958 -05:00 [VRB] LoggerBase.OnWriteStream: processId:29188, streamId:1, streamType:2a4f0f81-6809-4480-87ce-0d772568cfb6, bufferSize:76
2025-02-04 14:14:26.958 -05:00 [VRB] LoggerBase.OnWriteStream: processId:29188, streamId:1, streamType:2a4f0f81-6809-4480-87ce-0d772568cfb6, bufferSize:48
2025-02-04 14:14:26.958 -05:00 [VRB] LoggerBase.OnWriteStream: processId:29188, streamId:1, streamType:2a4f0f81-6809-4480-87ce-0d772568cfb6, bufferSize:68
2025-02-04 14:14:26.958 -05:00 [VRB] LoggerBase.OnWriteStream: processId:29188, streamId:1, streamType:2a4f0f81-6809-4480-87ce-0d772568cfb6, bufferSize:414
2025-02-04 14:14:26.958 -05:00 [VRB] LoggerBase.OnWriteStream: processId:29188, streamId:1, streamType:2a4f0f81-6809-4480-87ce-0d772568cfb6, bufferSize:86
2025-02-04 14:14:26.958 -05:00 [VRB] LoggerBase.OnWriteStream: processId:29188, streamId:1, streamType:2a4f0f81-6809-4480-87ce-0d772568cfb6, bufferSize:124
2025-02-04 14:14:26.958 -05:00 [VRB] LoggerBase.OnWriteStream: processId:29188, streamId:1, streamType:2a4f0f81-6809-4480-87ce-0d772568cfb6, bufferSize:98
2025-02-04 14:14:26.959 -05:00 [VRB] LoggerBase.OnWriteStream: processId:29188, streamId:1, streamType:2a4f0f81-6809-4480-87ce-0d772568cfb6, bufferSize:230
2025-02-04 14:14:26.959 -05:00 [VRB] LoggerBase.OnWriteStream: processId:29188, streamId:1, streamType:2a4f0f81-6809-4480-87ce-0d772568cfb6, bufferSize:78
2025-02-04 14:14:26.959 -05:00 [VRB] LoggerBase.OnWriteStream: processId:29188, streamId:1, streamType:2a4f0f81-6809-4480-87ce-0d772568cfb6, bufferSize:62
2025-02-04 14:14:26.959 -05:00 [VRB] LoggerBase.OnWriteStream: processId:29188, streamId:1, streamType:2a4f0f81-6809-4480-87ce-0d772568cfb6, bufferSize:70
2025-02-04 14:14:26.959 -05:00 [VRB] LoggerBase.OnWriteStream: processId:29188, streamId:1, streamType:2a4f0f81-6809-4480-87ce-0d772568cfb6, bufferSize:64
2025-02-04 14:14:26.959 -05:00 [VRB] LoggerBase.OnWriteStream: processId:29188, streamId:1, streamType:2a4f0f81-6809-4480-87ce-0d772568cfb6, bufferSize:74
2025-02-04 14:14:26.959 -05:00 [VRB] LoggerBase.OnWriteStream: processId:29188, streamId:1, streamType:2a4f0f81-6809-4480-87ce-0d772568cfb6, bufferSize:746
2025-02-04 14:14:26.960 -05:00 [VRB] LoggerBase.OnWriteStream: processId:29188, streamId:1, streamType:2a4f0f81-6809-4480-87ce-0d772568cfb6, bufferSize:222
2025-02-04 14:14:26.960 -05:00 [VRB] LoggerBase.OnWriteStream: processId:29188, streamId:1, streamType:2a4f0f81-6809-4480-87ce-0d772568cfb6, bufferSize:222
2025-02-04 14:14:26.960 -05:00 [VRB] LoggerBase.OnWriteStream: processId:29188, streamId:1, streamType:2a4f0f81-6809-4480-87ce-0d772568cfb6, bufferSize:92
2025-02-04 14:14:26.960 -05:00 [VRB] LoggerBase.OnWriteStream: processId:29188, streamId:1, streamType:2a4f0f81-6809-4480-87ce-0d772568cfb6, bufferSize:388
2025-02-04 14:14:26.960 -05:00 [VRB] LoggerBase.OnWriteStream: processId:29188, streamId:1, streamType:2a4f0f81-6809-4480-87ce-0d772568cfb6, bufferSize:34
2025-02-04 14:14:26.961 -05:00 [VRB] LoggerBase.OnWriteStream: processId:29188, streamId:1, streamType:2a4f0f81-6809-4480-87ce-0d772568cfb6, bufferSize:114
2025-02-04 14:14:26.961 -05:00 [VRB] LoggerBase.OnWriteStream: processId:29188, streamId:1, streamType:2a4f0f81-6809-4480-87ce-0d772568cfb6, bufferSize:42
2025-02-04 14:14:26.961 -05:00 [VRB] LoggerBase.OnWriteStream: processId:29188, streamId:1, streamType:2a4f0f81-6809-4480-87ce-0d772568cfb6, bufferSize:90
2025-02-04 14:14:26.961 -05:00 [VRB] LoggerBase.OnWriteStream: processId:29188, streamId:1, streamType:2a4f0f81-6809-4480-87ce-0d772568cfb6, bufferSize:168
2025-02-04 14:14:26.961 -05:00 [VRB] LoggerBase.OnWriteStream: processId:29188, streamId:1, streamType:2a4f0f81-6809-4480-87ce-0d772568cfb6, bufferSize:100
2025-02-04 14:14:26.961 -05:00 [VRB] LoggerBase.OnWriteStream: processId:29188, streamId:1, streamType:2a4f0f81-6809-4480-87ce-0d772568cfb6, bufferSize:74
2025-02-04 14:14:26.961 -05:00 [VRB] LoggerBase.OnWriteStream: processId:29188, streamId:1, streamType:2a4f0f81-6809-4480-87ce-0d772568cfb6, bufferSize:70
2025-02-04 14:14:26.962 -05:00 [VRB] LoggerBase.OnWriteStream: processId:29188, streamId:1, streamType:2a4f0f81-6809-4480-87ce-0d772568cfb6, bufferSize:36
2025-02-04 14:14:26.962 -05:00 [VRB] LoggerBase.OnWriteStream: processId:29188, streamId:1, streamType:2a4f0f81-6809-4480-87ce-0d772568cfb6, bufferSize:600
2025-02-04 14:14:26.962 -05:00 [VRB] LoggerBase.OnWriteStream: processId:29188, streamId:1, streamType:2a4f0f81-6809-4480-87ce-0d772568cfb6, bufferSize:222
2025-02-04 14:14:26.962 -05:00 [VRB] LoggerBase.OnWriteStream: processId:29188, streamId:1, streamType:2a4f0f81-6809-4480-87ce-0d772568cfb6, bufferSize:82
2025-02-04 14:14:26.962 -05:00 [VRB] LoggerBase.OnWriteStream: processId:29188, streamId:1, streamType:2a4f0f81-6809-4480-87ce-0d772568cfb6, bufferSize:38
2025-02-04 14:14:26.962 -05:00 [VRB] LoggerBase.OnWriteStream: processId:29188, streamId:1, streamType:2a4f0f81-6809-4480-87ce-0d772568cfb6, bufferSize:190
2025-02-04 14:14:26.962 -05:00 [VRB] LoggerBase.OnWriteStream: processId:29188, streamId:1, streamType:2a4f0f81-6809-4480-87ce-0d772568cfb6, bufferSize:84
2025-02-04 14:14:26.962 -05:00 [VRB] LoggerBase.OnWriteStream: processId:29188, streamId:1, streamType:2a4f0f81-6809-4480-87ce-0d772568cfb6, bufferSize:70
2025-02-04 14:14:26.963 -05:00 [VRB] LoggerBase.OnWriteStream: processId:29188, streamId:1, streamType:2a4f0f81-6809-4480-87ce-0d772568cfb6, bufferSize:38
2025-02-04 14:14:26.963 -05:00 [VRB] LoggerBase.OnWriteStream: processId:29188, streamId:1, streamType:2a4f0f81-6809-4480-87ce-0d772568cfb6, bufferSize:82
2025-02-04 14:14:26.963 -05:00 [VRB] LoggerBase.OnWriteStream: processId:29188, streamId:1, streamType:2a4f0f81-6809-4480-87ce-0d772568cfb6, bufferSize:72
2025-02-04 14:14:26.963 -05:00 [VRB] LoggerBase.OnWriteStream: processId:29188, streamId:1, streamType:2a4f0f81-6809-4480-87ce-0d772568cfb6, bufferSize:82
2025-02-04 14:14:26.963 -05:00 [VRB] LoggerBase.OnWriteStream: processId:29188, streamId:1, streamType:2a4f0f81-6809-4480-87ce-0d772568cfb6, bufferSize:54
2025-02-04 14:14:26.963 -05:00 [VRB] LoggerBase.OnWriteStream: processId:29188, streamId:1, streamType:2a4f0f81-6809-4480-87ce-0d772568cfb6, bufferSize:54
2025-02-04 14:14:26.963 -05:00 [VRB] LoggerBase.OnWriteStream: processId:29188, streamId:1, streamType:2a4f0f81-6809-4480-87ce-0d772568cfb6, bufferSize:54
2025-02-04 14:14:26.963 -05:00 [VRB] LoggerBase.OnWriteStream: processId:29188, streamId:1, streamType:2a4f0f81-6809-4480-87ce-0d772568cfb6, bufferSize:54
2025-02-04 14:14:26.964 -05:00 [VRB] LoggerBase.OnWriteStream: processId:29188, streamId:1, streamType:2a4f0f81-6809-4480-87ce-0d772568cfb6, bufferSize:148
2025-02-04 14:14:26.964 -05:00 [VRB] LoggerBase.OnWriteStream: processId:29188, streamId:1, streamType:2a4f0f81-6809-4480-87ce-0d772568cfb6, bufferSize:98
2025-02-04 14:14:26.964 -05:00 [VRB] LoggerBase.OnWriteStream: processId:29188, streamId:1, streamType:2a4f0f81-6809-4480-87ce-0d772568cfb6, bufferSize:140
2025-02-04 14:14:26.964 -05:00 [VRB] LoggerBase.OnWriteStream: processId:29188, streamId:1, streamType:2a4f0f81-6809-4480-87ce-0d772568cfb6, bufferSize:50
2025-02-04 14:14:26.964 -05:00 [VRB] LoggerBase.OnWriteStream: processId:29188, streamId:1, streamType:2a4f0f81-6809-4480-87ce-0d772568cfb6, bufferSize:52
2025-02-04 14:14:26.964 -05:00 [VRB] LoggerBase.OnWriteStream: processId:29188, streamId:1, streamType:2a4f0f81-6809-4480-87ce-0d772568cfb6, bufferSize:94
2025-02-04 14:14:26.964 -05:00 [VRB] LoggerBase.OnWriteStream: processId:29188, streamId:1, streamType:2a4f0f81-6809-4480-87ce-0d772568cfb6, bufferSize:70
2025-02-04 14:14:26.965 -05:00 [VRB] LoggerBase.OnWriteStream: processId:29188, streamId:1, streamType:2a4f0f81-6809-4480-87ce-0d772568cfb6, bufferSize:58
2025-02-04 14:14:26.965 -05:00 [VRB] LoggerBase.OnWriteStream: processId:29188, streamId:1, streamType:2a4f0f81-6809-4480-87ce-0d772568cfb6, bufferSize:58
2025-02-04 14:14:26.965 -05:00 [VRB] LoggerBase.OnWriteStream: processId:29188, streamId:1, streamType:2a4f0f81-6809-4480-87ce-0d772568cfb6, bufferSize:58
2025-02-04 14:14:26.965 -05:00 [VRB] LoggerBase.OnWriteStream: processId:29188, streamId:1, streamType:2a4f0f81-6809-4480-87ce-0d772568cfb6, bufferSize:666
2025-02-04 14:14:26.965 -05:00 [VRB] LoggerBase.OnWriteStream: processId:29188, streamId:1, streamType:2a4f0f81-6809-4480-87ce-0d772568cfb6, bufferSize:60
2025-02-04 14:14:26.965 -05:00 [VRB] LoggerBase.OnWriteStream: processId:29188, streamId:1, streamType:2a4f0f81-6809-4480-87ce-0d772568cfb6, bufferSize:54
2025-02-04 14:14:26.966 -05:00 [VRB] LoggerBase.OnWriteStream: processId:29188, streamId:1, streamType:2a4f0f81-6809-4480-87ce-0d772568cfb6, bufferSize:240
2025-02-04 14:14:26.966 -05:00 [VRB] LoggerBase.OnWriteStream: processId:29188, streamId:1, streamType:2a4f0f81-6809-4480-87ce-0d772568cfb6, bufferSize:54
2025-02-04 14:14:26.966 -05:00 [VRB] LoggerBase.OnWriteStream: processId:29188, streamId:1, streamType:2a4f0f81-6809-4480-87ce-0d772568cfb6, bufferSize:48
2025-02-04 14:14:26.966 -05:00 [VRB] LoggerBase.OnWriteStream: processId:29188, streamId:1, streamType:2a4f0f81-6809-4480-87ce-0d772568cfb6, bufferSize:44
2025-02-04 14:14:26.966 -05:00 [VRB] LoggerBase.OnWriteStream: processId:29188, streamId:1, streamType:2a4f0f81-6809-4480-87ce-0d772568cfb6, bufferSize:84
2025-02-04 14:14:26.966 -05:00 [VRB] LoggerBase.OnWriteStream: processId:29188, streamId:1, streamType:2a4f0f81-6809-4480-87ce-0d772568cfb6, bufferSize:72
2025-02-04 14:14:26.966 -05:00 [VRB] LoggerBase.OnWriteStream: processId:29188, streamId:1, streamType:2a4f0f81-6809-4480-87ce-0d772568cfb6, bufferSize:82
2025-02-04 14:14:26.967 -05:00 [VRB] LoggerBase.OnWriteStream: processId:29188, streamId:1, streamType:2a4f0f81-6809-4480-87ce-0d772568cfb6, bufferSize:92
2025-02-04 14:14:26.967 -05:00 [VRB] LoggerBase.OnWriteStream: processId:29188, streamId:1, streamType:2a4f0f81-6809-4480-87ce-0d772568cfb6, bufferSize:50
2025-02-04 14:14:26.967 -05:00 [VRB] LoggerBase.OnWriteStream: processId:29188, streamId:1, streamType:2a4f0f81-6809-4480-87ce-0d772568cfb6, bufferSize:74
2025-02-04 14:14:26.967 -05:00 [VRB] LoggerBase.OnWriteStream: processId:29188, streamId:1, streamType:2a4f0f81-6809-4480-87ce-0d772568cfb6, bufferSize:1012
2025-02-04 14:14:26.967 -05:00 [VRB] LoggerBase.OnWriteStream: processId:29188, streamId:1, streamType:2a4f0f81-6809-4480-87ce-0d772568cfb6, bufferSize:110
2025-02-04 14:14:26.967 -05:00 [VRB] LoggerBase.OnWriteStream: processId:29188, streamId:1, streamType:2a4f0f81-6809-4480-87ce-0d772568cfb6, bufferSize:84
2025-02-04 14:14:26.968 -05:00 [VRB] LoggerBase.OnWriteStream: processId:29188, streamId:1, streamType:2a4f0f81-6809-4480-87ce-0d772568cfb6, bufferSize:86
2025-02-04 14:14:26.968 -05:00 [VRB] LoggerBase.OnWriteStream: processId:29188, streamId:1, streamType:2a4f0f81-6809-4480-87ce-0d772568cfb6, bufferSize:118
2025-02-04 14:14:26.968 -05:00 [VRB] LoggerBase.OnWriteStream: processId:29188, streamId:1, streamType:2a4f0f81-6809-4480-87ce-0d772568cfb6, bufferSize:90
2025-02-04 14:14:26.968 -05:00 [VRB] LoggerBase.OnWriteStream: processId:29188, streamId:1, streamType:2a4f0f81-6809-4480-87ce-0d772568cfb6, bufferSize:104
2025-02-04 14:14:26.968 -05:00 [VRB] LoggerBase.OnWriteStream: processId:29188, streamId:1, streamType:2a4f0f81-6809-4480-87ce-0d772568cfb6, bufferSize:42
2025-02-04 14:14:26.968 -05:00 [VRB] LoggerBase.OnWriteStream: processId:29188, streamId:1, streamType:2a4f0f81-6809-4480-87ce-0d772568cfb6, bufferSize:80
2025-02-04 14:14:26.968 -05:00 [VRB] LoggerBase.OnWriteStream: processId:29188, streamId:1, streamType:2a4f0f81-6809-4480-87ce-0d772568cfb6, bufferSize:64
2025-02-04 14:14:26.968 -05:00 [VRB] LoggerBase.OnWriteStream: processId:29188, streamId:1, streamType:2a4f0f81-6809-4480-87ce-0d772568cfb6, bufferSize:66
2025-02-04 14:14:26.968 -05:00 [VRB] LoggerBase.OnWriteStream: processId:29188, streamId:1, streamType:2a4f0f81-6809-4480-87ce-0d772568cfb6, bufferSize:68
2025-02-04 14:14:26.969 -05:00 [VRB] LoggerBase.OnWriteStream: processId:29188, streamId:1, streamType:2a4f0f81-6809-4480-87ce-0d772568cfb6, bufferSize:92
2025-02-04 14:14:26.969 -05:00 [VRB] LoggerBase.OnWriteStream: processId:29188, streamId:1, streamType:2a4f0f81-6809-4480-87ce-0d772568cfb6, bufferSize:394
2025-02-04 14:14:26.969 -05:00 [VRB] LoggerBase.OnWriteStream: processId:29188, streamId:1, streamType:2a4f0f81-6809-4480-87ce-0d772568cfb6, bufferSize:746
2025-02-04 14:14:26.969 -05:00 [VRB] LoggerBase.OnWriteStream: processId:29188, streamId:1, streamType:2a4f0f81-6809-4480-87ce-0d772568cfb6, bufferSize:450
2025-02-04 14:14:26.970 -05:00 [VRB] LoggerBase.OnWriteStream: processId:29188, streamId:1, streamType:2a4f0f81-6809-4480-87ce-0d772568cfb6, bufferSize:126
2025-02-04 14:14:26.970 -05:00 [VRB] LoggerBase.OnWriteStream: processId:29188, streamId:1, streamType:2a4f0f81-6809-4480-87ce-0d772568cfb6, bufferSize:228
2025-02-04 14:14:26.970 -05:00 [VRB] LoggerBase.OnWriteStream: processId:29188, streamId:1, streamType:2a4f0f81-6809-4480-87ce-0d772568cfb6, bufferSize:126
2025-02-04 14:14:26.970 -05:00 [VRB] LoggerBase.OnWriteStream: processId:29188, streamId:1, streamType:2a4f0f81-6809-4480-87ce-0d772568cfb6, bufferSize:100
2025-02-04 14:14:26.970 -05:00 [VRB] LoggerBase.OnWriteStream: processId:29188, streamId:1, streamType:2a4f0f81-6809-4480-87ce-0d772568cfb6, bufferSize:68
2025-02-04 14:14:26.970 -05:00 [VRB] LoggerBase.OnWriteStream: processId:29188, streamId:1, streamType:2a4f0f81-6809-4480-87ce-0d772568cfb6, bufferSize:98
2025-02-04 14:14:26.970 -05:00 [VRB] LoggerBase.OnWriteStream: processId:29188, streamId:1, streamType:2a4f0f81-6809-4480-87ce-0d772568cfb6, bufferSize:70
2025-02-04 14:14:26.970 -05:00 [VRB] LoggerBase.OnWriteStream: processId:29188, streamId:1, streamType:2a4f0f81-6809-4480-87ce-0d772568cfb6, bufferSize:114
2025-02-04 14:14:26.970 -05:00 [VRB] LoggerBase.OnWriteStream: processId:29188, streamId:1, streamType:2a4f0f81-6809-4480-87ce-0d772568cfb6, bufferSize:110
2025-02-04 14:14:26.970 -05:00 [VRB] LoggerBase.OnWriteStream: processId:29188, streamId:1, streamType:2a4f0f81-6809-4480-87ce-0d772568cfb6, bufferSize:60
2025-02-04 14:14:26.970 -05:00 [VRB] LoggerBase.OnWriteStream: processId:29188, streamId:1, streamType:2a4f0f81-6809-4480-87ce-0d772568cfb6, bufferSize:198
2025-02-04 14:14:26.971 -05:00 [VRB] LoggerBase.OnWriteStream: processId:29188, streamId:1, streamType:2a4f0f81-6809-4480-87ce-0d772568cfb6, bufferSize:40
2025-02-04 14:14:26.971 -05:00 [VRB] LoggerBase.OnWriteStream: processId:29188, streamId:1, streamType:2a4f0f81-6809-4480-87ce-0d772568cfb6, bufferSize:90
2025-02-04 14:14:26.971 -05:00 [VRB] LoggerBase.OnWriteStream: processId:29188, streamId:1, streamType:2a4f0f81-6809-4480-87ce-0d772568cfb6, bufferSize:240
2025-02-04 14:14:26.971 -05:00 [VRB] LoggerBase.OnWriteStream: processId:29188, streamId:1, streamType:2a4f0f81-6809-4480-87ce-0d772568cfb6, bufferSize:96
2025-02-04 14:14:26.971 -05:00 [VRB] LoggerBase.OnWriteStream: processId:29188, streamId:1, streamType:2a4f0f81-6809-4480-87ce-0d772568cfb6, bufferSize:454
2025-02-04 14:14:26.971 -05:00 [VRB] LoggerBase.OnWriteStream: processId:29188, streamId:1, streamType:2a4f0f81-6809-4480-87ce-0d772568cfb6, bufferSize:96
2025-02-04 14:14:26.971 -05:00 [VRB] LoggerBase.OnWriteStream: processId:29188, streamId:1, streamType:2a4f0f81-6809-4480-87ce-0d772568cfb6, bufferSize:394
2025-02-04 14:14:26.971 -05:00 [VRB] LoggerBase.OnWriteStream: processId:29188, streamId:1, streamType:2a4f0f81-6809-4480-87ce-0d772568cfb6, bufferSize:116
2025-02-04 14:14:26.971 -05:00 [VRB] LoggerBase.OnWriteStream: processId:29188, streamId:1, streamType:2a4f0f81-6809-4480-87ce-0d772568cfb6, bufferSize:54
2025-02-04 14:14:26.972 -05:00 [VRB] LoggerBase.OnWriteStream: processId:29188, streamId:1, streamType:2a4f0f81-6809-4480-87ce-0d772568cfb6, bufferSize:132
2025-02-04 14:14:26.972 -05:00 [VRB] LoggerBase.OnWriteStream: processId:29188, streamId:1, streamType:2a4f0f81-6809-4480-87ce-0d772568cfb6, bufferSize:64
2025-02-04 14:14:26.972 -05:00 [VRB] LoggerBase.OnWriteStream: processId:29188, streamId:1, streamType:2a4f0f81-6809-4480-87ce-0d772568cfb6, bufferSize:122
2025-02-04 14:14:26.972 -05:00 [VRB] LoggerBase.OnWriteStream: processId:29188, streamId:1, streamType:2a4f0f81-6809-4480-87ce-0d772568cfb6, bufferSize:96
2025-02-04 14:14:26.972 -05:00 [VRB] LoggerBase.OnWriteStream: processId:29188, streamId:1, streamType:2a4f0f81-6809-4480-87ce-0d772568cfb6, bufferSize:114
2025-02-04 14:14:26.972 -05:00 [VRB] LoggerBase.OnWriteStream: processId:29188, streamId:1, streamType:2a4f0f81-6809-4480-87ce-0d772568cfb6, bufferSize:58
2025-02-04 14:14:26.972 -05:00 [VRB] LoggerBase.OnWriteStream: processId:29188, streamId:1, streamType:2a4f0f81-6809-4480-87ce-0d772568cfb6, bufferSize:250
2025-02-04 14:14:26.972 -05:00 [VRB] LoggerBase.OnWriteStream: processId:29188, streamId:1, streamType:2a4f0f81-6809-4480-87ce-0d772568cfb6, bufferSize:356
2025-02-04 14:14:26.972 -05:00 [VRB] LoggerBase.OnWriteStream: processId:29188, streamId:1, streamType:2a4f0f81-6809-4480-87ce-0d772568cfb6, bufferSize:116
2025-02-04 14:14:26.973 -05:00 [VRB] LoggerBase.OnWriteStream: processId:29188, streamId:1, streamType:2a4f0f81-6809-4480-87ce-0d772568cfb6, bufferSize:124
2025-02-04 14:14:26.973 -05:00 [VRB] LoggerBase.OnWriteStream: processId:29188, streamId:1, streamType:2a4f0f81-6809-4480-87ce-0d772568cfb6, bufferSize:62
2025-02-04 14:14:26.973 -05:00 [VRB] LoggerBase.OnWriteStream: processId:29188, streamId:1, streamType:2a4f0f81-6809-4480-87ce-0d772568cfb6, bufferSize:78
2025-02-04 14:14:26.973 -05:00 [VRB] LoggerBase.OnWriteStream: processId:29188, streamId:1, streamType:2a4f0f81-6809-4480-87ce-0d772568cfb6, bufferSize:96
2025-02-04 14:14:26.973 -05:00 [VRB] LoggerBase.OnWriteStream: processId:29188, streamId:1, streamType:2a4f0f81-6809-4480-87ce-0d772568cfb6, bufferSize:588
2025-02-04 14:14:26.973 -05:00 [VRB] LoggerBase.OnWriteStream: processId:29188, streamId:1, streamType:2a4f0f81-6809-4480-87ce-0d772568cfb6, bufferSize:168
2025-02-04 14:14:26.973 -05:00 [VRB] LoggerBase.OnWriteStream: processId:29188, streamId:1, streamType:2a4f0f81-6809-4480-87ce-0d772568cfb6, bufferSize:68
2025-02-04 14:14:26.973 -05:00 [VRB] LoggerBase.OnWriteStream: processId:29188, streamId:1, streamType:2a4f0f81-6809-4480-87ce-0d772568cfb6, bufferSize:44
2025-02-04 14:14:26.973 -05:00 [VRB] LoggerBase.OnWriteStream: processId:29188, streamId:1, streamType:2a4f0f81-6809-4480-87ce-0d772568cfb6, bufferSize:92
2025-02-04 14:14:26.974 -05:00 [VRB] LoggerBase.OnWriteStream: processId:29188, streamId:1, streamType:2a4f0f81-6809-4480-87ce-0d772568cfb6, bufferSize:92
2025-02-04 14:14:26.974 -05:00 [VRB] LoggerBase.OnWriteStream: processId:29188, streamId:1, streamType:2a4f0f81-6809-4480-87ce-0d772568cfb6, bufferSize:322
2025-02-04 14:14:26.974 -05:00 [VRB] LoggerBase.OnWriteStream: processId:29188, streamId:1, streamType:2a4f0f81-6809-4480-87ce-0d772568cfb6, bufferSize:74
2025-02-04 14:14:26.974 -05:00 [VRB] LoggerBase.OnWriteStream: processId:29188, streamId:1, streamType:2a4f0f81-6809-4480-87ce-0d772568cfb6, bufferSize:92
2025-02-04 14:14:26.974 -05:00 [VRB] LoggerBase.OnWriteStream: processId:29188, streamId:1, streamType:2a4f0f81-6809-4480-87ce-0d772568cfb6, bufferSize:398
2025-02-04 14:14:26.975 -05:00 [VRB] LoggerBase.OnWriteStream: processId:29188, streamId:1, streamType:2a4f0f81-6809-4480-87ce-0d772568cfb6, bufferSize:50
2025-02-04 14:14:26.975 -05:00 [VRB] LoggerBase.OnWriteStream: processId:29188, streamId:1, streamType:2a4f0f81-6809-4480-87ce-0d772568cfb6, bufferSize:54
2025-02-04 14:14:26.975 -05:00 [VRB] LoggerBase.OnWriteStream: processId:29188, streamId:1, streamType:2a4f0f81-6809-4480-87ce-0d772568cfb6, bufferSize:64
2025-02-04 14:14:26.975 -05:00 [VRB] LoggerBase.OnWriteStream: processId:29188, streamId:1, streamType:2a4f0f81-6809-4480-87ce-0d772568cfb6, bufferSize:746
2025-02-04 14:14:26.976 -05:00 [VRB] LoggerBase.OnWriteStream: processId:29188, streamId:1, streamType:2a4f0f81-6809-4480-87ce-0d772568cfb6, bufferSize:64
2025-02-04 14:14:26.976 -05:00 [VRB] LoggerBase.OnWriteStream: processId:29188, streamId:1, streamType:2a4f0f81-6809-4480-87ce-0d772568cfb6, bufferSize:82
2025-02-04 14:14:26.976 -05:00 [VRB] LoggerBase.OnWriteStream: processId:29188, streamId:1, streamType:2a4f0f81-6809-4480-87ce-0d772568cfb6, bufferSize:108
2025-02-04 14:14:26.976 -05:00 [VRB] LoggerBase.OnWriteStream: processId:29188, streamId:1, streamType:2a4f0f81-6809-4480-87ce-0d772568cfb6, bufferSize:108
2025-02-04 14:14:26.976 -05:00 [VRB] LoggerBase.OnWriteStream: processId:29188, streamId:1, streamType:2a4f0f81-6809-4480-87ce-0d772568cfb6, bufferSize:630
2025-02-04 14:14:26.976 -05:00 [VRB] LoggerBase.OnWriteStream: processId:29188, streamId:1, streamType:2a4f0f81-6809-4480-87ce-0d772568cfb6, bufferSize:222
2025-02-04 14:14:26.976 -05:00 [VRB] LoggerBase.OnWriteStream: processId:29188, streamId:1, streamType:2a4f0f81-6809-4480-87ce-0d772568cfb6, bufferSize:118
2025-02-04 14:14:26.976 -05:00 [VRB] LoggerBase.OnWriteStream: processId:29188, streamId:1, streamType:2a4f0f81-6809-4480-87ce-0d772568cfb6, bufferSize:90
2025-02-04 14:14:26.977 -05:00 [VRB] LoggerBase.OnWriteStream: processId:29188, streamId:1, streamType:2a4f0f81-6809-4480-87ce-0d772568cfb6, bufferSize:74
2025-02-04 14:14:26.977 -05:00 [VRB] LoggerBase.OnWriteStream: processId:29188, streamId:1, streamType:2a4f0f81-6809-4480-87ce-0d772568cfb6, bufferSize:180
2025-02-04 14:14:26.977 -05:00 [VRB] LoggerBase.OnWriteStream: processId:29188, streamId:1, streamType:2a4f0f81-6809-4480-87ce-0d772568cfb6, bufferSize:680
2025-02-04 14:14:26.977 -05:00 [VRB] LoggerBase.OnWriteStream: processId:29188, streamId:1, streamType:2a4f0f81-6809-4480-87ce-0d772568cfb6, bufferSize:102
2025-02-04 14:14:26.977 -05:00 [VRB] LoggerBase.OnWriteStream: processId:29188, streamId:1, streamType:2a4f0f81-6809-4480-87ce-0d772568cfb6, bufferSize:54
2025-02-04 14:14:26.978 -05:00 [VRB] LoggerBase.OnWriteStream: processId:29188, streamId:1, streamType:2a4f0f81-6809-4480-87ce-0d772568cfb6, bufferSize:240
2025-02-04 14:14:26.978 -05:00 [VRB] LoggerBase.OnWriteStream: processId:29188, streamId:1, streamType:2a4f0f81-6809-4480-87ce-0d772568cfb6, bufferSize:60
2025-02-04 14:14:26.978 -05:00 [VRB] LoggerBase.OnWriteStream: processId:29188, streamId:1, streamType:2a4f0f81-6809-4480-87ce-0d772568cfb6, bufferSize:64
2025-02-04 14:14:26.978 -05:00 [VRB] LoggerBase.OnWriteStream: processId:29188, streamId:1, streamType:2a4f0f81-6809-4480-87ce-0d772568cfb6, bufferSize:66
2025-02-04 14:14:26.978 -05:00 [VRB] LoggerBase.OnWriteStream: processId:29188, streamId:1, streamType:2a4f0f81-6809-4480-87ce-0d772568cfb6, bufferSize:52
2025-02-04 14:14:26.978 -05:00 [VRB] LoggerBase.OnWriteStream: processId:29188, streamId:1, streamType:2a4f0f81-6809-4480-87ce-0d772568cfb6, bufferSize:52
2025-02-04 14:14:26.978 -05:00 [VRB] LoggerBase.OnWriteStream: processId:29188, streamId:1, streamType:2a4f0f81-6809-4480-87ce-0d772568cfb6, bufferSize:60
2025-02-04 14:14:26.978 -05:00 [VRB] LoggerBase.OnWriteStream: processId:29188, streamId:1, streamType:2a4f0f81-6809-4480-87ce-0d772568cfb6, bufferSize:72
2025-02-04 14:14:26.978 -05:00 [VRB] LoggerBase.OnWriteStream: processId:29188, streamId:1, streamType:2a4f0f81-6809-4480-87ce-0d772568cfb6, bufferSize:118
2025-02-04 14:14:26.978 -05:00 [VRB] LoggerBase.OnWriteStream: processId:29188, streamId:1, streamType:2a4f0f81-6809-4480-87ce-0d772568cfb6, bufferSize:222
2025-02-04 14:14:26.978 -05:00 [VRB] LoggerBase.OnWriteStream: processId:29188, streamId:1, streamType:2a4f0f81-6809-4480-87ce-0d772568cfb6, bufferSize:124
2025-02-04 14:14:26.979 -05:00 [VRB] LoggerBase.OnWriteStream: processId:29188, streamId:1, streamType:2a4f0f81-6809-4480-87ce-0d772568cfb6, bufferSize:114
2025-02-04 14:14:26.979 -05:00 [VRB] LoggerBase.OnWriteStream: processId:29188, streamId:1, streamType:2a4f0f81-6809-4480-87ce-0d772568cfb6, bufferSize:60
2025-02-04 14:14:26.979 -05:00 [VRB] LoggerBase.OnWriteStream: processId:29188, streamId:1, streamType:2a4f0f81-6809-4480-87ce-0d772568cfb6, bufferSize:60
2025-02-04 14:14:26.979 -05:00 [VRB] LoggerBase.OnWriteStream: processId:29188, streamId:1, streamType:2a4f0f81-6809-4480-87ce-0d772568cfb6, bufferSize:40
2025-02-04 14:14:26.979 -05:00 [VRB] LoggerBase.OnWriteStream: processId:29188, streamId:1, streamType:2a4f0f81-6809-4480-87ce-0d772568cfb6, bufferSize:102
2025-02-04 14:14:26.979 -05:00 [VRB] LoggerBase.OnWriteStream: processId:29188, streamId:1, streamType:2a4f0f81-6809-4480-87ce-0d772568cfb6, bufferSize:258
2025-02-04 14:14:26.979 -05:00 [VRB] LoggerBase.OnWriteStream: processId:29188, streamId:1, streamType:2a4f0f81-6809-4480-87ce-0d772568cfb6, bufferSize:96
2025-02-04 14:14:26.979 -05:00 [VRB] LoggerBase.OnWriteStream: processId:29188, streamId:1, streamType:2a4f0f81-6809-4480-87ce-0d772568cfb6, bufferSize:62
2025-02-04 14:14:26.979 -05:00 [VRB] LoggerBase.OnWriteStream: processId:29188, streamId:1, streamType:2a4f0f81-6809-4480-87ce-0d772568cfb6, bufferSize:66
2025-02-04 14:14:26.979 -05:00 [VRB] LoggerBase.OnWriteStream: processId:29188, streamId:1, streamType:2a4f0f81-6809-4480-87ce-0d772568cfb6, bufferSize:102
2025-02-04 14:14:26.980 -05:00 [VRB] LoggerBase.OnWriteStream: processId:29188, streamId:1, streamType:2a4f0f81-6809-4480-87ce-0d772568cfb6, bufferSize:66
2025-02-04 14:14:26.980 -05:00 [VRB] LoggerBase.OnWriteStream: processId:29188, streamId:1, streamType:2a4f0f81-6809-4480-87ce-0d772568cfb6, bufferSize:370
2025-02-04 14:14:26.980 -05:00 [VRB] LoggerBase.OnWriteStream: processId:29188, streamId:1, streamType:2a4f0f81-6809-4480-87ce-0d772568cfb6, bufferSize:136
2025-02-04 14:14:26.980 -05:00 [VRB] LoggerBase.OnWriteStream: processId:29188, streamId:1, streamType:2a4f0f81-6809-4480-87ce-0d772568cfb6, bufferSize:982
2025-02-04 14:14:26.980 -05:00 [VRB] LoggerBase.OnWriteStream: processId:29188, streamId:1, streamType:2a4f0f81-6809-4480-87ce-0d772568cfb6, bufferSize:60
2025-02-04 14:14:26.983 -05:00 [INF] LoggerBase.OnInstrumentation: path:C:\Users\zacka\Documents\Université\Session2\INF1015\New folder\TP2\Debug\td2.exe, id:b80c97c8-6322-4bb8-acfe-6f9ad3b13f2c, coverageBufferId:f9f4c361-5844-47c3-a046-5aa8430642b6, isDynamic:True isManaged:False, isMixed:False, isPortablePdb:False, imageSize: 172032, imageLinkTime:1738696443, numberOfMethodsInstrumented:16, numberOfMethodsSkipped: 192, numberOfMethodsFailed:0, elapsed:56ms
2025-02-04 14:14:26.983 -05:00 [INF] LoggerBase.CreateStream[29188]: k:StreamKey { Id = b80c97c8-6322-4bb8-acfe-6f9ad3b13f2c, Prefix = unmanaged:\ } type:cb689549-d63e-4a55-b8fa-2a214725cf39 path:C:\Users\zacka\Documents\Université\Session2\INF1015\New folder\TP2\Debug\td2.exe
2025-02-04 14:14:26.984 -05:00 [INF] StaticStreamCreator.CreateStream: Creating SharedMemoryStream. streamId:2, identifier:f9f4c361-5844-47c3-a046-5aa8430642b6, bufferName:CodeCoverage.23b4df76-c31d-4fe6-a3ed-dc322d2aa790.bf9f4c361-5844-47c3-a046-5aa8430642b6, bufferSize:310
2025-02-04 14:14:26.985 -05:00 [INF] ReportGenerator.CreateUnmanagedStream[29188]: (StreamKey { Id = b80c97c8-6322-4bb8-acfe-6f9ad3b13f2c, Prefix = unmanaged:\ }) created new buffer stream with size: 310
2025-02-04 14:14:26.985 -05:00 [INF] LoggerBase.OnCreateStream: processId:29188, streamId:2, streamType:cb689549-d63e-4a55-b8fa-2a214725cf39, bufferSize:310, bufferHeader:00-00-00-00, bufferName:CodeCoverage.23b4df76-c31d-4fe6-a3ed-dc322d2aa790.bf9f4c361-5844-47c3-a046-5aa8430642b6, prefix:unmanaged:\
2025-02-04 14:14:26.985 -05:00 [INF] CoveragePipeClient.SendCreateStreamResponse[29188]: streamId:2, bufferName:CodeCoverage.23b4df76-c31d-4fe6-a3ed-dc322d2aa790.bf9f4c361-5844-47c3-a046-5aa8430642b6
2025-02-04 14:14:26.987 -05:00 [INF] LoggerBase.HandleCacheMessage[29188]: started prefix:unmanaged:\C:\Users\zacka\Documents\Université\Session2\INF1015\New folder\TP2\Debug\td2.exe, key:b80c97c8-6322-4bb8-acfe-6f9ad3b13f2c, buffers count:2
2025-02-04 14:14:26.988 -05:00 [INF] CoveragePipeClient.SendSuccessMessage[29188]
2025-02-04 14:14:26.999 -05:00 [INF] LoggerBase.OnCloseStream: processId:29188, streamId:1, streamSize:32066
2025-02-04 14:14:27.000 -05:00 [VRB] LoggerBase.OnWriteStream: processId:29188, streamId:0, streamType:b157a3a4-9542-4546-859b-abd1367a08ed, bufferSize:68
2025-02-04 14:14:27.001 -05:00 [VRB] LoggerBase.OnWriteStream: processId:29188, streamId:0, streamType:b157a3a4-9542-4546-859b-abd1367a08ed, bufferSize:74
2025-02-04 14:14:27.002 -05:00 [VRB] LoggerBase.OnWriteStream: processId:29188, streamId:0, streamType:b157a3a4-9542-4546-859b-abd1367a08ed, bufferSize:78
2025-02-04 14:14:27.003 -05:00 [VRB] LoggerBase.OnWriteStream: processId:29188, streamId:0, streamType:b157a3a4-9542-4546-859b-abd1367a08ed, bufferSize:70
2025-02-04 14:14:27.004 -05:00 [VRB] LoggerBase.OnWriteStream: processId:29188, streamId:0, streamType:b157a3a4-9542-4546-859b-abd1367a08ed, bufferSize:74
2025-02-04 14:14:27.004 -05:00 [VRB] LoggerBase.OnWriteStream: processId:29188, streamId:0, streamType:b157a3a4-9542-4546-859b-abd1367a08ed, bufferSize:70
2025-02-04 14:14:27.005 -05:00 [VRB] LoggerBase.OnWriteStream: processId:29188, streamId:0, streamType:b157a3a4-9542-4546-859b-abd1367a08ed, bufferSize:72
2025-02-04 14:14:27.006 -05:00 [VRB] LoggerBase.OnWriteStream: processId:29188, streamId:0, streamType:b157a3a4-9542-4546-859b-abd1367a08ed, bufferSize:68
2025-02-04 14:14:27.006 -05:00 [VRB] LoggerBase.OnWriteStream: processId:29188, streamId:0, streamType:b157a3a4-9542-4546-859b-abd1367a08ed, bufferSize:76
2025-02-04 14:14:27.009 -05:00 [VRB] LoggerBase.OnWriteStream: processId:29188, streamId:0, streamType:b157a3a4-9542-4546-859b-abd1367a08ed, bufferSize:74
2025-02-04 14:14:27.010 -05:00 [VRB] LoggerBase.OnWriteStream: processId:29188, streamId:0, streamType:b157a3a4-9542-4546-859b-abd1367a08ed, bufferSize:68
2025-02-04 14:14:27.012 -05:00 [VRB] LoggerBase.OnWriteStream: processId:29188, streamId:0, streamType:b157a3a4-9542-4546-859b-abd1367a08ed, bufferSize:70
2025-02-04 14:14:27.014 -05:00 [VRB] LoggerBase.OnWriteStream: processId:29188, streamId:0, streamType:b157a3a4-9542-4546-859b-abd1367a08ed, bufferSize:76
2025-02-04 14:14:27.015 -05:00 [VRB] LoggerBase.OnWriteStream: processId:29188, streamId:0, streamType:b157a3a4-9542-4546-859b-abd1367a08ed, bufferSize:70
2025-02-04 14:14:27.017 -05:00 [VRB] LoggerBase.OnWriteStream: processId:29188, streamId:0, streamType:b157a3a4-9542-4546-859b-abd1367a08ed, bufferSize:72
2025-02-04 14:14:27.018 -05:00 [VRB] LoggerBase.OnWriteStream: processId:29188, streamId:0, streamType:b157a3a4-9542-4546-859b-abd1367a08ed, bufferSize:74
2025-02-04 14:14:27.019 -05:00 [VRB] LoggerBase.OnWriteStream: processId:29188, streamId:0, streamType:b157a3a4-9542-4546-859b-abd1367a08ed, bufferSize:72
2025-02-04 14:14:27.019 -05:00 [VRB] LoggerBase.OnWriteStream: processId:29188, streamId:0, streamType:b157a3a4-9542-4546-859b-abd1367a08ed, bufferSize:76
2025-02-04 14:14:27.021 -05:00 [VRB] LoggerBase.OnWriteStream: processId:29188, streamId:0, streamType:b157a3a4-9542-4546-859b-abd1367a08ed, bufferSize:84
2025-02-04 14:14:27.021 -05:00 [VRB] LoggerBase.OnWriteStream: processId:29188, streamId:0, streamType:b157a3a4-9542-4546-859b-abd1367a08ed, bufferSize:76
2025-02-04 14:14:27.021 -05:00 [VRB] LoggerBase.OnWriteStream: processId:29188, streamId:0, streamType:b157a3a4-9542-4546-859b-abd1367a08ed, bufferSize:72
2025-02-04 14:14:27.022 -05:00 [VRB] LoggerBase.OnWriteStream: processId:29188, streamId:0, streamType:b157a3a4-9542-4546-859b-abd1367a08ed, bufferSize:74
2025-02-04 14:14:27.023 -05:00 [VRB] LoggerBase.OnWriteStream: processId:29188, streamId:0, streamType:b157a3a4-9542-4546-859b-abd1367a08ed, bufferSize:72
2025-02-04 14:14:27.024 -05:00 [VRB] LoggerBase.OnWriteStream: processId:29188, streamId:0, streamType:b157a3a4-9542-4546-859b-abd1367a08ed, bufferSize:68
2025-02-04 14:14:27.025 -05:00 [VRB] LoggerBase.OnWriteStream: processId:29188, streamId:0, streamType:b157a3a4-9542-4546-859b-abd1367a08ed, bufferSize:68
2025-02-04 14:14:27.025 -05:00 [VRB] LoggerBase.OnWriteStream: processId:29188, streamId:0, streamType:b157a3a4-9542-4546-859b-abd1367a08ed, bufferSize:76
2025-02-04 14:14:27.025 -05:00 [VRB] LoggerBase.OnWriteStream: processId:29188, streamId:0, streamType:b157a3a4-9542-4546-859b-abd1367a08ed, bufferSize:90
2025-02-04 14:14:27.026 -05:00 [VRB] LoggerBase.OnWriteStream: processId:29188, streamId:0, streamType:b157a3a4-9542-4546-859b-abd1367a08ed, bufferSize:70
2025-02-04 14:14:27.027 -05:00 [VRB] LoggerBase.OnWriteStream: processId:29188, streamId:0, streamType:b157a3a4-9542-4546-859b-abd1367a08ed, bufferSize:74
2025-02-04 14:14:27.027 -05:00 [VRB] LoggerBase.OnWriteStream: processId:29188, streamId:0, streamType:b157a3a4-9542-4546-859b-abd1367a08ed, bufferSize:70
2025-02-04 14:14:27.028 -05:00 [VRB] LoggerBase.OnWriteStream: processId:29188, streamId:0, streamType:b157a3a4-9542-4546-859b-abd1367a08ed, bufferSize:74
2025-02-04 14:14:27.029 -05:00 [VRB] LoggerBase.OnWriteStream: processId:29188, streamId:0, streamType:b157a3a4-9542-4546-859b-abd1367a08ed, bufferSize:72
2025-02-04 14:14:27.029 -05:00 [VRB] LoggerBase.OnWriteStream: processId:29188, streamId:0, streamType:b157a3a4-9542-4546-859b-abd1367a08ed, bufferSize:70
2025-02-04 14:14:27.030 -05:00 [VRB] LoggerBase.OnWriteStream: processId:29188, streamId:0, streamType:b157a3a4-9542-4546-859b-abd1367a08ed, bufferSize:70
2025-02-04 14:14:27.031 -05:00 [VRB] LoggerBase.OnWriteStream: processId:29188, streamId:0, streamType:b157a3a4-9542-4546-859b-abd1367a08ed, bufferSize:226
2025-02-04 14:14:27.031 -05:00 [VRB] LoggerBase.OnWriteStream: processId:29188, streamId:0, streamType:b157a3a4-9542-4546-859b-abd1367a08ed, bufferSize:72
2025-02-04 14:14:27.033 -05:00 [VRB] LoggerBase.OnWriteStream: processId:29188, streamId:0, streamType:b157a3a4-9542-4546-859b-abd1367a08ed, bufferSize:114
2025-02-04 14:14:27.044 -05:00 [VRB] LoggerBase.OnWriteStream: processId:29188, streamId:0, streamType:b157a3a4-9542-4546-859b-abd1367a08ed, bufferSize:86
2025-02-04 14:14:27.046 -05:00 [VRB] LoggerBase.OnWriteStream: processId:29188, streamId:0, streamType:b157a3a4-9542-4546-859b-abd1367a08ed, bufferSize:80
2025-02-04 14:14:27.053 -05:00 [VRB] LoggerBase.OnWriteStream: processId:29188, streamId:0, streamType:b157a3a4-9542-4546-859b-abd1367a08ed, bufferSize:72
2025-02-04 14:14:27.059 -05:00 [VRB] LoggerBase.OnWriteStream: processId:29188, streamId:0, streamType:b157a3a4-9542-4546-859b-abd1367a08ed, bufferSize:68
2025-02-04 14:14:27.081 -05:00 [VRB] LoggerBase.OnWriteStream: processId:29188, streamId:0, streamType:b157a3a4-9542-4546-859b-abd1367a08ed, bufferSize:94
2025-02-04 14:14:33.688 -05:00 [VRB] LoggerBase.OnWriteStream: processId:29188, streamId:0, streamType:b157a3a4-9542-4546-859b-abd1367a08ed, bufferSize:84
2025-02-04 14:14:33.693 -05:00 [VRB] LoggerBase.OnWriteStream: processId:29188, streamId:0, streamType:b157a3a4-9542-4546-859b-abd1367a08ed, bufferSize:90
2025-02-04 14:14:33.695 -05:00 [VRB] LoggerBase.OnWriteStream: processId:29188, streamId:0, streamType:b157a3a4-9542-4546-859b-abd1367a08ed, bufferSize:74
2025-02-04 14:14:33.722 -05:00 [VRB] PipeConnection.ReadMessagesAsync: 16773eeb-1c02-4eaf-bb95-66250ed4bced finished
2025-02-04 14:14:33.728 -05:00 [INF] Process ID 38516 exited.
2025-02-04 14:14:33.739 -05:00 [VRB] PipeConnection.WaitForDisconnection: a2a6abf2-2c62-417b-92ee-10c17d67580a finished
2025-02-04 14:14:33.739 -05:00 [VRB] PipeConnection.WaitForDisconnection: 16773eeb-1c02-4eaf-bb95-66250ed4bced finished
2025-02-04 14:14:33.739 -05:00 [VRB] PipeConnection.WaitForDisconnection: 35ef9c97-0d70-47dd-81f6-689acc7e712d finished
2025-02-04 14:14:33.739 -05:00 [VRB] PipeConnection.WaitForDisconnection: 1de0ac70-1996-4d13-8cc9-7a828e654f9a finished
2025-02-04 14:14:33.739 -05:00 [VRB] PipeConnection.WaitForDisconnection: f9513026-8ee6-42f2-ac6c-26a47d5bb3de finished
2025-02-04 14:14:33.739 -05:00 [VRB] PipeConnection.WaitForDisconnection: 116af1e7-34e7-4e0e-8dc3-788d133540ad finished
2025-02-04 14:14:33.739 -05:00 [VRB] PipeConnection.WaitForDisconnection: 1725a546-d4f8-4a33-acef-c3f38d99f75f finished
2025-02-04 14:14:33.741 -05:00 [VRB] PipeConnection.Stop: a2a6abf2-2c62-417b-92ee-10c17d67580a finished
2025-02-04 14:14:33.741 -05:00 [VRB] PipeConnection.Stop: 16773eeb-1c02-4eaf-bb95-66250ed4bced finished
2025-02-04 14:14:33.741 -05:00 [VRB] PipeConnection.Stop: 35ef9c97-0d70-47dd-81f6-689acc7e712d finished
2025-02-04 14:14:33.741 -05:00 [VRB] PipeConnection.Stop: 1de0ac70-1996-4d13-8cc9-7a828e654f9a finished
2025-02-04 14:14:33.741 -05:00 [VRB] PipeConnection.Stop: f9513026-8ee6-42f2-ac6c-26a47d5bb3de finished
2025-02-04 14:14:33.741 -05:00 [VRB] PipeConnection.Stop: 116af1e7-34e7-4e0e-8dc3-788d133540ad finished
2025-02-04 14:14:33.741 -05:00 [VRB] PipeConnection.Stop: 1725a546-d4f8-4a33-acef-c3f38d99f75f finished
2025-02-04 14:14:33.752 -05:00 [VRB] LoggerBase.OnBufferClose: id:f9f4c361-5844-47c3-a046-5aa8430642b6, 104/310 covered
2025-02-04 14:14:33.780 -05:00 [INF] CoverageFileWriter.WriteAsync: path: couverture2025-02-04_14_14_26,38.coverage, schemaVersion: 1.
2025-02-04 14:14:33.794 -05:00 [INF] CoverageFileWriter.WriteModules: modules.Count: 1.
2025-02-04 14:14:33.796 -05:00 [VRB] CoverageFileWriter.WriteModuleCoverageData: coverageBufferId: f9f4c361-5844-47c3-a046-5aa8430642b6, coverageBuffer.Length: 310.
2025-02-04 14:14:33.797 -05:00 [INF] CoverageFileWriter.WriteModule: moduleId: C8-97-0C-B8-22-63-B8-4B-AC-FE-6F-9A-D3-B1-3F-2C-03-00-00-00, skippedFunctions.Count: 192, functions.Count: 16, sourceFiles.Count: 1, coverageBufferId: f9f4c361-5844-47c3-a046-5aa8430642b6
2025-02-04 14:14:33.801 -05:00 [VRB] CoverageMessagesWriter.WriteModuleDataStream: sourceFile.Path: C:\Users\zacka\Documents\Université\Session2\INF1015\New folder\TP2\td2.cpp.
2025-02-04 14:14:33.801 -05:00 [INF] CoverageFileWriter.WriteSkippedModuleData: skippedModules.Count: 0
2025-02-04 14:14:33.801 -05:00 [VRB] CoverageMessagesWriter.WriteModuleDataStream: function.Name = lireUint16, blockCount: 6.
2025-02-04 14:14:33.802 -05:00 [VRB] CoverageMessagesWriter.WriteModuleDataStream: function.Name = _main, blockCount: 32.
2025-02-04 14:14:33.802 -05:00 [VRB] CoverageMessagesWriter.WriteModuleDataStream: function.Name = lireString, blockCount: 14.
2025-02-04 14:14:33.802 -05:00 [VRB] CoverageMessagesWriter.WriteModuleDataStream: function.Name = detruireFilm, blockCount: 29.
2025-02-04 14:14:33.802 -05:00 [VRB] CoverageMessagesWriter.WriteModuleDataStream: function.Name = enleverFilm, blockCount: 9.
2025-02-04 14:14:33.802 -05:00 [VRB] CoverageMessagesWriter.WriteModuleDataStream: function.Name = afficherListeFilms, blockCount: 23.
2025-02-04 14:14:33.802 -05:00 [VRB] CoverageMessagesWriter.WriteModuleDataStream: function.Name = lireUint8, blockCount: 6.
2025-02-04 14:14:33.802 -05:00 [VRB] CoverageMessagesWriter.WriteModuleDataStream: function.Name = ajouterFilm, blockCount: 31.
2025-02-04 14:14:33.802 -05:00 [VRB] CoverageMessagesWriter.WriteModuleDataStream: function.Name = creerListe, blockCount: 24.
2025-02-04 14:14:33.802 -05:00 [VRB] CoverageMessagesWriter.WriteModuleDataStream: function.Name = detruireListeFilms, blockCount: 13.
2025-02-04 14:14:33.802 -05:00 [VRB] CoverageMessagesWriter.WriteModuleDataStream: function.Name = afficherFilmographieActeur, blockCount: 12.
2025-02-04 14:14:33.802 -05:00 [VRB] CoverageMessagesWriter.WriteModuleDataStream: function.Name = lireActeur, blockCount: 23.
2025-02-04 14:14:33.802 -05:00 [VRB] CoverageMessagesWriter.WriteModuleDataStream: function.Name = afficherFilm, blockCount: 22.
2025-02-04 14:14:33.802 -05:00 [VRB] CoverageMessagesWriter.WriteModuleDataStream: function.Name = trouverActeur, blockCount: 24.
2025-02-04 14:14:33.802 -05:00 [VRB] CoverageMessagesWriter.WriteModuleDataStream: function.Name = afficherActeur, blockCount: 12.
2025-02-04 14:14:33.802 -05:00 [VRB] CoverageMessagesWriter.WriteModuleDataStream: function.Name = lireFilm, blockCount: 30.
2025-02-04 14:14:33.803 -05:00 [VRB] CoverageMessagesWriter.WriteModuleDataStream: skippedFunction.Name: enlever_des_blocs_alloues(void *, bool).
2025-02-04 14:14:33.803 -05:00 [VRB] CoverageMessagesWriter.WriteModuleDataStream: skippedFunction.Name: operator()(const char *, const char *, struct _iobuf *, unsigned long, class std::basic_ios<char,std::char_traits<char> > & const).
2025-02-04 14:14:33.803 -05:00 [VRB] CoverageMessagesWriter.WriteModuleDataStream: skippedFunction.Name: RangeIterData<int,0>.
2025-02-04 14:14:33.803 -05:00 [VRB] CoverageMessagesWriter.WriteModuleDataStream: skippedFunction.Name: operator()(unsigned int).
2025-02-04 14:14:33.803 -05:00 [VRB] CoverageMessagesWriter.WriteModuleDataStream: skippedFunction.Name: __RTC_CheckEsp.
2025-02-04 14:14:33.803 -05:00 [VRB] CoverageMessagesWriter.WriteModuleDataStream: skippedFunction.Name: __get_startup_commit_mode.
2025-02-04 14:14:33.803 -05:00 [VRB] CoverageMessagesWriter.WriteModuleDataStream: skippedFunction.Name: notre_operator_new.
2025-02-04 14:14:33.803 -05:00 [VRB] CoverageMessagesWriter.WriteModuleDataStream: skippedFunction.Name: _Unchecked_end.
2025-02-04 14:14:33.803 -05:00 [VRB] CoverageMessagesWriter.WriteModuleDataStream: skippedFunction.Name: operator new.
2025-02-04 14:14:33.803 -05:00 [VRB] CoverageMessagesWriter.WriteModuleDataStream: skippedFunction.Name: operator new.
2025-02-04 14:14:33.803 -05:00 [VRB] CoverageMessagesWriter.WriteModuleDataStream: skippedFunction.Name: operator new.
2025-02-04 14:14:33.803 -05:00 [VRB] CoverageMessagesWriter.WriteModuleDataStream: skippedFunction.Name: activerCouleursAnsi.
2025-02-04 14:14:33.803 -05:00 [VRB] CoverageMessagesWriter.WriteModuleDataStream: skippedFunction.Name: data.
2025-02-04 14:14:33.803 -05:00 [VRB] CoverageMessagesWriter.WriteModuleDataStream: skippedFunction.Name: get_blocs_alloues_lock.
2025-02-04 14:14:33.803 -05:00 [VRB] CoverageMessagesWriter.WriteModuleDataStream: skippedFunction.Name: size.
2025-02-04 14:14:33.803 -05:00 [VRB] CoverageMessagesWriter.WriteModuleDataStream: skippedFunction.Name: static void failwithmessage(void *, int, int, const char *).
2025-02-04 14:14:33.803 -05:00 [VRB] CoverageMessagesWriter.WriteModuleDataStream: skippedFunction.Name: get_blocs_alloues_tries(bool, unsigned int).
2025-02-04 14:14:33.803 -05:00 [VRB] CoverageMessagesWriter.WriteModuleDataStream: skippedFunction.Name: static struct _IMAGE_SECTION_HEADER * find_pe_section(unsigned char *, const unsigned int).
2025-02-04 14:14:33.803 -05:00 [VRB] CoverageMessagesWriter.WriteModuleDataStream: skippedFunction.Name: a_numero_ligne.
2025-02-04 14:14:33.803 -05:00 [VRB] CoverageMessagesWriter.WriteModuleDataStream: skippedFunction.Name: _RTC_StackFailure.
2025-02-04 14:14:33.803 -05:00 [VRB] CoverageMessagesWriter.WriteModuleDataStream: skippedFunction.Name: compte_allocations.
2025-02-04 14:14:33.803 -05:00 [VRB] CoverageMessagesWriter.WriteModuleDataStream: skippedFunction.Name: initialiserGoogleTest.
2025-02-04 14:14:33.803 -05:00 [VRB] CoverageMessagesWriter.WriteModuleDataStream: skippedFunction.Name: __RTC_Initialize.
2025-02-04 14:14:33.803 -05:00 [VRB] CoverageMessagesWriter.WriteModuleDataStream: skippedFunction.Name: static unsigned int _strlen_priv(const char *).
2025-02-04 14:14:33.803 -05:00 [VRB] CoverageMessagesWriter.WriteModuleDataStream: skippedFunction.Name: _RTC_GetErrorFunc.
2025-02-04 14:14:33.803 -05:00 [VRB] CoverageMessagesWriter.WriteModuleDataStream: skippedFunction.Name: operator!=.
2025-02-04 14:14:33.803 -05:00 [VRB] CoverageMessagesWriter.WriteModuleDataStream: skippedFunction.Name: __get_startup_thread_locale_mode.
2025-02-04 14:14:33.803 -05:00 [VRB] CoverageMessagesWriter.WriteModuleDataStream: skippedFunction.Name: remise_a_zero_verification.
2025-02-04 14:14:33.803 -05:00 [VRB] CoverageMessagesWriter.WriteModuleDataStream: skippedFunction.Name: span<char const *,4294967295><2,0>.
2025-02-04 14:14:33.803 -05:00 [VRB] CoverageMessagesWriter.WriteModuleDataStream: skippedFunction.Name: operator==.
2025-02-04 14:14:33.803 -05:00 [VRB] CoverageMessagesWriter.WriteModuleDataStream: skippedFunction.Name: operator!=.
2025-02-04 14:14:33.803 -05:00 [VRB] CoverageMessagesWriter.WriteModuleDataStream: skippedFunction.Name: __except_handler4_noexcept.
2025-02-04 14:14:33.803 -05:00 [VRB] CoverageMessagesWriter.WriteModuleDataStream: skippedFunction.Name: get_blocs_alloues.
2025-02-04 14:14:33.803 -05:00 [VRB] CoverageMessagesWriter.WriteModuleDataStream: skippedFunction.Name: locales_a_essayer().
2025-02-04 14:14:33.803 -05:00 [VRB] CoverageMessagesWriter.WriteModuleDataStream: skippedFunction.Name: remet().
2025-02-04 14:14:33.803 -05:00 [VRB] CoverageMessagesWriter.WriteModuleDataStream: skippedFunction.Name: range<int>.
2025-02-04 14:14:33.803 -05:00 [VRB] CoverageMessagesWriter.WriteModuleDataStream: skippedFunction.Name: RemplaceRemet<`bibliotheque_cours::remplaceConsoleOutputCP'::`2'::<lambda_1>,unsigned int &><unsigned int &>(class bibliotheque_cours::remplaceConsoleOutputCP::__l2::<lambda_1>, unsigned int & const).
2025-02-04 14:14:33.804 -05:00 [VRB] CoverageMessagesWriter.WriteModuleDataStream: skippedFunction.Name: tous_les_new_ont_un_delete.
2025-02-04 14:14:33.804 -05:00 [VRB] CoverageMessagesWriter.WriteModuleDataStream: skippedFunction.Name: _RTC_Failure.
2025-02-04 14:14:33.804 -05:00 [VRB] CoverageMessagesWriter.WriteModuleDataStream: skippedFunction.Name: operator()().
2025-02-04 14:14:33.804 -05:00 [VRB] CoverageMessagesWriter.WriteModuleDataStream: skippedFunction.Name: operator()<std::array<std::basic_string<char,std::char_traits<char>,std::allocator<char> >,1> >(class std::array<std::basic_string<char,std::char_traits<char>,std::allocator<char> >,1>).
2025-02-04 14:14:33.804 -05:00 [VRB] CoverageMessagesWriter.WriteModuleDataStream: skippedFunction.Name: activer_verification_allocation.
2025-02-04 14:14:33.804 -05:00 [VRB] CoverageMessagesWriter.WriteModuleDataStream: skippedFunction.Name: est_dans_phase_apres_main.
2025-02-04 14:14:33.804 -05:00 [VRB] CoverageMessagesWriter.WriteModuleDataStream: skippedFunction.Name: not_equal_to_impl.
2025-02-04 14:14:33.804 -05:00 [VRB] CoverageMessagesWriter.WriteModuleDataStream: skippedFunction.Name: to_const_char(const class std::basic_string<char,std::char_traits<char>,std::allocator<char> > & const).
2025-02-04 14:14:33.804 -05:00 [VRB] CoverageMessagesWriter.WriteModuleDataStream: skippedFunction.Name: to_const_char(const char *).
2025-02-04 14:14:33.804 -05:00 [VRB] CoverageMessagesWriter.WriteModuleDataStream: skippedFunction.Name: ~type_info.
2025-02-04 14:14:33.804 -05:00 [VRB] CoverageMessagesWriter.WriteModuleDataStream: skippedFunction.Name: __Smtx_unlock_exclusive.
2025-02-04 14:14:33.804 -05:00 [VRB] CoverageMessagesWriter.WriteModuleDataStream: skippedFunction.Name: __Smtx_unlock_shared.
2025-02-04 14:14:33.804 -05:00 [VRB] CoverageMessagesWriter.WriteModuleDataStream: skippedFunction.Name: get_message_erreur_delete.
2025-02-04 14:14:33.804 -05:00 [VRB] CoverageMessagesWriter.WriteModuleDataStream: skippedFunction.Name: RemplaceRemet<`bibliotheque_cours::remplaceCLocale'::`2'::<lambda_1>,gsl::span<char const *,4294967295> &><gsl::span<char const *,4294967295> &>(class bibliotheque_cours::remplaceCLocale::__l2::<lambda_1>, class gsl::span<char const *,4294967295> & const).
2025-02-04 14:14:33.804 -05:00 [VRB] CoverageMessagesWriter.WriteModuleDataStream: skippedFunction.Name: operator().
2025-02-04 14:14:33.804 -05:00 [VRB] CoverageMessagesWriter.WriteModuleDataStream: skippedFunction.Name: operator().
2025-02-04 14:14:33.804 -05:00 [VRB] CoverageMessagesWriter.WriteModuleDataStream: skippedFunction.Name: remise_a_zero_compteurs_allocation.
2025-02-04 14:14:33.804 -05:00 [VRB] CoverageMessagesWriter.WriteModuleDataStream: skippedFunction.Name: ~S().
2025-02-04 14:14:33.804 -05:00 [VRB] CoverageMessagesWriter.WriteModuleDataStream: skippedFunction.Name: _Unchecked_begin.
2025-02-04 14:14:33.804 -05:00 [VRB] CoverageMessagesWriter.WriteModuleDataStream: skippedFunction.Name: terminate.
2025-02-04 14:14:33.804 -05:00 [VRB] CoverageMessagesWriter.WriteModuleDataStream: skippedFunction.Name: data.
2025-02-04 14:14:33.804 -05:00 [VRB] CoverageMessagesWriter.WriteModuleDataStream: skippedFunction.Name: static bool DebuggerRuntime(unsigned long, int, void *, const wchar_t *).
2025-02-04 14:14:33.804 -05:00 [VRB] CoverageMessagesWriter.WriteModuleDataStream: skippedFunction.Name: remplir_bloc_verification_corruption_a.
2025-02-04 14:14:33.804 -05:00 [VRB] CoverageMessagesWriter.WriteModuleDataStream: skippedFunction.Name: tester_tous_blocs_alloues.
2025-02-04 14:14:33.804 -05:00 [VRB] CoverageMessagesWriter.WriteModuleDataStream: skippedFunction.Name: inc.
2025-02-04 14:14:33.804 -05:00 [VRB] CoverageMessagesWriter.WriteModuleDataStream: skippedFunction.Name: _ceilf.
2025-02-04 14:14:33.804 -05:00 [VRB] CoverageMessagesWriter.WriteModuleDataStream: skippedFunction.Name: RemplaceRemet<`bibliotheque_cours::remplaceConsoleInputCP'::`2'::<lambda_1>,unsigned int &><unsigned int &>(class bibliotheque_cours::remplaceConsoleInputCP::__l2::<lambda_1>, unsigned int & const).
2025-02-04 14:14:33.804 -05:00 [VRB] CoverageMessagesWriter.WriteModuleDataStream: skippedFunction.Name: operator().
2025-02-04 14:14:33.804 -05:00 [VRB] CoverageMessagesWriter.WriteModuleDataStream: skippedFunction.Name: __initialize_denormal_control.
2025-02-04 14:14:33.804 -05:00 [VRB] CoverageMessagesWriter.WriteModuleDataStream: skippedFunction.Name: __ftol3.
2025-02-04 14:14:33.804 -05:00 [VRB] CoverageMessagesWriter.WriteModuleDataStream: skippedFunction.Name: static void notify_debugger(const struct tagEXCEPTION_VISUALCPP_DEBUG_INFO & const).
2025-02-04 14:14:33.804 -05:00 [VRB] CoverageMessagesWriter.WriteModuleDataStream: skippedFunction.Name: __initialize_default_precision.
2025-02-04 14:14:33.804 -05:00 [VRB] CoverageMessagesWriter.WriteModuleDataStream: skippedFunction.Name: get_blocs_alloues_mutex.
2025-02-04 14:14:33.804 -05:00 [VRB] CoverageMessagesWriter.WriteModuleDataStream: skippedFunction.Name: _atexit.
2025-02-04 14:14:33.804 -05:00 [VRB] CoverageMessagesWriter.WriteModuleDataStream: skippedFunction.Name: debogage_allocation_est_actif.
2025-02-04 14:14:33.804 -05:00 [VRB] CoverageMessagesWriter.WriteModuleDataStream: skippedFunction.Name: static int invoke_main().
2025-02-04 14:14:33.804 -05:00 [VRB] CoverageMessagesWriter.WriteModuleDataStream: skippedFunction.Name: get_info_bloc_memoire(void *).
2025-02-04 14:14:33.804 -05:00 [VRB] CoverageMessagesWriter.WriteModuleDataStream: skippedFunction.Name: operator delete.
2025-02-04 14:14:33.804 -05:00 [VRB] CoverageMessagesWriter.WriteModuleDataStream: skippedFunction.Name: operator delete.
2025-02-04 14:14:33.804 -05:00 [VRB] CoverageMessagesWriter.WriteModuleDataStream: skippedFunction.Name: operator delete.
2025-02-04 14:14:33.804 -05:00 [VRB] CoverageMessagesWriter.WriteModuleDataStream: skippedFunction.Name: __RTC_Terminate.
2025-02-04 14:14:33.804 -05:00 [VRB] CoverageMessagesWriter.WriteModuleDataStream: skippedFunction.Name: remplaceCLocale(int, class gsl::span<char const *,4294967295>).
2025-02-04 14:14:33.804 -05:00 [VRB] CoverageMessagesWriter.WriteModuleDataStream: skippedFunction.Name: tester_bloc_verification_corruption_a.
2025-02-04 14:14:33.804 -05:00 [VRB] CoverageMessagesWriter.WriteModuleDataStream: skippedFunction.Name: static int ArrayUnwindFilter(struct _EXCEPTION_POINTERS *).
2025-02-04 14:14:33.804 -05:00 [VRB] CoverageMessagesWriter.WriteModuleDataStream: skippedFunction.Name: ~dbgbuf.
2025-02-04 14:14:33.804 -05:00 [VRB] CoverageMessagesWriter.WriteModuleDataStream: skippedFunction.Name: overflow.
2025-02-04 14:14:33.804 -05:00 [VRB] CoverageMessagesWriter.WriteModuleDataStream: skippedFunction.Name: ouvrirUneConsoleSiTestAvecDebogueur.
2025-02-04 14:14:33.804 -05:00 [VRB] CoverageMessagesWriter.WriteModuleDataStream: skippedFunction.Name: __get_startup_file_mode.
2025-02-04 14:14:33.804 -05:00 [VRB] CoverageMessagesWriter.WriteModuleDataStream: skippedFunction.Name: operator delete[].
2025-02-04 14:14:33.804 -05:00 [VRB] CoverageMessagesWriter.WriteModuleDataStream: skippedFunction.Name: operator delete[].
2025-02-04 14:14:33.804 -05:00 [VRB] CoverageMessagesWriter.WriteModuleDataStream: skippedFunction.Name: operator delete[].
2025-02-04 14:14:33.804 -05:00 [VRB] CoverageMessagesWriter.WriteModuleDataStream: skippedFunction.Name: _RTC_GetErrorFuncW.
2025-02-04 14:14:33.804 -05:00 [VRB] CoverageMessagesWriter.WriteModuleDataStream: skippedFunction.Name: begin.
2025-02-04 14:14:33.804 -05:00 [VRB] CoverageMessagesWriter.WriteModuleDataStream: skippedFunction.Name: _mainCRTStartup.
2025-02-04 14:14:33.804 -05:00 [VRB] CoverageMessagesWriter.WriteModuleDataStream: skippedFunction.Name: dbgbuf.
2025-02-04 14:14:33.804 -05:00 [VRB] CoverageMessagesWriter.WriteModuleDataStream: skippedFunction.Name: operator<<.
2025-02-04 14:14:33.804 -05:00 [VRB] CoverageMessagesWriter.WriteModuleDataStream: skippedFunction.Name: operator++.
2025-02-04 14:14:33.804 -05:00 [VRB] CoverageMessagesWriter.WriteModuleDataStream: skippedFunction.Name: step.
2025-02-04 14:14:33.804 -05:00 [VRB] CoverageMessagesWriter.WriteModuleDataStream: skippedFunction.Name: get_blocs_alloues_shared_lock.
2025-02-04 14:14:33.804 -05:00 [VRB] CoverageMessagesWriter.WriteModuleDataStream: skippedFunction.Name: repond_aux_criteres.
2025-02-04 14:14:33.804 -05:00 [VRB] CoverageMessagesWriter.WriteModuleDataStream: skippedFunction.Name: _NtCurrentTeb.
2025-02-04 14:14:33.804 -05:00 [VRB] CoverageMessagesWriter.WriteModuleDataStream: skippedFunction.Name: value.
2025-02-04 14:14:33.804 -05:00 [VRB] CoverageMessagesWriter.WriteModuleDataStream: skippedFunction.Name: `dynamic initializer for 'blocs_alloues''().
2025-02-04 14:14:33.804 -05:00 [VRB] CoverageMessagesWriter.WriteModuleDataStream: skippedFunction.Name: set_breakpoint_sur_allocations.
2025-02-04 14:14:33.804 -05:00 [VRB] CoverageMessagesWriter.WriteModuleDataStream: skippedFunction.Name: __should_initialize_environment.
2025-02-04 14:14:33.804 -05:00 [VRB] CoverageMessagesWriter.WriteModuleDataStream: skippedFunction.Name: ~SansVerifierAllocations.
2025-02-04 14:14:33.804 -05:00 [VRB] CoverageMessagesWriter.WriteModuleDataStream: skippedFunction.Name: static int pre_c_initialization().
2025-02-04 14:14:33.804 -05:00 [VRB] CoverageMessagesWriter.WriteModuleDataStream: skippedFunction.Name: static bool DebuggerProbe(unsigned long).
2025-02-04 14:14:33.804 -05:00 [VRB] CoverageMessagesWriter.WriteModuleDataStream: skippedFunction.Name: __matherr.
2025-02-04 14:14:33.804 -05:00 [VRB] CoverageMessagesWriter.WriteModuleDataStream: skippedFunction.Name: Iterator.
2025-02-04 14:14:33.804 -05:00 [VRB] CoverageMessagesWriter.WriteModuleDataStream: skippedFunction.Name: Range<int>.
2025-02-04 14:14:33.804 -05:00 [VRB] CoverageMessagesWriter.WriteModuleDataStream: skippedFunction.Name: __Init_thread_wait_v2.
2025-02-04 14:14:33.804 -05:00 [VRB] CoverageMessagesWriter.WriteModuleDataStream: skippedFunction.Name: __get_startup_new_mode.
2025-02-04 14:14:33.804 -05:00 [VRB] CoverageMessagesWriter.WriteModuleDataStream: skippedFunction.Name: desactiver_verification_allocation.
2025-02-04 14:14:33.804 -05:00 [VRB] CoverageMessagesWriter.WriteModuleDataStream: skippedFunction.Name: ~RemplaceRemet<`bibliotheque_cours::remplaceConsoleInputCP'::`2'::<lambda_1>,unsigned int &>().
2025-02-04 14:14:33.804 -05:00 [VRB] CoverageMessagesWriter.WriteModuleDataStream: skippedFunction.Name: ~VerifierFuitesAllocations.
2025-02-04 14:14:33.804 -05:00 [VRB] CoverageMessagesWriter.WriteModuleDataStream: skippedFunction.Name: operator().
2025-02-04 14:14:33.804 -05:00 [VRB] CoverageMessagesWriter.WriteModuleDataStream: skippedFunction.Name: static bool is_potentially_valid_image_base(void *).
2025-02-04 14:14:33.804 -05:00 [VRB] CoverageMessagesWriter.WriteModuleDataStream: skippedFunction.Name: __initialize_invalid_parameter_handler.
2025-02-04 14:14:33.804 -05:00 [VRB] CoverageMessagesWriter.WriteModuleDataStream: skippedFunction.Name: InitConsole.
2025-02-04 14:14:33.804 -05:00 [VRB] CoverageMessagesWriter.WriteModuleDataStream: skippedFunction.Name: remplaceConsoleOutputCP(unsigned int).
2025-02-04 14:14:33.804 -05:00 [VRB] CoverageMessagesWriter.WriteModuleDataStream: skippedFunction.Name: __get_startup_argv_mode.
2025-02-04 14:14:33.804 -05:00 [VRB] CoverageMessagesWriter.WriteModuleDataStream: skippedFunction.Name: mettre_verification_corruption_sur_allocation.
2025-02-04 14:14:33.804 -05:00 [VRB] CoverageMessagesWriter.WriteModuleDataStream: skippedFunction.Name: _Unchecked_end.
2025-02-04 14:14:33.804 -05:00 [VRB] CoverageMessagesWriter.WriteModuleDataStream: skippedFunction.Name: dbgstream.
2025-02-04 14:14:33.804 -05:00 [VRB] CoverageMessagesWriter.WriteModuleDataStream: skippedFunction.Name: data.
2025-02-04 14:14:33.804 -05:00 [VRB] CoverageMessagesWriter.WriteModuleDataStream: skippedFunction.Name: _wmemset.
2025-02-04 14:14:33.804 -05:00 [VRB] CoverageMessagesWriter.WriteModuleDataStream: skippedFunction.Name: size.
2025-02-04 14:14:33.804 -05:00 [VRB] CoverageMessagesWriter.WriteModuleDataStream: skippedFunction.Name: operator().
2025-02-04 14:14:33.804 -05:00 [VRB] CoverageMessagesWriter.WriteModuleDataStream: skippedFunction.Name: remplaceConsoleInputCP(unsigned int).
2025-02-04 14:14:33.804 -05:00 [VRB] CoverageMessagesWriter.WriteModuleDataStream: skippedFunction.Name: ~RemplaceRemet<`bibliotheque_cours::remplaceCLocale'::`2'::<lambda_1>,gsl::span<char const *,4294967295> &>().
2025-02-04 14:14:33.804 -05:00 [VRB] CoverageMessagesWriter.WriteModuleDataStream: skippedFunction.Name: get_marqueur_verification_allocation.
2025-02-04 14:14:33.804 -05:00 [VRB] CoverageMessagesWriter.WriteModuleDataStream: skippedFunction.Name: SansVerifierAllocations.
2025-02-04 14:14:33.804 -05:00 [VRB] CoverageMessagesWriter.WriteModuleDataStream: skippedFunction.Name: afficher_fuites.
2025-02-04 14:14:33.804 -05:00 [VRB] CoverageMessagesWriter.WriteModuleDataStream: skippedFunction.Name: static struct HINSTANCE__ * GetPdbDllFromInstallPath().
2025-02-04 14:14:33.804 -05:00 [VRB] CoverageMessagesWriter.WriteModuleDataStream: skippedFunction.Name: __Init_thread_unlock.
2025-02-04 14:14:33.804 -05:00 [VRB] CoverageMessagesWriter.WriteModuleDataStream: skippedFunction.Name: extent_type<4294967295><2>.
2025-02-04 14:14:33.804 -05:00 [VRB] CoverageMessagesWriter.WriteModuleDataStream: skippedFunction.Name: static void pre_cpp_initialization().
2025-02-04 14:14:33.804 -05:00 [VRB] CoverageMessagesWriter.WriteModuleDataStream: skippedFunction.Name: _Unchecked_begin.
2025-02-04 14:14:33.804 -05:00 [VRB] CoverageMessagesWriter.WriteModuleDataStream: skippedFunction.Name: __except_handler4.
2025-02-04 14:14:33.804 -05:00 [VRB] CoverageMessagesWriter.WriteModuleDataStream: skippedFunction.Name: remet().
2025-02-04 14:14:33.804 -05:00 [VRB] CoverageMessagesWriter.WriteModuleDataStream: skippedFunction.Name: storage_type<gsl::details::extent_type<4294967295> ><gsl::details::extent_type<2> >.
2025-02-04 14:14:33.804 -05:00 [VRB] CoverageMessagesWriter.WriteModuleDataStream: skippedFunction.Name: extent_type<4294967295>.
2025-02-04 14:14:33.804 -05:00 [VRB] CoverageMessagesWriter.WriteModuleDataStream: skippedFunction.Name: __filter_x86_sse2_floating_point_exception_default.
2025-02-04 14:14:33.804 -05:00 [VRB] CoverageMessagesWriter.WriteModuleDataStream: skippedFunction.Name: __Init_thread_abort.
2025-02-04 14:14:33.804 -05:00 [VRB] CoverageMessagesWriter.WriteModuleDataStream: skippedFunction.Name: size.
2025-02-04 14:14:33.804 -05:00 [VRB] CoverageMessagesWriter.WriteModuleDataStream: skippedFunction.Name: not_equal_to_end.
2025-02-04 14:14:33.804 -05:00 [VRB] CoverageMessagesWriter.WriteModuleDataStream: skippedFunction.Name: operator()<std::pair<void * const,bibliotheque_cours::InfoBlocMemoire>,std::pair<void * const,bibliotheque_cours::InfoBlocMemoire> >(struct std::pair<void * const,bibliotheque_cours::InfoBlocMemoire> *, struct std::pair<void * const,bibliotheque_cours::InfoBlocMemoire> *).
2025-02-04 14:14:33.804 -05:00 [VRB] CoverageMessagesWriter.WriteModuleDataStream: skippedFunction.Name: span<unsigned int,4294967295><4294967295,0>.
2025-02-04 14:14:33.804 -05:00 [VRB] CoverageMessagesWriter.WriteModuleDataStream: skippedFunction.Name: @_RTC_CheckStackVars@8.
2025-02-04 14:14:33.804 -05:00 [VRB] CoverageMessagesWriter.WriteModuleDataStream: skippedFunction.Name: sync.
2025-02-04 14:14:33.804 -05:00 [VRB] CoverageMessagesWriter.WriteModuleDataStream: skippedFunction.Name: `dynamic initializer for 'cdbg''().
2025-02-04 14:14:33.804 -05:00 [VRB] CoverageMessagesWriter.WriteModuleDataStream: skippedFunction.Name: assurer_taille_allocation_possible.
2025-02-04 14:14:33.804 -05:00 [VRB] CoverageMessagesWriter.WriteModuleDataStream: skippedFunction.Name: storage_type<gsl::details::extent_type<4294967295> ><unsigned int>.
2025-02-04 14:14:33.804 -05:00 [VRB] CoverageMessagesWriter.WriteModuleDataStream: skippedFunction.Name: @_guard_check_icall_nop@4.
2025-02-04 14:14:33.804 -05:00 [VRB] CoverageMessagesWriter.WriteModuleDataStream: skippedFunction.Name: operator()(unsigned int).
2025-02-04 14:14:33.804 -05:00 [VRB] CoverageMessagesWriter.WriteModuleDataStream: skippedFunction.Name: ~RemplaceRemet<`bibliotheque_cours::remplaceConsoleOutputCP'::`2'::<lambda_1>,unsigned int &>().
2025-02-04 14:14:33.804 -05:00 [VRB] CoverageMessagesWriter.WriteModuleDataStream: skippedFunction.Name: end.
2025-02-04 14:14:33.804 -05:00 [VRB] CoverageMessagesWriter.WriteModuleDataStream: skippedFunction.Name: _RTC_GetSrcLine.
2025-02-04 14:14:33.804 -05:00 [VRB] CoverageMessagesWriter.WriteModuleDataStream: skippedFunction.Name: __Init_thread_notify.
2025-02-04 14:14:33.804 -05:00 [VRB] CoverageMessagesWriter.WriteModuleDataStream: skippedFunction.Name: __Init_thread_footer.
2025-02-04 14:14:33.804 -05:00 [VRB] CoverageMessagesWriter.WriteModuleDataStream: skippedFunction.Name: operator*.
2025-02-04 14:14:33.804 -05:00 [VRB] CoverageMessagesWriter.WriteModuleDataStream: skippedFunction.Name: `dynamic initializer for '_initConsole''().
2025-02-04 14:14:33.804 -05:00 [VRB] CoverageMessagesWriter.WriteModuleDataStream: skippedFunction.Name: `dynamic initializer for '_initConsole''().
2025-02-04 14:14:33.804 -05:00 [VRB] CoverageMessagesWriter.WriteModuleDataStream: skippedFunction.Name: operator()<gsl::span<char const *,4294967295> >(class gsl::span<char const *,4294967295>).
2025-02-04 14:14:33.804 -05:00 [VRB] CoverageMessagesWriter.WriteModuleDataStream: skippedFunction.Name: taille_allocation_selon_verification_corruption.
2025-02-04 14:14:33.804 -05:00 [VRB] CoverageMessagesWriter.WriteModuleDataStream: skippedFunction.Name: data.
2025-02-04 14:14:33.804 -05:00 [VRB] CoverageMessagesWriter.WriteModuleDataStream: skippedFunction.Name: est_depuis.
2025-02-04 14:14:33.804 -05:00 [VRB] CoverageMessagesWriter.WriteModuleDataStream: skippedFunction.Name: static int GetPdbDllPathFromFilePath(const wchar_t *, wchar_t *, unsigned int).
2025-02-04 14:14:33.804 -05:00 [VRB] CoverageMessagesWriter.WriteModuleDataStream: skippedFunction.Name: static struct HINSTANCE__ * GetPdbDll().
2025-02-04 14:14:33.804 -05:00 [VRB] CoverageMessagesWriter.WriteModuleDataStream: skippedFunction.Name: pointeur_octets.
2025-02-04 14:14:33.804 -05:00 [VRB] CoverageMessagesWriter.WriteModuleDataStream: skippedFunction.Name: displayDebugString(const class std::basic_string<char,std::char_traits<char>,std::allocator<char> > & const).
2025-02-04 14:14:33.804 -05:00 [VRB] CoverageMessagesWriter.WriteModuleDataStream: skippedFunction.Name: executerGoogleTest.
2025-02-04 14:14:33.804 -05:00 [VRB] CoverageMessagesWriter.WriteModuleDataStream: skippedFunction.Name: __Init_thread_header.
2025-02-04 14:14:33.804 -05:00 [VRB] CoverageMessagesWriter.WriteModuleDataStream: skippedFunction.Name: notre_operator_delete.
2025-02-04 14:14:33.804 -05:00 [VRB] CoverageMessagesWriter.WriteModuleDataStream: skippedFunction.Name: operator new[].
2025-02-04 14:14:33.804 -05:00 [VRB] CoverageMessagesWriter.WriteModuleDataStream: skippedFunction.Name: operator new[].
2025-02-04 14:14:33.804 -05:00 [VRB] CoverageMessagesWriter.WriteModuleDataStream: skippedFunction.Name: dump_blocs_alloues.
2025-02-04 14:14:33.804 -05:00 [VRB] CoverageMessagesWriter.WriteModuleDataStream: skippedFunction.Name: flushMessageBuffer.
2025-02-04 14:14:33.804 -05:00 [VRB] CoverageMessagesWriter.WriteModuleDataStream: skippedFunction.Name: initialisation_juste_avant_variables_globales().
2025-02-04 14:14:33.804 -05:00 [VRB] CoverageMessagesWriter.WriteModuleDataStream: skippedFunction.Name: remet().
2025-02-04 14:14:33.804 -05:00 [VRB] CoverageMessagesWriter.WriteModuleDataStream: skippedFunction.Name: VerifierFuitesAllocations.
2025-02-04 14:14:33.804 -05:00 [VRB] CoverageMessagesWriter.WriteModuleDataStream: skippedFunction.Name: tester_verification_corruption_sur_allocation.
2025-02-04 14:14:33.804 -05:00 [VRB] CoverageMessagesWriter.WriteModuleDataStream: skippedFunction.Name: size.
2025-02-04 14:14:33.804 -05:00 [VRB] CoverageMessagesWriter.WriteModuleDataStream: skippedFunction.Name: __Smtx_lock_shared.
2025-02-04 14:14:33.804 -05:00 [VRB] CoverageMessagesWriter.WriteModuleDataStream: skippedFunction.Name: __onexit.
2025-02-04 14:14:33.804 -05:00 [VRB] CoverageMessagesWriter.WriteModuleDataStream: skippedFunction.Name: etait_deja_actif.
2025-02-04 14:14:33.804 -05:00 [VRB] CoverageMessagesWriter.WriteModuleDataStream: skippedFunction.Name: lancer_erreur_delete(bibliotheque_cours::SorteErreurDelete, const struct bibliotheque_cours::InfoBlocMemoire & const).
2025-02-04 14:14:33.804 -05:00 [VRB] CoverageMessagesWriter.WriteModuleDataStream: skippedFunction.Name: static int post_pgo_initialization().
2025-02-04 14:14:33.804 -05:00 [VRB] CoverageMessagesWriter.WriteModuleDataStream: skippedFunction.Name: __crt_debugger_hook.
2025-02-04 14:14:33.804 -05:00 [VRB] CoverageMessagesWriter.WriteModuleDataStream: skippedFunction.Name: activerEncodageLocale.
2025-02-04 14:14:33.804 -05:00 [VRB] CoverageMessagesWriter.WriteModuleDataStream: skippedFunction.Name: <lambda_1>(const int & const).
2025-02-04 14:14:33.805 -05:00 [VRB] CoverageMessagesWriter.WriteModuleDataStream: skippedFunction.Name: __Smtx_lock_exclusive.
2025-02-04 14:14:33.805 -05:00 [VRB] CoverageMessagesWriter.WriteModuleDataStream: skippedFunction.Name: ~VerifierALaFin.
2025-02-04 14:14:33.805 -05:00 [VRB] CoverageMessagesWriter.WriteModuleDataStream: skippedFunction.Name: __Init_thread_lock.
2025-02-04 14:14:33.806 -05:00 [INF] CoverageFileWriter.WriteFile: schema: 1, modules: True, skippedFunctions: True, skippedModules: True, snapshot: True
2025-02-04 14:14:33.809 -05:00 [INF] Report generator: DefaultReportGenerator, output file: couverture2025-02-04_14_14_26,38.coverage
2025-02-04 14:14:33.810 -05:00 [VRB] PipeConnection.Stop: a2a6abf2-2c62-417b-92ee-10c17d67580a finished
2025-02-04 14:14:33.810 -05:00 [VRB] PipeConnection.Stop: 16773eeb-1c02-4eaf-bb95-66250ed4bced finished
2025-02-04 14:14:33.810 -05:00 [VRB] PipeConnection.Stop: 35ef9c97-0d70-47dd-81f6-689acc7e712d finished
2025-02-04 14:14:33.810 -05:00 [VRB] PipeConnection.Stop: 1de0ac70-1996-4d13-8cc9-7a828e654f9a finished
2025-02-04 14:14:33.810 -05:00 [VRB] PipeConnection.Stop: f9513026-8ee6-42f2-ac6c-26a47d5bb3de finished
2025-02-04 14:14:33.810 -05:00 [VRB] PipeConnection.Stop: 116af1e7-34e7-4e0e-8dc3-788d133540ad finished
2025-02-04 14:14:33.810 -05:00 [VRB] PipeConnection.Stop: 1725a546-d4f8-4a33-acef-c3f38d99f75f finished
2025-02-04 14:14:33.813 -05:00 [INF] LoggerBase.OnShutdown: Logger is shutting down.
2025-02-04 14:14:33.814 -05:00 [VRB] PipeConnection.Stop: a2a6abf2-2c62-417b-92ee-10c17d67580a finished
2025-02-04 14:14:33.814 -05:00 [VRB] PipeConnection.Stop: 16773eeb-1c02-4eaf-bb95-66250ed4bced finished
2025-02-04 14:14:33.814 -05:00 [VRB] PipeConnection.Stop: 35ef9c97-0d70-47dd-81f6-689acc7e712d finished
2025-02-04 14:14:33.814 -05:00 [VRB] PipeConnection.Stop: 1de0ac70-1996-4d13-8cc9-7a828e654f9a finished
2025-02-04 14:14:33.814 -05:00 [VRB] PipeConnection.Stop: f9513026-8ee6-42f2-ac6c-26a47d5bb3de finished
2025-02-04 14:14:33.814 -05:00 [VRB] PipeConnection.Stop: 116af1e7-34e7-4e0e-8dc3-788d133540ad finished
2025-02-04 14:14:33.814 -05:00 [VRB] PipeConnection.Stop: 1725a546-d4f8-4a33-acef-c3f38d99f75f finished
2025-02-04 14:14:33.814 -05:00 [VRB] PipeConnection.Stop: a2a6abf2-2c62-417b-92ee-10c17d67580a finished
2025-02-04 14:14:33.814 -05:00 [VRB] PipeConnection.Stop: 16773eeb-1c02-4eaf-bb95-66250ed4bced finished
2025-02-04 14:14:33.814 -05:00 [VRB] PipeConnection.Stop: 35ef9c97-0d70-47dd-81f6-689acc7e712d finished
2025-02-04 14:14:33.814 -05:00 [VRB] PipeConnection.Stop: 1de0ac70-1996-4d13-8cc9-7a828e654f9a finished
2025-02-04 14:14:33.814 -05:00 [VRB] PipeConnection.Stop: f9513026-8ee6-42f2-ac6c-26a47d5bb3de finished
2025-02-04 14:14:33.814 -05:00 [VRB] PipeConnection.Stop: 116af1e7-34e7-4e0e-8dc3-788d133540ad finished
2025-02-04 14:14:33.814 -05:00 [VRB] PipeConnection.Stop: 1725a546-d4f8-4a33-acef-c3f38d99f75f finished
2025-02-04 14:14:33.815 -05:00 [INF] PipeConnection.OnClientConnected: 35ef9c97-0d70-47dd-81f6-689acc7e712d connection was not made. Exception: Cannot access a closed pipe.
2025-02-04 14:14:33.815 -05:00 [VRB] PipeConnection.OnClientConnected: 35ef9c97-0d70-47dd-81f6-689acc7e712d finished
2025-02-04 14:14:33.815 -05:00 [INF] PipeConnection.OnClientConnected: 1de0ac70-1996-4d13-8cc9-7a828e654f9a connection was not made. Exception: Cannot access a closed pipe.
2025-02-04 14:14:33.815 -05:00 [VRB] PipeConnection.OnClientConnected: 1de0ac70-1996-4d13-8cc9-7a828e654f9a finished
2025-02-04 14:14:33.815 -05:00 [INF] PipeConnection.OnClientConnected: f9513026-8ee6-42f2-ac6c-26a47d5bb3de connection was not made. Exception: Cannot access a closed pipe.
2025-02-04 14:14:33.815 -05:00 [INF] PipeConnection.OnClientConnected: 116af1e7-34e7-4e0e-8dc3-788d133540ad connection was not made. Exception: Cannot access a closed pipe.
2025-02-04 14:14:33.815 -05:00 [VRB] PipeConnection.OnClientConnected: f9513026-8ee6-42f2-ac6c-26a47d5bb3de finished
2025-02-04 14:14:33.815 -05:00 [VRB] PipeConnection.OnClientConnected: 116af1e7-34e7-4e0e-8dc3-788d133540ad finished
2025-02-04 14:14:33.815 -05:00 [INF] PipeConnection.OnClientConnected: 1725a546-d4f8-4a33-acef-c3f38d99f75f connection was not made. Exception: Cannot access a closed pipe.
2025-02-04 14:14:33.815 -05:00 [VRB] PipeConnection.OnClientConnected: 1725a546-d4f8-4a33-acef-c3f38d99f75f finished
2025-02-04 14:14:33.818 -05:00 [VRB] Cleanup session directory folder 'C:\Users\zacka\AppData\Local\Temp\23b4df76-c31d-4fe6-a3ed-dc322d2aa790'
