2025-02-03 13:41:19.234 -05:00 [INF] ConfigurationFileUtility.GetConfiguration: Coverage settings file not provided. Using default settings.
2025-02-03 13:41:19.297 -05:00 [INF] Starting collection for session id: 0d8cba6e-3a19-46a9-855e-fbc88f8df1a2
2025-02-03 13:41:19.328 -05:00 [INF] ReportGenerator.LoadGenerators. OutputType: default
2025-02-03 13:41:19.330 -05:00 [ERR] ReportGeneratorFactory.CreateGenerator: Invalid outputType: default found. Using DefaultReportGenerator.
2025-02-03 13:41:19.334 -05:00 [VRB] PrivilegeChecker.IsPrivilegeEnabled number of privileges: 4
2025-02-03 13:41:19.334 -05:00 [VRB] PrivilegeChecker.IsPrivilegeEnabled number of privileges: 4
2025-02-03 13:41:19.334 -05:00 [VRB] PrivilegeChecker.IsPrivilegeEnabled number of privileges: 4
2025-02-03 13:41:19.356 -05:00 [INF] PipeConnectionsManager.OpenConnectionInternal: acquired lock. Creating new connection.
2025-02-03 13:41:19.372 -05:00 [INF] PipeConnectionsManager.OpenConnectionInternal: Created new connection. Number of connections: 0
2025-02-03 13:41:19.372 -05:00 [INF] PipeConnectionsManager.OpenConnectionInternal: acquired lock. Creating new connection.
2025-02-03 13:41:19.372 -05:00 [INF] PipeConnectionsManager.OpenConnectionInternal: Created new connection. Number of connections: 0
2025-02-03 13:41:19.372 -05:00 [INF] PipeConnectionsManager.OpenConnectionInternal: acquired lock. Creating new connection.
2025-02-03 13:41:19.372 -05:00 [INF] PipeConnectionsManager.OpenConnectionInternal: Created new connection. Number of connections: 0
2025-02-03 13:41:19.372 -05:00 [INF] PipeConnectionsManager.OpenConnectionInternal: acquired lock. Creating new connection.
2025-02-03 13:41:19.372 -05:00 [INF] PipeConnectionsManager.OpenConnectionInternal: Created new connection. Number of connections: 0
2025-02-03 13:41:19.372 -05:00 [INF] PipeConnectionsManager.OpenConnectionInternal: acquired lock. Creating new connection.
2025-02-03 13:41:19.372 -05:00 [INF] PipeConnectionsManager.OpenConnectionInternal: Created new connection. Number of connections: 0
2025-02-03 13:41:19.372 -05:00 [VRB] Configuring environment variable key: CODE_COVERAGE_SESSION_NAME, value: 0d8cba6e-3a19-46a9-855e-fbc88f8df1a2
2025-02-03 13:41:19.372 -05:00 [VRB] Configuring environment variable key: CODE_COVERAGE_PIPE_COUNT, value: 1
2025-02-03 13:41:19.372 -05:00 [VRB] Configuring environment variable key: MicrosoftInstrumentationEngine_DisableCodeSignatureValidation, value: 1
2025-02-03 13:41:19.372 -05:00 [VRB] Configuring environment variable key: CODE_COVERAGE_FLAGS, value: 5
2025-02-03 13:41:19.372 -05:00 [VRB] Configuring environment variable key: CODE_COVERAGE_DATA_PREFIX, value: CodeCoverage.0d8cba6e-3a19-46a9-855e-fbc88f8df1a2.
2025-02-03 13:41:19.372 -05:00 [VRB] Configuring environment variable key: MicrosoftInstrumentationEngine_ConfigPath64_VanguardInstrumentationProfiler, value: C:\Program Files\Microsoft Visual Studio\2022\Enterprise\Team Tools\Dynamic Code Coverage Tools\amd64\Cov_x64.config
2025-02-03 13:41:19.372 -05:00 [VRB] Configuring environment variable key: MicrosoftInstrumentationEngine_ConfigPath32_VanguardInstrumentationProfiler, value: C:\Program Files\Microsoft Visual Studio\2022\Enterprise\Team Tools\Dynamic Code Coverage Tools\Cov_x86.config
2025-02-03 13:41:19.372 -05:00 [VRB] Configuring environment variable key: MicrosoftInstrumentationEngine_ConfigPathARM64_VanguardInstrumentationProfiler, value: C:\Program Files\Microsoft Visual Studio\2022\Enterprise\Team Tools\Dynamic Code Coverage Tools\arm64\Cov_arm64.config
2025-02-03 13:41:19.388 -05:00 [VRB] Configuring environment variable key: PATH, value: C:\Program Files\Microsoft Visual Studio\2022\Enterprise\Team Tools\Dynamic Code Coverage Tools\arm64;C:\Program Files\Microsoft Visual Studio\2022\Enterprise\Team Tools\Dynamic Code Coverage Tools\amd64;C:\Program Files\Microsoft Visual Studio\2022\Enterprise\Team Tools\Dynamic Code Coverage Tools;C:\Program Files (x86)\VMware\VMware Workstation\bin\;C:\windows\system32;C:\windows;C:\windows\System32\Wbem;C:\windows\System32\WindowsPowerShell\v1.0\;C:\windows\System32\OpenSSH\;C:\Program Files (x86)\NVIDIA Corporation\PhysX\Common;C:\Users\Administrator\AppData\Local\Microsoft\WindowsApps;C:\Program Files\HP\OMEN-Broadcast\Common;C:\Program Files\NVIDIA Corporation\NVIDIA app\NvDLISR;C:\Program Files\dotnet\;C:\Program Files (x86)\Windows Kits\10\Windows Performance Toolkit\;C:\Program Files\Microsoft SQL Server\150\Tools\Binn\;C:\Program Files\Git\cmd;C:\WINDOWS\system32;C:\WINDOWS;C:\WINDOWS\System32\Wbem;C:\WINDOWS\System32\WindowsPowerShell\v1.0\;C:\WINDOWS\System32\OpenSSH\;C:\Users\zacka\AppData\Local\Microsoft\WindowsApps;C:\Users\zacka\AppData\Local\Programs\Microsoft VS Code\bin;C:\Users\zacka\.dotnet\tools;
2025-02-03 13:41:19.389 -05:00 [VRB] Configuring environment variable key: CORECLR_ENABLE_PROFILING, value: 1
2025-02-03 13:41:19.391 -05:00 [VRB] Configuring environment variable key: CORECLR_PROFILER_PATH_64, value: C:\Program Files\Microsoft Visual Studio\2022\Enterprise\Common7\IDE\CommonExtensions\Platform\InstrumentationEngine\x64\MicrosoftInstrumentationEngine_x64.dll
2025-02-03 13:41:19.391 -05:00 [VRB] Configuring environment variable key: CORECLR_PROFILER, value: {324F817A-7420-4E6D-B3C1-143FBED6D855}
2025-02-03 13:41:19.391 -05:00 [VRB] Configuring environment variable key: CORECLR_PROFILER_PATH_32, value: C:\Program Files\Microsoft Visual Studio\2022\Enterprise\Common7\IDE\CommonExtensions\Platform\InstrumentationEngine\x86\MicrosoftInstrumentationEngine_x86.dll
2025-02-03 13:41:19.391 -05:00 [VRB] Configuring environment variable key: CORECLR_PROFILER_PATH_ARM64, value: C:\Program Files\Microsoft Visual Studio\2022\Enterprise\Common7\IDE\CommonExtensions\Platform\InstrumentationEngine\arm64\MicrosoftInstrumentationEngine_arm64.dll
2025-02-03 13:41:19.393 -05:00 [VRB] Configuring environment variable key: COR_ENABLE_PROFILING, value: 1
2025-02-03 13:41:19.395 -05:00 [VRB] Configuring environment variable key: COR_PROFILER_PATH_32, value: C:\Program Files\Microsoft Visual Studio\2022\Enterprise\Common7\IDE\CommonExtensions\Platform\InstrumentationEngine\x86\MicrosoftInstrumentationEngine_x86.dll
2025-02-03 13:41:19.395 -05:00 [VRB] Configuring environment variable key: COR_PROFILER_PATH_64, value: C:\Program Files\Microsoft Visual Studio\2022\Enterprise\Common7\IDE\CommonExtensions\Platform\InstrumentationEngine\x64\MicrosoftInstrumentationEngine_x64.dll
2025-02-03 13:41:19.395 -05:00 [VRB] Configuring environment variable key: COR_PROFILER_PATH_ARM64, value: C:\Program Files\Microsoft Visual Studio\2022\Enterprise\Common7\IDE\CommonExtensions\Platform\InstrumentationEngine\arm64\MicrosoftInstrumentationEngine_arm64.dll
2025-02-03 13:41:19.395 -05:00 [VRB] Configuring environment variable key: COR_PROFILER, value: {324F817A-7420-4E6D-B3C1-143FBED6D855}
2025-02-03 13:41:19.399 -05:00 [VRB] ProcessFactoryWithCovrunInjection.Create injecting covrun into new process for session: 0d8cba6e-3a19-46a9-855e-fbc88f8df1a2
2025-02-03 13:41:19.399 -05:00 [VRB] ProcessFactory: Starting process: fileName: C:\Program Files\Microsoft Visual Studio\2022\Enterprise\Team Tools\Dynamic Code Coverage Tools\amd64\CodeCoverage.exe, arguments: connect /session:0d8cba6e-3a19-46a9-855e-fbc88f8df1a2 /wait C:\Users\zacka\Documents\Université\Session2\INF1015\New folder\TP2\Debug\td2.exe
2025-02-03 13:41:19.433 -05:00 [INF] Started process id: 36308
2025-02-03 13:41:19.453 -05:00 [INF] PipeConnection.OnClientConnected: 0a82b73c-7f58-4cbf-b8e1-1cf4358964c6 connected: CodeCoverage.pipe.0d8cba6e-3a19-46a9-855e-fbc88f8df1a2
2025-02-03 13:41:19.453 -05:00 [INF] PipeConnectionsManager.OnClientConnectedEvent: Client connect with pipe: CodeCoverage.pipe.0d8cba6e-3a19-46a9-855e-fbc88f8df1a2
2025-02-03 13:41:19.453 -05:00 [INF] PipeConnectionsManager.OpenConnectionInternal: acquired lock. Creating new connection.
2025-02-03 13:41:19.453 -05:00 [INF] PipeConnectionsManager.OpenConnectionInternal: Created new connection. Number of connections: 1
2025-02-03 13:41:19.458 -05:00 [VRB] PipeConnection.OnClientConnected: 0a82b73c-7f58-4cbf-b8e1-1cf4358964c6 finished
2025-02-03 13:41:19.471 -05:00 [INF] LoggerBase.OnClientConnected: processId:36308
2025-02-03 13:41:19.471 -05:00 [INF] CoveragePipeClient.SendConfiguration[36308]: Sending RegisterClientResponseMessage to client.
2025-02-03 13:41:19.485 -05:00 [VRB] PipeConnection.ReadMessagesAsync: 0a82b73c-7f58-4cbf-b8e1-1cf4358964c6 finished
2025-02-03 13:41:19.491 -05:00 [INF] Process ID 36308 exited.
2025-02-03 13:41:19.498 -05:00 [VRB] PipeConnection.WaitForDisconnection: 0a82b73c-7f58-4cbf-b8e1-1cf4358964c6 finished
2025-02-03 13:41:19.498 -05:00 [VRB] PipeConnection.WaitForDisconnection: 8fafb3db-d297-488e-9dd6-096d223a62d0 finished
2025-02-03 13:41:19.498 -05:00 [VRB] PipeConnection.WaitForDisconnection: 865f153f-f9c8-4f8f-a866-4b16e88581bb finished
2025-02-03 13:41:19.498 -05:00 [VRB] PipeConnection.WaitForDisconnection: 0e26c392-67c8-4375-a4ed-c2fdb92d06ac finished
2025-02-03 13:41:19.498 -05:00 [VRB] PipeConnection.WaitForDisconnection: 5b8d48a2-25fb-48fc-a620-6b0c6000a75f finished
2025-02-03 13:41:19.498 -05:00 [VRB] PipeConnection.WaitForDisconnection: 659e6fc7-5c0b-4638-acc1-736296e302f9 finished
2025-02-03 13:41:19.498 -05:00 [VRB] PipeConnection.Stop: 0a82b73c-7f58-4cbf-b8e1-1cf4358964c6 finished
2025-02-03 13:41:19.498 -05:00 [VRB] PipeConnection.Stop: 8fafb3db-d297-488e-9dd6-096d223a62d0 finished
2025-02-03 13:41:19.498 -05:00 [VRB] PipeConnection.Stop: 865f153f-f9c8-4f8f-a866-4b16e88581bb finished
2025-02-03 13:41:19.498 -05:00 [VRB] PipeConnection.Stop: 0e26c392-67c8-4375-a4ed-c2fdb92d06ac finished
2025-02-03 13:41:19.498 -05:00 [VRB] PipeConnection.Stop: 5b8d48a2-25fb-48fc-a620-6b0c6000a75f finished
2025-02-03 13:41:19.498 -05:00 [VRB] PipeConnection.Stop: 659e6fc7-5c0b-4638-acc1-736296e302f9 finished
2025-02-03 13:41:19.514 -05:00 [INF] CoverageFileWriter.WriteAsync: path: couverture2025-02-03_13_41_18,73.coverage, schemaVersion: 1.
2025-02-03 13:41:19.526 -05:00 [INF] CoverageFileWriter.WriteModules: modules.Count: 0.
2025-02-03 13:41:19.536 -05:00 [INF] CoverageFileWriter.WriteSkippedModuleData: skippedModules.Count: 0
2025-02-03 13:41:19.542 -05:00 [INF] CoverageFileWriter.WriteFile: schema: 1, modules: True, skippedFunctions: True, skippedModules: True, snapshot: True
2025-02-03 13:41:19.542 -05:00 [INF] Report generator: DefaultReportGenerator, output file: couverture2025-02-03_13_41_18,73.coverage
2025-02-03 13:41:19.544 -05:00 [VRB] PipeConnection.Stop: 0a82b73c-7f58-4cbf-b8e1-1cf4358964c6 finished
2025-02-03 13:41:19.544 -05:00 [VRB] PipeConnection.Stop: 8fafb3db-d297-488e-9dd6-096d223a62d0 finished
2025-02-03 13:41:19.544 -05:00 [VRB] PipeConnection.Stop: 865f153f-f9c8-4f8f-a866-4b16e88581bb finished
2025-02-03 13:41:19.544 -05:00 [VRB] PipeConnection.Stop: 0e26c392-67c8-4375-a4ed-c2fdb92d06ac finished
2025-02-03 13:41:19.544 -05:00 [VRB] PipeConnection.Stop: 5b8d48a2-25fb-48fc-a620-6b0c6000a75f finished
2025-02-03 13:41:19.544 -05:00 [VRB] PipeConnection.Stop: 659e6fc7-5c0b-4638-acc1-736296e302f9 finished
2025-02-03 13:41:19.550 -05:00 [INF] LoggerBase.OnShutdown: Logger is shutting down.
2025-02-03 13:41:19.550 -05:00 [VRB] PipeConnection.Stop: 0a82b73c-7f58-4cbf-b8e1-1cf4358964c6 finished
2025-02-03 13:41:19.550 -05:00 [VRB] PipeConnection.Stop: 8fafb3db-d297-488e-9dd6-096d223a62d0 finished
2025-02-03 13:41:19.550 -05:00 [VRB] PipeConnection.Stop: 865f153f-f9c8-4f8f-a866-4b16e88581bb finished
2025-02-03 13:41:19.550 -05:00 [VRB] PipeConnection.Stop: 0e26c392-67c8-4375-a4ed-c2fdb92d06ac finished
2025-02-03 13:41:19.550 -05:00 [VRB] PipeConnection.Stop: 5b8d48a2-25fb-48fc-a620-6b0c6000a75f finished
2025-02-03 13:41:19.550 -05:00 [VRB] PipeConnection.Stop: 659e6fc7-5c0b-4638-acc1-736296e302f9 finished
2025-02-03 13:41:19.550 -05:00 [VRB] PipeConnection.Stop: 0a82b73c-7f58-4cbf-b8e1-1cf4358964c6 finished
2025-02-03 13:41:19.550 -05:00 [VRB] PipeConnection.Stop: 8fafb3db-d297-488e-9dd6-096d223a62d0 finished
2025-02-03 13:41:19.550 -05:00 [VRB] PipeConnection.Stop: 865f153f-f9c8-4f8f-a866-4b16e88581bb finished
2025-02-03 13:41:19.550 -05:00 [INF] PipeConnection.OnClientConnected: 8fafb3db-d297-488e-9dd6-096d223a62d0 connection was not made. Exception: Cannot access a closed pipe.
2025-02-03 13:41:19.550 -05:00 [INF] PipeConnection.OnClientConnected: 865f153f-f9c8-4f8f-a866-4b16e88581bb connection was not made. Exception: Cannot access a closed pipe.
2025-02-03 13:41:19.550 -05:00 [VRB] PipeConnection.OnClientConnected: 865f153f-f9c8-4f8f-a866-4b16e88581bb finished
2025-02-03 13:41:19.550 -05:00 [VRB] PipeConnection.OnClientConnected: 8fafb3db-d297-488e-9dd6-096d223a62d0 finished
2025-02-03 13:41:19.550 -05:00 [VRB] PipeConnection.Stop: 0e26c392-67c8-4375-a4ed-c2fdb92d06ac finished
2025-02-03 13:41:19.550 -05:00 [VRB] PipeConnection.Stop: 5b8d48a2-25fb-48fc-a620-6b0c6000a75f finished
2025-02-03 13:41:19.550 -05:00 [VRB] PipeConnection.Stop: 659e6fc7-5c0b-4638-acc1-736296e302f9 finished
2025-02-03 13:41:19.550 -05:00 [INF] PipeConnection.OnClientConnected: 0e26c392-67c8-4375-a4ed-c2fdb92d06ac connection was not made. Exception: Cannot access a closed pipe.
2025-02-03 13:41:19.550 -05:00 [VRB] PipeConnection.OnClientConnected: 0e26c392-67c8-4375-a4ed-c2fdb92d06ac finished
2025-02-03 13:41:19.550 -05:00 [INF] PipeConnection.OnClientConnected: 5b8d48a2-25fb-48fc-a620-6b0c6000a75f connection was not made. Exception: Cannot access a closed pipe.
2025-02-03 13:41:19.550 -05:00 [VRB] PipeConnection.OnClientConnected: 5b8d48a2-25fb-48fc-a620-6b0c6000a75f finished
2025-02-03 13:41:19.550 -05:00 [INF] PipeConnection.OnClientConnected: 659e6fc7-5c0b-4638-acc1-736296e302f9 connection was not made. Exception: Cannot access a closed pipe.
2025-02-03 13:41:19.550 -05:00 [VRB] PipeConnection.OnClientConnected: 659e6fc7-5c0b-4638-acc1-736296e302f9 finished
2025-02-03 13:41:19.550 -05:00 [VRB] Cleanup session directory folder 'C:\Users\zacka\AppData\Local\Temp\0d8cba6e-3a19-46a9-855e-fbc88f8df1a2'
