2025-02-04 13:17:19.392 -05:00 [INF] ConfigurationFileUtility.GetConfiguration: Coverage settings file not provided. Using default settings.
2025-02-04 13:17:19.428 -05:00 [INF] Starting collection for session id: fed89ac5-063a-479a-876e-d59c4ea1ea36
2025-02-04 13:17:19.446 -05:00 [INF] ReportGenerator.LoadGenerators. OutputType: default
2025-02-04 13:17:19.448 -05:00 [ERR] ReportGeneratorFactory.CreateGenerator: Invalid outputType: default found. Using DefaultReportGenerator.
2025-02-04 13:17:19.451 -05:00 [VRB] PrivilegeChecker.IsPrivilegeEnabled number of privileges: 4
2025-02-04 13:17:19.461 -05:00 [VRB] PrivilegeChecker.IsPrivilegeEnabled number of privileges: 4
2025-02-04 13:17:19.461 -05:00 [VRB] PrivilegeChecker.IsPrivilegeEnabled number of privileges: 4
2025-02-04 13:17:19.492 -05:00 [INF] PipeConnectionsManager.OpenConnectionInternal: acquired lock. Creating new connection.
2025-02-04 13:17:19.501 -05:00 [INF] PipeConnectionsManager.OpenConnectionInternal: Created new connection. Number of connections: 0
2025-02-04 13:17:19.501 -05:00 [INF] PipeConnectionsManager.OpenConnectionInternal: acquired lock. Creating new connection.
2025-02-04 13:17:19.501 -05:00 [INF] PipeConnectionsManager.OpenConnectionInternal: Created new connection. Number of connections: 0
2025-02-04 13:17:19.502 -05:00 [INF] PipeConnectionsManager.OpenConnectionInternal: acquired lock. Creating new connection.
2025-02-04 13:17:19.502 -05:00 [INF] PipeConnectionsManager.OpenConnectionInternal: Created new connection. Number of connections: 0
2025-02-04 13:17:19.502 -05:00 [INF] PipeConnectionsManager.OpenConnectionInternal: acquired lock. Creating new connection.
2025-02-04 13:17:19.502 -05:00 [INF] PipeConnectionsManager.OpenConnectionInternal: Created new connection. Number of connections: 0
2025-02-04 13:17:19.502 -05:00 [INF] PipeConnectionsManager.OpenConnectionInternal: acquired lock. Creating new connection.
2025-02-04 13:17:19.502 -05:00 [INF] PipeConnectionsManager.OpenConnectionInternal: Created new connection. Number of connections: 0
2025-02-04 13:17:19.507 -05:00 [VRB] Configuring environment variable key: CODE_COVERAGE_SESSION_NAME, value: fed89ac5-063a-479a-876e-d59c4ea1ea36
2025-02-04 13:17:19.507 -05:00 [VRB] Configuring environment variable key: CODE_COVERAGE_PIPE_COUNT, value: 1
2025-02-04 13:17:19.507 -05:00 [VRB] Configuring environment variable key: MicrosoftInstrumentationEngine_DisableCodeSignatureValidation, value: 1
2025-02-04 13:17:19.508 -05:00 [VRB] Configuring environment variable key: CODE_COVERAGE_FLAGS, value: 5
2025-02-04 13:17:19.508 -05:00 [VRB] Configuring environment variable key: CODE_COVERAGE_DATA_PREFIX, value: CodeCoverage.fed89ac5-063a-479a-876e-d59c4ea1ea36.
2025-02-04 13:17:19.508 -05:00 [VRB] Configuring environment variable key: MicrosoftInstrumentationEngine_ConfigPath64_VanguardInstrumentationProfiler, value: C:\Program Files\Microsoft Visual Studio\2022\Enterprise\Team Tools\Dynamic Code Coverage Tools\amd64\Cov_x64.config
2025-02-04 13:17:19.508 -05:00 [VRB] Configuring environment variable key: MicrosoftInstrumentationEngine_ConfigPath32_VanguardInstrumentationProfiler, value: C:\Program Files\Microsoft Visual Studio\2022\Enterprise\Team Tools\Dynamic Code Coverage Tools\Cov_x86.config
2025-02-04 13:17:19.508 -05:00 [VRB] Configuring environment variable key: MicrosoftInstrumentationEngine_ConfigPathARM64_VanguardInstrumentationProfiler, value: C:\Program Files\Microsoft Visual Studio\2022\Enterprise\Team Tools\Dynamic Code Coverage Tools\arm64\Cov_arm64.config
2025-02-04 13:17:19.512 -05:00 [VRB] Configuring environment variable key: PATH, value: C:\Program Files\Microsoft Visual Studio\2022\Enterprise\Team Tools\Dynamic Code Coverage Tools\arm64;C:\Program Files\Microsoft Visual Studio\2022\Enterprise\Team Tools\Dynamic Code Coverage Tools\amd64;C:\Program Files\Microsoft Visual Studio\2022\Enterprise\Team Tools\Dynamic Code Coverage Tools;C:\Program Files (x86)\VMware\VMware Workstation\bin\;C:\windows\system32;C:\windows;C:\windows\System32\Wbem;C:\windows\System32\WindowsPowerShell\v1.0\;C:\windows\System32\OpenSSH\;C:\Program Files (x86)\NVIDIA Corporation\PhysX\Common;C:\Users\Administrator\AppData\Local\Microsoft\WindowsApps;C:\Program Files\HP\OMEN-Broadcast\Common;C:\Program Files\NVIDIA Corporation\NVIDIA app\NvDLISR;C:\Program Files\dotnet\;C:\Program Files (x86)\Windows Kits\10\Windows Performance Toolkit\;C:\Program Files\Microsoft SQL Server\150\Tools\Binn\;C:\Program Files\Git\cmd;C:\WINDOWS\system32;C:\WINDOWS;C:\WINDOWS\System32\Wbem;C:\WINDOWS\System32\WindowsPowerShell\v1.0\;C:\WINDOWS\System32\OpenSSH\;C:\Users\zacka\AppData\Local\Microsoft\WindowsApps;C:\Users\zacka\AppData\Local\Programs\Microsoft VS Code\bin;C:\Users\zacka\.dotnet\tools;
2025-02-04 13:17:19.514 -05:00 [VRB] Configuring environment variable key: CORECLR_ENABLE_PROFILING, value: 1
2025-02-04 13:17:19.515 -05:00 [VRB] Configuring environment variable key: CORECLR_PROFILER_PATH_64, value: C:\Program Files\Microsoft Visual Studio\2022\Enterprise\Common7\IDE\CommonExtensions\Platform\InstrumentationEngine\x64\MicrosoftInstrumentationEngine_x64.dll
2025-02-04 13:17:19.515 -05:00 [VRB] Configuring environment variable key: CORECLR_PROFILER, value: {324F817A-7420-4E6D-B3C1-143FBED6D855}
2025-02-04 13:17:19.516 -05:00 [VRB] Configuring environment variable key: CORECLR_PROFILER_PATH_32, value: C:\Program Files\Microsoft Visual Studio\2022\Enterprise\Common7\IDE\CommonExtensions\Platform\InstrumentationEngine\x86\MicrosoftInstrumentationEngine_x86.dll
2025-02-04 13:17:19.516 -05:00 [VRB] Configuring environment variable key: CORECLR_PROFILER_PATH_ARM64, value: C:\Program Files\Microsoft Visual Studio\2022\Enterprise\Common7\IDE\CommonExtensions\Platform\InstrumentationEngine\arm64\MicrosoftInstrumentationEngine_arm64.dll
2025-02-04 13:17:19.518 -05:00 [VRB] Configuring environment variable key: COR_ENABLE_PROFILING, value: 1
2025-02-04 13:17:19.518 -05:00 [VRB] Configuring environment variable key: COR_PROFILER_PATH_32, value: C:\Program Files\Microsoft Visual Studio\2022\Enterprise\Common7\IDE\CommonExtensions\Platform\InstrumentationEngine\x86\MicrosoftInstrumentationEngine_x86.dll
2025-02-04 13:17:19.518 -05:00 [VRB] Configuring environment variable key: COR_PROFILER_PATH_64, value: C:\Program Files\Microsoft Visual Studio\2022\Enterprise\Common7\IDE\CommonExtensions\Platform\InstrumentationEngine\x64\MicrosoftInstrumentationEngine_x64.dll
2025-02-04 13:17:19.518 -05:00 [VRB] Configuring environment variable key: COR_PROFILER_PATH_ARM64, value: C:\Program Files\Microsoft Visual Studio\2022\Enterprise\Common7\IDE\CommonExtensions\Platform\InstrumentationEngine\arm64\MicrosoftInstrumentationEngine_arm64.dll
2025-02-04 13:17:19.518 -05:00 [VRB] Configuring environment variable key: COR_PROFILER, value: {324F817A-7420-4E6D-B3C1-143FBED6D855}
2025-02-04 13:17:19.523 -05:00 [VRB] ProcessFactoryWithCovrunInjection.Create injecting covrun into new process for session: fed89ac5-063a-479a-876e-d59c4ea1ea36
2025-02-04 13:17:19.524 -05:00 [VRB] ProcessFactory: Starting process: fileName: C:\Program Files\Microsoft Visual Studio\2022\Enterprise\Team Tools\Dynamic Code Coverage Tools\amd64\CodeCoverage.exe, arguments: connect /session:fed89ac5-063a-479a-876e-d59c4ea1ea36 /wait C:\Users\zacka\Documents\Université\Session2\INF1015\New folder\TP2\Debug\td2.exe
2025-02-04 13:17:19.555 -05:00 [INF] Started process id: 34824
2025-02-04 13:17:19.584 -05:00 [INF] PipeConnection.OnClientConnected: 072ce5e8-5426-4bca-aa0d-24133af492f3 connected: CodeCoverage.pipe.fed89ac5-063a-479a-876e-d59c4ea1ea36
2025-02-04 13:17:19.584 -05:00 [INF] PipeConnectionsManager.OnClientConnectedEvent: Client connect with pipe: CodeCoverage.pipe.fed89ac5-063a-479a-876e-d59c4ea1ea36
2025-02-04 13:17:19.584 -05:00 [INF] PipeConnectionsManager.OpenConnectionInternal: acquired lock. Creating new connection.
2025-02-04 13:17:19.584 -05:00 [INF] PipeConnectionsManager.OpenConnectionInternal: Created new connection. Number of connections: 1
2025-02-04 13:17:19.595 -05:00 [VRB] PipeConnection.OnClientConnected: 072ce5e8-5426-4bca-aa0d-24133af492f3 finished
2025-02-04 13:17:19.623 -05:00 [INF] LoggerBase.OnClientConnected: processId:34824
2025-02-04 13:17:19.625 -05:00 [INF] CoveragePipeClient.SendConfiguration[34824]: Sending RegisterClientResponseMessage to client.
2025-02-04 13:17:19.631 -05:00 [VRB] PipeConnection.ReadMessagesAsync: 072ce5e8-5426-4bca-aa0d-24133af492f3 finished
2025-02-04 13:17:19.816 -05:00 [INF] PipeConnection.OnClientConnected: 27a3defd-eed9-47eb-9f39-64439e9594fc connected: CodeCoverage.pipe.fed89ac5-063a-479a-876e-d59c4ea1ea36
2025-02-04 13:17:19.816 -05:00 [INF] PipeConnectionsManager.OnClientConnectedEvent: Client connect with pipe: CodeCoverage.pipe.fed89ac5-063a-479a-876e-d59c4ea1ea36
2025-02-04 13:17:19.816 -05:00 [INF] PipeConnectionsManager.OpenConnectionInternal: acquired lock. Creating new connection.
2025-02-04 13:17:19.816 -05:00 [INF] PipeConnectionsManager.OpenConnectionInternal: Created new connection. Number of connections: 2
2025-02-04 13:17:19.816 -05:00 [VRB] PipeConnection.OnClientConnected: 27a3defd-eed9-47eb-9f39-64439e9594fc finished
2025-02-04 13:17:19.817 -05:00 [INF] LoggerBase.OnClientConnected: processId:11352
2025-02-04 13:17:19.817 -05:00 [INF] CoveragePipeClient.SendConfiguration[11352]: Sending RegisterClientResponseMessage to client.
2025-02-04 13:17:19.827 -05:00 [INF] LoggerBase.CreateStream[11352]: k:StreamKey { Id = b80c97c8-6322-4bb8-acfe-6f9ad3b13f2c, Prefix = entrypoint:\ } type:b157a3a4-9542-4546-859b-abd1367a08ed path:C:\Users\zacka\Documents\Université\Session2\INF1015\New folder\TP2\Debug\td2.exe
2025-02-04 13:17:19.832 -05:00 [INF] StaticStreamCreator.CreateStream: Creating LocalMemoryStream. streamId:0, identifier:00000000-0000-0000-0000-000000000000
2025-02-04 13:17:19.836 -05:00 [INF] LoggerBase.OnCreateStream: processId:11352, streamId:0, streamType:b157a3a4-9542-4546-859b-abd1367a08ed, bufferSize:0, bufferHeader:, bufferName:, prefix:entrypoint:\
2025-02-04 13:17:19.837 -05:00 [INF] CoveragePipeClient.SendCreateStreamResponse[11352]: streamId:0, bufferName:
2025-02-04 13:17:19.861 -05:00 [VRB] LoggerBase.OnWriteStream: processId:11352, streamId:0, streamType:b157a3a4-9542-4546-859b-abd1367a08ed, bufferSize:114
2025-02-04 13:17:19.874 -05:00 [INF] LoggerBase.CreateStream[11352]: k:StreamKey { Id = b80c97c8-6322-4bb8-acfe-6f9ad3b13f2c, Prefix = unmanaged:\ } type:2a4f0f81-6809-4480-87ce-0d772568cfb6 path:C:\Users\zacka\Documents\Université\Session2\INF1015\New folder\TP2\Debug\td2.exe
2025-02-04 13:17:19.874 -05:00 [INF] StaticStreamCreator.CreateStream: Creating LocalMemoryStream. streamId:1, identifier:00000000-0000-0000-0000-000000000000
2025-02-04 13:17:19.880 -05:00 [INF] LoggerBase.OnCreateStream: processId:11352, streamId:1, streamType:2a4f0f81-6809-4480-87ce-0d772568cfb6, bufferSize:0, bufferHeader:, bufferName:, prefix:unmanaged:\
2025-02-04 13:17:19.880 -05:00 [INF] CoveragePipeClient.SendCreateStreamResponse[11352]: streamId:1, bufferName:
2025-02-04 13:17:19.880 -05:00 [VRB] LoggerBase.OnWriteStream: processId:11352, streamId:1, streamType:2a4f0f81-6809-4480-87ce-0d772568cfb6, bufferSize:212
2025-02-04 13:17:19.913 -05:00 [VRB] LoggerBase.OnWriteStream: processId:11352, streamId:1, streamType:2a4f0f81-6809-4480-87ce-0d772568cfb6, bufferSize:102
2025-02-04 13:17:19.914 -05:00 [VRB] LoggerBase.OnWriteStream: processId:11352, streamId:1, streamType:2a4f0f81-6809-4480-87ce-0d772568cfb6, bufferSize:304
2025-02-04 13:17:19.915 -05:00 [VRB] LoggerBase.OnWriteStream: processId:11352, streamId:1, streamType:2a4f0f81-6809-4480-87ce-0d772568cfb6, bufferSize:104
2025-02-04 13:17:19.915 -05:00 [VRB] LoggerBase.OnWriteStream: processId:11352, streamId:1, streamType:2a4f0f81-6809-4480-87ce-0d772568cfb6, bufferSize:92
2025-02-04 13:17:19.915 -05:00 [VRB] LoggerBase.OnWriteStream: processId:11352, streamId:1, streamType:2a4f0f81-6809-4480-87ce-0d772568cfb6, bufferSize:52
2025-02-04 13:17:19.915 -05:00 [VRB] LoggerBase.OnWriteStream: processId:11352, streamId:1, streamType:2a4f0f81-6809-4480-87ce-0d772568cfb6, bufferSize:74
2025-02-04 13:17:19.915 -05:00 [VRB] LoggerBase.OnWriteStream: processId:11352, streamId:1, streamType:2a4f0f81-6809-4480-87ce-0d772568cfb6, bufferSize:60
2025-02-04 13:17:19.918 -05:00 [VRB] LoggerBase.OnWriteStream: processId:11352, streamId:1, streamType:2a4f0f81-6809-4480-87ce-0d772568cfb6, bufferSize:196
2025-02-04 13:17:19.920 -05:00 [VRB] LoggerBase.OnWriteStream: processId:11352, streamId:1, streamType:2a4f0f81-6809-4480-87ce-0d772568cfb6, bufferSize:242
2025-02-04 13:17:19.920 -05:00 [VRB] LoggerBase.OnWriteStream: processId:11352, streamId:1, streamType:2a4f0f81-6809-4480-87ce-0d772568cfb6, bufferSize:110
2025-02-04 13:17:19.920 -05:00 [VRB] LoggerBase.OnWriteStream: processId:11352, streamId:1, streamType:2a4f0f81-6809-4480-87ce-0d772568cfb6, bufferSize:48
2025-02-04 13:17:19.920 -05:00 [VRB] LoggerBase.OnWriteStream: processId:11352, streamId:1, streamType:2a4f0f81-6809-4480-87ce-0d772568cfb6, bufferSize:48
2025-02-04 13:17:19.920 -05:00 [VRB] LoggerBase.OnWriteStream: processId:11352, streamId:1, streamType:2a4f0f81-6809-4480-87ce-0d772568cfb6, bufferSize:48
2025-02-04 13:17:19.921 -05:00 [VRB] LoggerBase.OnWriteStream: processId:11352, streamId:1, streamType:2a4f0f81-6809-4480-87ce-0d772568cfb6, bufferSize:62
2025-02-04 13:17:19.921 -05:00 [VRB] LoggerBase.OnWriteStream: processId:11352, streamId:1, streamType:2a4f0f81-6809-4480-87ce-0d772568cfb6, bufferSize:198
2025-02-04 13:17:19.921 -05:00 [VRB] LoggerBase.OnWriteStream: processId:11352, streamId:1, streamType:2a4f0f81-6809-4480-87ce-0d772568cfb6, bufferSize:68
2025-02-04 13:17:19.921 -05:00 [VRB] LoggerBase.OnWriteStream: processId:11352, streamId:1, streamType:2a4f0f81-6809-4480-87ce-0d772568cfb6, bufferSize:90
2025-02-04 13:17:19.921 -05:00 [VRB] LoggerBase.OnWriteStream: processId:11352, streamId:1, streamType:2a4f0f81-6809-4480-87ce-0d772568cfb6, bufferSize:142
2025-02-04 13:17:19.922 -05:00 [VRB] LoggerBase.OnWriteStream: processId:11352, streamId:1, streamType:2a4f0f81-6809-4480-87ce-0d772568cfb6, bufferSize:110
2025-02-04 13:17:19.922 -05:00 [VRB] LoggerBase.OnWriteStream: processId:11352, streamId:1, streamType:2a4f0f81-6809-4480-87ce-0d772568cfb6, bufferSize:204
2025-02-04 13:17:19.922 -05:00 [VRB] LoggerBase.OnWriteStream: processId:11352, streamId:1, streamType:2a4f0f81-6809-4480-87ce-0d772568cfb6, bufferSize:82
2025-02-04 13:17:19.923 -05:00 [VRB] LoggerBase.OnWriteStream: processId:11352, streamId:1, streamType:2a4f0f81-6809-4480-87ce-0d772568cfb6, bufferSize:58
2025-02-04 13:17:19.923 -05:00 [VRB] LoggerBase.OnWriteStream: processId:11352, streamId:1, streamType:2a4f0f81-6809-4480-87ce-0d772568cfb6, bufferSize:60
2025-02-04 13:17:19.923 -05:00 [VRB] LoggerBase.OnWriteStream: processId:11352, streamId:1, streamType:2a4f0f81-6809-4480-87ce-0d772568cfb6, bufferSize:66
2025-02-04 13:17:19.923 -05:00 [VRB] LoggerBase.OnWriteStream: processId:11352, streamId:1, streamType:2a4f0f81-6809-4480-87ce-0d772568cfb6, bufferSize:56
2025-02-04 13:17:19.923 -05:00 [VRB] LoggerBase.OnWriteStream: processId:11352, streamId:1, streamType:2a4f0f81-6809-4480-87ce-0d772568cfb6, bufferSize:116
2025-02-04 13:17:19.923 -05:00 [VRB] LoggerBase.OnWriteStream: processId:11352, streamId:1, streamType:2a4f0f81-6809-4480-87ce-0d772568cfb6, bufferSize:58
2025-02-04 13:17:19.924 -05:00 [VRB] LoggerBase.OnWriteStream: processId:11352, streamId:1, streamType:2a4f0f81-6809-4480-87ce-0d772568cfb6, bufferSize:84
2025-02-04 13:17:19.924 -05:00 [VRB] LoggerBase.OnWriteStream: processId:11352, streamId:1, streamType:2a4f0f81-6809-4480-87ce-0d772568cfb6, bufferSize:88
2025-02-04 13:17:19.924 -05:00 [VRB] LoggerBase.OnWriteStream: processId:11352, streamId:1, streamType:2a4f0f81-6809-4480-87ce-0d772568cfb6, bufferSize:76
2025-02-04 13:17:19.924 -05:00 [VRB] LoggerBase.OnWriteStream: processId:11352, streamId:1, streamType:2a4f0f81-6809-4480-87ce-0d772568cfb6, bufferSize:150
2025-02-04 13:17:19.924 -05:00 [VRB] LoggerBase.OnWriteStream: processId:11352, streamId:1, streamType:2a4f0f81-6809-4480-87ce-0d772568cfb6, bufferSize:84
2025-02-04 13:17:19.925 -05:00 [VRB] LoggerBase.OnWriteStream: processId:11352, streamId:1, streamType:2a4f0f81-6809-4480-87ce-0d772568cfb6, bufferSize:84
2025-02-04 13:17:19.925 -05:00 [VRB] LoggerBase.OnWriteStream: processId:11352, streamId:1, streamType:2a4f0f81-6809-4480-87ce-0d772568cfb6, bufferSize:76
2025-02-04 13:17:19.926 -05:00 [VRB] LoggerBase.OnWriteStream: processId:11352, streamId:1, streamType:2a4f0f81-6809-4480-87ce-0d772568cfb6, bufferSize:880
2025-02-04 13:17:19.926 -05:00 [VRB] LoggerBase.OnWriteStream: processId:11352, streamId:1, streamType:2a4f0f81-6809-4480-87ce-0d772568cfb6, bufferSize:58
2025-02-04 13:17:19.926 -05:00 [VRB] LoggerBase.OnWriteStream: processId:11352, streamId:1, streamType:2a4f0f81-6809-4480-87ce-0d772568cfb6, bufferSize:62
2025-02-04 13:17:19.927 -05:00 [VRB] LoggerBase.OnWriteStream: processId:11352, streamId:1, streamType:2a4f0f81-6809-4480-87ce-0d772568cfb6, bufferSize:410
2025-02-04 13:17:19.928 -05:00 [VRB] LoggerBase.OnWriteStream: processId:11352, streamId:1, streamType:2a4f0f81-6809-4480-87ce-0d772568cfb6, bufferSize:220
2025-02-04 13:17:19.928 -05:00 [VRB] LoggerBase.OnWriteStream: processId:11352, streamId:1, streamType:2a4f0f81-6809-4480-87ce-0d772568cfb6, bufferSize:44
2025-02-04 13:17:19.928 -05:00 [VRB] LoggerBase.OnWriteStream: processId:11352, streamId:1, streamType:2a4f0f81-6809-4480-87ce-0d772568cfb6, bufferSize:606
2025-02-04 13:17:19.929 -05:00 [VRB] LoggerBase.OnWriteStream: processId:11352, streamId:1, streamType:2a4f0f81-6809-4480-87ce-0d772568cfb6, bufferSize:76
2025-02-04 13:17:19.929 -05:00 [VRB] LoggerBase.OnWriteStream: processId:11352, streamId:1, streamType:2a4f0f81-6809-4480-87ce-0d772568cfb6, bufferSize:48
2025-02-04 13:17:19.929 -05:00 [VRB] LoggerBase.OnWriteStream: processId:11352, streamId:1, streamType:2a4f0f81-6809-4480-87ce-0d772568cfb6, bufferSize:68
2025-02-04 13:17:19.929 -05:00 [VRB] LoggerBase.OnWriteStream: processId:11352, streamId:1, streamType:2a4f0f81-6809-4480-87ce-0d772568cfb6, bufferSize:414
2025-02-04 13:17:19.929 -05:00 [VRB] LoggerBase.OnWriteStream: processId:11352, streamId:1, streamType:2a4f0f81-6809-4480-87ce-0d772568cfb6, bufferSize:86
2025-02-04 13:17:19.930 -05:00 [VRB] LoggerBase.OnWriteStream: processId:11352, streamId:1, streamType:2a4f0f81-6809-4480-87ce-0d772568cfb6, bufferSize:124
2025-02-04 13:17:19.930 -05:00 [VRB] LoggerBase.OnWriteStream: processId:11352, streamId:1, streamType:2a4f0f81-6809-4480-87ce-0d772568cfb6, bufferSize:98
2025-02-04 13:17:19.930 -05:00 [VRB] LoggerBase.OnWriteStream: processId:11352, streamId:1, streamType:2a4f0f81-6809-4480-87ce-0d772568cfb6, bufferSize:230
2025-02-04 13:17:19.930 -05:00 [VRB] LoggerBase.OnWriteStream: processId:11352, streamId:1, streamType:2a4f0f81-6809-4480-87ce-0d772568cfb6, bufferSize:78
2025-02-04 13:17:19.930 -05:00 [VRB] LoggerBase.OnWriteStream: processId:11352, streamId:1, streamType:2a4f0f81-6809-4480-87ce-0d772568cfb6, bufferSize:62
2025-02-04 13:17:19.930 -05:00 [VRB] LoggerBase.OnWriteStream: processId:11352, streamId:1, streamType:2a4f0f81-6809-4480-87ce-0d772568cfb6, bufferSize:70
2025-02-04 13:17:19.931 -05:00 [VRB] LoggerBase.OnWriteStream: processId:11352, streamId:1, streamType:2a4f0f81-6809-4480-87ce-0d772568cfb6, bufferSize:64
2025-02-04 13:17:19.931 -05:00 [VRB] LoggerBase.OnWriteStream: processId:11352, streamId:1, streamType:2a4f0f81-6809-4480-87ce-0d772568cfb6, bufferSize:74
2025-02-04 13:17:19.931 -05:00 [VRB] LoggerBase.OnWriteStream: processId:11352, streamId:1, streamType:2a4f0f81-6809-4480-87ce-0d772568cfb6, bufferSize:746
2025-02-04 13:17:19.931 -05:00 [VRB] LoggerBase.OnWriteStream: processId:11352, streamId:1, streamType:2a4f0f81-6809-4480-87ce-0d772568cfb6, bufferSize:222
2025-02-04 13:17:19.931 -05:00 [VRB] LoggerBase.OnWriteStream: processId:11352, streamId:1, streamType:2a4f0f81-6809-4480-87ce-0d772568cfb6, bufferSize:222
2025-02-04 13:17:19.932 -05:00 [VRB] LoggerBase.OnWriteStream: processId:11352, streamId:1, streamType:2a4f0f81-6809-4480-87ce-0d772568cfb6, bufferSize:92
2025-02-04 13:17:19.932 -05:00 [VRB] LoggerBase.OnWriteStream: processId:11352, streamId:1, streamType:2a4f0f81-6809-4480-87ce-0d772568cfb6, bufferSize:388
2025-02-04 13:17:19.932 -05:00 [VRB] LoggerBase.OnWriteStream: processId:11352, streamId:1, streamType:2a4f0f81-6809-4480-87ce-0d772568cfb6, bufferSize:34
2025-02-04 13:17:19.933 -05:00 [VRB] LoggerBase.OnWriteStream: processId:11352, streamId:1, streamType:2a4f0f81-6809-4480-87ce-0d772568cfb6, bufferSize:114
2025-02-04 13:17:19.933 -05:00 [VRB] LoggerBase.OnWriteStream: processId:11352, streamId:1, streamType:2a4f0f81-6809-4480-87ce-0d772568cfb6, bufferSize:42
2025-02-04 13:17:19.933 -05:00 [VRB] LoggerBase.OnWriteStream: processId:11352, streamId:1, streamType:2a4f0f81-6809-4480-87ce-0d772568cfb6, bufferSize:90
2025-02-04 13:17:19.933 -05:00 [VRB] LoggerBase.OnWriteStream: processId:11352, streamId:1, streamType:2a4f0f81-6809-4480-87ce-0d772568cfb6, bufferSize:168
2025-02-04 13:17:19.933 -05:00 [VRB] LoggerBase.OnWriteStream: processId:11352, streamId:1, streamType:2a4f0f81-6809-4480-87ce-0d772568cfb6, bufferSize:100
2025-02-04 13:17:19.933 -05:00 [VRB] LoggerBase.OnWriteStream: processId:11352, streamId:1, streamType:2a4f0f81-6809-4480-87ce-0d772568cfb6, bufferSize:74
2025-02-04 13:17:19.933 -05:00 [VRB] LoggerBase.OnWriteStream: processId:11352, streamId:1, streamType:2a4f0f81-6809-4480-87ce-0d772568cfb6, bufferSize:70
2025-02-04 13:17:19.934 -05:00 [VRB] LoggerBase.OnWriteStream: processId:11352, streamId:1, streamType:2a4f0f81-6809-4480-87ce-0d772568cfb6, bufferSize:36
2025-02-04 13:17:19.934 -05:00 [VRB] LoggerBase.OnWriteStream: processId:11352, streamId:1, streamType:2a4f0f81-6809-4480-87ce-0d772568cfb6, bufferSize:600
2025-02-04 13:17:19.934 -05:00 [VRB] LoggerBase.OnWriteStream: processId:11352, streamId:1, streamType:2a4f0f81-6809-4480-87ce-0d772568cfb6, bufferSize:222
2025-02-04 13:17:19.934 -05:00 [VRB] LoggerBase.OnWriteStream: processId:11352, streamId:1, streamType:2a4f0f81-6809-4480-87ce-0d772568cfb6, bufferSize:82
2025-02-04 13:17:19.934 -05:00 [VRB] LoggerBase.OnWriteStream: processId:11352, streamId:1, streamType:2a4f0f81-6809-4480-87ce-0d772568cfb6, bufferSize:38
2025-02-04 13:17:19.934 -05:00 [VRB] LoggerBase.OnWriteStream: processId:11352, streamId:1, streamType:2a4f0f81-6809-4480-87ce-0d772568cfb6, bufferSize:190
2025-02-04 13:17:19.934 -05:00 [VRB] LoggerBase.OnWriteStream: processId:11352, streamId:1, streamType:2a4f0f81-6809-4480-87ce-0d772568cfb6, bufferSize:84
2025-02-04 13:17:19.934 -05:00 [VRB] LoggerBase.OnWriteStream: processId:11352, streamId:1, streamType:2a4f0f81-6809-4480-87ce-0d772568cfb6, bufferSize:70
2025-02-04 13:17:19.935 -05:00 [VRB] LoggerBase.OnWriteStream: processId:11352, streamId:1, streamType:2a4f0f81-6809-4480-87ce-0d772568cfb6, bufferSize:38
2025-02-04 13:17:19.935 -05:00 [VRB] LoggerBase.OnWriteStream: processId:11352, streamId:1, streamType:2a4f0f81-6809-4480-87ce-0d772568cfb6, bufferSize:82
2025-02-04 13:17:19.935 -05:00 [VRB] LoggerBase.OnWriteStream: processId:11352, streamId:1, streamType:2a4f0f81-6809-4480-87ce-0d772568cfb6, bufferSize:72
2025-02-04 13:17:19.935 -05:00 [VRB] LoggerBase.OnWriteStream: processId:11352, streamId:1, streamType:2a4f0f81-6809-4480-87ce-0d772568cfb6, bufferSize:82
2025-02-04 13:17:19.935 -05:00 [VRB] LoggerBase.OnWriteStream: processId:11352, streamId:1, streamType:2a4f0f81-6809-4480-87ce-0d772568cfb6, bufferSize:54
2025-02-04 13:17:19.935 -05:00 [VRB] LoggerBase.OnWriteStream: processId:11352, streamId:1, streamType:2a4f0f81-6809-4480-87ce-0d772568cfb6, bufferSize:54
2025-02-04 13:17:19.935 -05:00 [VRB] LoggerBase.OnWriteStream: processId:11352, streamId:1, streamType:2a4f0f81-6809-4480-87ce-0d772568cfb6, bufferSize:54
2025-02-04 13:17:19.936 -05:00 [VRB] LoggerBase.OnWriteStream: processId:11352, streamId:1, streamType:2a4f0f81-6809-4480-87ce-0d772568cfb6, bufferSize:54
2025-02-04 13:17:19.936 -05:00 [VRB] LoggerBase.OnWriteStream: processId:11352, streamId:1, streamType:2a4f0f81-6809-4480-87ce-0d772568cfb6, bufferSize:148
2025-02-04 13:17:19.936 -05:00 [VRB] LoggerBase.OnWriteStream: processId:11352, streamId:1, streamType:2a4f0f81-6809-4480-87ce-0d772568cfb6, bufferSize:98
2025-02-04 13:17:19.936 -05:00 [VRB] LoggerBase.OnWriteStream: processId:11352, streamId:1, streamType:2a4f0f81-6809-4480-87ce-0d772568cfb6, bufferSize:140
2025-02-04 13:17:19.937 -05:00 [VRB] LoggerBase.OnWriteStream: processId:11352, streamId:1, streamType:2a4f0f81-6809-4480-87ce-0d772568cfb6, bufferSize:50
2025-02-04 13:17:19.937 -05:00 [VRB] LoggerBase.OnWriteStream: processId:11352, streamId:1, streamType:2a4f0f81-6809-4480-87ce-0d772568cfb6, bufferSize:52
2025-02-04 13:17:19.937 -05:00 [VRB] LoggerBase.OnWriteStream: processId:11352, streamId:1, streamType:2a4f0f81-6809-4480-87ce-0d772568cfb6, bufferSize:94
2025-02-04 13:17:19.937 -05:00 [VRB] LoggerBase.OnWriteStream: processId:11352, streamId:1, streamType:2a4f0f81-6809-4480-87ce-0d772568cfb6, bufferSize:70
2025-02-04 13:17:19.937 -05:00 [VRB] LoggerBase.OnWriteStream: processId:11352, streamId:1, streamType:2a4f0f81-6809-4480-87ce-0d772568cfb6, bufferSize:58
2025-02-04 13:17:19.937 -05:00 [VRB] LoggerBase.OnWriteStream: processId:11352, streamId:1, streamType:2a4f0f81-6809-4480-87ce-0d772568cfb6, bufferSize:58
2025-02-04 13:17:19.938 -05:00 [VRB] LoggerBase.OnWriteStream: processId:11352, streamId:1, streamType:2a4f0f81-6809-4480-87ce-0d772568cfb6, bufferSize:58
2025-02-04 13:17:19.938 -05:00 [VRB] LoggerBase.OnWriteStream: processId:11352, streamId:1, streamType:2a4f0f81-6809-4480-87ce-0d772568cfb6, bufferSize:498
2025-02-04 13:17:19.938 -05:00 [VRB] LoggerBase.OnWriteStream: processId:11352, streamId:1, streamType:2a4f0f81-6809-4480-87ce-0d772568cfb6, bufferSize:60
2025-02-04 13:17:19.938 -05:00 [VRB] LoggerBase.OnWriteStream: processId:11352, streamId:1, streamType:2a4f0f81-6809-4480-87ce-0d772568cfb6, bufferSize:54
2025-02-04 13:17:19.938 -05:00 [VRB] LoggerBase.OnWriteStream: processId:11352, streamId:1, streamType:2a4f0f81-6809-4480-87ce-0d772568cfb6, bufferSize:240
2025-02-04 13:17:19.938 -05:00 [VRB] LoggerBase.OnWriteStream: processId:11352, streamId:1, streamType:2a4f0f81-6809-4480-87ce-0d772568cfb6, bufferSize:54
2025-02-04 13:17:19.939 -05:00 [VRB] LoggerBase.OnWriteStream: processId:11352, streamId:1, streamType:2a4f0f81-6809-4480-87ce-0d772568cfb6, bufferSize:48
2025-02-04 13:17:19.939 -05:00 [VRB] LoggerBase.OnWriteStream: processId:11352, streamId:1, streamType:2a4f0f81-6809-4480-87ce-0d772568cfb6, bufferSize:44
2025-02-04 13:17:19.939 -05:00 [VRB] LoggerBase.OnWriteStream: processId:11352, streamId:1, streamType:2a4f0f81-6809-4480-87ce-0d772568cfb6, bufferSize:84
2025-02-04 13:17:19.939 -05:00 [VRB] LoggerBase.OnWriteStream: processId:11352, streamId:1, streamType:2a4f0f81-6809-4480-87ce-0d772568cfb6, bufferSize:72
2025-02-04 13:17:19.940 -05:00 [VRB] LoggerBase.OnWriteStream: processId:11352, streamId:1, streamType:2a4f0f81-6809-4480-87ce-0d772568cfb6, bufferSize:82
2025-02-04 13:17:19.940 -05:00 [VRB] LoggerBase.OnWriteStream: processId:11352, streamId:1, streamType:2a4f0f81-6809-4480-87ce-0d772568cfb6, bufferSize:92
2025-02-04 13:17:19.940 -05:00 [VRB] LoggerBase.OnWriteStream: processId:11352, streamId:1, streamType:2a4f0f81-6809-4480-87ce-0d772568cfb6, bufferSize:50
2025-02-04 13:17:19.940 -05:00 [VRB] LoggerBase.OnWriteStream: processId:11352, streamId:1, streamType:2a4f0f81-6809-4480-87ce-0d772568cfb6, bufferSize:74
2025-02-04 13:17:19.941 -05:00 [VRB] LoggerBase.OnWriteStream: processId:11352, streamId:1, streamType:2a4f0f81-6809-4480-87ce-0d772568cfb6, bufferSize:964
2025-02-04 13:17:19.941 -05:00 [VRB] LoggerBase.OnWriteStream: processId:11352, streamId:1, streamType:2a4f0f81-6809-4480-87ce-0d772568cfb6, bufferSize:110
2025-02-04 13:17:19.941 -05:00 [VRB] LoggerBase.OnWriteStream: processId:11352, streamId:1, streamType:2a4f0f81-6809-4480-87ce-0d772568cfb6, bufferSize:84
2025-02-04 13:17:19.941 -05:00 [VRB] LoggerBase.OnWriteStream: processId:11352, streamId:1, streamType:2a4f0f81-6809-4480-87ce-0d772568cfb6, bufferSize:86
2025-02-04 13:17:19.941 -05:00 [VRB] LoggerBase.OnWriteStream: processId:11352, streamId:1, streamType:2a4f0f81-6809-4480-87ce-0d772568cfb6, bufferSize:118
2025-02-04 13:17:19.941 -05:00 [VRB] LoggerBase.OnWriteStream: processId:11352, streamId:1, streamType:2a4f0f81-6809-4480-87ce-0d772568cfb6, bufferSize:90
2025-02-04 13:17:19.942 -05:00 [VRB] LoggerBase.OnWriteStream: processId:11352, streamId:1, streamType:2a4f0f81-6809-4480-87ce-0d772568cfb6, bufferSize:104
2025-02-04 13:17:19.942 -05:00 [VRB] LoggerBase.OnWriteStream: processId:11352, streamId:1, streamType:2a4f0f81-6809-4480-87ce-0d772568cfb6, bufferSize:42
2025-02-04 13:17:19.942 -05:00 [VRB] LoggerBase.OnWriteStream: processId:11352, streamId:1, streamType:2a4f0f81-6809-4480-87ce-0d772568cfb6, bufferSize:80
2025-02-04 13:17:19.942 -05:00 [VRB] LoggerBase.OnWriteStream: processId:11352, streamId:1, streamType:2a4f0f81-6809-4480-87ce-0d772568cfb6, bufferSize:64
2025-02-04 13:17:19.942 -05:00 [VRB] LoggerBase.OnWriteStream: processId:11352, streamId:1, streamType:2a4f0f81-6809-4480-87ce-0d772568cfb6, bufferSize:66
2025-02-04 13:17:19.942 -05:00 [VRB] LoggerBase.OnWriteStream: processId:11352, streamId:1, streamType:2a4f0f81-6809-4480-87ce-0d772568cfb6, bufferSize:68
2025-02-04 13:17:19.942 -05:00 [VRB] LoggerBase.OnWriteStream: processId:11352, streamId:1, streamType:2a4f0f81-6809-4480-87ce-0d772568cfb6, bufferSize:92
2025-02-04 13:17:19.943 -05:00 [VRB] LoggerBase.OnWriteStream: processId:11352, streamId:1, streamType:2a4f0f81-6809-4480-87ce-0d772568cfb6, bufferSize:394
2025-02-04 13:17:19.943 -05:00 [VRB] LoggerBase.OnWriteStream: processId:11352, streamId:1, streamType:2a4f0f81-6809-4480-87ce-0d772568cfb6, bufferSize:530
2025-02-04 13:17:19.943 -05:00 [VRB] LoggerBase.OnWriteStream: processId:11352, streamId:1, streamType:2a4f0f81-6809-4480-87ce-0d772568cfb6, bufferSize:126
2025-02-04 13:17:19.943 -05:00 [VRB] LoggerBase.OnWriteStream: processId:11352, streamId:1, streamType:2a4f0f81-6809-4480-87ce-0d772568cfb6, bufferSize:228
2025-02-04 13:17:19.944 -05:00 [VRB] LoggerBase.OnWriteStream: processId:11352, streamId:1, streamType:2a4f0f81-6809-4480-87ce-0d772568cfb6, bufferSize:126
2025-02-04 13:17:19.944 -05:00 [VRB] LoggerBase.OnWriteStream: processId:11352, streamId:1, streamType:2a4f0f81-6809-4480-87ce-0d772568cfb6, bufferSize:100
2025-02-04 13:17:19.944 -05:00 [VRB] LoggerBase.OnWriteStream: processId:11352, streamId:1, streamType:2a4f0f81-6809-4480-87ce-0d772568cfb6, bufferSize:68
2025-02-04 13:17:19.944 -05:00 [VRB] LoggerBase.OnWriteStream: processId:11352, streamId:1, streamType:2a4f0f81-6809-4480-87ce-0d772568cfb6, bufferSize:98
2025-02-04 13:17:19.944 -05:00 [VRB] LoggerBase.OnWriteStream: processId:11352, streamId:1, streamType:2a4f0f81-6809-4480-87ce-0d772568cfb6, bufferSize:70
2025-02-04 13:17:19.944 -05:00 [VRB] LoggerBase.OnWriteStream: processId:11352, streamId:1, streamType:2a4f0f81-6809-4480-87ce-0d772568cfb6, bufferSize:114
2025-02-04 13:17:19.944 -05:00 [VRB] LoggerBase.OnWriteStream: processId:11352, streamId:1, streamType:2a4f0f81-6809-4480-87ce-0d772568cfb6, bufferSize:110
2025-02-04 13:17:19.945 -05:00 [VRB] LoggerBase.OnWriteStream: processId:11352, streamId:1, streamType:2a4f0f81-6809-4480-87ce-0d772568cfb6, bufferSize:60
2025-02-04 13:17:19.945 -05:00 [VRB] LoggerBase.OnWriteStream: processId:11352, streamId:1, streamType:2a4f0f81-6809-4480-87ce-0d772568cfb6, bufferSize:198
2025-02-04 13:17:19.945 -05:00 [VRB] LoggerBase.OnWriteStream: processId:11352, streamId:1, streamType:2a4f0f81-6809-4480-87ce-0d772568cfb6, bufferSize:40
2025-02-04 13:17:19.945 -05:00 [VRB] LoggerBase.OnWriteStream: processId:11352, streamId:1, streamType:2a4f0f81-6809-4480-87ce-0d772568cfb6, bufferSize:90
2025-02-04 13:17:19.945 -05:00 [VRB] LoggerBase.OnWriteStream: processId:11352, streamId:1, streamType:2a4f0f81-6809-4480-87ce-0d772568cfb6, bufferSize:240
2025-02-04 13:17:19.945 -05:00 [VRB] LoggerBase.OnWriteStream: processId:11352, streamId:1, streamType:2a4f0f81-6809-4480-87ce-0d772568cfb6, bufferSize:96
2025-02-04 13:17:19.945 -05:00 [VRB] LoggerBase.OnWriteStream: processId:11352, streamId:1, streamType:2a4f0f81-6809-4480-87ce-0d772568cfb6, bufferSize:454
2025-02-04 13:17:19.946 -05:00 [VRB] LoggerBase.OnWriteStream: processId:11352, streamId:1, streamType:2a4f0f81-6809-4480-87ce-0d772568cfb6, bufferSize:96
2025-02-04 13:17:19.946 -05:00 [VRB] LoggerBase.OnWriteStream: processId:11352, streamId:1, streamType:2a4f0f81-6809-4480-87ce-0d772568cfb6, bufferSize:346
2025-02-04 13:17:19.946 -05:00 [VRB] LoggerBase.OnWriteStream: processId:11352, streamId:1, streamType:2a4f0f81-6809-4480-87ce-0d772568cfb6, bufferSize:116
2025-02-04 13:17:19.946 -05:00 [VRB] LoggerBase.OnWriteStream: processId:11352, streamId:1, streamType:2a4f0f81-6809-4480-87ce-0d772568cfb6, bufferSize:54
2025-02-04 13:17:19.946 -05:00 [VRB] LoggerBase.OnWriteStream: processId:11352, streamId:1, streamType:2a4f0f81-6809-4480-87ce-0d772568cfb6, bufferSize:132
2025-02-04 13:17:19.946 -05:00 [VRB] LoggerBase.OnWriteStream: processId:11352, streamId:1, streamType:2a4f0f81-6809-4480-87ce-0d772568cfb6, bufferSize:64
2025-02-04 13:17:19.947 -05:00 [VRB] LoggerBase.OnWriteStream: processId:11352, streamId:1, streamType:2a4f0f81-6809-4480-87ce-0d772568cfb6, bufferSize:122
2025-02-04 13:17:19.947 -05:00 [VRB] LoggerBase.OnWriteStream: processId:11352, streamId:1, streamType:2a4f0f81-6809-4480-87ce-0d772568cfb6, bufferSize:96
2025-02-04 13:17:19.947 -05:00 [VRB] LoggerBase.OnWriteStream: processId:11352, streamId:1, streamType:2a4f0f81-6809-4480-87ce-0d772568cfb6, bufferSize:114
2025-02-04 13:17:19.947 -05:00 [VRB] LoggerBase.OnWriteStream: processId:11352, streamId:1, streamType:2a4f0f81-6809-4480-87ce-0d772568cfb6, bufferSize:58
2025-02-04 13:17:19.947 -05:00 [VRB] LoggerBase.OnWriteStream: processId:11352, streamId:1, streamType:2a4f0f81-6809-4480-87ce-0d772568cfb6, bufferSize:250
2025-02-04 13:17:19.947 -05:00 [VRB] LoggerBase.OnWriteStream: processId:11352, streamId:1, streamType:2a4f0f81-6809-4480-87ce-0d772568cfb6, bufferSize:356
2025-02-04 13:17:19.947 -05:00 [VRB] LoggerBase.OnWriteStream: processId:11352, streamId:1, streamType:2a4f0f81-6809-4480-87ce-0d772568cfb6, bufferSize:116
2025-02-04 13:17:19.947 -05:00 [VRB] LoggerBase.OnWriteStream: processId:11352, streamId:1, streamType:2a4f0f81-6809-4480-87ce-0d772568cfb6, bufferSize:124
2025-02-04 13:17:19.947 -05:00 [VRB] LoggerBase.OnWriteStream: processId:11352, streamId:1, streamType:2a4f0f81-6809-4480-87ce-0d772568cfb6, bufferSize:62
2025-02-04 13:17:19.948 -05:00 [VRB] LoggerBase.OnWriteStream: processId:11352, streamId:1, streamType:2a4f0f81-6809-4480-87ce-0d772568cfb6, bufferSize:78
2025-02-04 13:17:19.948 -05:00 [VRB] LoggerBase.OnWriteStream: processId:11352, streamId:1, streamType:2a4f0f81-6809-4480-87ce-0d772568cfb6, bufferSize:96
2025-02-04 13:17:19.948 -05:00 [VRB] LoggerBase.OnWriteStream: processId:11352, streamId:1, streamType:2a4f0f81-6809-4480-87ce-0d772568cfb6, bufferSize:588
2025-02-04 13:17:19.948 -05:00 [VRB] LoggerBase.OnWriteStream: processId:11352, streamId:1, streamType:2a4f0f81-6809-4480-87ce-0d772568cfb6, bufferSize:168
2025-02-04 13:17:19.948 -05:00 [VRB] LoggerBase.OnWriteStream: processId:11352, streamId:1, streamType:2a4f0f81-6809-4480-87ce-0d772568cfb6, bufferSize:68
2025-02-04 13:17:19.948 -05:00 [VRB] LoggerBase.OnWriteStream: processId:11352, streamId:1, streamType:2a4f0f81-6809-4480-87ce-0d772568cfb6, bufferSize:44
2025-02-04 13:17:19.948 -05:00 [VRB] LoggerBase.OnWriteStream: processId:11352, streamId:1, streamType:2a4f0f81-6809-4480-87ce-0d772568cfb6, bufferSize:92
2025-02-04 13:17:19.948 -05:00 [VRB] LoggerBase.OnWriteStream: processId:11352, streamId:1, streamType:2a4f0f81-6809-4480-87ce-0d772568cfb6, bufferSize:92
2025-02-04 13:17:19.949 -05:00 [VRB] LoggerBase.OnWriteStream: processId:11352, streamId:1, streamType:2a4f0f81-6809-4480-87ce-0d772568cfb6, bufferSize:322
2025-02-04 13:17:19.949 -05:00 [VRB] LoggerBase.OnWriteStream: processId:11352, streamId:1, streamType:2a4f0f81-6809-4480-87ce-0d772568cfb6, bufferSize:74
2025-02-04 13:17:19.949 -05:00 [VRB] LoggerBase.OnWriteStream: processId:11352, streamId:1, streamType:2a4f0f81-6809-4480-87ce-0d772568cfb6, bufferSize:92
2025-02-04 13:17:19.949 -05:00 [VRB] LoggerBase.OnWriteStream: processId:11352, streamId:1, streamType:2a4f0f81-6809-4480-87ce-0d772568cfb6, bufferSize:398
2025-02-04 13:17:19.949 -05:00 [VRB] LoggerBase.OnWriteStream: processId:11352, streamId:1, streamType:2a4f0f81-6809-4480-87ce-0d772568cfb6, bufferSize:50
2025-02-04 13:17:19.949 -05:00 [VRB] LoggerBase.OnWriteStream: processId:11352, streamId:1, streamType:2a4f0f81-6809-4480-87ce-0d772568cfb6, bufferSize:54
2025-02-04 13:17:19.949 -05:00 [VRB] LoggerBase.OnWriteStream: processId:11352, streamId:1, streamType:2a4f0f81-6809-4480-87ce-0d772568cfb6, bufferSize:64
2025-02-04 13:17:19.950 -05:00 [VRB] LoggerBase.OnWriteStream: processId:11352, streamId:1, streamType:2a4f0f81-6809-4480-87ce-0d772568cfb6, bufferSize:458
2025-02-04 13:17:19.950 -05:00 [VRB] LoggerBase.OnWriteStream: processId:11352, streamId:1, streamType:2a4f0f81-6809-4480-87ce-0d772568cfb6, bufferSize:64
2025-02-04 13:17:19.950 -05:00 [VRB] LoggerBase.OnWriteStream: processId:11352, streamId:1, streamType:2a4f0f81-6809-4480-87ce-0d772568cfb6, bufferSize:82
2025-02-04 13:17:19.950 -05:00 [VRB] LoggerBase.OnWriteStream: processId:11352, streamId:1, streamType:2a4f0f81-6809-4480-87ce-0d772568cfb6, bufferSize:108
2025-02-04 13:17:19.950 -05:00 [VRB] LoggerBase.OnWriteStream: processId:11352, streamId:1, streamType:2a4f0f81-6809-4480-87ce-0d772568cfb6, bufferSize:108
2025-02-04 13:17:19.950 -05:00 [VRB] LoggerBase.OnWriteStream: processId:11352, streamId:1, streamType:2a4f0f81-6809-4480-87ce-0d772568cfb6, bufferSize:222
2025-02-04 13:17:19.950 -05:00 [VRB] LoggerBase.OnWriteStream: processId:11352, streamId:1, streamType:2a4f0f81-6809-4480-87ce-0d772568cfb6, bufferSize:118
2025-02-04 13:17:19.950 -05:00 [VRB] LoggerBase.OnWriteStream: processId:11352, streamId:1, streamType:2a4f0f81-6809-4480-87ce-0d772568cfb6, bufferSize:90
2025-02-04 13:17:19.951 -05:00 [VRB] LoggerBase.OnWriteStream: processId:11352, streamId:1, streamType:2a4f0f81-6809-4480-87ce-0d772568cfb6, bufferSize:74
2025-02-04 13:17:19.951 -05:00 [VRB] LoggerBase.OnWriteStream: processId:11352, streamId:1, streamType:2a4f0f81-6809-4480-87ce-0d772568cfb6, bufferSize:180
2025-02-04 13:17:19.951 -05:00 [VRB] LoggerBase.OnWriteStream: processId:11352, streamId:1, streamType:2a4f0f81-6809-4480-87ce-0d772568cfb6, bufferSize:176
2025-02-04 13:17:19.951 -05:00 [VRB] LoggerBase.OnWriteStream: processId:11352, streamId:1, streamType:2a4f0f81-6809-4480-87ce-0d772568cfb6, bufferSize:102
2025-02-04 13:17:19.951 -05:00 [VRB] LoggerBase.OnWriteStream: processId:11352, streamId:1, streamType:2a4f0f81-6809-4480-87ce-0d772568cfb6, bufferSize:54
2025-02-04 13:17:19.951 -05:00 [VRB] LoggerBase.OnWriteStream: processId:11352, streamId:1, streamType:2a4f0f81-6809-4480-87ce-0d772568cfb6, bufferSize:240
2025-02-04 13:17:19.952 -05:00 [VRB] LoggerBase.OnWriteStream: processId:11352, streamId:1, streamType:2a4f0f81-6809-4480-87ce-0d772568cfb6, bufferSize:60
2025-02-04 13:17:19.952 -05:00 [VRB] LoggerBase.OnWriteStream: processId:11352, streamId:1, streamType:2a4f0f81-6809-4480-87ce-0d772568cfb6, bufferSize:64
2025-02-04 13:17:19.952 -05:00 [VRB] LoggerBase.OnWriteStream: processId:11352, streamId:1, streamType:2a4f0f81-6809-4480-87ce-0d772568cfb6, bufferSize:66
2025-02-04 13:17:19.952 -05:00 [VRB] LoggerBase.OnWriteStream: processId:11352, streamId:1, streamType:2a4f0f81-6809-4480-87ce-0d772568cfb6, bufferSize:52
2025-02-04 13:17:19.952 -05:00 [VRB] LoggerBase.OnWriteStream: processId:11352, streamId:1, streamType:2a4f0f81-6809-4480-87ce-0d772568cfb6, bufferSize:52
2025-02-04 13:17:19.953 -05:00 [VRB] LoggerBase.OnWriteStream: processId:11352, streamId:1, streamType:2a4f0f81-6809-4480-87ce-0d772568cfb6, bufferSize:60
2025-02-04 13:17:19.953 -05:00 [VRB] LoggerBase.OnWriteStream: processId:11352, streamId:1, streamType:2a4f0f81-6809-4480-87ce-0d772568cfb6, bufferSize:72
2025-02-04 13:17:19.953 -05:00 [VRB] LoggerBase.OnWriteStream: processId:11352, streamId:1, streamType:2a4f0f81-6809-4480-87ce-0d772568cfb6, bufferSize:118
2025-02-04 13:17:19.953 -05:00 [VRB] LoggerBase.OnWriteStream: processId:11352, streamId:1, streamType:2a4f0f81-6809-4480-87ce-0d772568cfb6, bufferSize:222
2025-02-04 13:17:19.954 -05:00 [VRB] LoggerBase.OnWriteStream: processId:11352, streamId:1, streamType:2a4f0f81-6809-4480-87ce-0d772568cfb6, bufferSize:124
2025-02-04 13:17:19.954 -05:00 [VRB] LoggerBase.OnWriteStream: processId:11352, streamId:1, streamType:2a4f0f81-6809-4480-87ce-0d772568cfb6, bufferSize:114
2025-02-04 13:17:19.954 -05:00 [VRB] LoggerBase.OnWriteStream: processId:11352, streamId:1, streamType:2a4f0f81-6809-4480-87ce-0d772568cfb6, bufferSize:60
2025-02-04 13:17:19.954 -05:00 [VRB] LoggerBase.OnWriteStream: processId:11352, streamId:1, streamType:2a4f0f81-6809-4480-87ce-0d772568cfb6, bufferSize:60
2025-02-04 13:17:19.954 -05:00 [VRB] LoggerBase.OnWriteStream: processId:11352, streamId:1, streamType:2a4f0f81-6809-4480-87ce-0d772568cfb6, bufferSize:40
2025-02-04 13:17:19.954 -05:00 [VRB] LoggerBase.OnWriteStream: processId:11352, streamId:1, streamType:2a4f0f81-6809-4480-87ce-0d772568cfb6, bufferSize:102
2025-02-04 13:17:19.954 -05:00 [VRB] LoggerBase.OnWriteStream: processId:11352, streamId:1, streamType:2a4f0f81-6809-4480-87ce-0d772568cfb6, bufferSize:258
2025-02-04 13:17:19.955 -05:00 [VRB] LoggerBase.OnWriteStream: processId:11352, streamId:1, streamType:2a4f0f81-6809-4480-87ce-0d772568cfb6, bufferSize:96
2025-02-04 13:17:19.955 -05:00 [VRB] LoggerBase.OnWriteStream: processId:11352, streamId:1, streamType:2a4f0f81-6809-4480-87ce-0d772568cfb6, bufferSize:62
2025-02-04 13:17:19.955 -05:00 [VRB] LoggerBase.OnWriteStream: processId:11352, streamId:1, streamType:2a4f0f81-6809-4480-87ce-0d772568cfb6, bufferSize:66
2025-02-04 13:17:19.955 -05:00 [VRB] LoggerBase.OnWriteStream: processId:11352, streamId:1, streamType:2a4f0f81-6809-4480-87ce-0d772568cfb6, bufferSize:102
2025-02-04 13:17:19.955 -05:00 [VRB] LoggerBase.OnWriteStream: processId:11352, streamId:1, streamType:2a4f0f81-6809-4480-87ce-0d772568cfb6, bufferSize:66
2025-02-04 13:17:19.955 -05:00 [VRB] LoggerBase.OnWriteStream: processId:11352, streamId:1, streamType:2a4f0f81-6809-4480-87ce-0d772568cfb6, bufferSize:370
2025-02-04 13:17:19.956 -05:00 [VRB] LoggerBase.OnWriteStream: processId:11352, streamId:1, streamType:2a4f0f81-6809-4480-87ce-0d772568cfb6, bufferSize:136
2025-02-04 13:17:19.956 -05:00 [VRB] LoggerBase.OnWriteStream: processId:11352, streamId:1, streamType:2a4f0f81-6809-4480-87ce-0d772568cfb6, bufferSize:766
2025-02-04 13:17:19.956 -05:00 [VRB] LoggerBase.OnWriteStream: processId:11352, streamId:1, streamType:2a4f0f81-6809-4480-87ce-0d772568cfb6, bufferSize:60
2025-02-04 13:17:19.960 -05:00 [INF] LoggerBase.OnInstrumentation: path:C:\Users\zacka\Documents\Université\Session2\INF1015\New folder\TP2\Debug\td2.exe, id:b80c97c8-6322-4bb8-acfe-6f9ad3b13f2c, coverageBufferId:e675ac1b-2ede-4aa2-b244-b787e58cb361, isDynamic:True isManaged:False, isMixed:False, isPortablePdb:False, imageSize: 167936, imageLinkTime:1738608143, numberOfMethodsInstrumented:13, numberOfMethodsSkipped: 192, numberOfMethodsFailed:0, elapsed:76ms
2025-02-04 13:17:19.960 -05:00 [INF] LoggerBase.CreateStream[11352]: k:StreamKey { Id = b80c97c8-6322-4bb8-acfe-6f9ad3b13f2c, Prefix = unmanaged:\ } type:cb689549-d63e-4a55-b8fa-2a214725cf39 path:C:\Users\zacka\Documents\Université\Session2\INF1015\New folder\TP2\Debug\td2.exe
2025-02-04 13:17:19.961 -05:00 [INF] StaticStreamCreator.CreateStream: Creating SharedMemoryStream. streamId:2, identifier:e675ac1b-2ede-4aa2-b244-b787e58cb361, bufferName:CodeCoverage.fed89ac5-063a-479a-876e-d59c4ea1ea36.be675ac1b-2ede-4aa2-b244-b787e58cb361, bufferSize:193
2025-02-04 13:17:19.964 -05:00 [INF] ReportGenerator.CreateUnmanagedStream[11352]: (StreamKey { Id = b80c97c8-6322-4bb8-acfe-6f9ad3b13f2c, Prefix = unmanaged:\ }) created new buffer stream with size: 193
2025-02-04 13:17:19.964 -05:00 [INF] LoggerBase.OnCreateStream: processId:11352, streamId:2, streamType:cb689549-d63e-4a55-b8fa-2a214725cf39, bufferSize:193, bufferHeader:00-00-00-00, bufferName:CodeCoverage.fed89ac5-063a-479a-876e-d59c4ea1ea36.be675ac1b-2ede-4aa2-b244-b787e58cb361, prefix:unmanaged:\
2025-02-04 13:17:19.964 -05:00 [INF] CoveragePipeClient.SendCreateStreamResponse[11352]: streamId:2, bufferName:CodeCoverage.fed89ac5-063a-479a-876e-d59c4ea1ea36.be675ac1b-2ede-4aa2-b244-b787e58cb361
2025-02-04 13:17:19.966 -05:00 [INF] LoggerBase.HandleCacheMessage[11352]: started prefix:unmanaged:\C:\Users\zacka\Documents\Université\Session2\INF1015\New folder\TP2\Debug\td2.exe, key:b80c97c8-6322-4bb8-acfe-6f9ad3b13f2c, buffers count:2
2025-02-04 13:17:19.967 -05:00 [INF] CoveragePipeClient.SendSuccessMessage[11352]
2025-02-04 13:17:19.986 -05:00 [INF] LoggerBase.OnCloseStream: processId:11352, streamId:1, streamSize:28748
2025-02-04 13:17:19.986 -05:00 [VRB] LoggerBase.OnWriteStream: processId:11352, streamId:0, streamType:b157a3a4-9542-4546-859b-abd1367a08ed, bufferSize:68
2025-02-04 13:17:19.988 -05:00 [VRB] LoggerBase.OnWriteStream: processId:11352, streamId:0, streamType:b157a3a4-9542-4546-859b-abd1367a08ed, bufferSize:74
2025-02-04 13:17:19.991 -05:00 [VRB] LoggerBase.OnWriteStream: processId:11352, streamId:0, streamType:b157a3a4-9542-4546-859b-abd1367a08ed, bufferSize:78
2025-02-04 13:17:19.994 -05:00 [VRB] LoggerBase.OnWriteStream: processId:11352, streamId:0, streamType:b157a3a4-9542-4546-859b-abd1367a08ed, bufferSize:70
2025-02-04 13:17:19.996 -05:00 [VRB] LoggerBase.OnWriteStream: processId:11352, streamId:0, streamType:b157a3a4-9542-4546-859b-abd1367a08ed, bufferSize:74
2025-02-04 13:17:19.996 -05:00 [VRB] LoggerBase.OnWriteStream: processId:11352, streamId:0, streamType:b157a3a4-9542-4546-859b-abd1367a08ed, bufferSize:70
2025-02-04 13:17:20.000 -05:00 [VRB] LoggerBase.OnWriteStream: processId:11352, streamId:0, streamType:b157a3a4-9542-4546-859b-abd1367a08ed, bufferSize:72
2025-02-04 13:17:20.003 -05:00 [VRB] LoggerBase.OnWriteStream: processId:11352, streamId:0, streamType:b157a3a4-9542-4546-859b-abd1367a08ed, bufferSize:68
2025-02-04 13:17:20.003 -05:00 [VRB] LoggerBase.OnWriteStream: processId:11352, streamId:0, streamType:b157a3a4-9542-4546-859b-abd1367a08ed, bufferSize:76
2025-02-04 13:17:20.010 -05:00 [VRB] LoggerBase.OnWriteStream: processId:11352, streamId:0, streamType:b157a3a4-9542-4546-859b-abd1367a08ed, bufferSize:74
2025-02-04 13:17:20.013 -05:00 [VRB] LoggerBase.OnWriteStream: processId:11352, streamId:0, streamType:b157a3a4-9542-4546-859b-abd1367a08ed, bufferSize:68
2025-02-04 13:17:20.017 -05:00 [VRB] LoggerBase.OnWriteStream: processId:11352, streamId:0, streamType:b157a3a4-9542-4546-859b-abd1367a08ed, bufferSize:70
2025-02-04 13:17:20.020 -05:00 [VRB] LoggerBase.OnWriteStream: processId:11352, streamId:0, streamType:b157a3a4-9542-4546-859b-abd1367a08ed, bufferSize:76
2025-02-04 13:17:20.028 -05:00 [VRB] LoggerBase.OnWriteStream: processId:11352, streamId:0, streamType:b157a3a4-9542-4546-859b-abd1367a08ed, bufferSize:70
2025-02-04 13:17:20.036 -05:00 [VRB] LoggerBase.OnWriteStream: processId:11352, streamId:0, streamType:b157a3a4-9542-4546-859b-abd1367a08ed, bufferSize:72
2025-02-04 13:17:20.039 -05:00 [VRB] LoggerBase.OnWriteStream: processId:11352, streamId:0, streamType:b157a3a4-9542-4546-859b-abd1367a08ed, bufferSize:74
2025-02-04 13:17:20.042 -05:00 [VRB] LoggerBase.OnWriteStream: processId:11352, streamId:0, streamType:b157a3a4-9542-4546-859b-abd1367a08ed, bufferSize:72
2025-02-04 13:17:20.042 -05:00 [VRB] LoggerBase.OnWriteStream: processId:11352, streamId:0, streamType:b157a3a4-9542-4546-859b-abd1367a08ed, bufferSize:76
2025-02-04 13:17:20.045 -05:00 [VRB] LoggerBase.OnWriteStream: processId:11352, streamId:0, streamType:b157a3a4-9542-4546-859b-abd1367a08ed, bufferSize:84
2025-02-04 13:17:20.048 -05:00 [VRB] LoggerBase.OnWriteStream: processId:11352, streamId:0, streamType:b157a3a4-9542-4546-859b-abd1367a08ed, bufferSize:76
2025-02-04 13:17:20.049 -05:00 [VRB] LoggerBase.OnWriteStream: processId:11352, streamId:0, streamType:b157a3a4-9542-4546-859b-abd1367a08ed, bufferSize:72
2025-02-04 13:17:20.051 -05:00 [VRB] LoggerBase.OnWriteStream: processId:11352, streamId:0, streamType:b157a3a4-9542-4546-859b-abd1367a08ed, bufferSize:74
2025-02-04 13:17:20.053 -05:00 [VRB] LoggerBase.OnWriteStream: processId:11352, streamId:0, streamType:b157a3a4-9542-4546-859b-abd1367a08ed, bufferSize:72
2025-02-04 13:17:20.055 -05:00 [VRB] LoggerBase.OnWriteStream: processId:11352, streamId:0, streamType:b157a3a4-9542-4546-859b-abd1367a08ed, bufferSize:68
2025-02-04 13:17:20.057 -05:00 [VRB] LoggerBase.OnWriteStream: processId:11352, streamId:0, streamType:b157a3a4-9542-4546-859b-abd1367a08ed, bufferSize:68
2025-02-04 13:17:20.057 -05:00 [VRB] LoggerBase.OnWriteStream: processId:11352, streamId:0, streamType:b157a3a4-9542-4546-859b-abd1367a08ed, bufferSize:76
2025-02-04 13:17:20.057 -05:00 [VRB] LoggerBase.OnWriteStream: processId:11352, streamId:0, streamType:b157a3a4-9542-4546-859b-abd1367a08ed, bufferSize:90
2025-02-04 13:17:20.060 -05:00 [VRB] LoggerBase.OnWriteStream: processId:11352, streamId:0, streamType:b157a3a4-9542-4546-859b-abd1367a08ed, bufferSize:70
2025-02-04 13:17:20.064 -05:00 [VRB] LoggerBase.OnWriteStream: processId:11352, streamId:0, streamType:b157a3a4-9542-4546-859b-abd1367a08ed, bufferSize:74
2025-02-04 13:17:20.066 -05:00 [VRB] LoggerBase.OnWriteStream: processId:11352, streamId:0, streamType:b157a3a4-9542-4546-859b-abd1367a08ed, bufferSize:70
2025-02-04 13:17:20.068 -05:00 [VRB] LoggerBase.OnWriteStream: processId:11352, streamId:0, streamType:b157a3a4-9542-4546-859b-abd1367a08ed, bufferSize:74
2025-02-04 13:17:20.069 -05:00 [VRB] LoggerBase.OnWriteStream: processId:11352, streamId:0, streamType:b157a3a4-9542-4546-859b-abd1367a08ed, bufferSize:72
2025-02-04 13:17:20.071 -05:00 [VRB] LoggerBase.OnWriteStream: processId:11352, streamId:0, streamType:b157a3a4-9542-4546-859b-abd1367a08ed, bufferSize:70
2025-02-04 13:17:20.072 -05:00 [VRB] LoggerBase.OnWriteStream: processId:11352, streamId:0, streamType:b157a3a4-9542-4546-859b-abd1367a08ed, bufferSize:70
2025-02-04 13:17:20.074 -05:00 [VRB] LoggerBase.OnWriteStream: processId:11352, streamId:0, streamType:b157a3a4-9542-4546-859b-abd1367a08ed, bufferSize:226
2025-02-04 13:17:20.076 -05:00 [VRB] LoggerBase.OnWriteStream: processId:11352, streamId:0, streamType:b157a3a4-9542-4546-859b-abd1367a08ed, bufferSize:72
2025-02-04 13:17:20.077 -05:00 [VRB] LoggerBase.OnWriteStream: processId:11352, streamId:0, streamType:b157a3a4-9542-4546-859b-abd1367a08ed, bufferSize:114
2025-02-04 13:17:20.090 -05:00 [VRB] LoggerBase.OnWriteStream: processId:11352, streamId:0, streamType:b157a3a4-9542-4546-859b-abd1367a08ed, bufferSize:86
2025-02-04 13:17:20.090 -05:00 [VRB] LoggerBase.OnWriteStream: processId:11352, streamId:0, streamType:b157a3a4-9542-4546-859b-abd1367a08ed, bufferSize:126
2025-02-04 13:17:20.095 -05:00 [VRB] CoverageMessagesReader.ReadSkippedModules: path: ebehmoni.dll, skipReason: no_symbols.
2025-02-04 13:17:20.096 -05:00 [VRB] CoverageMessagesReader.ReadSkippedModules: path: ntdll.dll, skipReason: no_symbols.
2025-02-04 13:17:20.096 -05:00 [VRB] CoverageMessagesReader.ReadSkippedModules: path: kernel32.dll, skipReason: no_symbols.
2025-02-04 13:17:20.096 -05:00 [VRB] CoverageMessagesReader.ReadSkippedModules: path: kernelbase.dll, skipReason: no_symbols.
2025-02-04 13:17:20.096 -05:00 [VRB] CoverageMessagesReader.ReadSkippedModules: path: rpcrt4.dll, skipReason: no_symbols.
2025-02-04 13:17:20.096 -05:00 [VRB] CoverageMessagesReader.ReadSkippedModules: path: advapi32.dll, skipReason: no_symbols.
2025-02-04 13:17:20.096 -05:00 [VRB] CoverageMessagesReader.ReadSkippedModules: path: msvcrt.dll, skipReason: path_is_excluded.
2025-02-04 13:17:20.096 -05:00 [VRB] CoverageMessagesReader.ReadSkippedModules: path: sechost.dll, skipReason: no_symbols.
2025-02-04 13:17:20.096 -05:00 [VRB] CoverageMessagesReader.ReadSkippedModules: path: ole32.dll, skipReason: no_symbols.
2025-02-04 13:17:20.096 -05:00 [VRB] CoverageMessagesReader.ReadSkippedModules: path: msvcp_win.dll, skipReason: path_is_excluded.
2025-02-04 13:17:20.096 -05:00 [VRB] CoverageMessagesReader.ReadSkippedModules: path: ucrtbase.dll, skipReason: no_symbols.
2025-02-04 13:17:20.096 -05:00 [VRB] CoverageMessagesReader.ReadSkippedModules: path: gdi32.dll, skipReason: no_symbols.
2025-02-04 13:17:20.096 -05:00 [VRB] CoverageMessagesReader.ReadSkippedModules: path: win32u.dll, skipReason: no_symbols.
2025-02-04 13:17:20.096 -05:00 [VRB] CoverageMessagesReader.ReadSkippedModules: path: gdi32full.dll, skipReason: no_symbols.
2025-02-04 13:17:20.096 -05:00 [VRB] CoverageMessagesReader.ReadSkippedModules: path: user32.dll, skipReason: no_symbols.
2025-02-04 13:17:20.096 -05:00 [VRB] CoverageMessagesReader.ReadSkippedModules: path: combase.dll, skipReason: no_symbols.
2025-02-04 13:17:20.096 -05:00 [VRB] CoverageMessagesReader.ReadSkippedModules: path: oleaut32.dll, skipReason: no_symbols.
2025-02-04 13:17:20.096 -05:00 [VRB] CoverageMessagesReader.ReadSkippedModules: path: crypt32.dll, skipReason: no_symbols.
2025-02-04 13:17:20.096 -05:00 [VRB] CoverageMessagesReader.ReadSkippedModules: path: msvcp140d.dll, skipReason: path_is_excluded.
2025-02-04 13:17:20.096 -05:00 [VRB] CoverageMessagesReader.ReadSkippedModules: path: vcruntime140d.dll, skipReason: no_symbols.
2025-02-04 13:17:20.096 -05:00 [VRB] CoverageMessagesReader.ReadSkippedModules: path: ucrtbased.dll, skipReason: no_symbols.
2025-02-04 13:17:20.096 -05:00 [VRB] CoverageMessagesReader.ReadSkippedModules: path: mscoree.dll, skipReason: path_is_excluded.
2025-02-04 13:17:20.096 -05:00 [VRB] CoverageMessagesReader.ReadSkippedModules: path: powrprof.dll, skipReason: no_symbols.
2025-02-04 13:17:20.096 -05:00 [VRB] CoverageMessagesReader.ReadSkippedModules: path: version.dll, skipReason: no_symbols.
2025-02-04 13:17:20.096 -05:00 [VRB] CoverageMessagesReader.ReadSkippedModules: path: imm32.dll, skipReason: no_symbols.
2025-02-04 13:17:20.096 -05:00 [VRB] CoverageMessagesReader.ReadSkippedModules: path: umpdc.dll, skipReason: no_symbols.
2025-02-04 13:17:20.096 -05:00 [VRB] CoverageMessagesReader.ReadSkippedModules: path: cryptbase.dll, skipReason: path_is_excluded.
2025-02-04 13:17:20.096 -05:00 [VRB] CoverageMessagesReader.ReadSkippedModules: path: bcryptprimitives.dll, skipReason: path_is_excluded.
2025-02-04 13:17:20.096 -05:00 [VRB] CoverageMessagesReader.ReadSkippedModules: path: msxml6.dll, skipReason: no_symbols.
2025-02-04 13:17:20.096 -05:00 [VRB] CoverageMessagesReader.ReadSkippedModules: path: wintrust.dll, skipReason: no_symbols.
2025-02-04 13:17:20.096 -05:00 [VRB] CoverageMessagesReader.ReadSkippedModules: path: msasn1.dll, skipReason: no_symbols.
2025-02-04 13:17:20.096 -05:00 [VRB] CoverageMessagesReader.ReadSkippedModules: path: imagehlp.dll, skipReason: no_symbols.
2025-02-04 13:17:20.096 -05:00 [VRB] CoverageMessagesReader.ReadSkippedModules: path: cryptsp.dll, skipReason: no_symbols.
2025-02-04 13:17:20.096 -05:00 [VRB] CoverageMessagesReader.ReadSkippedModules: path: rsaenh.dll, skipReason: no_symbols.
2025-02-04 13:17:20.096 -05:00 [VRB] CoverageMessagesReader.ReadSkippedModules: path: bcrypt.dll, skipReason: no_symbols.
2025-02-04 13:17:20.096 -05:00 [VRB] CoverageMessagesReader.ReadSkippedModules: path: msdia140.dll, skipReason: no_symbols.
2025-02-04 13:17:20.096 -05:00 [VRB] CoverageMessagesReader.ReadSkippedModules: path: shlwapi.dll, skipReason: no_symbols.
2025-02-04 13:17:20.096 -05:00 [VRB] CoverageMessagesReader.ReadSkippedModules: path: ebehmoni.dll, skipReason: no_symbols.
2025-02-04 13:17:20.096 -05:00 [VRB] CoverageMessagesReader.ReadSkippedModules: path: kernel.appcore.dll, skipReason: no_symbols.
2025-02-04 13:17:20.096 -05:00 [VRB] CoverageMessagesReader.ReadSkippedModules: path: mscoreei.dll, skipReason: path_is_excluded.
2025-02-04 13:17:20.100 -05:00 [INF] Process ID 34824 exited.
2025-02-04 13:17:20.104 -05:00 [INF] LoggerBase.OnCloseStream: processId:11352, streamId:0, streamSize:0
2025-02-04 13:17:20.104 -05:00 [VRB] PipeConnection.ReadMessagesAsync: 27a3defd-eed9-47eb-9f39-64439e9594fc finished
2025-02-04 13:17:20.108 -05:00 [VRB] PipeConnection.WaitForDisconnection: 072ce5e8-5426-4bca-aa0d-24133af492f3 finished
2025-02-04 13:17:20.108 -05:00 [VRB] PipeConnection.WaitForDisconnection: 27a3defd-eed9-47eb-9f39-64439e9594fc finished
2025-02-04 13:17:20.108 -05:00 [VRB] PipeConnection.WaitForDisconnection: 18c75a0b-cbc7-417e-b02b-896051099765 finished
2025-02-04 13:17:20.108 -05:00 [VRB] PipeConnection.WaitForDisconnection: 1be4726e-8038-471c-8865-8aad53590ce0 finished
2025-02-04 13:17:20.108 -05:00 [VRB] PipeConnection.WaitForDisconnection: 4e094c4e-3515-4ab3-9c44-069b495cbf08 finished
2025-02-04 13:17:20.108 -05:00 [VRB] PipeConnection.WaitForDisconnection: 8c74ea65-5694-4b4e-82d1-bca5b0254471 finished
2025-02-04 13:17:20.108 -05:00 [VRB] PipeConnection.WaitForDisconnection: e25e598d-56ff-4820-aa92-e2bd4be761f7 finished
2025-02-04 13:17:20.108 -05:00 [VRB] PipeConnection.Stop: 072ce5e8-5426-4bca-aa0d-24133af492f3 finished
2025-02-04 13:17:20.108 -05:00 [VRB] PipeConnection.Stop: 27a3defd-eed9-47eb-9f39-64439e9594fc finished
2025-02-04 13:17:20.108 -05:00 [VRB] PipeConnection.Stop: 18c75a0b-cbc7-417e-b02b-896051099765 finished
2025-02-04 13:17:20.108 -05:00 [VRB] PipeConnection.Stop: 1be4726e-8038-471c-8865-8aad53590ce0 finished
2025-02-04 13:17:20.108 -05:00 [VRB] PipeConnection.Stop: 4e094c4e-3515-4ab3-9c44-069b495cbf08 finished
2025-02-04 13:17:20.108 -05:00 [VRB] PipeConnection.Stop: 8c74ea65-5694-4b4e-82d1-bca5b0254471 finished
2025-02-04 13:17:20.108 -05:00 [VRB] PipeConnection.Stop: e25e598d-56ff-4820-aa92-e2bd4be761f7 finished
2025-02-04 13:17:20.113 -05:00 [VRB] LoggerBase.OnBufferClose: id:e675ac1b-2ede-4aa2-b244-b787e58cb361, 103/193 covered
2025-02-04 13:17:20.133 -05:00 [INF] CoverageFileWriter.WriteAsync: path: couverture2025-02-04_13_17_19,04.coverage, schemaVersion: 1.
2025-02-04 13:17:20.147 -05:00 [INF] CoverageFileWriter.WriteModules: modules.Count: 1.
2025-02-04 13:17:20.149 -05:00 [VRB] CoverageFileWriter.WriteModuleCoverageData: coverageBufferId: e675ac1b-2ede-4aa2-b244-b787e58cb361, coverageBuffer.Length: 193.
2025-02-04 13:17:20.150 -05:00 [INF] CoverageFileWriter.WriteModule: moduleId: C8-97-0C-B8-22-63-B8-4B-AC-FE-6F-9A-D3-B1-3F-2C-01-00-00-00, skippedFunctions.Count: 192, functions.Count: 13, sourceFiles.Count: 1, coverageBufferId: e675ac1b-2ede-4aa2-b244-b787e58cb361
2025-02-04 13:17:20.153 -05:00 [INF] CoverageFileWriter.WriteSkippedModuleData: skippedModules.Count: 39
2025-02-04 13:17:20.154 -05:00 [VRB] CoverageMessagesWriter.WriteModulesSkippedStream: skippedModule: oleaut32.dll, skipReason: no_symbols.
2025-02-04 13:17:20.154 -05:00 [VRB] CoverageMessagesWriter.WriteModuleDataStream: sourceFile.Path: C:\Users\zacka\Documents\Université\Session2\INF1015\New folder\TP2\td2.cpp.
2025-02-04 13:17:20.155 -05:00 [VRB] CoverageMessagesWriter.WriteModulesSkippedStream: skippedModule: imagehlp.dll, skipReason: no_symbols.
2025-02-04 13:17:20.155 -05:00 [VRB] CoverageMessagesWriter.WriteModulesSkippedStream: skippedModule: msasn1.dll, skipReason: no_symbols.
2025-02-04 13:17:20.155 -05:00 [VRB] CoverageMessagesWriter.WriteModulesSkippedStream: skippedModule: bcryptprimitives.dll, skipReason: path_is_excluded.
2025-02-04 13:17:20.155 -05:00 [VRB] CoverageMessagesWriter.WriteModulesSkippedStream: skippedModule: msxml6.dll, skipReason: no_symbols.
2025-02-04 13:17:20.155 -05:00 [VRB] CoverageMessagesWriter.WriteModulesSkippedStream: skippedModule: kernel32.dll, skipReason: no_symbols.
2025-02-04 13:17:20.155 -05:00 [VRB] CoverageMessagesWriter.WriteModulesSkippedStream: skippedModule: bcrypt.dll, skipReason: no_symbols.
2025-02-04 13:17:20.155 -05:00 [VRB] CoverageMessagesWriter.WriteModulesSkippedStream: skippedModule: msvcp_win.dll, skipReason: path_is_excluded.
2025-02-04 13:17:20.155 -05:00 [VRB] CoverageMessagesWriter.WriteModulesSkippedStream: skippedModule: crypt32.dll, skipReason: no_symbols.
2025-02-04 13:17:20.155 -05:00 [VRB] CoverageMessagesWriter.WriteModulesSkippedStream: skippedModule: cryptbase.dll, skipReason: path_is_excluded.
2025-02-04 13:17:20.155 -05:00 [VRB] CoverageMessagesWriter.WriteModulesSkippedStream: skippedModule: ntdll.dll, skipReason: no_symbols.
2025-02-04 13:17:20.155 -05:00 [VRB] CoverageMessagesWriter.WriteModulesSkippedStream: skippedModule: wintrust.dll, skipReason: no_symbols.
2025-02-04 13:17:20.155 -05:00 [VRB] CoverageMessagesWriter.WriteModulesSkippedStream: skippedModule: cryptsp.dll, skipReason: no_symbols.
2025-02-04 13:17:20.155 -05:00 [VRB] CoverageMessagesWriter.WriteModulesSkippedStream: skippedModule: kernel.appcore.dll, skipReason: no_symbols.
2025-02-04 13:17:20.155 -05:00 [VRB] CoverageMessagesWriter.WriteModulesSkippedStream: skippedModule: ucrtbased.dll, skipReason: no_symbols.
2025-02-04 13:17:20.155 -05:00 [VRB] CoverageMessagesWriter.WriteModulesSkippedStream: skippedModule: sechost.dll, skipReason: no_symbols.
2025-02-04 13:17:20.155 -05:00 [VRB] CoverageMessagesWriter.WriteModulesSkippedStream: skippedModule: mscoree.dll, skipReason: path_is_excluded.
2025-02-04 13:17:20.155 -05:00 [VRB] CoverageMessagesWriter.WriteModulesSkippedStream: skippedModule: vcruntime140d.dll, skipReason: no_symbols.
2025-02-04 13:17:20.155 -05:00 [VRB] CoverageMessagesWriter.WriteModuleDataStream: function.Name = lireUint16, blockCount: 6.
2025-02-04 13:17:20.155 -05:00 [VRB] CoverageMessagesWriter.WriteModulesSkippedStream: skippedModule: mscoreei.dll, skipReason: path_is_excluded.
2025-02-04 13:17:20.155 -05:00 [VRB] CoverageMessagesWriter.WriteModulesSkippedStream: skippedModule: msvcrt.dll, skipReason: path_is_excluded.
2025-02-04 13:17:20.155 -05:00 [VRB] CoverageMessagesWriter.WriteModulesSkippedStream: skippedModule: kernelbase.dll, skipReason: no_symbols.
2025-02-04 13:17:20.155 -05:00 [VRB] CoverageMessagesWriter.WriteModulesSkippedStream: skippedModule: advapi32.dll, skipReason: no_symbols.
2025-02-04 13:17:20.155 -05:00 [VRB] CoverageMessagesWriter.WriteModulesSkippedStream: skippedModule: combase.dll, skipReason: no_symbols.
2025-02-04 13:17:20.155 -05:00 [VRB] CoverageMessagesWriter.WriteModulesSkippedStream: skippedModule: version.dll, skipReason: no_symbols.
2025-02-04 13:17:20.155 -05:00 [VRB] CoverageMessagesWriter.WriteModulesSkippedStream: skippedModule: shlwapi.dll, skipReason: no_symbols.
2025-02-04 13:17:20.155 -05:00 [VRB] CoverageMessagesWriter.WriteModulesSkippedStream: skippedModule: gdi32.dll, skipReason: no_symbols.
2025-02-04 13:17:20.155 -05:00 [VRB] CoverageMessagesWriter.WriteModulesSkippedStream: skippedModule: imm32.dll, skipReason: no_symbols.
2025-02-04 13:17:20.155 -05:00 [VRB] CoverageMessagesWriter.WriteModulesSkippedStream: skippedModule: rsaenh.dll, skipReason: no_symbols.
2025-02-04 13:17:20.155 -05:00 [VRB] CoverageMessagesWriter.WriteModulesSkippedStream: skippedModule: ebehmoni.dll, skipReason: no_symbols.
2025-02-04 13:17:20.155 -05:00 [VRB] CoverageMessagesWriter.WriteModulesSkippedStream: skippedModule: msvcp140d.dll, skipReason: path_is_excluded.
2025-02-04 13:17:20.155 -05:00 [VRB] CoverageMessagesWriter.WriteModulesSkippedStream: skippedModule: win32u.dll, skipReason: no_symbols.
2025-02-04 13:17:20.155 -05:00 [VRB] CoverageMessagesWriter.WriteModulesSkippedStream: skippedModule: rpcrt4.dll, skipReason: no_symbols.
2025-02-04 13:17:20.155 -05:00 [VRB] CoverageMessagesWriter.WriteModulesSkippedStream: skippedModule: ucrtbase.dll, skipReason: no_symbols.
2025-02-04 13:17:20.155 -05:00 [VRB] CoverageMessagesWriter.WriteModulesSkippedStream: skippedModule: user32.dll, skipReason: no_symbols.
2025-02-04 13:17:20.155 -05:00 [VRB] CoverageMessagesWriter.WriteModulesSkippedStream: skippedModule: powrprof.dll, skipReason: no_symbols.
2025-02-04 13:17:20.155 -05:00 [VRB] CoverageMessagesWriter.WriteModulesSkippedStream: skippedModule: msdia140.dll, skipReason: no_symbols.
2025-02-04 13:17:20.155 -05:00 [VRB] CoverageMessagesWriter.WriteModulesSkippedStream: skippedModule: gdi32full.dll, skipReason: no_symbols.
2025-02-04 13:17:20.155 -05:00 [VRB] CoverageMessagesWriter.WriteModulesSkippedStream: skippedModule: umpdc.dll, skipReason: no_symbols.
2025-02-04 13:17:20.155 -05:00 [VRB] CoverageMessagesWriter.WriteModulesSkippedStream: skippedModule: ole32.dll, skipReason: no_symbols.
2025-02-04 13:17:20.156 -05:00 [VRB] CoverageMessagesWriter.WriteModuleDataStream: function.Name = _main, blockCount: 33.
2025-02-04 13:17:20.156 -05:00 [VRB] CoverageMessagesWriter.WriteModuleDataStream: function.Name = lireString, blockCount: 14.
2025-02-04 13:17:20.156 -05:00 [VRB] CoverageMessagesWriter.WriteModuleDataStream: function.Name = enleverFilm, blockCount: 9.
2025-02-04 13:17:20.156 -05:00 [VRB] CoverageMessagesWriter.WriteModuleDataStream: function.Name = afficherListeFilms, blockCount: 16.
2025-02-04 13:17:20.156 -05:00 [VRB] CoverageMessagesWriter.WriteModuleDataStream: function.Name = lireUint8, blockCount: 6.
2025-02-04 13:17:20.156 -05:00 [VRB] CoverageMessagesWriter.WriteModuleDataStream: function.Name = ajouterFilm, blockCount: 30.
2025-02-04 13:17:20.156 -05:00 [VRB] CoverageMessagesWriter.WriteModuleDataStream: function.Name = creerListe, blockCount: 17.
2025-02-04 13:17:20.156 -05:00 [VRB] CoverageMessagesWriter.WriteModuleDataStream: function.Name = afficherFilmographieActeur, blockCount: 10.
2025-02-04 13:17:20.156 -05:00 [VRB] CoverageMessagesWriter.WriteModuleDataStream: function.Name = lireActeur, blockCount: 13.
2025-02-04 13:17:20.156 -05:00 [VRB] CoverageMessagesWriter.WriteModuleDataStream: function.Name = trouverActeur, blockCount: 4.
2025-02-04 13:17:20.156 -05:00 [VRB] CoverageMessagesWriter.WriteModuleDataStream: function.Name = afficherActeur, blockCount: 12.
2025-02-04 13:17:20.156 -05:00 [VRB] CoverageMessagesWriter.WriteModuleDataStream: function.Name = lireFilm, blockCount: 23.
2025-02-04 13:17:20.157 -05:00 [VRB] CoverageMessagesWriter.WriteModuleDataStream: skippedFunction.Name: enlever_des_blocs_alloues(void *, bool).
2025-02-04 13:17:20.158 -05:00 [VRB] CoverageMessagesWriter.WriteModuleDataStream: skippedFunction.Name: operator()(const char *, const char *, struct _iobuf *, unsigned long, class std::basic_ios<char,std::char_traits<char> > & const).
2025-02-04 13:17:20.158 -05:00 [VRB] CoverageMessagesWriter.WriteModuleDataStream: skippedFunction.Name: RangeIterData<int,0>.
2025-02-04 13:17:20.158 -05:00 [VRB] CoverageMessagesWriter.WriteModuleDataStream: skippedFunction.Name: operator()(unsigned int).
2025-02-04 13:17:20.158 -05:00 [VRB] CoverageMessagesWriter.WriteModuleDataStream: skippedFunction.Name: __RTC_CheckEsp.
2025-02-04 13:17:20.158 -05:00 [VRB] CoverageMessagesWriter.WriteModuleDataStream: skippedFunction.Name: __get_startup_commit_mode.
2025-02-04 13:17:20.158 -05:00 [VRB] CoverageMessagesWriter.WriteModuleDataStream: skippedFunction.Name: notre_operator_new.
2025-02-04 13:17:20.158 -05:00 [VRB] CoverageMessagesWriter.WriteModuleDataStream: skippedFunction.Name: _Unchecked_end.
2025-02-04 13:17:20.158 -05:00 [VRB] CoverageMessagesWriter.WriteModuleDataStream: skippedFunction.Name: operator new.
2025-02-04 13:17:20.158 -05:00 [VRB] CoverageMessagesWriter.WriteModuleDataStream: skippedFunction.Name: operator new.
2025-02-04 13:17:20.158 -05:00 [VRB] CoverageMessagesWriter.WriteModuleDataStream: skippedFunction.Name: operator new.
2025-02-04 13:17:20.158 -05:00 [VRB] CoverageMessagesWriter.WriteModuleDataStream: skippedFunction.Name: activerCouleursAnsi.
2025-02-04 13:17:20.158 -05:00 [VRB] CoverageMessagesWriter.WriteModuleDataStream: skippedFunction.Name: data.
2025-02-04 13:17:20.158 -05:00 [VRB] CoverageMessagesWriter.WriteModuleDataStream: skippedFunction.Name: get_blocs_alloues_lock.
2025-02-04 13:17:20.158 -05:00 [VRB] CoverageMessagesWriter.WriteModuleDataStream: skippedFunction.Name: size.
2025-02-04 13:17:20.158 -05:00 [VRB] CoverageMessagesWriter.WriteModuleDataStream: skippedFunction.Name: static void failwithmessage(void *, int, int, const char *).
2025-02-04 13:17:20.158 -05:00 [VRB] CoverageMessagesWriter.WriteModuleDataStream: skippedFunction.Name: get_blocs_alloues_tries(bool, unsigned int).
2025-02-04 13:17:20.158 -05:00 [VRB] CoverageMessagesWriter.WriteModuleDataStream: skippedFunction.Name: static struct _IMAGE_SECTION_HEADER * find_pe_section(unsigned char *, const unsigned int).
2025-02-04 13:17:20.158 -05:00 [VRB] CoverageMessagesWriter.WriteModuleDataStream: skippedFunction.Name: a_numero_ligne.
2025-02-04 13:17:20.158 -05:00 [VRB] CoverageMessagesWriter.WriteModuleDataStream: skippedFunction.Name: _RTC_StackFailure.
2025-02-04 13:17:20.158 -05:00 [VRB] CoverageMessagesWriter.WriteModuleDataStream: skippedFunction.Name: compte_allocations.
2025-02-04 13:17:20.158 -05:00 [VRB] CoverageMessagesWriter.WriteModuleDataStream: skippedFunction.Name: initialiserGoogleTest.
2025-02-04 13:17:20.158 -05:00 [VRB] CoverageMessagesWriter.WriteModuleDataStream: skippedFunction.Name: __RTC_Initialize.
2025-02-04 13:17:20.158 -05:00 [VRB] CoverageMessagesWriter.WriteModuleDataStream: skippedFunction.Name: static unsigned int _strlen_priv(const char *).
2025-02-04 13:17:20.158 -05:00 [VRB] CoverageMessagesWriter.WriteModuleDataStream: skippedFunction.Name: _RTC_GetErrorFunc.
2025-02-04 13:17:20.158 -05:00 [VRB] CoverageMessagesWriter.WriteModuleDataStream: skippedFunction.Name: operator!=.
2025-02-04 13:17:20.158 -05:00 [VRB] CoverageMessagesWriter.WriteModuleDataStream: skippedFunction.Name: __get_startup_thread_locale_mode.
2025-02-04 13:17:20.158 -05:00 [VRB] CoverageMessagesWriter.WriteModuleDataStream: skippedFunction.Name: remise_a_zero_verification.
2025-02-04 13:17:20.158 -05:00 [VRB] CoverageMessagesWriter.WriteModuleDataStream: skippedFunction.Name: span<char const *,4294967295><2,0>.
2025-02-04 13:17:20.158 -05:00 [VRB] CoverageMessagesWriter.WriteModuleDataStream: skippedFunction.Name: operator==.
2025-02-04 13:17:20.158 -05:00 [VRB] CoverageMessagesWriter.WriteModuleDataStream: skippedFunction.Name: operator!=.
2025-02-04 13:17:20.158 -05:00 [VRB] CoverageMessagesWriter.WriteModuleDataStream: skippedFunction.Name: __except_handler4_noexcept.
2025-02-04 13:17:20.158 -05:00 [VRB] CoverageMessagesWriter.WriteModuleDataStream: skippedFunction.Name: get_blocs_alloues.
2025-02-04 13:17:20.158 -05:00 [VRB] CoverageMessagesWriter.WriteModuleDataStream: skippedFunction.Name: locales_a_essayer().
2025-02-04 13:17:20.158 -05:00 [VRB] CoverageMessagesWriter.WriteModuleDataStream: skippedFunction.Name: remet().
2025-02-04 13:17:20.158 -05:00 [VRB] CoverageMessagesWriter.WriteModuleDataStream: skippedFunction.Name: range<int>.
2025-02-04 13:17:20.158 -05:00 [VRB] CoverageMessagesWriter.WriteModuleDataStream: skippedFunction.Name: RemplaceRemet<`bibliotheque_cours::remplaceConsoleOutputCP'::`2'::<lambda_1>,unsigned int &><unsigned int &>(class bibliotheque_cours::remplaceConsoleOutputCP::__l2::<lambda_1>, unsigned int & const).
2025-02-04 13:17:20.158 -05:00 [VRB] CoverageMessagesWriter.WriteModuleDataStream: skippedFunction.Name: tous_les_new_ont_un_delete.
2025-02-04 13:17:20.158 -05:00 [VRB] CoverageMessagesWriter.WriteModuleDataStream: skippedFunction.Name: _RTC_Failure.
2025-02-04 13:17:20.158 -05:00 [VRB] CoverageMessagesWriter.WriteModuleDataStream: skippedFunction.Name: operator()().
2025-02-04 13:17:20.158 -05:00 [VRB] CoverageMessagesWriter.WriteModuleDataStream: skippedFunction.Name: operator()<std::array<std::basic_string<char,std::char_traits<char>,std::allocator<char> >,1> >(class std::array<std::basic_string<char,std::char_traits<char>,std::allocator<char> >,1>).
2025-02-04 13:17:20.158 -05:00 [VRB] CoverageMessagesWriter.WriteModuleDataStream: skippedFunction.Name: activer_verification_allocation.
2025-02-04 13:17:20.158 -05:00 [VRB] CoverageMessagesWriter.WriteModuleDataStream: skippedFunction.Name: est_dans_phase_apres_main.
2025-02-04 13:17:20.158 -05:00 [VRB] CoverageMessagesWriter.WriteModuleDataStream: skippedFunction.Name: not_equal_to_impl.
2025-02-04 13:17:20.158 -05:00 [VRB] CoverageMessagesWriter.WriteModuleDataStream: skippedFunction.Name: to_const_char(const class std::basic_string<char,std::char_traits<char>,std::allocator<char> > & const).
2025-02-04 13:17:20.158 -05:00 [VRB] CoverageMessagesWriter.WriteModuleDataStream: skippedFunction.Name: to_const_char(const char *).
2025-02-04 13:17:20.158 -05:00 [VRB] CoverageMessagesWriter.WriteModuleDataStream: skippedFunction.Name: ~type_info.
2025-02-04 13:17:20.158 -05:00 [VRB] CoverageMessagesWriter.WriteModuleDataStream: skippedFunction.Name: __Smtx_unlock_exclusive.
2025-02-04 13:17:20.158 -05:00 [VRB] CoverageMessagesWriter.WriteModuleDataStream: skippedFunction.Name: __Smtx_unlock_shared.
2025-02-04 13:17:20.158 -05:00 [VRB] CoverageMessagesWriter.WriteModuleDataStream: skippedFunction.Name: get_message_erreur_delete.
2025-02-04 13:17:20.158 -05:00 [VRB] CoverageMessagesWriter.WriteModuleDataStream: skippedFunction.Name: RemplaceRemet<`bibliotheque_cours::remplaceCLocale'::`2'::<lambda_1>,gsl::span<char const *,4294967295> &><gsl::span<char const *,4294967295> &>(class bibliotheque_cours::remplaceCLocale::__l2::<lambda_1>, class gsl::span<char const *,4294967295> & const).
2025-02-04 13:17:20.159 -05:00 [VRB] CoverageMessagesWriter.WriteModuleDataStream: skippedFunction.Name: operator().
2025-02-04 13:17:20.159 -05:00 [VRB] CoverageMessagesWriter.WriteModuleDataStream: skippedFunction.Name: operator().
2025-02-04 13:17:20.159 -05:00 [VRB] CoverageMessagesWriter.WriteModuleDataStream: skippedFunction.Name: remise_a_zero_compteurs_allocation.
2025-02-04 13:17:20.159 -05:00 [VRB] CoverageMessagesWriter.WriteModuleDataStream: skippedFunction.Name: ~S().
2025-02-04 13:17:20.159 -05:00 [VRB] CoverageMessagesWriter.WriteModuleDataStream: skippedFunction.Name: _Unchecked_begin.
2025-02-04 13:17:20.159 -05:00 [VRB] CoverageMessagesWriter.WriteModuleDataStream: skippedFunction.Name: terminate.
2025-02-04 13:17:20.159 -05:00 [VRB] CoverageMessagesWriter.WriteModuleDataStream: skippedFunction.Name: data.
2025-02-04 13:17:20.159 -05:00 [VRB] CoverageMessagesWriter.WriteModuleDataStream: skippedFunction.Name: static bool DebuggerRuntime(unsigned long, int, void *, const wchar_t *).
2025-02-04 13:17:20.159 -05:00 [VRB] CoverageMessagesWriter.WriteModuleDataStream: skippedFunction.Name: remplir_bloc_verification_corruption_a.
2025-02-04 13:17:20.159 -05:00 [VRB] CoverageMessagesWriter.WriteModuleDataStream: skippedFunction.Name: tester_tous_blocs_alloues.
2025-02-04 13:17:20.159 -05:00 [VRB] CoverageMessagesWriter.WriteModuleDataStream: skippedFunction.Name: inc.
2025-02-04 13:17:20.159 -05:00 [VRB] CoverageMessagesWriter.WriteModuleDataStream: skippedFunction.Name: _ceilf.
2025-02-04 13:17:20.159 -05:00 [VRB] CoverageMessagesWriter.WriteModuleDataStream: skippedFunction.Name: RemplaceRemet<`bibliotheque_cours::remplaceConsoleInputCP'::`2'::<lambda_1>,unsigned int &><unsigned int &>(class bibliotheque_cours::remplaceConsoleInputCP::__l2::<lambda_1>, unsigned int & const).
2025-02-04 13:17:20.159 -05:00 [VRB] CoverageMessagesWriter.WriteModuleDataStream: skippedFunction.Name: operator().
2025-02-04 13:17:20.159 -05:00 [VRB] CoverageMessagesWriter.WriteModuleDataStream: skippedFunction.Name: __initialize_denormal_control.
2025-02-04 13:17:20.159 -05:00 [VRB] CoverageMessagesWriter.WriteModuleDataStream: skippedFunction.Name: __ftol3.
2025-02-04 13:17:20.159 -05:00 [VRB] CoverageMessagesWriter.WriteModuleDataStream: skippedFunction.Name: static void notify_debugger(const struct tagEXCEPTION_VISUALCPP_DEBUG_INFO & const).
2025-02-04 13:17:20.159 -05:00 [VRB] CoverageMessagesWriter.WriteModuleDataStream: skippedFunction.Name: __initialize_default_precision.
2025-02-04 13:17:20.159 -05:00 [VRB] CoverageMessagesWriter.WriteModuleDataStream: skippedFunction.Name: get_blocs_alloues_mutex.
2025-02-04 13:17:20.159 -05:00 [VRB] CoverageMessagesWriter.WriteModuleDataStream: skippedFunction.Name: _atexit.
2025-02-04 13:17:20.159 -05:00 [VRB] CoverageMessagesWriter.WriteModuleDataStream: skippedFunction.Name: debogage_allocation_est_actif.
2025-02-04 13:17:20.159 -05:00 [VRB] CoverageMessagesWriter.WriteModuleDataStream: skippedFunction.Name: static int invoke_main().
2025-02-04 13:17:20.159 -05:00 [VRB] CoverageMessagesWriter.WriteModuleDataStream: skippedFunction.Name: get_info_bloc_memoire(void *).
2025-02-04 13:17:20.159 -05:00 [VRB] CoverageMessagesWriter.WriteModuleDataStream: skippedFunction.Name: operator delete.
2025-02-04 13:17:20.159 -05:00 [VRB] CoverageMessagesWriter.WriteModuleDataStream: skippedFunction.Name: operator delete.
2025-02-04 13:17:20.159 -05:00 [VRB] CoverageMessagesWriter.WriteModuleDataStream: skippedFunction.Name: operator delete.
2025-02-04 13:17:20.159 -05:00 [VRB] CoverageMessagesWriter.WriteModuleDataStream: skippedFunction.Name: __RTC_Terminate.
2025-02-04 13:17:20.159 -05:00 [VRB] CoverageMessagesWriter.WriteModuleDataStream: skippedFunction.Name: remplaceCLocale(int, class gsl::span<char const *,4294967295>).
2025-02-04 13:17:20.159 -05:00 [VRB] CoverageMessagesWriter.WriteModuleDataStream: skippedFunction.Name: tester_bloc_verification_corruption_a.
2025-02-04 13:17:20.159 -05:00 [VRB] CoverageMessagesWriter.WriteModuleDataStream: skippedFunction.Name: static int ArrayUnwindFilter(struct _EXCEPTION_POINTERS *).
2025-02-04 13:17:20.159 -05:00 [VRB] CoverageMessagesWriter.WriteModuleDataStream: skippedFunction.Name: ~dbgbuf.
2025-02-04 13:17:20.159 -05:00 [VRB] CoverageMessagesWriter.WriteModuleDataStream: skippedFunction.Name: overflow.
2025-02-04 13:17:20.159 -05:00 [VRB] CoverageMessagesWriter.WriteModuleDataStream: skippedFunction.Name: ouvrirUneConsoleSiTestAvecDebogueur.
2025-02-04 13:17:20.159 -05:00 [VRB] CoverageMessagesWriter.WriteModuleDataStream: skippedFunction.Name: __get_startup_file_mode.
2025-02-04 13:17:20.159 -05:00 [VRB] CoverageMessagesWriter.WriteModuleDataStream: skippedFunction.Name: operator delete[].
2025-02-04 13:17:20.159 -05:00 [VRB] CoverageMessagesWriter.WriteModuleDataStream: skippedFunction.Name: operator delete[].
2025-02-04 13:17:20.159 -05:00 [VRB] CoverageMessagesWriter.WriteModuleDataStream: skippedFunction.Name: operator delete[].
2025-02-04 13:17:20.159 -05:00 [VRB] CoverageMessagesWriter.WriteModuleDataStream: skippedFunction.Name: _RTC_GetErrorFuncW.
2025-02-04 13:17:20.159 -05:00 [VRB] CoverageMessagesWriter.WriteModuleDataStream: skippedFunction.Name: begin.
2025-02-04 13:17:20.159 -05:00 [VRB] CoverageMessagesWriter.WriteModuleDataStream: skippedFunction.Name: _mainCRTStartup.
2025-02-04 13:17:20.159 -05:00 [VRB] CoverageMessagesWriter.WriteModuleDataStream: skippedFunction.Name: dbgbuf.
2025-02-04 13:17:20.159 -05:00 [VRB] CoverageMessagesWriter.WriteModuleDataStream: skippedFunction.Name: operator<<.
2025-02-04 13:17:20.159 -05:00 [VRB] CoverageMessagesWriter.WriteModuleDataStream: skippedFunction.Name: operator++.
2025-02-04 13:17:20.159 -05:00 [VRB] CoverageMessagesWriter.WriteModuleDataStream: skippedFunction.Name: step.
2025-02-04 13:17:20.159 -05:00 [VRB] CoverageMessagesWriter.WriteModuleDataStream: skippedFunction.Name: get_blocs_alloues_shared_lock.
2025-02-04 13:17:20.159 -05:00 [VRB] CoverageMessagesWriter.WriteModuleDataStream: skippedFunction.Name: repond_aux_criteres.
2025-02-04 13:17:20.159 -05:00 [VRB] CoverageMessagesWriter.WriteModuleDataStream: skippedFunction.Name: _NtCurrentTeb.
2025-02-04 13:17:20.159 -05:00 [VRB] CoverageMessagesWriter.WriteModuleDataStream: skippedFunction.Name: value.
2025-02-04 13:17:20.159 -05:00 [VRB] CoverageMessagesWriter.WriteModuleDataStream: skippedFunction.Name: `dynamic initializer for 'blocs_alloues''().
2025-02-04 13:17:20.159 -05:00 [VRB] CoverageMessagesWriter.WriteModuleDataStream: skippedFunction.Name: set_breakpoint_sur_allocations.
2025-02-04 13:17:20.159 -05:00 [VRB] CoverageMessagesWriter.WriteModuleDataStream: skippedFunction.Name: __should_initialize_environment.
2025-02-04 13:17:20.159 -05:00 [VRB] CoverageMessagesWriter.WriteModuleDataStream: skippedFunction.Name: ~SansVerifierAllocations.
2025-02-04 13:17:20.159 -05:00 [VRB] CoverageMessagesWriter.WriteModuleDataStream: skippedFunction.Name: static int pre_c_initialization().
2025-02-04 13:17:20.159 -05:00 [VRB] CoverageMessagesWriter.WriteModuleDataStream: skippedFunction.Name: static bool DebuggerProbe(unsigned long).
2025-02-04 13:17:20.159 -05:00 [VRB] CoverageMessagesWriter.WriteModuleDataStream: skippedFunction.Name: __matherr.
2025-02-04 13:17:20.159 -05:00 [VRB] CoverageMessagesWriter.WriteModuleDataStream: skippedFunction.Name: Iterator.
2025-02-04 13:17:20.159 -05:00 [VRB] CoverageMessagesWriter.WriteModuleDataStream: skippedFunction.Name: Range<int>.
2025-02-04 13:17:20.159 -05:00 [VRB] CoverageMessagesWriter.WriteModuleDataStream: skippedFunction.Name: __Init_thread_wait_v2.
2025-02-04 13:17:20.159 -05:00 [VRB] CoverageMessagesWriter.WriteModuleDataStream: skippedFunction.Name: __get_startup_new_mode.
2025-02-04 13:17:20.159 -05:00 [VRB] CoverageMessagesWriter.WriteModuleDataStream: skippedFunction.Name: desactiver_verification_allocation.
2025-02-04 13:17:20.159 -05:00 [VRB] CoverageMessagesWriter.WriteModuleDataStream: skippedFunction.Name: ~RemplaceRemet<`bibliotheque_cours::remplaceConsoleInputCP'::`2'::<lambda_1>,unsigned int &>().
2025-02-04 13:17:20.159 -05:00 [VRB] CoverageMessagesWriter.WriteModuleDataStream: skippedFunction.Name: ~VerifierFuitesAllocations.
2025-02-04 13:17:20.159 -05:00 [VRB] CoverageMessagesWriter.WriteModuleDataStream: skippedFunction.Name: operator().
2025-02-04 13:17:20.159 -05:00 [VRB] CoverageMessagesWriter.WriteModuleDataStream: skippedFunction.Name: static bool is_potentially_valid_image_base(void *).
2025-02-04 13:17:20.159 -05:00 [VRB] CoverageMessagesWriter.WriteModuleDataStream: skippedFunction.Name: __initialize_invalid_parameter_handler.
2025-02-04 13:17:20.159 -05:00 [VRB] CoverageMessagesWriter.WriteModuleDataStream: skippedFunction.Name: InitConsole.
2025-02-04 13:17:20.159 -05:00 [VRB] CoverageMessagesWriter.WriteModuleDataStream: skippedFunction.Name: remplaceConsoleOutputCP(unsigned int).
2025-02-04 13:17:20.159 -05:00 [VRB] CoverageMessagesWriter.WriteModuleDataStream: skippedFunction.Name: __get_startup_argv_mode.
2025-02-04 13:17:20.159 -05:00 [VRB] CoverageMessagesWriter.WriteModuleDataStream: skippedFunction.Name: mettre_verification_corruption_sur_allocation.
2025-02-04 13:17:20.159 -05:00 [VRB] CoverageMessagesWriter.WriteModuleDataStream: skippedFunction.Name: _Unchecked_end.
2025-02-04 13:17:20.159 -05:00 [VRB] CoverageMessagesWriter.WriteModuleDataStream: skippedFunction.Name: dbgstream.
2025-02-04 13:17:20.159 -05:00 [VRB] CoverageMessagesWriter.WriteModuleDataStream: skippedFunction.Name: data.
2025-02-04 13:17:20.159 -05:00 [VRB] CoverageMessagesWriter.WriteModuleDataStream: skippedFunction.Name: _wmemset.
2025-02-04 13:17:20.159 -05:00 [VRB] CoverageMessagesWriter.WriteModuleDataStream: skippedFunction.Name: size.
2025-02-04 13:17:20.159 -05:00 [VRB] CoverageMessagesWriter.WriteModuleDataStream: skippedFunction.Name: operator().
2025-02-04 13:17:20.159 -05:00 [VRB] CoverageMessagesWriter.WriteModuleDataStream: skippedFunction.Name: remplaceConsoleInputCP(unsigned int).
2025-02-04 13:17:20.159 -05:00 [VRB] CoverageMessagesWriter.WriteModuleDataStream: skippedFunction.Name: ~RemplaceRemet<`bibliotheque_cours::remplaceCLocale'::`2'::<lambda_1>,gsl::span<char const *,4294967295> &>().
2025-02-04 13:17:20.159 -05:00 [VRB] CoverageMessagesWriter.WriteModuleDataStream: skippedFunction.Name: get_marqueur_verification_allocation.
2025-02-04 13:17:20.160 -05:00 [VRB] CoverageMessagesWriter.WriteModuleDataStream: skippedFunction.Name: SansVerifierAllocations.
2025-02-04 13:17:20.160 -05:00 [VRB] CoverageMessagesWriter.WriteModuleDataStream: skippedFunction.Name: afficher_fuites.
2025-02-04 13:17:20.160 -05:00 [VRB] CoverageMessagesWriter.WriteModuleDataStream: skippedFunction.Name: static struct HINSTANCE__ * GetPdbDllFromInstallPath().
2025-02-04 13:17:20.160 -05:00 [VRB] CoverageMessagesWriter.WriteModuleDataStream: skippedFunction.Name: __Init_thread_unlock.
2025-02-04 13:17:20.160 -05:00 [VRB] CoverageMessagesWriter.WriteModuleDataStream: skippedFunction.Name: extent_type<4294967295><2>.
2025-02-04 13:17:20.160 -05:00 [VRB] CoverageMessagesWriter.WriteModuleDataStream: skippedFunction.Name: static void pre_cpp_initialization().
2025-02-04 13:17:20.160 -05:00 [VRB] CoverageMessagesWriter.WriteModuleDataStream: skippedFunction.Name: _Unchecked_begin.
2025-02-04 13:17:20.160 -05:00 [VRB] CoverageMessagesWriter.WriteModuleDataStream: skippedFunction.Name: __except_handler4.
2025-02-04 13:17:20.160 -05:00 [VRB] CoverageMessagesWriter.WriteModuleDataStream: skippedFunction.Name: remet().
2025-02-04 13:17:20.160 -05:00 [VRB] CoverageMessagesWriter.WriteModuleDataStream: skippedFunction.Name: storage_type<gsl::details::extent_type<4294967295> ><gsl::details::extent_type<2> >.
2025-02-04 13:17:20.160 -05:00 [VRB] CoverageMessagesWriter.WriteModuleDataStream: skippedFunction.Name: extent_type<4294967295>.
2025-02-04 13:17:20.160 -05:00 [VRB] CoverageMessagesWriter.WriteModuleDataStream: skippedFunction.Name: __filter_x86_sse2_floating_point_exception_default.
2025-02-04 13:17:20.160 -05:00 [VRB] CoverageMessagesWriter.WriteModuleDataStream: skippedFunction.Name: __Init_thread_abort.
2025-02-04 13:17:20.160 -05:00 [VRB] CoverageMessagesWriter.WriteModuleDataStream: skippedFunction.Name: size.
2025-02-04 13:17:20.160 -05:00 [VRB] CoverageMessagesWriter.WriteModuleDataStream: skippedFunction.Name: not_equal_to_end.
2025-02-04 13:17:20.160 -05:00 [VRB] CoverageMessagesWriter.WriteModuleDataStream: skippedFunction.Name: operator()<std::pair<void * const,bibliotheque_cours::InfoBlocMemoire>,std::pair<void * const,bibliotheque_cours::InfoBlocMemoire> >(struct std::pair<void * const,bibliotheque_cours::InfoBlocMemoire> *, struct std::pair<void * const,bibliotheque_cours::InfoBlocMemoire> *).
2025-02-04 13:17:20.160 -05:00 [VRB] CoverageMessagesWriter.WriteModuleDataStream: skippedFunction.Name: span<unsigned int,4294967295><4294967295,0>.
2025-02-04 13:17:20.160 -05:00 [VRB] CoverageMessagesWriter.WriteModuleDataStream: skippedFunction.Name: @_RTC_CheckStackVars@8.
2025-02-04 13:17:20.160 -05:00 [VRB] CoverageMessagesWriter.WriteModuleDataStream: skippedFunction.Name: sync.
2025-02-04 13:17:20.160 -05:00 [VRB] CoverageMessagesWriter.WriteModuleDataStream: skippedFunction.Name: `dynamic initializer for 'cdbg''().
2025-02-04 13:17:20.160 -05:00 [VRB] CoverageMessagesWriter.WriteModuleDataStream: skippedFunction.Name: assurer_taille_allocation_possible.
2025-02-04 13:17:20.160 -05:00 [VRB] CoverageMessagesWriter.WriteModuleDataStream: skippedFunction.Name: storage_type<gsl::details::extent_type<4294967295> ><unsigned int>.
2025-02-04 13:17:20.160 -05:00 [VRB] CoverageMessagesWriter.WriteModuleDataStream: skippedFunction.Name: @_guard_check_icall_nop@4.
2025-02-04 13:17:20.160 -05:00 [VRB] CoverageMessagesWriter.WriteModuleDataStream: skippedFunction.Name: operator()(unsigned int).
2025-02-04 13:17:20.160 -05:00 [VRB] CoverageMessagesWriter.WriteModuleDataStream: skippedFunction.Name: ~RemplaceRemet<`bibliotheque_cours::remplaceConsoleOutputCP'::`2'::<lambda_1>,unsigned int &>().
2025-02-04 13:17:20.160 -05:00 [VRB] CoverageMessagesWriter.WriteModuleDataStream: skippedFunction.Name: end.
2025-02-04 13:17:20.160 -05:00 [VRB] CoverageMessagesWriter.WriteModuleDataStream: skippedFunction.Name: _RTC_GetSrcLine.
2025-02-04 13:17:20.160 -05:00 [VRB] CoverageMessagesWriter.WriteModuleDataStream: skippedFunction.Name: __Init_thread_notify.
2025-02-04 13:17:20.160 -05:00 [VRB] CoverageMessagesWriter.WriteModuleDataStream: skippedFunction.Name: __Init_thread_footer.
2025-02-04 13:17:20.160 -05:00 [VRB] CoverageMessagesWriter.WriteModuleDataStream: skippedFunction.Name: operator*.
2025-02-04 13:17:20.160 -05:00 [VRB] CoverageMessagesWriter.WriteModuleDataStream: skippedFunction.Name: `dynamic initializer for '_initConsole''().
2025-02-04 13:17:20.160 -05:00 [VRB] CoverageMessagesWriter.WriteModuleDataStream: skippedFunction.Name: `dynamic initializer for '_initConsole''().
2025-02-04 13:17:20.160 -05:00 [VRB] CoverageMessagesWriter.WriteModuleDataStream: skippedFunction.Name: operator()<gsl::span<char const *,4294967295> >(class gsl::span<char const *,4294967295>).
2025-02-04 13:17:20.160 -05:00 [VRB] CoverageMessagesWriter.WriteModuleDataStream: skippedFunction.Name: taille_allocation_selon_verification_corruption.
2025-02-04 13:17:20.160 -05:00 [VRB] CoverageMessagesWriter.WriteModuleDataStream: skippedFunction.Name: data.
2025-02-04 13:17:20.160 -05:00 [VRB] CoverageMessagesWriter.WriteModuleDataStream: skippedFunction.Name: est_depuis.
2025-02-04 13:17:20.160 -05:00 [VRB] CoverageMessagesWriter.WriteModuleDataStream: skippedFunction.Name: static int GetPdbDllPathFromFilePath(const wchar_t *, wchar_t *, unsigned int).
2025-02-04 13:17:20.160 -05:00 [VRB] CoverageMessagesWriter.WriteModuleDataStream: skippedFunction.Name: static struct HINSTANCE__ * GetPdbDll().
2025-02-04 13:17:20.160 -05:00 [VRB] CoverageMessagesWriter.WriteModuleDataStream: skippedFunction.Name: pointeur_octets.
2025-02-04 13:17:20.160 -05:00 [VRB] CoverageMessagesWriter.WriteModuleDataStream: skippedFunction.Name: displayDebugString(const class std::basic_string<char,std::char_traits<char>,std::allocator<char> > & const).
2025-02-04 13:17:20.160 -05:00 [VRB] CoverageMessagesWriter.WriteModuleDataStream: skippedFunction.Name: executerGoogleTest.
2025-02-04 13:17:20.160 -05:00 [VRB] CoverageMessagesWriter.WriteModuleDataStream: skippedFunction.Name: __Init_thread_header.
2025-02-04 13:17:20.160 -05:00 [VRB] CoverageMessagesWriter.WriteModuleDataStream: skippedFunction.Name: notre_operator_delete.
2025-02-04 13:17:20.160 -05:00 [VRB] CoverageMessagesWriter.WriteModuleDataStream: skippedFunction.Name: operator new[].
2025-02-04 13:17:20.160 -05:00 [VRB] CoverageMessagesWriter.WriteModuleDataStream: skippedFunction.Name: operator new[].
2025-02-04 13:17:20.160 -05:00 [VRB] CoverageMessagesWriter.WriteModuleDataStream: skippedFunction.Name: dump_blocs_alloues.
2025-02-04 13:17:20.160 -05:00 [VRB] CoverageMessagesWriter.WriteModuleDataStream: skippedFunction.Name: flushMessageBuffer.
2025-02-04 13:17:20.160 -05:00 [VRB] CoverageMessagesWriter.WriteModuleDataStream: skippedFunction.Name: initialisation_juste_avant_variables_globales().
2025-02-04 13:17:20.160 -05:00 [VRB] CoverageMessagesWriter.WriteModuleDataStream: skippedFunction.Name: remet().
2025-02-04 13:17:20.160 -05:00 [VRB] CoverageMessagesWriter.WriteModuleDataStream: skippedFunction.Name: VerifierFuitesAllocations.
2025-02-04 13:17:20.160 -05:00 [VRB] CoverageMessagesWriter.WriteModuleDataStream: skippedFunction.Name: tester_verification_corruption_sur_allocation.
2025-02-04 13:17:20.160 -05:00 [VRB] CoverageMessagesWriter.WriteModuleDataStream: skippedFunction.Name: size.
2025-02-04 13:17:20.160 -05:00 [VRB] CoverageMessagesWriter.WriteModuleDataStream: skippedFunction.Name: __Smtx_lock_shared.
2025-02-04 13:17:20.160 -05:00 [VRB] CoverageMessagesWriter.WriteModuleDataStream: skippedFunction.Name: __onexit.
2025-02-04 13:17:20.160 -05:00 [VRB] CoverageMessagesWriter.WriteModuleDataStream: skippedFunction.Name: etait_deja_actif.
2025-02-04 13:17:20.160 -05:00 [VRB] CoverageMessagesWriter.WriteModuleDataStream: skippedFunction.Name: lancer_erreur_delete(bibliotheque_cours::SorteErreurDelete, const struct bibliotheque_cours::InfoBlocMemoire & const).
2025-02-04 13:17:20.160 -05:00 [VRB] CoverageMessagesWriter.WriteModuleDataStream: skippedFunction.Name: static int post_pgo_initialization().
2025-02-04 13:17:20.160 -05:00 [VRB] CoverageMessagesWriter.WriteModuleDataStream: skippedFunction.Name: __crt_debugger_hook.
2025-02-04 13:17:20.160 -05:00 [VRB] CoverageMessagesWriter.WriteModuleDataStream: skippedFunction.Name: activerEncodageLocale.
2025-02-04 13:17:20.160 -05:00 [VRB] CoverageMessagesWriter.WriteModuleDataStream: skippedFunction.Name: <lambda_1>(const int & const).
2025-02-04 13:17:20.160 -05:00 [VRB] CoverageMessagesWriter.WriteModuleDataStream: skippedFunction.Name: __Smtx_lock_exclusive.
2025-02-04 13:17:20.160 -05:00 [VRB] CoverageMessagesWriter.WriteModuleDataStream: skippedFunction.Name: ~VerifierALaFin.
2025-02-04 13:17:20.160 -05:00 [VRB] CoverageMessagesWriter.WriteModuleDataStream: skippedFunction.Name: __Init_thread_lock.
2025-02-04 13:17:20.163 -05:00 [INF] CoverageFileWriter.WriteFile: schema: 1, modules: True, skippedFunctions: True, skippedModules: True, snapshot: True
2025-02-04 13:17:20.164 -05:00 [INF] Report generator: DefaultReportGenerator, output file: couverture2025-02-04_13_17_19,04.coverage
2025-02-04 13:17:20.166 -05:00 [VRB] PipeConnection.Stop: 072ce5e8-5426-4bca-aa0d-24133af492f3 finished
2025-02-04 13:17:20.166 -05:00 [VRB] PipeConnection.Stop: 27a3defd-eed9-47eb-9f39-64439e9594fc finished
2025-02-04 13:17:20.166 -05:00 [VRB] PipeConnection.Stop: 18c75a0b-cbc7-417e-b02b-896051099765 finished
2025-02-04 13:17:20.166 -05:00 [VRB] PipeConnection.Stop: 1be4726e-8038-471c-8865-8aad53590ce0 finished
2025-02-04 13:17:20.166 -05:00 [VRB] PipeConnection.Stop: 4e094c4e-3515-4ab3-9c44-069b495cbf08 finished
2025-02-04 13:17:20.166 -05:00 [VRB] PipeConnection.Stop: 8c74ea65-5694-4b4e-82d1-bca5b0254471 finished
2025-02-04 13:17:20.166 -05:00 [VRB] PipeConnection.Stop: e25e598d-56ff-4820-aa92-e2bd4be761f7 finished
2025-02-04 13:17:20.171 -05:00 [INF] LoggerBase.OnShutdown: Logger is shutting down.
2025-02-04 13:17:20.172 -05:00 [VRB] PipeConnection.Stop: 072ce5e8-5426-4bca-aa0d-24133af492f3 finished
2025-02-04 13:17:20.172 -05:00 [VRB] PipeConnection.Stop: 27a3defd-eed9-47eb-9f39-64439e9594fc finished
2025-02-04 13:17:20.172 -05:00 [VRB] PipeConnection.Stop: 18c75a0b-cbc7-417e-b02b-896051099765 finished
2025-02-04 13:17:20.172 -05:00 [VRB] PipeConnection.Stop: 1be4726e-8038-471c-8865-8aad53590ce0 finished
2025-02-04 13:17:20.172 -05:00 [VRB] PipeConnection.Stop: 4e094c4e-3515-4ab3-9c44-069b495cbf08 finished
2025-02-04 13:17:20.172 -05:00 [VRB] PipeConnection.Stop: 8c74ea65-5694-4b4e-82d1-bca5b0254471 finished
2025-02-04 13:17:20.172 -05:00 [VRB] PipeConnection.Stop: e25e598d-56ff-4820-aa92-e2bd4be761f7 finished
2025-02-04 13:17:20.172 -05:00 [VRB] PipeConnection.Stop: 072ce5e8-5426-4bca-aa0d-24133af492f3 finished
2025-02-04 13:17:20.172 -05:00 [VRB] PipeConnection.Stop: 27a3defd-eed9-47eb-9f39-64439e9594fc finished
2025-02-04 13:17:20.172 -05:00 [VRB] PipeConnection.Stop: 18c75a0b-cbc7-417e-b02b-896051099765 finished
2025-02-04 13:17:20.172 -05:00 [VRB] PipeConnection.Stop: 1be4726e-8038-471c-8865-8aad53590ce0 finished
2025-02-04 13:17:20.172 -05:00 [VRB] PipeConnection.Stop: 4e094c4e-3515-4ab3-9c44-069b495cbf08 finished
2025-02-04 13:17:20.172 -05:00 [VRB] PipeConnection.Stop: 8c74ea65-5694-4b4e-82d1-bca5b0254471 finished
2025-02-04 13:17:20.172 -05:00 [VRB] PipeConnection.Stop: e25e598d-56ff-4820-aa92-e2bd4be761f7 finished
2025-02-04 13:17:20.172 -05:00 [INF] PipeConnection.OnClientConnected: 18c75a0b-cbc7-417e-b02b-896051099765 connection was not made. Exception: Cannot access a closed pipe.
2025-02-04 13:17:20.172 -05:00 [VRB] PipeConnection.OnClientConnected: 18c75a0b-cbc7-417e-b02b-896051099765 finished
2025-02-04 13:17:20.172 -05:00 [INF] PipeConnection.OnClientConnected: 4e094c4e-3515-4ab3-9c44-069b495cbf08 connection was not made. Exception: Cannot access a closed pipe.
2025-02-04 13:17:20.172 -05:00 [VRB] PipeConnection.OnClientConnected: 4e094c4e-3515-4ab3-9c44-069b495cbf08 finished
2025-02-04 13:17:20.172 -05:00 [INF] PipeConnection.OnClientConnected: 1be4726e-8038-471c-8865-8aad53590ce0 connection was not made. Exception: Cannot access a closed pipe.
2025-02-04 13:17:20.172 -05:00 [INF] PipeConnection.OnClientConnected: 8c74ea65-5694-4b4e-82d1-bca5b0254471 connection was not made. Exception: Cannot access a closed pipe.
2025-02-04 13:17:20.172 -05:00 [VRB] PipeConnection.OnClientConnected: 1be4726e-8038-471c-8865-8aad53590ce0 finished
2025-02-04 13:17:20.172 -05:00 [INF] PipeConnection.OnClientConnected: e25e598d-56ff-4820-aa92-e2bd4be761f7 connection was not made. Exception: Cannot access a closed pipe.
2025-02-04 13:17:20.172 -05:00 [VRB] PipeConnection.OnClientConnected: 8c74ea65-5694-4b4e-82d1-bca5b0254471 finished
2025-02-04 13:17:20.172 -05:00 [VRB] PipeConnection.OnClientConnected: e25e598d-56ff-4820-aa92-e2bd4be761f7 finished
2025-02-04 13:17:20.178 -05:00 [VRB] Cleanup session directory folder 'C:\Users\zacka\AppData\Local\Temp\fed89ac5-063a-479a-876e-d59c4ea1ea36'
