2025-02-04 09:58:46.181 -05:00 [INF] ConfigurationFileUtility.GetConfiguration: Coverage settings file not provided. Using default settings.
2025-02-04 09:58:46.215 -05:00 [INF] Starting collection for session id: aae4b330-d297-4d85-87e8-d769daaf48d3
2025-02-04 09:58:46.240 -05:00 [INF] ReportGenerator.LoadGenerators. OutputType: default
2025-02-04 09:58:46.241 -05:00 [ERR] ReportGeneratorFactory.CreateGenerator: Invalid outputType: default found. Using DefaultReportGenerator.
2025-02-04 09:58:46.244 -05:00 [VRB] PrivilegeChecker.IsPrivilegeEnabled number of privileges: 5
2025-02-04 09:58:46.244 -05:00 [VRB] PrivilegeChecker.IsPrivilegeEnabled number of privileges: 5
2025-02-04 09:58:46.244 -05:00 [VRB] PrivilegeChecker.IsPrivilegeEnabled number of privileges: 5
2025-02-04 09:58:46.266 -05:00 [INF] PipeConnectionsManager.OpenConnectionInternal: acquired lock. Creating new connection.
2025-02-04 09:58:46.270 -05:00 [INF] PipeConnectionsManager.OpenConnectionInternal: Created new connection. Number of connections: 0
2025-02-04 09:58:46.270 -05:00 [INF] PipeConnectionsManager.OpenConnectionInternal: acquired lock. Creating new connection.
2025-02-04 09:58:46.270 -05:00 [INF] PipeConnectionsManager.OpenConnectionInternal: Created new connection. Number of connections: 0
2025-02-04 09:58:46.270 -05:00 [INF] PipeConnectionsManager.OpenConnectionInternal: acquired lock. Creating new connection.
2025-02-04 09:58:46.270 -05:00 [INF] PipeConnectionsManager.OpenConnectionInternal: Created new connection. Number of connections: 0
2025-02-04 09:58:46.270 -05:00 [INF] PipeConnectionsManager.OpenConnectionInternal: acquired lock. Creating new connection.
2025-02-04 09:58:46.270 -05:00 [INF] PipeConnectionsManager.OpenConnectionInternal: Created new connection. Number of connections: 0
2025-02-04 09:58:46.270 -05:00 [INF] PipeConnectionsManager.OpenConnectionInternal: acquired lock. Creating new connection.
2025-02-04 09:58:46.270 -05:00 [INF] PipeConnectionsManager.OpenConnectionInternal: Created new connection. Number of connections: 0
2025-02-04 09:58:46.273 -05:00 [VRB] Configuring environment variable key: CODE_COVERAGE_SESSION_NAME, value: aae4b330-d297-4d85-87e8-d769daaf48d3
2025-02-04 09:58:46.273 -05:00 [VRB] Configuring environment variable key: CODE_COVERAGE_PIPE_COUNT, value: 1
2025-02-04 09:58:46.273 -05:00 [VRB] Configuring environment variable key: MicrosoftInstrumentationEngine_DisableCodeSignatureValidation, value: 1
2025-02-04 09:58:46.273 -05:00 [VRB] Configuring environment variable key: CODE_COVERAGE_FLAGS, value: 5
2025-02-04 09:58:46.273 -05:00 [VRB] Configuring environment variable key: CODE_COVERAGE_DATA_PREFIX, value: CodeCoverage.aae4b330-d297-4d85-87e8-d769daaf48d3.
2025-02-04 09:58:46.274 -05:00 [VRB] Configuring environment variable key: MicrosoftInstrumentationEngine_ConfigPath64_VanguardInstrumentationProfiler, value: C:\Program Files\Microsoft Visual Studio\2022\Enterprise\Team Tools\Dynamic Code Coverage Tools\amd64\Cov_x64.config
2025-02-04 09:58:46.274 -05:00 [VRB] Configuring environment variable key: MicrosoftInstrumentationEngine_ConfigPath32_VanguardInstrumentationProfiler, value: C:\Program Files\Microsoft Visual Studio\2022\Enterprise\Team Tools\Dynamic Code Coverage Tools\Cov_x86.config
2025-02-04 09:58:46.274 -05:00 [VRB] Configuring environment variable key: MicrosoftInstrumentationEngine_ConfigPathARM64_VanguardInstrumentationProfiler, value: C:\Program Files\Microsoft Visual Studio\2022\Enterprise\Team Tools\Dynamic Code Coverage Tools\arm64\Cov_arm64.config
2025-02-04 09:58:46.278 -05:00 [VRB] Configuring environment variable key: PATH, value: C:\Program Files\Microsoft Visual Studio\2022\Enterprise\Team Tools\Dynamic Code Coverage Tools\arm64;C:\Program Files\Microsoft Visual Studio\2022\Enterprise\Team Tools\Dynamic Code Coverage Tools\amd64;C:\Program Files\Microsoft Visual Studio\2022\Enterprise\Team Tools\Dynamic Code Coverage Tools;C:\Program Files (x86)\VMware\VMware Workstation\bin\;C:\Program Files\Common Files\Oracle\Java\javapath;C:\Program Files (x86)\Common Files\Oracle\Java\javapath;C:\Windows\system32;C:\Windows;C:\Windows\System32\Wbem;C:\Windows\System32\WindowsPowerShell\v1.0\;C:\Windows\System32\OpenSSH\;C:\Program Files (x86)\NVIDIA Corporation\PhysX\Common;C:\Program Files\dotnet\;C:\Program Files\TortoiseGit\bin;C:\Program Files\Git LFS;C:\Program Files\NVIDIA Corporation\NVIDIA app\NvDLISR;C:\Users\Édouard Renaud\AppData\Local\Programs\Python\Python311;C:\Program Files\Git\cmd;C:\Program Files\Microsoft SQL Server\150\Tools\Binn\;C:\Program Files\Microsoft SQL Server\Client SDK\ODBC\170\Tools\Binn\;C:\Program Files (x86)\Microsoft SQL Server\160\Tools\Binn\;C:\Program Files\Microsoft SQL Server\160\Tools\Binn\;C:\Program Files\Microsoft SQL Server\160\DTS\Binn\;C:\Program Files (x86)\Microsoft SQL Server\160\DTS\Binn\;C:\Program Files (x86)\Windows Kits\10\Windows Performance Toolkit\;C:\WINDOWS\system32;C:\WINDOWS;C:\WINDOWS\System32\Wbem;C:\WINDOWS\System32\WindowsPowerShell\v1.0\;C:\WINDOWS\System32\OpenSSH\;C:\Program Files\Docker\Docker\resources\bin;C:\Users\grave\AppData\Local\Programs\Python\Python312\Scripts\;C:\Users\grave\AppData\Local\Programs\Python\Python312\;C:\Users\grave\AppData\Local\Programs\Python\Launcher\;C:\Users\grave\AppData\Local\Microsoft\WindowsApps;C:\Users\grave\AppData\Local\Programs\Microsoft VS Code\bin;C:\Users\grave\.dotnet\tools;
2025-02-04 09:58:46.280 -05:00 [VRB] Configuring environment variable key: CORECLR_ENABLE_PROFILING, value: 1
2025-02-04 09:58:46.280 -05:00 [VRB] Configuring environment variable key: CORECLR_PROFILER_PATH_64, value: C:\Program Files\Microsoft Visual Studio\2022\Enterprise\Common7\IDE\CommonExtensions\Platform\InstrumentationEngine\x64\MicrosoftInstrumentationEngine_x64.dll
2025-02-04 09:58:46.280 -05:00 [VRB] Configuring environment variable key: CORECLR_PROFILER, value: {324F817A-7420-4E6D-B3C1-143FBED6D855}
2025-02-04 09:58:46.280 -05:00 [VRB] Configuring environment variable key: CORECLR_PROFILER_PATH_32, value: C:\Program Files\Microsoft Visual Studio\2022\Enterprise\Common7\IDE\CommonExtensions\Platform\InstrumentationEngine\x86\MicrosoftInstrumentationEngine_x86.dll
2025-02-04 09:58:46.280 -05:00 [VRB] Configuring environment variable key: CORECLR_PROFILER_PATH_ARM64, value: C:\Program Files\Microsoft Visual Studio\2022\Enterprise\Common7\IDE\CommonExtensions\Platform\InstrumentationEngine\arm64\MicrosoftInstrumentationEngine_arm64.dll
2025-02-04 09:58:46.282 -05:00 [VRB] Configuring environment variable key: COR_ENABLE_PROFILING, value: 1
2025-02-04 09:58:46.282 -05:00 [VRB] Configuring environment variable key: COR_PROFILER_PATH_32, value: C:\Program Files\Microsoft Visual Studio\2022\Enterprise\Common7\IDE\CommonExtensions\Platform\InstrumentationEngine\x86\MicrosoftInstrumentationEngine_x86.dll
2025-02-04 09:58:46.282 -05:00 [VRB] Configuring environment variable key: COR_PROFILER_PATH_64, value: C:\Program Files\Microsoft Visual Studio\2022\Enterprise\Common7\IDE\CommonExtensions\Platform\InstrumentationEngine\x64\MicrosoftInstrumentationEngine_x64.dll
2025-02-04 09:58:46.282 -05:00 [VRB] Configuring environment variable key: COR_PROFILER_PATH_ARM64, value: C:\Program Files\Microsoft Visual Studio\2022\Enterprise\Common7\IDE\CommonExtensions\Platform\InstrumentationEngine\arm64\MicrosoftInstrumentationEngine_arm64.dll
2025-02-04 09:58:46.282 -05:00 [VRB] Configuring environment variable key: COR_PROFILER, value: {324F817A-7420-4E6D-B3C1-143FBED6D855}
2025-02-04 09:58:46.284 -05:00 [VRB] ProcessFactoryWithCovrunInjection.Create injecting covrun into new process for session: aae4b330-d297-4d85-87e8-d769daaf48d3
2025-02-04 09:58:46.284 -05:00 [VRB] ProcessFactory: Starting process: fileName: C:\Program Files\Microsoft Visual Studio\2022\Enterprise\Team Tools\Dynamic Code Coverage Tools\amd64\CodeCoverage.exe, arguments: connect /session:aae4b330-d297-4d85-87e8-d769daaf48d3 /wait C:\Users\grave\TPsINF1015\TPs\TP2\Debug\td2.exe 
2025-02-04 09:58:46.291 -05:00 [INF] Started process id: 28756
2025-02-04 09:58:46.303 -05:00 [INF] PipeConnection.OnClientConnected: dfd4923b-aa1c-48a6-b959-444901d60321 connected: CodeCoverage.pipe.aae4b330-d297-4d85-87e8-d769daaf48d3
2025-02-04 09:58:46.303 -05:00 [INF] PipeConnectionsManager.OnClientConnectedEvent: Client connect with pipe: CodeCoverage.pipe.aae4b330-d297-4d85-87e8-d769daaf48d3
2025-02-04 09:58:46.303 -05:00 [INF] PipeConnectionsManager.OpenConnectionInternal: acquired lock. Creating new connection.
2025-02-04 09:58:46.303 -05:00 [INF] PipeConnectionsManager.OpenConnectionInternal: Created new connection. Number of connections: 1
2025-02-04 09:58:46.305 -05:00 [VRB] PipeConnection.OnClientConnected: dfd4923b-aa1c-48a6-b959-444901d60321 finished
2025-02-04 09:58:46.315 -05:00 [INF] LoggerBase.OnClientConnected: processId:28756
2025-02-04 09:58:46.316 -05:00 [INF] CoveragePipeClient.SendConfiguration[28756]: Sending RegisterClientResponseMessage to client.
2025-02-04 09:58:46.319 -05:00 [VRB] PipeConnection.ReadMessagesAsync: dfd4923b-aa1c-48a6-b959-444901d60321 finished
2025-02-04 09:58:46.321 -05:00 [INF] Process ID 28756 exited.
2025-02-04 09:58:46.324 -05:00 [VRB] PipeConnection.WaitForDisconnection: dfd4923b-aa1c-48a6-b959-444901d60321 finished
2025-02-04 09:58:46.324 -05:00 [VRB] PipeConnection.WaitForDisconnection: 91ca250b-116c-4101-81ee-1126b42594c5 finished
2025-02-04 09:58:46.324 -05:00 [VRB] PipeConnection.WaitForDisconnection: 1a881e99-66d8-4da1-88a2-248c0d303650 finished
2025-02-04 09:58:46.324 -05:00 [VRB] PipeConnection.WaitForDisconnection: cd5b4430-fc14-4a79-b058-2bc3e456b60b finished
2025-02-04 09:58:46.324 -05:00 [VRB] PipeConnection.WaitForDisconnection: a3759be5-a6fb-4bef-99ec-4717b6dd5b0b finished
2025-02-04 09:58:46.324 -05:00 [VRB] PipeConnection.WaitForDisconnection: c751b0ce-84c2-44e8-8ee9-f5d9e8720144 finished
2025-02-04 09:58:46.325 -05:00 [VRB] PipeConnection.Stop: dfd4923b-aa1c-48a6-b959-444901d60321 finished
2025-02-04 09:58:46.325 -05:00 [VRB] PipeConnection.Stop: 91ca250b-116c-4101-81ee-1126b42594c5 finished
2025-02-04 09:58:46.325 -05:00 [VRB] PipeConnection.Stop: 1a881e99-66d8-4da1-88a2-248c0d303650 finished
2025-02-04 09:58:46.325 -05:00 [VRB] PipeConnection.Stop: cd5b4430-fc14-4a79-b058-2bc3e456b60b finished
2025-02-04 09:58:46.325 -05:00 [VRB] PipeConnection.Stop: a3759be5-a6fb-4bef-99ec-4717b6dd5b0b finished
2025-02-04 09:58:46.325 -05:00 [VRB] PipeConnection.Stop: c751b0ce-84c2-44e8-8ee9-f5d9e8720144 finished
2025-02-04 09:58:46.334 -05:00 [INF] CoverageFileWriter.WriteAsync: path: couverture2025-02-04_ 9_58_45.89.coverage, schemaVersion: 1.
2025-02-04 09:58:46.342 -05:00 [INF] CoverageFileWriter.WriteModules: modules.Count: 0.
2025-02-04 09:58:46.346 -05:00 [INF] CoverageFileWriter.WriteSkippedModuleData: skippedModules.Count: 0
2025-02-04 09:58:46.348 -05:00 [INF] CoverageFileWriter.WriteFile: schema: 1, modules: True, skippedFunctions: True, skippedModules: True, snapshot: True
2025-02-04 09:58:46.349 -05:00 [INF] Report generator: DefaultReportGenerator, output file: couverture2025-02-04_ 9_58_45.89.coverage
2025-02-04 09:58:46.350 -05:00 [VRB] PipeConnection.Stop: dfd4923b-aa1c-48a6-b959-444901d60321 finished
2025-02-04 09:58:46.350 -05:00 [VRB] PipeConnection.Stop: 91ca250b-116c-4101-81ee-1126b42594c5 finished
2025-02-04 09:58:46.350 -05:00 [VRB] PipeConnection.Stop: 1a881e99-66d8-4da1-88a2-248c0d303650 finished
2025-02-04 09:58:46.350 -05:00 [VRB] PipeConnection.Stop: cd5b4430-fc14-4a79-b058-2bc3e456b60b finished
2025-02-04 09:58:46.350 -05:00 [VRB] PipeConnection.Stop: a3759be5-a6fb-4bef-99ec-4717b6dd5b0b finished
2025-02-04 09:58:46.350 -05:00 [VRB] PipeConnection.Stop: c751b0ce-84c2-44e8-8ee9-f5d9e8720144 finished
2025-02-04 09:58:46.352 -05:00 [INF] LoggerBase.OnShutdown: Logger is shutting down.
2025-02-04 09:58:46.353 -05:00 [VRB] PipeConnection.Stop: dfd4923b-aa1c-48a6-b959-444901d60321 finished
2025-02-04 09:58:46.353 -05:00 [VRB] PipeConnection.Stop: 91ca250b-116c-4101-81ee-1126b42594c5 finished
2025-02-04 09:58:46.353 -05:00 [VRB] PipeConnection.Stop: 1a881e99-66d8-4da1-88a2-248c0d303650 finished
2025-02-04 09:58:46.353 -05:00 [VRB] PipeConnection.Stop: cd5b4430-fc14-4a79-b058-2bc3e456b60b finished
2025-02-04 09:58:46.353 -05:00 [VRB] PipeConnection.Stop: a3759be5-a6fb-4bef-99ec-4717b6dd5b0b finished
2025-02-04 09:58:46.353 -05:00 [VRB] PipeConnection.Stop: c751b0ce-84c2-44e8-8ee9-f5d9e8720144 finished
2025-02-04 09:58:46.354 -05:00 [VRB] PipeConnection.Stop: dfd4923b-aa1c-48a6-b959-444901d60321 finished
2025-02-04 09:58:46.354 -05:00 [VRB] PipeConnection.Stop: 91ca250b-116c-4101-81ee-1126b42594c5 finished
2025-02-04 09:58:46.354 -05:00 [VRB] PipeConnection.Stop: 1a881e99-66d8-4da1-88a2-248c0d303650 finished
2025-02-04 09:58:46.354 -05:00 [VRB] PipeConnection.Stop: cd5b4430-fc14-4a79-b058-2bc3e456b60b finished
2025-02-04 09:58:46.354 -05:00 [VRB] PipeConnection.Stop: a3759be5-a6fb-4bef-99ec-4717b6dd5b0b finished
2025-02-04 09:58:46.354 -05:00 [VRB] PipeConnection.Stop: c751b0ce-84c2-44e8-8ee9-f5d9e8720144 finished
2025-02-04 09:58:46.357 -05:00 [VRB] Cleanup session directory folder 'C:\Users\grave\AppData\Local\Temp\aae4b330-d297-4d85-87e8-d769daaf48d3'
