2025-02-12 13:04:49.336 -05:00 [INF] ConfigurationFileUtility.GetConfiguration: Coverage settings file not provided. Using default settings.
2025-02-12 13:04:49.387 -05:00 [INF] Starting collection for session id: 7953cf38-9dec-4c5c-a2a9-568d18ba5f57
2025-02-12 13:04:49.419 -05:00 [INF] ReportGenerator.LoadGenerators. OutputType: default
2025-02-12 13:04:49.421 -05:00 [ERR] ReportGeneratorFactory.CreateGenerator: Invalid outputType: default found. Using DefaultReportGenerator.
2025-02-12 13:04:49.427 -05:00 [VRB] PrivilegeChecker.IsPrivilegeEnabled number of privileges: 4
2025-02-12 13:04:49.427 -05:00 [VRB] PrivilegeChecker.IsPrivilegeEnabled number of privileges: 4
2025-02-12 13:04:49.427 -05:00 [VRB] PrivilegeChecker.IsPrivilegeEnabled number of privileges: 4
2025-02-12 13:04:49.466 -05:00 [INF] PipeConnectionsManager.OpenConnectionInternal: acquired lock. Creating new connection.
2025-02-12 13:04:49.466 -05:00 [INF] PipeConnectionsManager.OpenConnectionInternal: Created new connection. Number of connections: 0
2025-02-12 13:04:49.466 -05:00 [INF] PipeConnectionsManager.OpenConnectionInternal: acquired lock. Creating new connection.
2025-02-12 13:04:49.466 -05:00 [INF] PipeConnectionsManager.OpenConnectionInternal: Created new connection. Number of connections: 0
2025-02-12 13:04:49.466 -05:00 [INF] PipeConnectionsManager.OpenConnectionInternal: acquired lock. Creating new connection.
2025-02-12 13:04:49.466 -05:00 [INF] PipeConnectionsManager.OpenConnectionInternal: Created new connection. Number of connections: 0
2025-02-12 13:04:49.466 -05:00 [INF] PipeConnectionsManager.OpenConnectionInternal: acquired lock. Creating new connection.
2025-02-12 13:04:49.466 -05:00 [INF] PipeConnectionsManager.OpenConnectionInternal: Created new connection. Number of connections: 0
2025-02-12 13:04:49.466 -05:00 [INF] PipeConnectionsManager.OpenConnectionInternal: acquired lock. Creating new connection.
2025-02-12 13:04:49.466 -05:00 [INF] PipeConnectionsManager.OpenConnectionInternal: Created new connection. Number of connections: 0
2025-02-12 13:04:49.466 -05:00 [VRB] Configuring environment variable key: CODE_COVERAGE_SESSION_NAME, value: 7953cf38-9dec-4c5c-a2a9-568d18ba5f57
2025-02-12 13:04:49.466 -05:00 [VRB] Configuring environment variable key: CODE_COVERAGE_PIPE_COUNT, value: 1
2025-02-12 13:04:49.466 -05:00 [VRB] Configuring environment variable key: MicrosoftInstrumentationEngine_DisableCodeSignatureValidation, value: 1
2025-02-12 13:04:49.466 -05:00 [VRB] Configuring environment variable key: CODE_COVERAGE_FLAGS, value: 5
2025-02-12 13:04:49.466 -05:00 [VRB] Configuring environment variable key: CODE_COVERAGE_DATA_PREFIX, value: CodeCoverage.7953cf38-9dec-4c5c-a2a9-568d18ba5f57.
2025-02-12 13:04:49.466 -05:00 [VRB] Configuring environment variable key: MicrosoftInstrumentationEngine_ConfigPath64_VanguardInstrumentationProfiler, value: C:\Program Files\Microsoft Visual Studio\2022\Enterprise\Team Tools\Dynamic Code Coverage Tools\amd64\Cov_x64.config
2025-02-12 13:04:49.466 -05:00 [VRB] Configuring environment variable key: MicrosoftInstrumentationEngine_ConfigPath32_VanguardInstrumentationProfiler, value: C:\Program Files\Microsoft Visual Studio\2022\Enterprise\Team Tools\Dynamic Code Coverage Tools\Cov_x86.config
2025-02-12 13:04:49.466 -05:00 [VRB] Configuring environment variable key: MicrosoftInstrumentationEngine_ConfigPathARM64_VanguardInstrumentationProfiler, value: C:\Program Files\Microsoft Visual Studio\2022\Enterprise\Team Tools\Dynamic Code Coverage Tools\arm64\Cov_arm64.config
2025-02-12 13:04:49.484 -05:00 [VRB] Configuring environment variable key: PATH, value: C:\Program Files\Microsoft Visual Studio\2022\Enterprise\Team Tools\Dynamic Code Coverage Tools\arm64;C:\Program Files\Microsoft Visual Studio\2022\Enterprise\Team Tools\Dynamic Code Coverage Tools\amd64;C:\Program Files\Microsoft Visual Studio\2022\Enterprise\Team Tools\Dynamic Code Coverage Tools;C:\Program Files (x86)\VMware\VMware Workstation\bin\;C:\windows\system32;C:\windows;C:\windows\System32\Wbem;C:\windows\System32\WindowsPowerShell\v1.0\;C:\windows\System32\OpenSSH\;C:\Program Files (x86)\NVIDIA Corporation\PhysX\Common;C:\Users\Administrator\AppData\Local\Microsoft\WindowsApps;C:\Program Files\HP\OMEN-Broadcast\Common;C:\Program Files\NVIDIA Corporation\NVIDIA app\NvDLISR;C:\Program Files\dotnet\;C:\Program Files (x86)\Windows Kits\10\Windows Performance Toolkit\;C:\Program Files\Microsoft SQL Server\150\Tools\Binn\;C:\Program Files\Git\cmd;C:\WINDOWS\system32;C:\WINDOWS;C:\WINDOWS\System32\Wbem;C:\WINDOWS\System32\WindowsPowerShell\v1.0\;C:\WINDOWS\System32\OpenSSH\;C:\Users\zacka\AppData\Local\Microsoft\WindowsApps;C:\Users\zacka\AppData\Local\Programs\Microsoft VS Code\bin;C:\Users\zacka\.dotnet\tools;
2025-02-12 13:04:49.486 -05:00 [VRB] Configuring environment variable key: CORECLR_ENABLE_PROFILING, value: 1
2025-02-12 13:04:49.486 -05:00 [VRB] Configuring environment variable key: CORECLR_PROFILER_PATH_64, value: C:\Program Files\Microsoft Visual Studio\2022\Enterprise\Common7\IDE\CommonExtensions\Platform\InstrumentationEngine\x64\MicrosoftInstrumentationEngine_x64.dll
2025-02-12 13:04:49.486 -05:00 [VRB] Configuring environment variable key: CORECLR_PROFILER, value: {324F817A-7420-4E6D-B3C1-143FBED6D855}
2025-02-12 13:04:49.486 -05:00 [VRB] Configuring environment variable key: CORECLR_PROFILER_PATH_32, value: C:\Program Files\Microsoft Visual Studio\2022\Enterprise\Common7\IDE\CommonExtensions\Platform\InstrumentationEngine\x86\MicrosoftInstrumentationEngine_x86.dll
2025-02-12 13:04:49.488 -05:00 [VRB] Configuring environment variable key: CORECLR_PROFILER_PATH_ARM64, value: C:\Program Files\Microsoft Visual Studio\2022\Enterprise\Common7\IDE\CommonExtensions\Platform\InstrumentationEngine\arm64\MicrosoftInstrumentationEngine_arm64.dll
2025-02-12 13:04:49.490 -05:00 [VRB] Configuring environment variable key: COR_ENABLE_PROFILING, value: 1
2025-02-12 13:04:49.490 -05:00 [VRB] Configuring environment variable key: COR_PROFILER_PATH_32, value: C:\Program Files\Microsoft Visual Studio\2022\Enterprise\Common7\IDE\CommonExtensions\Platform\InstrumentationEngine\x86\MicrosoftInstrumentationEngine_x86.dll
2025-02-12 13:04:49.490 -05:00 [VRB] Configuring environment variable key: COR_PROFILER_PATH_64, value: C:\Program Files\Microsoft Visual Studio\2022\Enterprise\Common7\IDE\CommonExtensions\Platform\InstrumentationEngine\x64\MicrosoftInstrumentationEngine_x64.dll
2025-02-12 13:04:49.490 -05:00 [VRB] Configuring environment variable key: COR_PROFILER_PATH_ARM64, value: C:\Program Files\Microsoft Visual Studio\2022\Enterprise\Common7\IDE\CommonExtensions\Platform\InstrumentationEngine\arm64\MicrosoftInstrumentationEngine_arm64.dll
2025-02-12 13:04:49.490 -05:00 [VRB] Configuring environment variable key: COR_PROFILER, value: {324F817A-7420-4E6D-B3C1-143FBED6D855}
2025-02-12 13:04:49.492 -05:00 [VRB] ProcessFactoryWithCovrunInjection.Create injecting covrun into new process for session: 7953cf38-9dec-4c5c-a2a9-568d18ba5f57
2025-02-12 13:04:49.494 -05:00 [VRB] ProcessFactory: Starting process: fileName: C:\Program Files\Microsoft Visual Studio\2022\Enterprise\Team Tools\Dynamic Code Coverage Tools\amd64\CodeCoverage.exe, arguments: connect /session:7953cf38-9dec-4c5c-a2a9-568d18ba5f57 /wait C:\Users\zacka\Documents\Université\Session2\INF1015\New folder\TP2\Debug\td2.exe
2025-02-12 13:04:49.521 -05:00 [INF] Started process id: 2364
2025-02-12 13:04:49.533 -05:00 [INF] PipeConnection.OnClientConnected: 097f110c-71a2-40e2-9c7a-ac2d2da12460 connected: CodeCoverage.pipe.7953cf38-9dec-4c5c-a2a9-568d18ba5f57
2025-02-12 13:04:49.533 -05:00 [INF] PipeConnectionsManager.OnClientConnectedEvent: Client connect with pipe: CodeCoverage.pipe.7953cf38-9dec-4c5c-a2a9-568d18ba5f57
2025-02-12 13:04:49.533 -05:00 [INF] PipeConnectionsManager.OpenConnectionInternal: acquired lock. Creating new connection.
2025-02-12 13:04:49.533 -05:00 [INF] PipeConnectionsManager.OpenConnectionInternal: Created new connection. Number of connections: 1
2025-02-12 13:04:49.549 -05:00 [VRB] PipeConnection.OnClientConnected: 097f110c-71a2-40e2-9c7a-ac2d2da12460 finished
2025-02-12 13:04:49.569 -05:00 [INF] LoggerBase.OnClientConnected: processId:2364
2025-02-12 13:04:49.569 -05:00 [INF] CoveragePipeClient.SendConfiguration[2364]: Sending RegisterClientResponseMessage to client.
2025-02-12 13:04:49.577 -05:00 [VRB] PipeConnection.ReadMessagesAsync: 097f110c-71a2-40e2-9c7a-ac2d2da12460 finished
2025-02-12 13:04:49.718 -05:00 [INF] PipeConnection.OnClientConnected: 56cfcab1-5de7-492c-9cd1-b84eb98e83a3 connected: CodeCoverage.pipe.7953cf38-9dec-4c5c-a2a9-568d18ba5f57
2025-02-12 13:04:49.718 -05:00 [INF] PipeConnectionsManager.OnClientConnectedEvent: Client connect with pipe: CodeCoverage.pipe.7953cf38-9dec-4c5c-a2a9-568d18ba5f57
2025-02-12 13:04:49.718 -05:00 [INF] PipeConnectionsManager.OpenConnectionInternal: acquired lock. Creating new connection.
2025-02-12 13:04:49.718 -05:00 [INF] PipeConnectionsManager.OpenConnectionInternal: Created new connection. Number of connections: 2
2025-02-12 13:04:49.718 -05:00 [VRB] PipeConnection.OnClientConnected: 56cfcab1-5de7-492c-9cd1-b84eb98e83a3 finished
2025-02-12 13:04:49.718 -05:00 [INF] LoggerBase.OnClientConnected: processId:20204
2025-02-12 13:04:49.718 -05:00 [INF] CoveragePipeClient.SendConfiguration[20204]: Sending RegisterClientResponseMessage to client.
2025-02-12 13:04:49.736 -05:00 [INF] LoggerBase.CreateStream[20204]: k:StreamKey { Id = b80c97c8-6322-4bb8-acfe-6f9ad3b13f2c, Prefix = entrypoint:\ } type:b157a3a4-9542-4546-859b-abd1367a08ed path:C:\Users\zacka\Documents\Université\Session2\INF1015\New folder\TP2\Debug\td2.exe
2025-02-12 13:04:49.742 -05:00 [INF] StaticStreamCreator.CreateStream: Creating LocalMemoryStream. streamId:0, identifier:00000000-0000-0000-0000-000000000000
2025-02-12 13:04:49.744 -05:00 [INF] LoggerBase.OnCreateStream: processId:20204, streamId:0, streamType:b157a3a4-9542-4546-859b-abd1367a08ed, bufferSize:0, bufferHeader:, bufferName:, prefix:entrypoint:\
2025-02-12 13:04:49.746 -05:00 [INF] CoveragePipeClient.SendCreateStreamResponse[20204]: streamId:0, bufferName:
2025-02-12 13:04:49.764 -05:00 [INF] LoggerBase.CreateStream[20204]: k:StreamKey { Id = b80c97c8-6322-4bb8-acfe-6f9ad3b13f2c, Prefix = unmanaged:\ } type:2a4f0f81-6809-4480-87ce-0d772568cfb6 path:C:\Users\zacka\Documents\Université\Session2\INF1015\New folder\TP2\Debug\td2.exe
2025-02-12 13:04:49.764 -05:00 [INF] StaticStreamCreator.CreateStream: Creating LocalMemoryStream. streamId:1, identifier:00000000-0000-0000-0000-000000000000
2025-02-12 13:04:49.764 -05:00 [INF] LoggerBase.OnCreateStream: processId:20204, streamId:1, streamType:2a4f0f81-6809-4480-87ce-0d772568cfb6, bufferSize:0, bufferHeader:, bufferName:, prefix:unmanaged:\
2025-02-12 13:04:49.764 -05:00 [INF] CoveragePipeClient.SendCreateStreamResponse[20204]: streamId:1, bufferName:
2025-02-12 13:04:49.784 -05:00 [VRB] LoggerBase.OnWriteStream: processId:20204, streamId:1, streamType:2a4f0f81-6809-4480-87ce-0d772568cfb6, bufferSize:212
2025-02-12 13:04:49.815 -05:00 [VRB] LoggerBase.OnWriteStream: processId:20204, streamId:1, streamType:2a4f0f81-6809-4480-87ce-0d772568cfb6, bufferSize:102
2025-02-12 13:04:49.815 -05:00 [VRB] LoggerBase.OnWriteStream: processId:20204, streamId:1, streamType:2a4f0f81-6809-4480-87ce-0d772568cfb6, bufferSize:304
2025-02-12 13:04:49.818 -05:00 [VRB] LoggerBase.OnWriteStream: processId:20204, streamId:1, streamType:2a4f0f81-6809-4480-87ce-0d772568cfb6, bufferSize:104
2025-02-12 13:04:49.818 -05:00 [VRB] LoggerBase.OnWriteStream: processId:20204, streamId:1, streamType:2a4f0f81-6809-4480-87ce-0d772568cfb6, bufferSize:92
2025-02-12 13:04:49.819 -05:00 [VRB] LoggerBase.OnWriteStream: processId:20204, streamId:1, streamType:2a4f0f81-6809-4480-87ce-0d772568cfb6, bufferSize:52
2025-02-12 13:04:49.819 -05:00 [VRB] LoggerBase.OnWriteStream: processId:20204, streamId:1, streamType:2a4f0f81-6809-4480-87ce-0d772568cfb6, bufferSize:74
2025-02-12 13:04:49.819 -05:00 [VRB] LoggerBase.OnWriteStream: processId:20204, streamId:1, streamType:2a4f0f81-6809-4480-87ce-0d772568cfb6, bufferSize:60
2025-02-12 13:04:49.821 -05:00 [VRB] LoggerBase.OnWriteStream: processId:20204, streamId:1, streamType:2a4f0f81-6809-4480-87ce-0d772568cfb6, bufferSize:196
2025-02-12 13:04:49.821 -05:00 [VRB] LoggerBase.OnWriteStream: processId:20204, streamId:1, streamType:2a4f0f81-6809-4480-87ce-0d772568cfb6, bufferSize:242
2025-02-12 13:04:49.821 -05:00 [VRB] LoggerBase.OnWriteStream: processId:20204, streamId:1, streamType:2a4f0f81-6809-4480-87ce-0d772568cfb6, bufferSize:110
2025-02-12 13:04:49.821 -05:00 [VRB] LoggerBase.OnWriteStream: processId:20204, streamId:1, streamType:2a4f0f81-6809-4480-87ce-0d772568cfb6, bufferSize:48
2025-02-12 13:04:49.821 -05:00 [VRB] LoggerBase.OnWriteStream: processId:20204, streamId:1, streamType:2a4f0f81-6809-4480-87ce-0d772568cfb6, bufferSize:48
2025-02-12 13:04:49.821 -05:00 [VRB] LoggerBase.OnWriteStream: processId:20204, streamId:1, streamType:2a4f0f81-6809-4480-87ce-0d772568cfb6, bufferSize:48
2025-02-12 13:04:49.821 -05:00 [VRB] LoggerBase.OnWriteStream: processId:20204, streamId:1, streamType:2a4f0f81-6809-4480-87ce-0d772568cfb6, bufferSize:62
2025-02-12 13:04:49.821 -05:00 [VRB] LoggerBase.OnWriteStream: processId:20204, streamId:1, streamType:2a4f0f81-6809-4480-87ce-0d772568cfb6, bufferSize:198
2025-02-12 13:04:49.821 -05:00 [VRB] LoggerBase.OnWriteStream: processId:20204, streamId:1, streamType:2a4f0f81-6809-4480-87ce-0d772568cfb6, bufferSize:68
2025-02-12 13:04:49.821 -05:00 [VRB] LoggerBase.OnWriteStream: processId:20204, streamId:1, streamType:2a4f0f81-6809-4480-87ce-0d772568cfb6, bufferSize:90
2025-02-12 13:04:49.821 -05:00 [VRB] LoggerBase.OnWriteStream: processId:20204, streamId:1, streamType:2a4f0f81-6809-4480-87ce-0d772568cfb6, bufferSize:142
2025-02-12 13:04:49.821 -05:00 [VRB] LoggerBase.OnWriteStream: processId:20204, streamId:1, streamType:2a4f0f81-6809-4480-87ce-0d772568cfb6, bufferSize:110
2025-02-12 13:04:49.821 -05:00 [VRB] LoggerBase.OnWriteStream: processId:20204, streamId:1, streamType:2a4f0f81-6809-4480-87ce-0d772568cfb6, bufferSize:204
2025-02-12 13:04:49.821 -05:00 [VRB] LoggerBase.OnWriteStream: processId:20204, streamId:1, streamType:2a4f0f81-6809-4480-87ce-0d772568cfb6, bufferSize:82
2025-02-12 13:04:49.821 -05:00 [VRB] LoggerBase.OnWriteStream: processId:20204, streamId:1, streamType:2a4f0f81-6809-4480-87ce-0d772568cfb6, bufferSize:58
2025-02-12 13:04:49.821 -05:00 [VRB] LoggerBase.OnWriteStream: processId:20204, streamId:1, streamType:2a4f0f81-6809-4480-87ce-0d772568cfb6, bufferSize:60
2025-02-12 13:04:49.821 -05:00 [VRB] LoggerBase.OnWriteStream: processId:20204, streamId:1, streamType:2a4f0f81-6809-4480-87ce-0d772568cfb6, bufferSize:66
2025-02-12 13:04:49.821 -05:00 [VRB] LoggerBase.OnWriteStream: processId:20204, streamId:1, streamType:2a4f0f81-6809-4480-87ce-0d772568cfb6, bufferSize:56
2025-02-12 13:04:49.821 -05:00 [VRB] LoggerBase.OnWriteStream: processId:20204, streamId:1, streamType:2a4f0f81-6809-4480-87ce-0d772568cfb6, bufferSize:116
2025-02-12 13:04:49.821 -05:00 [VRB] LoggerBase.OnWriteStream: processId:20204, streamId:1, streamType:2a4f0f81-6809-4480-87ce-0d772568cfb6, bufferSize:58
2025-02-12 13:04:49.827 -05:00 [VRB] LoggerBase.OnWriteStream: processId:20204, streamId:1, streamType:2a4f0f81-6809-4480-87ce-0d772568cfb6, bufferSize:1314
2025-02-12 13:04:49.827 -05:00 [VRB] LoggerBase.OnWriteStream: processId:20204, streamId:1, streamType:2a4f0f81-6809-4480-87ce-0d772568cfb6, bufferSize:84
2025-02-12 13:04:49.827 -05:00 [VRB] LoggerBase.OnWriteStream: processId:20204, streamId:1, streamType:2a4f0f81-6809-4480-87ce-0d772568cfb6, bufferSize:88
2025-02-12 13:04:49.827 -05:00 [VRB] LoggerBase.OnWriteStream: processId:20204, streamId:1, streamType:2a4f0f81-6809-4480-87ce-0d772568cfb6, bufferSize:76
2025-02-12 13:04:49.827 -05:00 [VRB] LoggerBase.OnWriteStream: processId:20204, streamId:1, streamType:2a4f0f81-6809-4480-87ce-0d772568cfb6, bufferSize:150
2025-02-12 13:04:49.828 -05:00 [VRB] LoggerBase.OnWriteStream: processId:20204, streamId:1, streamType:2a4f0f81-6809-4480-87ce-0d772568cfb6, bufferSize:84
2025-02-12 13:04:49.828 -05:00 [VRB] LoggerBase.OnWriteStream: processId:20204, streamId:1, streamType:2a4f0f81-6809-4480-87ce-0d772568cfb6, bufferSize:208
2025-02-12 13:04:49.828 -05:00 [VRB] LoggerBase.OnWriteStream: processId:20204, streamId:1, streamType:2a4f0f81-6809-4480-87ce-0d772568cfb6, bufferSize:84
2025-02-12 13:04:49.828 -05:00 [VRB] LoggerBase.OnWriteStream: processId:20204, streamId:1, streamType:2a4f0f81-6809-4480-87ce-0d772568cfb6, bufferSize:76
2025-02-12 13:04:49.828 -05:00 [VRB] LoggerBase.OnWriteStream: processId:20204, streamId:1, streamType:2a4f0f81-6809-4480-87ce-0d772568cfb6, bufferSize:1504
2025-02-12 13:04:49.828 -05:00 [VRB] LoggerBase.OnWriteStream: processId:20204, streamId:1, streamType:2a4f0f81-6809-4480-87ce-0d772568cfb6, bufferSize:58
2025-02-12 13:04:49.828 -05:00 [VRB] LoggerBase.OnWriteStream: processId:20204, streamId:1, streamType:2a4f0f81-6809-4480-87ce-0d772568cfb6, bufferSize:62
2025-02-12 13:04:49.828 -05:00 [VRB] LoggerBase.OnWriteStream: processId:20204, streamId:1, streamType:2a4f0f81-6809-4480-87ce-0d772568cfb6, bufferSize:410
2025-02-12 13:04:49.828 -05:00 [VRB] LoggerBase.OnWriteStream: processId:20204, streamId:1, streamType:2a4f0f81-6809-4480-87ce-0d772568cfb6, bufferSize:220
2025-02-12 13:04:49.828 -05:00 [VRB] LoggerBase.OnWriteStream: processId:20204, streamId:1, streamType:2a4f0f81-6809-4480-87ce-0d772568cfb6, bufferSize:44
2025-02-12 13:04:49.831 -05:00 [VRB] LoggerBase.OnWriteStream: processId:20204, streamId:1, streamType:2a4f0f81-6809-4480-87ce-0d772568cfb6, bufferSize:44
2025-02-12 13:04:49.831 -05:00 [VRB] LoggerBase.OnWriteStream: processId:20204, streamId:1, streamType:2a4f0f81-6809-4480-87ce-0d772568cfb6, bufferSize:698
2025-02-12 13:04:49.831 -05:00 [VRB] LoggerBase.OnWriteStream: processId:20204, streamId:1, streamType:2a4f0f81-6809-4480-87ce-0d772568cfb6, bufferSize:1006
2025-02-12 13:04:49.831 -05:00 [VRB] LoggerBase.OnWriteStream: processId:20204, streamId:1, streamType:2a4f0f81-6809-4480-87ce-0d772568cfb6, bufferSize:606
2025-02-12 13:04:49.831 -05:00 [VRB] LoggerBase.OnWriteStream: processId:20204, streamId:1, streamType:2a4f0f81-6809-4480-87ce-0d772568cfb6, bufferSize:76
2025-02-12 13:04:49.831 -05:00 [VRB] LoggerBase.OnWriteStream: processId:20204, streamId:1, streamType:2a4f0f81-6809-4480-87ce-0d772568cfb6, bufferSize:48
2025-02-12 13:04:49.831 -05:00 [VRB] LoggerBase.OnWriteStream: processId:20204, streamId:1, streamType:2a4f0f81-6809-4480-87ce-0d772568cfb6, bufferSize:68
2025-02-12 13:04:49.831 -05:00 [VRB] LoggerBase.OnWriteStream: processId:20204, streamId:1, streamType:2a4f0f81-6809-4480-87ce-0d772568cfb6, bufferSize:748
2025-02-12 13:04:49.831 -05:00 [VRB] LoggerBase.OnWriteStream: processId:20204, streamId:1, streamType:2a4f0f81-6809-4480-87ce-0d772568cfb6, bufferSize:414
2025-02-12 13:04:49.831 -05:00 [VRB] LoggerBase.OnWriteStream: processId:20204, streamId:1, streamType:2a4f0f81-6809-4480-87ce-0d772568cfb6, bufferSize:86
2025-02-12 13:04:49.831 -05:00 [VRB] LoggerBase.OnWriteStream: processId:20204, streamId:1, streamType:2a4f0f81-6809-4480-87ce-0d772568cfb6, bufferSize:124
2025-02-12 13:04:49.831 -05:00 [VRB] LoggerBase.OnWriteStream: processId:20204, streamId:1, streamType:2a4f0f81-6809-4480-87ce-0d772568cfb6, bufferSize:98
2025-02-12 13:04:49.831 -05:00 [VRB] LoggerBase.OnWriteStream: processId:20204, streamId:1, streamType:2a4f0f81-6809-4480-87ce-0d772568cfb6, bufferSize:230
2025-02-12 13:04:49.831 -05:00 [VRB] LoggerBase.OnWriteStream: processId:20204, streamId:1, streamType:2a4f0f81-6809-4480-87ce-0d772568cfb6, bufferSize:78
2025-02-12 13:04:49.831 -05:00 [VRB] LoggerBase.OnWriteStream: processId:20204, streamId:1, streamType:2a4f0f81-6809-4480-87ce-0d772568cfb6, bufferSize:62
2025-02-12 13:04:49.831 -05:00 [VRB] LoggerBase.OnWriteStream: processId:20204, streamId:1, streamType:2a4f0f81-6809-4480-87ce-0d772568cfb6, bufferSize:70
2025-02-12 13:04:49.831 -05:00 [VRB] LoggerBase.OnWriteStream: processId:20204, streamId:1, streamType:2a4f0f81-6809-4480-87ce-0d772568cfb6, bufferSize:64
2025-02-12 13:04:49.831 -05:00 [VRB] LoggerBase.OnWriteStream: processId:20204, streamId:1, streamType:2a4f0f81-6809-4480-87ce-0d772568cfb6, bufferSize:74
2025-02-12 13:04:49.831 -05:00 [VRB] LoggerBase.OnWriteStream: processId:20204, streamId:1, streamType:2a4f0f81-6809-4480-87ce-0d772568cfb6, bufferSize:746
2025-02-12 13:04:49.831 -05:00 [VRB] LoggerBase.OnWriteStream: processId:20204, streamId:1, streamType:2a4f0f81-6809-4480-87ce-0d772568cfb6, bufferSize:222
2025-02-12 13:04:49.831 -05:00 [VRB] LoggerBase.OnWriteStream: processId:20204, streamId:1, streamType:2a4f0f81-6809-4480-87ce-0d772568cfb6, bufferSize:222
2025-02-12 13:04:49.831 -05:00 [VRB] LoggerBase.OnWriteStream: processId:20204, streamId:1, streamType:2a4f0f81-6809-4480-87ce-0d772568cfb6, bufferSize:92
2025-02-12 13:04:49.831 -05:00 [VRB] LoggerBase.OnWriteStream: processId:20204, streamId:1, streamType:2a4f0f81-6809-4480-87ce-0d772568cfb6, bufferSize:34
2025-02-12 13:04:49.831 -05:00 [VRB] LoggerBase.OnWriteStream: processId:20204, streamId:1, streamType:2a4f0f81-6809-4480-87ce-0d772568cfb6, bufferSize:114
2025-02-12 13:04:49.831 -05:00 [VRB] LoggerBase.OnWriteStream: processId:20204, streamId:1, streamType:2a4f0f81-6809-4480-87ce-0d772568cfb6, bufferSize:42
2025-02-12 13:04:49.831 -05:00 [VRB] LoggerBase.OnWriteStream: processId:20204, streamId:1, streamType:2a4f0f81-6809-4480-87ce-0d772568cfb6, bufferSize:90
2025-02-12 13:04:49.831 -05:00 [VRB] LoggerBase.OnWriteStream: processId:20204, streamId:1, streamType:2a4f0f81-6809-4480-87ce-0d772568cfb6, bufferSize:168
2025-02-12 13:04:49.837 -05:00 [VRB] LoggerBase.OnWriteStream: processId:20204, streamId:1, streamType:2a4f0f81-6809-4480-87ce-0d772568cfb6, bufferSize:100
2025-02-12 13:04:49.837 -05:00 [VRB] LoggerBase.OnWriteStream: processId:20204, streamId:1, streamType:2a4f0f81-6809-4480-87ce-0d772568cfb6, bufferSize:74
2025-02-12 13:04:49.837 -05:00 [VRB] LoggerBase.OnWriteStream: processId:20204, streamId:1, streamType:2a4f0f81-6809-4480-87ce-0d772568cfb6, bufferSize:70
2025-02-12 13:04:49.837 -05:00 [VRB] LoggerBase.OnWriteStream: processId:20204, streamId:1, streamType:2a4f0f81-6809-4480-87ce-0d772568cfb6, bufferSize:36
2025-02-12 13:04:49.837 -05:00 [VRB] LoggerBase.OnWriteStream: processId:20204, streamId:1, streamType:2a4f0f81-6809-4480-87ce-0d772568cfb6, bufferSize:600
2025-02-12 13:04:49.837 -05:00 [VRB] LoggerBase.OnWriteStream: processId:20204, streamId:1, streamType:2a4f0f81-6809-4480-87ce-0d772568cfb6, bufferSize:222
2025-02-12 13:04:49.837 -05:00 [VRB] LoggerBase.OnWriteStream: processId:20204, streamId:1, streamType:2a4f0f81-6809-4480-87ce-0d772568cfb6, bufferSize:82
2025-02-12 13:04:49.837 -05:00 [VRB] LoggerBase.OnWriteStream: processId:20204, streamId:1, streamType:2a4f0f81-6809-4480-87ce-0d772568cfb6, bufferSize:38
2025-02-12 13:04:49.837 -05:00 [VRB] LoggerBase.OnWriteStream: processId:20204, streamId:1, streamType:2a4f0f81-6809-4480-87ce-0d772568cfb6, bufferSize:190
2025-02-12 13:04:49.837 -05:00 [VRB] LoggerBase.OnWriteStream: processId:20204, streamId:1, streamType:2a4f0f81-6809-4480-87ce-0d772568cfb6, bufferSize:84
2025-02-12 13:04:49.837 -05:00 [VRB] LoggerBase.OnWriteStream: processId:20204, streamId:1, streamType:2a4f0f81-6809-4480-87ce-0d772568cfb6, bufferSize:70
2025-02-12 13:04:49.837 -05:00 [VRB] LoggerBase.OnWriteStream: processId:20204, streamId:1, streamType:2a4f0f81-6809-4480-87ce-0d772568cfb6, bufferSize:38
2025-02-12 13:04:49.837 -05:00 [VRB] LoggerBase.OnWriteStream: processId:20204, streamId:1, streamType:2a4f0f81-6809-4480-87ce-0d772568cfb6, bufferSize:82
2025-02-12 13:04:49.837 -05:00 [VRB] LoggerBase.OnWriteStream: processId:20204, streamId:1, streamType:2a4f0f81-6809-4480-87ce-0d772568cfb6, bufferSize:72
2025-02-12 13:04:49.837 -05:00 [VRB] LoggerBase.OnWriteStream: processId:20204, streamId:1, streamType:2a4f0f81-6809-4480-87ce-0d772568cfb6, bufferSize:82
2025-02-12 13:04:49.837 -05:00 [VRB] LoggerBase.OnWriteStream: processId:20204, streamId:1, streamType:2a4f0f81-6809-4480-87ce-0d772568cfb6, bufferSize:54
2025-02-12 13:04:49.837 -05:00 [VRB] LoggerBase.OnWriteStream: processId:20204, streamId:1, streamType:2a4f0f81-6809-4480-87ce-0d772568cfb6, bufferSize:54
2025-02-12 13:04:49.837 -05:00 [VRB] LoggerBase.OnWriteStream: processId:20204, streamId:1, streamType:2a4f0f81-6809-4480-87ce-0d772568cfb6, bufferSize:54
2025-02-12 13:04:49.837 -05:00 [VRB] LoggerBase.OnWriteStream: processId:20204, streamId:1, streamType:2a4f0f81-6809-4480-87ce-0d772568cfb6, bufferSize:54
2025-02-12 13:04:49.837 -05:00 [VRB] LoggerBase.OnWriteStream: processId:20204, streamId:1, streamType:2a4f0f81-6809-4480-87ce-0d772568cfb6, bufferSize:148
2025-02-12 13:04:49.837 -05:00 [VRB] LoggerBase.OnWriteStream: processId:20204, streamId:1, streamType:2a4f0f81-6809-4480-87ce-0d772568cfb6, bufferSize:98
2025-02-12 13:04:49.837 -05:00 [VRB] LoggerBase.OnWriteStream: processId:20204, streamId:1, streamType:2a4f0f81-6809-4480-87ce-0d772568cfb6, bufferSize:140
2025-02-12 13:04:49.837 -05:00 [VRB] LoggerBase.OnWriteStream: processId:20204, streamId:1, streamType:2a4f0f81-6809-4480-87ce-0d772568cfb6, bufferSize:50
2025-02-12 13:04:49.837 -05:00 [VRB] LoggerBase.OnWriteStream: processId:20204, streamId:1, streamType:2a4f0f81-6809-4480-87ce-0d772568cfb6, bufferSize:52
2025-02-12 13:04:49.837 -05:00 [VRB] LoggerBase.OnWriteStream: processId:20204, streamId:1, streamType:2a4f0f81-6809-4480-87ce-0d772568cfb6, bufferSize:94
2025-02-12 13:04:49.837 -05:00 [VRB] LoggerBase.OnWriteStream: processId:20204, streamId:1, streamType:2a4f0f81-6809-4480-87ce-0d772568cfb6, bufferSize:192
2025-02-12 13:04:49.837 -05:00 [VRB] LoggerBase.OnWriteStream: processId:20204, streamId:1, streamType:2a4f0f81-6809-4480-87ce-0d772568cfb6, bufferSize:70
2025-02-12 13:04:49.837 -05:00 [VRB] LoggerBase.OnWriteStream: processId:20204, streamId:1, streamType:2a4f0f81-6809-4480-87ce-0d772568cfb6, bufferSize:58
2025-02-12 13:04:49.837 -05:00 [VRB] LoggerBase.OnWriteStream: processId:20204, streamId:1, streamType:2a4f0f81-6809-4480-87ce-0d772568cfb6, bufferSize:58
2025-02-12 13:04:49.837 -05:00 [VRB] LoggerBase.OnWriteStream: processId:20204, streamId:1, streamType:2a4f0f81-6809-4480-87ce-0d772568cfb6, bufferSize:58
2025-02-12 13:04:49.837 -05:00 [VRB] LoggerBase.OnWriteStream: processId:20204, streamId:1, streamType:2a4f0f81-6809-4480-87ce-0d772568cfb6, bufferSize:60
2025-02-12 13:04:49.837 -05:00 [VRB] LoggerBase.OnWriteStream: processId:20204, streamId:1, streamType:2a4f0f81-6809-4480-87ce-0d772568cfb6, bufferSize:54
2025-02-12 13:04:49.837 -05:00 [VRB] LoggerBase.OnWriteStream: processId:20204, streamId:1, streamType:2a4f0f81-6809-4480-87ce-0d772568cfb6, bufferSize:470
2025-02-12 13:04:49.837 -05:00 [VRB] LoggerBase.OnWriteStream: processId:20204, streamId:1, streamType:2a4f0f81-6809-4480-87ce-0d772568cfb6, bufferSize:240
2025-02-12 13:04:49.837 -05:00 [VRB] LoggerBase.OnWriteStream: processId:20204, streamId:1, streamType:2a4f0f81-6809-4480-87ce-0d772568cfb6, bufferSize:54
2025-02-12 13:04:49.837 -05:00 [VRB] LoggerBase.OnWriteStream: processId:20204, streamId:1, streamType:2a4f0f81-6809-4480-87ce-0d772568cfb6, bufferSize:48
2025-02-12 13:04:49.837 -05:00 [VRB] LoggerBase.OnWriteStream: processId:20204, streamId:1, streamType:2a4f0f81-6809-4480-87ce-0d772568cfb6, bufferSize:44
2025-02-12 13:04:49.837 -05:00 [VRB] LoggerBase.OnWriteStream: processId:20204, streamId:1, streamType:2a4f0f81-6809-4480-87ce-0d772568cfb6, bufferSize:84
2025-02-12 13:04:49.837 -05:00 [VRB] LoggerBase.OnWriteStream: processId:20204, streamId:1, streamType:2a4f0f81-6809-4480-87ce-0d772568cfb6, bufferSize:72
2025-02-12 13:04:49.837 -05:00 [VRB] LoggerBase.OnWriteStream: processId:20204, streamId:1, streamType:2a4f0f81-6809-4480-87ce-0d772568cfb6, bufferSize:82
2025-02-12 13:04:49.837 -05:00 [VRB] LoggerBase.OnWriteStream: processId:20204, streamId:1, streamType:2a4f0f81-6809-4480-87ce-0d772568cfb6, bufferSize:92
2025-02-12 13:04:49.837 -05:00 [VRB] LoggerBase.OnWriteStream: processId:20204, streamId:1, streamType:2a4f0f81-6809-4480-87ce-0d772568cfb6, bufferSize:50
2025-02-12 13:04:49.837 -05:00 [VRB] LoggerBase.OnWriteStream: processId:20204, streamId:1, streamType:2a4f0f81-6809-4480-87ce-0d772568cfb6, bufferSize:74
2025-02-12 13:04:49.837 -05:00 [VRB] LoggerBase.OnWriteStream: processId:20204, streamId:1, streamType:2a4f0f81-6809-4480-87ce-0d772568cfb6, bufferSize:110
2025-02-12 13:04:49.837 -05:00 [VRB] LoggerBase.OnWriteStream: processId:20204, streamId:1, streamType:2a4f0f81-6809-4480-87ce-0d772568cfb6, bufferSize:84
2025-02-12 13:04:49.837 -05:00 [VRB] LoggerBase.OnWriteStream: processId:20204, streamId:1, streamType:2a4f0f81-6809-4480-87ce-0d772568cfb6, bufferSize:86
2025-02-12 13:04:49.837 -05:00 [VRB] LoggerBase.OnWriteStream: processId:20204, streamId:1, streamType:2a4f0f81-6809-4480-87ce-0d772568cfb6, bufferSize:118
2025-02-12 13:04:49.837 -05:00 [VRB] LoggerBase.OnWriteStream: processId:20204, streamId:1, streamType:2a4f0f81-6809-4480-87ce-0d772568cfb6, bufferSize:90
2025-02-12 13:04:49.837 -05:00 [VRB] LoggerBase.OnWriteStream: processId:20204, streamId:1, streamType:2a4f0f81-6809-4480-87ce-0d772568cfb6, bufferSize:222
2025-02-12 13:04:49.837 -05:00 [VRB] LoggerBase.OnWriteStream: processId:20204, streamId:1, streamType:2a4f0f81-6809-4480-87ce-0d772568cfb6, bufferSize:662
2025-02-12 13:04:49.837 -05:00 [VRB] LoggerBase.OnWriteStream: processId:20204, streamId:1, streamType:2a4f0f81-6809-4480-87ce-0d772568cfb6, bufferSize:104
2025-02-12 13:04:49.837 -05:00 [VRB] LoggerBase.OnWriteStream: processId:20204, streamId:1, streamType:2a4f0f81-6809-4480-87ce-0d772568cfb6, bufferSize:42
2025-02-12 13:04:49.837 -05:00 [VRB] LoggerBase.OnWriteStream: processId:20204, streamId:1, streamType:2a4f0f81-6809-4480-87ce-0d772568cfb6, bufferSize:80
2025-02-12 13:04:49.837 -05:00 [VRB] LoggerBase.OnWriteStream: processId:20204, streamId:1, streamType:2a4f0f81-6809-4480-87ce-0d772568cfb6, bufferSize:64
2025-02-12 13:04:49.837 -05:00 [VRB] LoggerBase.OnWriteStream: processId:20204, streamId:1, streamType:2a4f0f81-6809-4480-87ce-0d772568cfb6, bufferSize:64
2025-02-12 13:04:49.837 -05:00 [VRB] LoggerBase.OnWriteStream: processId:20204, streamId:1, streamType:2a4f0f81-6809-4480-87ce-0d772568cfb6, bufferSize:66
2025-02-12 13:04:49.837 -05:00 [VRB] LoggerBase.OnWriteStream: processId:20204, streamId:1, streamType:2a4f0f81-6809-4480-87ce-0d772568cfb6, bufferSize:68
2025-02-12 13:04:49.837 -05:00 [VRB] LoggerBase.OnWriteStream: processId:20204, streamId:1, streamType:2a4f0f81-6809-4480-87ce-0d772568cfb6, bufferSize:92
2025-02-12 13:04:49.837 -05:00 [VRB] LoggerBase.OnWriteStream: processId:20204, streamId:1, streamType:2a4f0f81-6809-4480-87ce-0d772568cfb6, bufferSize:394
2025-02-12 13:04:49.845 -05:00 [VRB] LoggerBase.OnWriteStream: processId:20204, streamId:1, streamType:2a4f0f81-6809-4480-87ce-0d772568cfb6, bufferSize:126
2025-02-12 13:04:49.846 -05:00 [VRB] LoggerBase.OnWriteStream: processId:20204, streamId:1, streamType:2a4f0f81-6809-4480-87ce-0d772568cfb6, bufferSize:228
2025-02-12 13:04:49.846 -05:00 [VRB] LoggerBase.OnWriteStream: processId:20204, streamId:1, streamType:2a4f0f81-6809-4480-87ce-0d772568cfb6, bufferSize:126
2025-02-12 13:04:49.846 -05:00 [VRB] LoggerBase.OnWriteStream: processId:20204, streamId:1, streamType:2a4f0f81-6809-4480-87ce-0d772568cfb6, bufferSize:100
2025-02-12 13:04:49.846 -05:00 [VRB] LoggerBase.OnWriteStream: processId:20204, streamId:1, streamType:2a4f0f81-6809-4480-87ce-0d772568cfb6, bufferSize:68
2025-02-12 13:04:49.847 -05:00 [VRB] LoggerBase.OnWriteStream: processId:20204, streamId:1, streamType:2a4f0f81-6809-4480-87ce-0d772568cfb6, bufferSize:98
2025-02-12 13:04:49.847 -05:00 [VRB] LoggerBase.OnWriteStream: processId:20204, streamId:1, streamType:2a4f0f81-6809-4480-87ce-0d772568cfb6, bufferSize:70
2025-02-12 13:04:49.847 -05:00 [VRB] LoggerBase.OnWriteStream: processId:20204, streamId:1, streamType:2a4f0f81-6809-4480-87ce-0d772568cfb6, bufferSize:114
2025-02-12 13:04:49.847 -05:00 [VRB] LoggerBase.OnWriteStream: processId:20204, streamId:1, streamType:2a4f0f81-6809-4480-87ce-0d772568cfb6, bufferSize:110
2025-02-12 13:04:49.847 -05:00 [VRB] LoggerBase.OnWriteStream: processId:20204, streamId:1, streamType:2a4f0f81-6809-4480-87ce-0d772568cfb6, bufferSize:60
2025-02-12 13:04:49.847 -05:00 [VRB] LoggerBase.OnWriteStream: processId:20204, streamId:1, streamType:2a4f0f81-6809-4480-87ce-0d772568cfb6, bufferSize:198
2025-02-12 13:04:49.847 -05:00 [VRB] LoggerBase.OnWriteStream: processId:20204, streamId:1, streamType:2a4f0f81-6809-4480-87ce-0d772568cfb6, bufferSize:40
2025-02-12 13:04:49.847 -05:00 [VRB] LoggerBase.OnWriteStream: processId:20204, streamId:1, streamType:2a4f0f81-6809-4480-87ce-0d772568cfb6, bufferSize:90
2025-02-12 13:04:49.847 -05:00 [VRB] LoggerBase.OnWriteStream: processId:20204, streamId:1, streamType:2a4f0f81-6809-4480-87ce-0d772568cfb6, bufferSize:240
2025-02-12 13:04:49.847 -05:00 [VRB] LoggerBase.OnWriteStream: processId:20204, streamId:1, streamType:2a4f0f81-6809-4480-87ce-0d772568cfb6, bufferSize:96
2025-02-12 13:04:49.847 -05:00 [VRB] LoggerBase.OnWriteStream: processId:20204, streamId:1, streamType:2a4f0f81-6809-4480-87ce-0d772568cfb6, bufferSize:454
2025-02-12 13:04:49.847 -05:00 [VRB] LoggerBase.OnWriteStream: processId:20204, streamId:1, streamType:2a4f0f81-6809-4480-87ce-0d772568cfb6, bufferSize:1032
2025-02-12 13:04:49.847 -05:00 [VRB] LoggerBase.OnWriteStream: processId:20204, streamId:1, streamType:2a4f0f81-6809-4480-87ce-0d772568cfb6, bufferSize:96
2025-02-12 13:04:49.847 -05:00 [VRB] LoggerBase.OnWriteStream: processId:20204, streamId:1, streamType:2a4f0f81-6809-4480-87ce-0d772568cfb6, bufferSize:394
2025-02-12 13:04:49.850 -05:00 [VRB] LoggerBase.OnWriteStream: processId:20204, streamId:1, streamType:2a4f0f81-6809-4480-87ce-0d772568cfb6, bufferSize:116
2025-02-12 13:04:49.850 -05:00 [VRB] LoggerBase.OnWriteStream: processId:20204, streamId:1, streamType:2a4f0f81-6809-4480-87ce-0d772568cfb6, bufferSize:54
2025-02-12 13:04:49.850 -05:00 [VRB] LoggerBase.OnWriteStream: processId:20204, streamId:1, streamType:2a4f0f81-6809-4480-87ce-0d772568cfb6, bufferSize:132
2025-02-12 13:04:49.850 -05:00 [VRB] LoggerBase.OnWriteStream: processId:20204, streamId:1, streamType:2a4f0f81-6809-4480-87ce-0d772568cfb6, bufferSize:64
2025-02-12 13:04:49.850 -05:00 [VRB] LoggerBase.OnWriteStream: processId:20204, streamId:1, streamType:2a4f0f81-6809-4480-87ce-0d772568cfb6, bufferSize:122
2025-02-12 13:04:49.850 -05:00 [VRB] LoggerBase.OnWriteStream: processId:20204, streamId:1, streamType:2a4f0f81-6809-4480-87ce-0d772568cfb6, bufferSize:96
2025-02-12 13:04:49.850 -05:00 [VRB] LoggerBase.OnWriteStream: processId:20204, streamId:1, streamType:2a4f0f81-6809-4480-87ce-0d772568cfb6, bufferSize:114
2025-02-12 13:04:49.850 -05:00 [VRB] LoggerBase.OnWriteStream: processId:20204, streamId:1, streamType:2a4f0f81-6809-4480-87ce-0d772568cfb6, bufferSize:58
2025-02-12 13:04:49.850 -05:00 [VRB] LoggerBase.OnWriteStream: processId:20204, streamId:1, streamType:2a4f0f81-6809-4480-87ce-0d772568cfb6, bufferSize:250
2025-02-12 13:04:49.850 -05:00 [VRB] LoggerBase.OnWriteStream: processId:20204, streamId:1, streamType:2a4f0f81-6809-4480-87ce-0d772568cfb6, bufferSize:356
2025-02-12 13:04:49.850 -05:00 [VRB] LoggerBase.OnWriteStream: processId:20204, streamId:1, streamType:2a4f0f81-6809-4480-87ce-0d772568cfb6, bufferSize:116
2025-02-12 13:04:49.850 -05:00 [VRB] LoggerBase.OnWriteStream: processId:20204, streamId:1, streamType:2a4f0f81-6809-4480-87ce-0d772568cfb6, bufferSize:124
2025-02-12 13:04:49.850 -05:00 [VRB] LoggerBase.OnWriteStream: processId:20204, streamId:1, streamType:2a4f0f81-6809-4480-87ce-0d772568cfb6, bufferSize:62
2025-02-12 13:04:49.850 -05:00 [VRB] LoggerBase.OnWriteStream: processId:20204, streamId:1, streamType:2a4f0f81-6809-4480-87ce-0d772568cfb6, bufferSize:78
2025-02-12 13:04:49.850 -05:00 [VRB] LoggerBase.OnWriteStream: processId:20204, streamId:1, streamType:2a4f0f81-6809-4480-87ce-0d772568cfb6, bufferSize:96
2025-02-12 13:04:49.852 -05:00 [VRB] LoggerBase.OnWriteStream: processId:20204, streamId:1, streamType:2a4f0f81-6809-4480-87ce-0d772568cfb6, bufferSize:588
2025-02-12 13:04:49.852 -05:00 [VRB] LoggerBase.OnWriteStream: processId:20204, streamId:1, streamType:2a4f0f81-6809-4480-87ce-0d772568cfb6, bufferSize:168
2025-02-12 13:04:49.852 -05:00 [VRB] LoggerBase.OnWriteStream: processId:20204, streamId:1, streamType:2a4f0f81-6809-4480-87ce-0d772568cfb6, bufferSize:68
2025-02-12 13:04:49.852 -05:00 [VRB] LoggerBase.OnWriteStream: processId:20204, streamId:1, streamType:2a4f0f81-6809-4480-87ce-0d772568cfb6, bufferSize:44
2025-02-12 13:04:49.852 -05:00 [VRB] LoggerBase.OnWriteStream: processId:20204, streamId:1, streamType:2a4f0f81-6809-4480-87ce-0d772568cfb6, bufferSize:92
2025-02-12 13:04:49.852 -05:00 [VRB] LoggerBase.OnWriteStream: processId:20204, streamId:1, streamType:2a4f0f81-6809-4480-87ce-0d772568cfb6, bufferSize:92
2025-02-12 13:04:49.852 -05:00 [VRB] LoggerBase.OnWriteStream: processId:20204, streamId:1, streamType:2a4f0f81-6809-4480-87ce-0d772568cfb6, bufferSize:322
2025-02-12 13:04:49.852 -05:00 [VRB] LoggerBase.OnWriteStream: processId:20204, streamId:1, streamType:2a4f0f81-6809-4480-87ce-0d772568cfb6, bufferSize:74
2025-02-12 13:04:49.852 -05:00 [VRB] LoggerBase.OnWriteStream: processId:20204, streamId:1, streamType:2a4f0f81-6809-4480-87ce-0d772568cfb6, bufferSize:92
2025-02-12 13:04:49.853 -05:00 [VRB] LoggerBase.OnWriteStream: processId:20204, streamId:1, streamType:2a4f0f81-6809-4480-87ce-0d772568cfb6, bufferSize:398
2025-02-12 13:04:49.854 -05:00 [VRB] LoggerBase.OnWriteStream: processId:20204, streamId:1, streamType:2a4f0f81-6809-4480-87ce-0d772568cfb6, bufferSize:1034
2025-02-12 13:04:49.854 -05:00 [VRB] LoggerBase.OnWriteStream: processId:20204, streamId:1, streamType:2a4f0f81-6809-4480-87ce-0d772568cfb6, bufferSize:50
2025-02-12 13:04:49.854 -05:00 [VRB] LoggerBase.OnWriteStream: processId:20204, streamId:1, streamType:2a4f0f81-6809-4480-87ce-0d772568cfb6, bufferSize:54
2025-02-12 13:04:49.854 -05:00 [VRB] LoggerBase.OnWriteStream: processId:20204, streamId:1, streamType:2a4f0f81-6809-4480-87ce-0d772568cfb6, bufferSize:64
2025-02-12 13:04:49.854 -05:00 [VRB] LoggerBase.OnWriteStream: processId:20204, streamId:1, streamType:2a4f0f81-6809-4480-87ce-0d772568cfb6, bufferSize:64
2025-02-12 13:04:49.854 -05:00 [VRB] LoggerBase.OnWriteStream: processId:20204, streamId:1, streamType:2a4f0f81-6809-4480-87ce-0d772568cfb6, bufferSize:82
2025-02-12 13:04:49.854 -05:00 [VRB] LoggerBase.OnWriteStream: processId:20204, streamId:1, streamType:2a4f0f81-6809-4480-87ce-0d772568cfb6, bufferSize:108
2025-02-12 13:04:49.854 -05:00 [VRB] LoggerBase.OnWriteStream: processId:20204, streamId:1, streamType:2a4f0f81-6809-4480-87ce-0d772568cfb6, bufferSize:108
2025-02-12 13:04:49.854 -05:00 [VRB] LoggerBase.OnWriteStream: processId:20204, streamId:1, streamType:2a4f0f81-6809-4480-87ce-0d772568cfb6, bufferSize:222
2025-02-12 13:04:49.854 -05:00 [VRB] LoggerBase.OnWriteStream: processId:20204, streamId:1, streamType:2a4f0f81-6809-4480-87ce-0d772568cfb6, bufferSize:118
2025-02-12 13:04:49.854 -05:00 [VRB] LoggerBase.OnWriteStream: processId:20204, streamId:1, streamType:2a4f0f81-6809-4480-87ce-0d772568cfb6, bufferSize:90
2025-02-12 13:04:49.854 -05:00 [VRB] LoggerBase.OnWriteStream: processId:20204, streamId:1, streamType:2a4f0f81-6809-4480-87ce-0d772568cfb6, bufferSize:74
2025-02-12 13:04:49.854 -05:00 [VRB] LoggerBase.OnWriteStream: processId:20204, streamId:1, streamType:2a4f0f81-6809-4480-87ce-0d772568cfb6, bufferSize:180
2025-02-12 13:04:49.854 -05:00 [VRB] LoggerBase.OnWriteStream: processId:20204, streamId:1, streamType:2a4f0f81-6809-4480-87ce-0d772568cfb6, bufferSize:214
2025-02-12 13:04:49.854 -05:00 [VRB] LoggerBase.OnWriteStream: processId:20204, streamId:1, streamType:2a4f0f81-6809-4480-87ce-0d772568cfb6, bufferSize:742
2025-02-12 13:04:49.854 -05:00 [VRB] LoggerBase.OnWriteStream: processId:20204, streamId:1, streamType:2a4f0f81-6809-4480-87ce-0d772568cfb6, bufferSize:102
2025-02-12 13:04:49.854 -05:00 [VRB] LoggerBase.OnWriteStream: processId:20204, streamId:1, streamType:2a4f0f81-6809-4480-87ce-0d772568cfb6, bufferSize:54
2025-02-12 13:04:49.854 -05:00 [VRB] LoggerBase.OnWriteStream: processId:20204, streamId:1, streamType:2a4f0f81-6809-4480-87ce-0d772568cfb6, bufferSize:240
2025-02-12 13:04:49.854 -05:00 [VRB] LoggerBase.OnWriteStream: processId:20204, streamId:1, streamType:2a4f0f81-6809-4480-87ce-0d772568cfb6, bufferSize:576
2025-02-12 13:04:49.854 -05:00 [VRB] LoggerBase.OnWriteStream: processId:20204, streamId:1, streamType:2a4f0f81-6809-4480-87ce-0d772568cfb6, bufferSize:60
2025-02-12 13:04:49.854 -05:00 [VRB] LoggerBase.OnWriteStream: processId:20204, streamId:1, streamType:2a4f0f81-6809-4480-87ce-0d772568cfb6, bufferSize:64
2025-02-12 13:04:49.854 -05:00 [VRB] LoggerBase.OnWriteStream: processId:20204, streamId:1, streamType:2a4f0f81-6809-4480-87ce-0d772568cfb6, bufferSize:66
2025-02-12 13:04:49.854 -05:00 [VRB] LoggerBase.OnWriteStream: processId:20204, streamId:1, streamType:2a4f0f81-6809-4480-87ce-0d772568cfb6, bufferSize:52
2025-02-12 13:04:49.854 -05:00 [VRB] LoggerBase.OnWriteStream: processId:20204, streamId:1, streamType:2a4f0f81-6809-4480-87ce-0d772568cfb6, bufferSize:52
2025-02-12 13:04:49.854 -05:00 [VRB] LoggerBase.OnWriteStream: processId:20204, streamId:1, streamType:2a4f0f81-6809-4480-87ce-0d772568cfb6, bufferSize:60
2025-02-12 13:04:49.858 -05:00 [VRB] LoggerBase.OnWriteStream: processId:20204, streamId:1, streamType:2a4f0f81-6809-4480-87ce-0d772568cfb6, bufferSize:72
2025-02-12 13:04:49.858 -05:00 [VRB] LoggerBase.OnWriteStream: processId:20204, streamId:1, streamType:2a4f0f81-6809-4480-87ce-0d772568cfb6, bufferSize:118
2025-02-12 13:04:49.858 -05:00 [VRB] LoggerBase.OnWriteStream: processId:20204, streamId:1, streamType:2a4f0f81-6809-4480-87ce-0d772568cfb6, bufferSize:222
2025-02-12 13:04:49.858 -05:00 [VRB] LoggerBase.OnWriteStream: processId:20204, streamId:1, streamType:2a4f0f81-6809-4480-87ce-0d772568cfb6, bufferSize:124
2025-02-12 13:04:49.858 -05:00 [VRB] LoggerBase.OnWriteStream: processId:20204, streamId:1, streamType:2a4f0f81-6809-4480-87ce-0d772568cfb6, bufferSize:114
2025-02-12 13:04:49.858 -05:00 [VRB] LoggerBase.OnWriteStream: processId:20204, streamId:1, streamType:2a4f0f81-6809-4480-87ce-0d772568cfb6, bufferSize:60
2025-02-12 13:04:49.858 -05:00 [VRB] LoggerBase.OnWriteStream: processId:20204, streamId:1, streamType:2a4f0f81-6809-4480-87ce-0d772568cfb6, bufferSize:60
2025-02-12 13:04:49.858 -05:00 [VRB] LoggerBase.OnWriteStream: processId:20204, streamId:1, streamType:2a4f0f81-6809-4480-87ce-0d772568cfb6, bufferSize:40
2025-02-12 13:04:49.858 -05:00 [VRB] LoggerBase.OnWriteStream: processId:20204, streamId:1, streamType:2a4f0f81-6809-4480-87ce-0d772568cfb6, bufferSize:102
2025-02-12 13:04:49.858 -05:00 [VRB] LoggerBase.OnWriteStream: processId:20204, streamId:1, streamType:2a4f0f81-6809-4480-87ce-0d772568cfb6, bufferSize:258
2025-02-12 13:04:49.858 -05:00 [VRB] LoggerBase.OnWriteStream: processId:20204, streamId:1, streamType:2a4f0f81-6809-4480-87ce-0d772568cfb6, bufferSize:96
2025-02-12 13:04:49.858 -05:00 [VRB] LoggerBase.OnWriteStream: processId:20204, streamId:1, streamType:2a4f0f81-6809-4480-87ce-0d772568cfb6, bufferSize:62
2025-02-12 13:04:49.858 -05:00 [VRB] LoggerBase.OnWriteStream: processId:20204, streamId:1, streamType:2a4f0f81-6809-4480-87ce-0d772568cfb6, bufferSize:66
2025-02-12 13:04:49.858 -05:00 [VRB] LoggerBase.OnWriteStream: processId:20204, streamId:1, streamType:2a4f0f81-6809-4480-87ce-0d772568cfb6, bufferSize:102
2025-02-12 13:04:49.858 -05:00 [VRB] LoggerBase.OnWriteStream: processId:20204, streamId:1, streamType:2a4f0f81-6809-4480-87ce-0d772568cfb6, bufferSize:66
2025-02-12 13:04:49.858 -05:00 [VRB] LoggerBase.OnWriteStream: processId:20204, streamId:1, streamType:2a4f0f81-6809-4480-87ce-0d772568cfb6, bufferSize:370
2025-02-12 13:04:49.858 -05:00 [VRB] LoggerBase.OnWriteStream: processId:20204, streamId:1, streamType:2a4f0f81-6809-4480-87ce-0d772568cfb6, bufferSize:136
2025-02-12 13:04:49.858 -05:00 [VRB] LoggerBase.OnWriteStream: processId:20204, streamId:1, streamType:2a4f0f81-6809-4480-87ce-0d772568cfb6, bufferSize:60
2025-02-12 13:04:49.863 -05:00 [INF] LoggerBase.OnInstrumentation: path:C:\Users\zacka\Documents\Université\Session2\INF1015\New folder\TP2\Debug\td2.exe, id:b80c97c8-6322-4bb8-acfe-6f9ad3b13f2c, coverageBufferId:47eb3386-532e-46ad-91fd-62342fa57d23, isDynamic:True isManaged:False, isMixed:False, isPortablePdb:False, imageSize: 172032, imageLinkTime:1739314095, numberOfMethodsInstrumented:19, numberOfMethodsSkipped: 195, numberOfMethodsFailed:0, elapsed:82ms
2025-02-12 13:04:49.863 -05:00 [INF] LoggerBase.CreateStream[20204]: k:StreamKey { Id = b80c97c8-6322-4bb8-acfe-6f9ad3b13f2c, Prefix = unmanaged:\ } type:cb689549-d63e-4a55-b8fa-2a214725cf39 path:C:\Users\zacka\Documents\Université\Session2\INF1015\New folder\TP2\Debug\td2.exe
2025-02-12 13:04:49.865 -05:00 [INF] StaticStreamCreator.CreateStream: Creating SharedMemoryStream. streamId:2, identifier:47eb3386-532e-46ad-91fd-62342fa57d23, bufferName:CodeCoverage.7953cf38-9dec-4c5c-a2a9-568d18ba5f57.b47eb3386-532e-46ad-91fd-62342fa57d23, bufferSize:380
2025-02-12 13:04:49.867 -05:00 [INF] ReportGenerator.CreateUnmanagedStream[20204]: (StreamKey { Id = b80c97c8-6322-4bb8-acfe-6f9ad3b13f2c, Prefix = unmanaged:\ }) created new buffer stream with size: 380
2025-02-12 13:04:49.867 -05:00 [INF] LoggerBase.OnCreateStream: processId:20204, streamId:2, streamType:cb689549-d63e-4a55-b8fa-2a214725cf39, bufferSize:380, bufferHeader:00-00-00-00, bufferName:CodeCoverage.7953cf38-9dec-4c5c-a2a9-568d18ba5f57.b47eb3386-532e-46ad-91fd-62342fa57d23, prefix:unmanaged:\
2025-02-12 13:04:49.867 -05:00 [INF] CoveragePipeClient.SendCreateStreamResponse[20204]: streamId:2, bufferName:CodeCoverage.7953cf38-9dec-4c5c-a2a9-568d18ba5f57.b47eb3386-532e-46ad-91fd-62342fa57d23
2025-02-12 13:04:49.867 -05:00 [INF] LoggerBase.HandleCacheMessage[20204]: started prefix:unmanaged:\C:\Users\zacka\Documents\Université\Session2\INF1015\New folder\TP2\Debug\td2.exe, key:b80c97c8-6322-4bb8-acfe-6f9ad3b13f2c, buffers count:2
2025-02-12 13:04:49.867 -05:00 [INF] CoveragePipeClient.SendSuccessMessage[20204]
2025-02-12 13:04:49.885 -05:00 [INF] LoggerBase.OnCloseStream: processId:20204, streamId:1, streamSize:34866
2025-02-12 13:04:49.885 -05:00 [VRB] LoggerBase.OnWriteStream: processId:20204, streamId:0, streamType:b157a3a4-9542-4546-859b-abd1367a08ed, bufferSize:68
2025-02-12 13:04:49.887 -05:00 [VRB] LoggerBase.OnWriteStream: processId:20204, streamId:0, streamType:b157a3a4-9542-4546-859b-abd1367a08ed, bufferSize:74
2025-02-12 13:04:49.887 -05:00 [VRB] LoggerBase.OnWriteStream: processId:20204, streamId:0, streamType:b157a3a4-9542-4546-859b-abd1367a08ed, bufferSize:78
2025-02-12 13:04:49.887 -05:00 [VRB] LoggerBase.OnWriteStream: processId:20204, streamId:0, streamType:b157a3a4-9542-4546-859b-abd1367a08ed, bufferSize:84
2025-02-12 13:04:49.887 -05:00 [VRB] LoggerBase.OnWriteStream: processId:20204, streamId:0, streamType:b157a3a4-9542-4546-859b-abd1367a08ed, bufferSize:76
2025-02-12 13:04:49.887 -05:00 [VRB] LoggerBase.OnWriteStream: processId:20204, streamId:0, streamType:b157a3a4-9542-4546-859b-abd1367a08ed, bufferSize:76
2025-02-12 13:04:49.898 -05:00 [VRB] LoggerBase.OnWriteStream: processId:20204, streamId:0, streamType:b157a3a4-9542-4546-859b-abd1367a08ed, bufferSize:70
2025-02-12 13:04:49.901 -05:00 [VRB] LoggerBase.OnWriteStream: processId:20204, streamId:0, streamType:b157a3a4-9542-4546-859b-abd1367a08ed, bufferSize:74
2025-02-12 13:04:49.901 -05:00 [VRB] LoggerBase.OnWriteStream: processId:20204, streamId:0, streamType:b157a3a4-9542-4546-859b-abd1367a08ed, bufferSize:70
2025-02-12 13:04:49.901 -05:00 [VRB] LoggerBase.OnWriteStream: processId:20204, streamId:0, streamType:b157a3a4-9542-4546-859b-abd1367a08ed, bufferSize:72
2025-02-12 13:04:49.901 -05:00 [VRB] LoggerBase.OnWriteStream: processId:20204, streamId:0, streamType:b157a3a4-9542-4546-859b-abd1367a08ed, bufferSize:72
2025-02-12 13:04:49.901 -05:00 [VRB] LoggerBase.OnWriteStream: processId:20204, streamId:0, streamType:b157a3a4-9542-4546-859b-abd1367a08ed, bufferSize:68
2025-02-12 13:04:49.901 -05:00 [VRB] LoggerBase.OnWriteStream: processId:20204, streamId:0, streamType:b157a3a4-9542-4546-859b-abd1367a08ed, bufferSize:76
2025-02-12 13:04:49.901 -05:00 [VRB] LoggerBase.OnWriteStream: processId:20204, streamId:0, streamType:b157a3a4-9542-4546-859b-abd1367a08ed, bufferSize:74
2025-02-12 13:04:49.915 -05:00 [VRB] LoggerBase.OnWriteStream: processId:20204, streamId:0, streamType:b157a3a4-9542-4546-859b-abd1367a08ed, bufferSize:68
2025-02-12 13:04:49.915 -05:00 [VRB] LoggerBase.OnWriteStream: processId:20204, streamId:0, streamType:b157a3a4-9542-4546-859b-abd1367a08ed, bufferSize:70
2025-02-12 13:04:49.917 -05:00 [VRB] LoggerBase.OnWriteStream: processId:20204, streamId:0, streamType:b157a3a4-9542-4546-859b-abd1367a08ed, bufferSize:76
2025-02-12 13:04:49.917 -05:00 [VRB] LoggerBase.OnWriteStream: processId:20204, streamId:0, streamType:b157a3a4-9542-4546-859b-abd1367a08ed, bufferSize:70
2025-02-12 13:04:49.917 -05:00 [VRB] LoggerBase.OnWriteStream: processId:20204, streamId:0, streamType:b157a3a4-9542-4546-859b-abd1367a08ed, bufferSize:72
2025-02-12 13:04:49.917 -05:00 [VRB] LoggerBase.OnWriteStream: processId:20204, streamId:0, streamType:b157a3a4-9542-4546-859b-abd1367a08ed, bufferSize:74
2025-02-12 13:04:49.917 -05:00 [VRB] LoggerBase.OnWriteStream: processId:20204, streamId:0, streamType:b157a3a4-9542-4546-859b-abd1367a08ed, bufferSize:72
2025-02-12 13:04:49.917 -05:00 [VRB] LoggerBase.OnWriteStream: processId:20204, streamId:0, streamType:b157a3a4-9542-4546-859b-abd1367a08ed, bufferSize:72
2025-02-12 13:04:49.933 -05:00 [VRB] LoggerBase.OnWriteStream: processId:20204, streamId:0, streamType:b157a3a4-9542-4546-859b-abd1367a08ed, bufferSize:74
2025-02-12 13:04:49.937 -05:00 [VRB] LoggerBase.OnWriteStream: processId:20204, streamId:0, streamType:b157a3a4-9542-4546-859b-abd1367a08ed, bufferSize:68
2025-02-12 13:04:49.937 -05:00 [VRB] LoggerBase.OnWriteStream: processId:20204, streamId:0, streamType:b157a3a4-9542-4546-859b-abd1367a08ed, bufferSize:68
2025-02-12 13:04:49.937 -05:00 [VRB] LoggerBase.OnWriteStream: processId:20204, streamId:0, streamType:b157a3a4-9542-4546-859b-abd1367a08ed, bufferSize:76
2025-02-12 13:04:49.937 -05:00 [VRB] LoggerBase.OnWriteStream: processId:20204, streamId:0, streamType:b157a3a4-9542-4546-859b-abd1367a08ed, bufferSize:90
2025-02-12 13:04:49.942 -05:00 [VRB] LoggerBase.OnWriteStream: processId:20204, streamId:0, streamType:b157a3a4-9542-4546-859b-abd1367a08ed, bufferSize:70
2025-02-12 13:04:50.184 -05:00 [VRB] LoggerBase.OnWriteStream: processId:20204, streamId:0, streamType:b157a3a4-9542-4546-859b-abd1367a08ed, bufferSize:86
2025-02-12 13:04:50.184 -05:00 [VRB] LoggerBase.OnWriteStream: processId:20204, streamId:0, streamType:b157a3a4-9542-4546-859b-abd1367a08ed, bufferSize:126
2025-02-12 13:04:50.189 -05:00 [VRB] CoverageMessagesReader.ReadSkippedModules: path: ntdll.dll, skipReason: no_symbols.
2025-02-12 13:04:50.191 -05:00 [VRB] CoverageMessagesReader.ReadSkippedModules: path: kernel32.dll, skipReason: no_symbols.
2025-02-12 13:04:50.191 -05:00 [VRB] CoverageMessagesReader.ReadSkippedModules: path: kernelbase.dll, skipReason: no_symbols.
2025-02-12 13:04:50.191 -05:00 [VRB] CoverageMessagesReader.ReadSkippedModules: path: vcruntime140d.dll, skipReason: no_symbols.
2025-02-12 13:04:50.191 -05:00 [VRB] CoverageMessagesReader.ReadSkippedModules: path: ucrtbased.dll, skipReason: no_symbols.
2025-02-12 13:04:50.191 -05:00 [VRB] CoverageMessagesReader.ReadSkippedModules: path: msvcp140d.dll, skipReason: path_is_excluded.
2025-02-12 13:04:50.191 -05:00 [VRB] CoverageMessagesReader.ReadSkippedModules: path: rpcrt4.dll, skipReason: no_symbols.
2025-02-12 13:04:50.191 -05:00 [VRB] CoverageMessagesReader.ReadSkippedModules: path: advapi32.dll, skipReason: no_symbols.
2025-02-12 13:04:50.191 -05:00 [VRB] CoverageMessagesReader.ReadSkippedModules: path: msvcrt.dll, skipReason: path_is_excluded.
2025-02-12 13:04:50.191 -05:00 [VRB] CoverageMessagesReader.ReadSkippedModules: path: mscoree.dll, skipReason: path_is_excluded.
2025-02-12 13:04:50.191 -05:00 [VRB] CoverageMessagesReader.ReadSkippedModules: path: sechost.dll, skipReason: no_symbols.
2025-02-12 13:04:50.191 -05:00 [VRB] CoverageMessagesReader.ReadSkippedModules: path: ole32.dll, skipReason: no_symbols.
2025-02-12 13:04:50.191 -05:00 [VRB] CoverageMessagesReader.ReadSkippedModules: path: msvcp_win.dll, skipReason: path_is_excluded.
2025-02-12 13:04:50.191 -05:00 [VRB] CoverageMessagesReader.ReadSkippedModules: path: ucrtbase.dll, skipReason: no_symbols.
2025-02-12 13:04:50.191 -05:00 [VRB] CoverageMessagesReader.ReadSkippedModules: path: gdi32.dll, skipReason: no_symbols.
2025-02-12 13:04:50.191 -05:00 [VRB] CoverageMessagesReader.ReadSkippedModules: path: win32u.dll, skipReason: no_symbols.
2025-02-12 13:04:50.191 -05:00 [VRB] CoverageMessagesReader.ReadSkippedModules: path: gdi32full.dll, skipReason: no_symbols.
2025-02-12 13:04:50.191 -05:00 [VRB] CoverageMessagesReader.ReadSkippedModules: path: user32.dll, skipReason: no_symbols.
2025-02-12 13:04:50.191 -05:00 [VRB] CoverageMessagesReader.ReadSkippedModules: path: combase.dll, skipReason: no_symbols.
2025-02-12 13:04:50.191 -05:00 [VRB] CoverageMessagesReader.ReadSkippedModules: path: oleaut32.dll, skipReason: no_symbols.
2025-02-12 13:04:50.191 -05:00 [VRB] CoverageMessagesReader.ReadSkippedModules: path: crypt32.dll, skipReason: no_symbols.
2025-02-12 13:04:50.191 -05:00 [VRB] CoverageMessagesReader.ReadSkippedModules: path: version.dll, skipReason: no_symbols.
2025-02-12 13:04:50.191 -05:00 [VRB] CoverageMessagesReader.ReadSkippedModules: path: powrprof.dll, skipReason: no_symbols.
2025-02-12 13:04:50.191 -05:00 [VRB] CoverageMessagesReader.ReadSkippedModules: path: imm32.dll, skipReason: no_symbols.
2025-02-12 13:04:50.191 -05:00 [VRB] CoverageMessagesReader.ReadSkippedModules: path: umpdc.dll, skipReason: no_symbols.
2025-02-12 13:04:50.191 -05:00 [VRB] CoverageMessagesReader.ReadSkippedModules: path: cryptbase.dll, skipReason: path_is_excluded.
2025-02-12 13:04:50.191 -05:00 [VRB] CoverageMessagesReader.ReadSkippedModules: path: bcryptprimitives.dll, skipReason: path_is_excluded.
2025-02-12 13:04:50.191 -05:00 [VRB] CoverageMessagesReader.ReadSkippedModules: path: msxml6.dll, skipReason: no_symbols.
2025-02-12 13:04:50.191 -05:00 [VRB] CoverageMessagesReader.ReadSkippedModules: path: kernel.appcore.dll, skipReason: no_symbols.
2025-02-12 13:04:50.191 -05:00 [VRB] CoverageMessagesReader.ReadSkippedModules: path: mscoreei.dll, skipReason: path_is_excluded.
2025-02-12 13:04:50.198 -05:00 [INF] Process ID 2364 exited.
2025-02-12 13:04:50.198 -05:00 [INF] LoggerBase.OnCloseStream: processId:20204, streamId:0, streamSize:0
2025-02-12 13:04:50.198 -05:00 [VRB] PipeConnection.ReadMessagesAsync: 56cfcab1-5de7-492c-9cd1-b84eb98e83a3 finished
2025-02-12 13:04:50.203 -05:00 [VRB] PipeConnection.WaitForDisconnection: 097f110c-71a2-40e2-9c7a-ac2d2da12460 finished
2025-02-12 13:04:50.205 -05:00 [VRB] PipeConnection.WaitForDisconnection: 56cfcab1-5de7-492c-9cd1-b84eb98e83a3 finished
2025-02-12 13:04:50.205 -05:00 [VRB] PipeConnection.WaitForDisconnection: 0f92f30c-8c6a-4357-aa06-ab4301444a22 finished
2025-02-12 13:04:50.205 -05:00 [VRB] PipeConnection.WaitForDisconnection: 2d41c4a5-2e2d-4525-8112-b2998d1fbf74 finished
2025-02-12 13:04:50.205 -05:00 [VRB] PipeConnection.WaitForDisconnection: 59a53892-f186-42e7-8e0a-627f4fb28e01 finished
2025-02-12 13:04:50.205 -05:00 [VRB] PipeConnection.WaitForDisconnection: e96ad738-01ba-423c-a6a8-115d2407468a finished
2025-02-12 13:04:50.205 -05:00 [VRB] PipeConnection.WaitForDisconnection: 857a5f56-cd37-484b-b46d-0b134dfd7f4a finished
2025-02-12 13:04:50.205 -05:00 [VRB] PipeConnection.Stop: 097f110c-71a2-40e2-9c7a-ac2d2da12460 finished
2025-02-12 13:04:50.205 -05:00 [VRB] PipeConnection.Stop: 56cfcab1-5de7-492c-9cd1-b84eb98e83a3 finished
2025-02-12 13:04:50.205 -05:00 [VRB] PipeConnection.Stop: 0f92f30c-8c6a-4357-aa06-ab4301444a22 finished
2025-02-12 13:04:50.205 -05:00 [VRB] PipeConnection.Stop: 2d41c4a5-2e2d-4525-8112-b2998d1fbf74 finished
2025-02-12 13:04:50.205 -05:00 [VRB] PipeConnection.Stop: 59a53892-f186-42e7-8e0a-627f4fb28e01 finished
2025-02-12 13:04:50.205 -05:00 [VRB] PipeConnection.Stop: e96ad738-01ba-423c-a6a8-115d2407468a finished
2025-02-12 13:04:50.205 -05:00 [VRB] PipeConnection.Stop: 857a5f56-cd37-484b-b46d-0b134dfd7f4a finished
2025-02-12 13:04:50.205 -05:00 [VRB] LoggerBase.OnBufferClose: id:47eb3386-532e-46ad-91fd-62342fa57d23, 359/380 covered
2025-02-12 13:04:50.232 -05:00 [INF] CoverageFileWriter.WriteAsync: path: couverture2025-02-12_13_04_48,87.coverage, schemaVersion: 1.
2025-02-12 13:04:50.249 -05:00 [INF] CoverageFileWriter.WriteModules: modules.Count: 1.
2025-02-12 13:04:50.251 -05:00 [VRB] CoverageFileWriter.WriteModuleCoverageData: coverageBufferId: 47eb3386-532e-46ad-91fd-62342fa57d23, coverageBuffer.Length: 380.
2025-02-12 13:04:50.253 -05:00 [INF] CoverageFileWriter.WriteModule: moduleId: C8-97-0C-B8-22-63-B8-4B-AC-FE-6F-9A-D3-B1-3F-2C-49-00-00-00, skippedFunctions.Count: 195, functions.Count: 19, sourceFiles.Count: 1, coverageBufferId: 47eb3386-532e-46ad-91fd-62342fa57d23
2025-02-12 13:04:50.257 -05:00 [VRB] CoverageMessagesWriter.WriteModuleDataStream: sourceFile.Path: C:\Users\zacka\Documents\Université\Session2\INF1015\New folder\TP2\td2.cpp.
2025-02-12 13:04:50.257 -05:00 [INF] CoverageFileWriter.WriteSkippedModuleData: skippedModules.Count: 30
2025-02-12 13:04:50.257 -05:00 [VRB] CoverageMessagesWriter.WriteModuleDataStream: function.Name = lireUint16, blockCount: 6.
2025-02-12 13:04:50.259 -05:00 [VRB] CoverageMessagesWriter.WriteModulesSkippedStream: skippedModule: mscoreei.dll, skipReason: path_is_excluded.
2025-02-12 13:04:50.259 -05:00 [VRB] CoverageMessagesWriter.WriteModuleDataStream: function.Name = lireFilm, blockCount: 38.
2025-02-12 13:04:50.259 -05:00 [VRB] CoverageMessagesWriter.WriteModuleDataStream: function.Name = creerSpanListeFilms, blockCount: 4.
2025-02-12 13:04:50.259 -05:00 [VRB] CoverageMessagesWriter.WriteModuleDataStream: function.Name = _main, blockCount: 54.
2025-02-12 13:04:50.259 -05:00 [VRB] CoverageMessagesWriter.WriteModuleDataStream: function.Name = lireString, blockCount: 14.
2025-02-12 13:04:50.259 -05:00 [VRB] CoverageMessagesWriter.WriteModuleDataStream: function.Name = afficherFilm, blockCount: 23.
2025-02-12 13:04:50.259 -05:00 [VRB] CoverageMessagesWriter.WriteModuleDataStream: function.Name = lireActeur, blockCount: 33.
2025-02-12 13:04:50.259 -05:00 [VRB] CoverageMessagesWriter.WriteModuleDataStream: function.Name = trouverActeur, blockCount: 26.
2025-02-12 13:04:50.259 -05:00 [VRB] CoverageMessagesWriter.WriteModuleDataStream: function.Name = creerSpanListeActeurs, blockCount: 4.
2025-02-12 13:04:50.259 -05:00 [VRB] CoverageMessagesWriter.WriteModuleDataStream: function.Name = detruireListeFilms, blockCount: 13.
2025-02-12 13:04:50.259 -05:00 [VRB] CoverageMessagesWriter.WriteModuleDataStream: function.Name = lireUint8, blockCount: 6.
2025-02-12 13:04:50.259 -05:00 [VRB] CoverageMessagesWriter.WriteModuleDataStream: function.Name = afficherListeFilms, blockCount: 23.
2025-02-12 13:04:50.259 -05:00 [VRB] CoverageMessagesWriter.WriteModuleDataStream: function.Name = ajouterFilm, blockCount: 31.
2025-02-12 13:04:50.259 -05:00 [VRB] CoverageMessagesWriter.WriteModuleDataStream: function.Name = afficherFilmographieActeur, blockCount: 12.
2025-02-12 13:04:50.259 -05:00 [VRB] CoverageMessagesWriter.WriteModuleDataStream: function.Name = detruireFilm, blockCount: 36.
2025-02-12 13:04:50.259 -05:00 [VRB] CoverageMessagesWriter.WriteModuleDataStream: function.Name = ListeFilms, blockCount: 3.
2025-02-12 13:04:50.259 -05:00 [VRB] CoverageMessagesWriter.WriteModuleDataStream: function.Name = ListeFilms, blockCount: 25.
2025-02-12 13:04:50.259 -05:00 [VRB] CoverageMessagesWriter.WriteModuleDataStream: function.Name = enleverFilm, blockCount: 17.
2025-02-12 13:04:50.259 -05:00 [VRB] CoverageMessagesWriter.WriteModuleDataStream: function.Name = afficherActeur, blockCount: 12.
2025-02-12 13:04:50.261 -05:00 [VRB] CoverageMessagesWriter.WriteModulesSkippedStream: skippedModule: powrprof.dll, skipReason: no_symbols.
2025-02-12 13:04:50.261 -05:00 [VRB] CoverageMessagesWriter.WriteModulesSkippedStream: skippedModule: vcruntime140d.dll, skipReason: no_symbols.
2025-02-12 13:04:50.261 -05:00 [VRB] CoverageMessagesWriter.WriteModulesSkippedStream: skippedModule: msxml6.dll, skipReason: no_symbols.
2025-02-12 13:04:50.261 -05:00 [VRB] CoverageMessagesWriter.WriteModulesSkippedStream: skippedModule: umpdc.dll, skipReason: no_symbols.
2025-02-12 13:04:50.261 -05:00 [VRB] CoverageMessagesWriter.WriteModulesSkippedStream: skippedModule: rpcrt4.dll, skipReason: no_symbols.
2025-02-12 13:04:50.261 -05:00 [VRB] CoverageMessagesWriter.WriteModulesSkippedStream: skippedModule: ole32.dll, skipReason: no_symbols.
2025-02-12 13:04:50.261 -05:00 [VRB] CoverageMessagesWriter.WriteModulesSkippedStream: skippedModule: win32u.dll, skipReason: no_symbols.
2025-02-12 13:04:50.261 -05:00 [VRB] CoverageMessagesWriter.WriteModulesSkippedStream: skippedModule: msvcp_win.dll, skipReason: path_is_excluded.
2025-02-12 13:04:50.261 -05:00 [VRB] CoverageMessagesWriter.WriteModulesSkippedStream: skippedModule: ucrtbase.dll, skipReason: no_symbols.
2025-02-12 13:04:50.261 -05:00 [VRB] CoverageMessagesWriter.WriteModulesSkippedStream: skippedModule: version.dll, skipReason: no_symbols.
2025-02-12 13:04:50.261 -05:00 [VRB] CoverageMessagesWriter.WriteModulesSkippedStream: skippedModule: mscoree.dll, skipReason: path_is_excluded.
2025-02-12 13:04:50.261 -05:00 [VRB] CoverageMessagesWriter.WriteModulesSkippedStream: skippedModule: combase.dll, skipReason: no_symbols.
2025-02-12 13:04:50.261 -05:00 [VRB] CoverageMessagesWriter.WriteModulesSkippedStream: skippedModule: advapi32.dll, skipReason: no_symbols.
2025-02-12 13:04:50.261 -05:00 [VRB] CoverageMessagesWriter.WriteModulesSkippedStream: skippedModule: gdi32.dll, skipReason: no_symbols.
2025-02-12 13:04:50.261 -05:00 [VRB] CoverageMessagesWriter.WriteModulesSkippedStream: skippedModule: msvcp140d.dll, skipReason: path_is_excluded.
2025-02-12 13:04:50.261 -05:00 [VRB] CoverageMessagesWriter.WriteModulesSkippedStream: skippedModule: kernelbase.dll, skipReason: no_symbols.
2025-02-12 13:04:50.261 -05:00 [VRB] CoverageMessagesWriter.WriteModulesSkippedStream: skippedModule: bcryptprimitives.dll, skipReason: path_is_excluded.
2025-02-12 13:04:50.261 -05:00 [VRB] CoverageMessagesWriter.WriteModulesSkippedStream: skippedModule: crypt32.dll, skipReason: no_symbols.
2025-02-12 13:04:50.261 -05:00 [VRB] CoverageMessagesWriter.WriteModulesSkippedStream: skippedModule: imm32.dll, skipReason: no_symbols.
2025-02-12 13:04:50.261 -05:00 [VRB] CoverageMessagesWriter.WriteModulesSkippedStream: skippedModule: gdi32full.dll, skipReason: no_symbols.
2025-02-12 13:04:50.261 -05:00 [VRB] CoverageMessagesWriter.WriteModulesSkippedStream: skippedModule: ntdll.dll, skipReason: no_symbols.
2025-02-12 13:04:50.261 -05:00 [VRB] CoverageMessagesWriter.WriteModulesSkippedStream: skippedModule: user32.dll, skipReason: no_symbols.
2025-02-12 13:04:50.261 -05:00 [VRB] CoverageMessagesWriter.WriteModulesSkippedStream: skippedModule: oleaut32.dll, skipReason: no_symbols.
2025-02-12 13:04:50.261 -05:00 [VRB] CoverageMessagesWriter.WriteModulesSkippedStream: skippedModule: kernel32.dll, skipReason: no_symbols.
2025-02-12 13:04:50.261 -05:00 [VRB] CoverageMessagesWriter.WriteModulesSkippedStream: skippedModule: ucrtbased.dll, skipReason: no_symbols.
2025-02-12 13:04:50.261 -05:00 [VRB] CoverageMessagesWriter.WriteModulesSkippedStream: skippedModule: kernel.appcore.dll, skipReason: no_symbols.
2025-02-12 13:04:50.261 -05:00 [VRB] CoverageMessagesWriter.WriteModulesSkippedStream: skippedModule: msvcrt.dll, skipReason: path_is_excluded.
2025-02-12 13:04:50.261 -05:00 [VRB] CoverageMessagesWriter.WriteModulesSkippedStream: skippedModule: sechost.dll, skipReason: no_symbols.
2025-02-12 13:04:50.261 -05:00 [VRB] CoverageMessagesWriter.WriteModulesSkippedStream: skippedModule: cryptbase.dll, skipReason: path_is_excluded.
2025-02-12 13:04:50.261 -05:00 [VRB] CoverageMessagesWriter.WriteModuleDataStream: skippedFunction.Name: enlever_des_blocs_alloues(void *, bool).
2025-02-12 13:04:50.263 -05:00 [VRB] CoverageMessagesWriter.WriteModuleDataStream: skippedFunction.Name: operator()(const char *, const char *, struct _iobuf *, unsigned long, class std::basic_ios<char,std::char_traits<char> > & const).
2025-02-12 13:04:50.263 -05:00 [VRB] CoverageMessagesWriter.WriteModuleDataStream: skippedFunction.Name: RangeIterData<int,0>.
2025-02-12 13:04:50.263 -05:00 [VRB] CoverageMessagesWriter.WriteModuleDataStream: skippedFunction.Name: operator()(unsigned int).
2025-02-12 13:04:50.263 -05:00 [VRB] CoverageMessagesWriter.WriteModuleDataStream: skippedFunction.Name: __RTC_CheckEsp.
2025-02-12 13:04:50.263 -05:00 [VRB] CoverageMessagesWriter.WriteModuleDataStream: skippedFunction.Name: __get_startup_commit_mode.
2025-02-12 13:04:50.263 -05:00 [VRB] CoverageMessagesWriter.WriteModuleDataStream: skippedFunction.Name: notre_operator_new.
2025-02-12 13:04:50.263 -05:00 [VRB] CoverageMessagesWriter.WriteModuleDataStream: skippedFunction.Name: _Unchecked_end.
2025-02-12 13:04:50.263 -05:00 [VRB] CoverageMessagesWriter.WriteModuleDataStream: skippedFunction.Name: operator new.
2025-02-12 13:04:50.263 -05:00 [VRB] CoverageMessagesWriter.WriteModuleDataStream: skippedFunction.Name: operator new.
2025-02-12 13:04:50.263 -05:00 [VRB] CoverageMessagesWriter.WriteModuleDataStream: skippedFunction.Name: operator new.
2025-02-12 13:04:50.263 -05:00 [VRB] CoverageMessagesWriter.WriteModuleDataStream: skippedFunction.Name: activerCouleursAnsi.
2025-02-12 13:04:50.263 -05:00 [VRB] CoverageMessagesWriter.WriteModuleDataStream: skippedFunction.Name: data.
2025-02-12 13:04:50.263 -05:00 [VRB] CoverageMessagesWriter.WriteModuleDataStream: skippedFunction.Name: get_blocs_alloues_lock.
2025-02-12 13:04:50.263 -05:00 [VRB] CoverageMessagesWriter.WriteModuleDataStream: skippedFunction.Name: size.
2025-02-12 13:04:50.263 -05:00 [VRB] CoverageMessagesWriter.WriteModuleDataStream: skippedFunction.Name: static void failwithmessage(void *, int, int, const char *).
2025-02-12 13:04:50.263 -05:00 [VRB] CoverageMessagesWriter.WriteModuleDataStream: skippedFunction.Name: get_blocs_alloues_tries(bool, unsigned int).
2025-02-12 13:04:50.263 -05:00 [VRB] CoverageMessagesWriter.WriteModuleDataStream: skippedFunction.Name: static struct _IMAGE_SECTION_HEADER * find_pe_section(unsigned char *, const unsigned int).
2025-02-12 13:04:50.263 -05:00 [VRB] CoverageMessagesWriter.WriteModuleDataStream: skippedFunction.Name: a_numero_ligne.
2025-02-12 13:04:50.263 -05:00 [VRB] CoverageMessagesWriter.WriteModuleDataStream: skippedFunction.Name: _RTC_StackFailure.
2025-02-12 13:04:50.263 -05:00 [VRB] CoverageMessagesWriter.WriteModuleDataStream: skippedFunction.Name: compte_allocations.
2025-02-12 13:04:50.263 -05:00 [VRB] CoverageMessagesWriter.WriteModuleDataStream: skippedFunction.Name: initialiserGoogleTest.
2025-02-12 13:04:50.263 -05:00 [VRB] CoverageMessagesWriter.WriteModuleDataStream: skippedFunction.Name: __RTC_Initialize.
2025-02-12 13:04:50.263 -05:00 [VRB] CoverageMessagesWriter.WriteModuleDataStream: skippedFunction.Name: static unsigned int _strlen_priv(const char *).
2025-02-12 13:04:50.263 -05:00 [VRB] CoverageMessagesWriter.WriteModuleDataStream: skippedFunction.Name: _RTC_GetErrorFunc.
2025-02-12 13:04:50.263 -05:00 [VRB] CoverageMessagesWriter.WriteModuleDataStream: skippedFunction.Name: operator!=.
2025-02-12 13:04:50.263 -05:00 [VRB] CoverageMessagesWriter.WriteModuleDataStream: skippedFunction.Name: __get_startup_thread_locale_mode.
2025-02-12 13:04:50.263 -05:00 [VRB] CoverageMessagesWriter.WriteModuleDataStream: skippedFunction.Name: remise_a_zero_verification.
2025-02-12 13:04:50.263 -05:00 [VRB] CoverageMessagesWriter.WriteModuleDataStream: skippedFunction.Name: span<char const *,4294967295><2,0>.
2025-02-12 13:04:50.263 -05:00 [VRB] CoverageMessagesWriter.WriteModuleDataStream: skippedFunction.Name: operator==.
2025-02-12 13:04:50.263 -05:00 [VRB] CoverageMessagesWriter.WriteModuleDataStream: skippedFunction.Name: operator!=.
2025-02-12 13:04:50.263 -05:00 [VRB] CoverageMessagesWriter.WriteModuleDataStream: skippedFunction.Name: __except_handler4_noexcept.
2025-02-12 13:04:50.263 -05:00 [VRB] CoverageMessagesWriter.WriteModuleDataStream: skippedFunction.Name: get_blocs_alloues.
2025-02-12 13:04:50.263 -05:00 [VRB] CoverageMessagesWriter.WriteModuleDataStream: skippedFunction.Name: locales_a_essayer().
2025-02-12 13:04:50.263 -05:00 [VRB] CoverageMessagesWriter.WriteModuleDataStream: skippedFunction.Name: remet().
2025-02-12 13:04:50.263 -05:00 [VRB] CoverageMessagesWriter.WriteModuleDataStream: skippedFunction.Name: range<int>.
2025-02-12 13:04:50.263 -05:00 [VRB] CoverageMessagesWriter.WriteModuleDataStream: skippedFunction.Name: range<int>.
2025-02-12 13:04:50.263 -05:00 [VRB] CoverageMessagesWriter.WriteModuleDataStream: skippedFunction.Name: RemplaceRemet<`bibliotheque_cours::remplaceConsoleOutputCP'::`2'::<lambda_1>,unsigned int &><unsigned int &>(class bibliotheque_cours::remplaceConsoleOutputCP::__l2::<lambda_1>, unsigned int & const).
2025-02-12 13:04:50.263 -05:00 [VRB] CoverageMessagesWriter.WriteModuleDataStream: skippedFunction.Name: tous_les_new_ont_un_delete.
2025-02-12 13:04:50.263 -05:00 [VRB] CoverageMessagesWriter.WriteModuleDataStream: skippedFunction.Name: _RTC_Failure.
2025-02-12 13:04:50.263 -05:00 [VRB] CoverageMessagesWriter.WriteModuleDataStream: skippedFunction.Name: operator()().
2025-02-12 13:04:50.263 -05:00 [VRB] CoverageMessagesWriter.WriteModuleDataStream: skippedFunction.Name: operator()<std::array<std::basic_string<char,std::char_traits<char>,std::allocator<char> >,1> >(class std::array<std::basic_string<char,std::char_traits<char>,std::allocator<char> >,1>).
2025-02-12 13:04:50.263 -05:00 [VRB] CoverageMessagesWriter.WriteModuleDataStream: skippedFunction.Name: activer_verification_allocation.
2025-02-12 13:04:50.263 -05:00 [VRB] CoverageMessagesWriter.WriteModuleDataStream: skippedFunction.Name: est_dans_phase_apres_main.
2025-02-12 13:04:50.263 -05:00 [VRB] CoverageMessagesWriter.WriteModuleDataStream: skippedFunction.Name: not_equal_to_impl.
2025-02-12 13:04:50.263 -05:00 [VRB] CoverageMessagesWriter.WriteModuleDataStream: skippedFunction.Name: to_const_char(const class std::basic_string<char,std::char_traits<char>,std::allocator<char> > & const).
2025-02-12 13:04:50.263 -05:00 [VRB] CoverageMessagesWriter.WriteModuleDataStream: skippedFunction.Name: to_const_char(const char *).
2025-02-12 13:04:50.263 -05:00 [VRB] CoverageMessagesWriter.WriteModuleDataStream: skippedFunction.Name: ~type_info.
2025-02-12 13:04:50.263 -05:00 [VRB] CoverageMessagesWriter.WriteModuleDataStream: skippedFunction.Name: __Smtx_unlock_exclusive.
2025-02-12 13:04:50.263 -05:00 [VRB] CoverageMessagesWriter.WriteModuleDataStream: skippedFunction.Name: __Smtx_unlock_shared.
2025-02-12 13:04:50.263 -05:00 [VRB] CoverageMessagesWriter.WriteModuleDataStream: skippedFunction.Name: get_message_erreur_delete.
2025-02-12 13:04:50.263 -05:00 [VRB] CoverageMessagesWriter.WriteModuleDataStream: skippedFunction.Name: RemplaceRemet<`bibliotheque_cours::remplaceCLocale'::`2'::<lambda_1>,gsl::span<char const *,4294967295> &><gsl::span<char const *,4294967295> &>(class bibliotheque_cours::remplaceCLocale::__l2::<lambda_1>, class gsl::span<char const *,4294967295> & const).
2025-02-12 13:04:50.263 -05:00 [VRB] CoverageMessagesWriter.WriteModuleDataStream: skippedFunction.Name: operator().
2025-02-12 13:04:50.264 -05:00 [VRB] CoverageMessagesWriter.WriteModuleDataStream: skippedFunction.Name: operator().
2025-02-12 13:04:50.264 -05:00 [VRB] CoverageMessagesWriter.WriteModuleDataStream: skippedFunction.Name: remise_a_zero_compteurs_allocation.
2025-02-12 13:04:50.264 -05:00 [VRB] CoverageMessagesWriter.WriteModuleDataStream: skippedFunction.Name: ~S().
2025-02-12 13:04:50.264 -05:00 [VRB] CoverageMessagesWriter.WriteModuleDataStream: skippedFunction.Name: _Unchecked_begin.
2025-02-12 13:04:50.264 -05:00 [VRB] CoverageMessagesWriter.WriteModuleDataStream: skippedFunction.Name: terminate.
2025-02-12 13:04:50.264 -05:00 [VRB] CoverageMessagesWriter.WriteModuleDataStream: skippedFunction.Name: data.
2025-02-12 13:04:50.264 -05:00 [VRB] CoverageMessagesWriter.WriteModuleDataStream: skippedFunction.Name: static bool DebuggerRuntime(unsigned long, int, void *, const wchar_t *).
2025-02-12 13:04:50.264 -05:00 [VRB] CoverageMessagesWriter.WriteModuleDataStream: skippedFunction.Name: remplir_bloc_verification_corruption_a.
2025-02-12 13:04:50.264 -05:00 [VRB] CoverageMessagesWriter.WriteModuleDataStream: skippedFunction.Name: tester_tous_blocs_alloues.
2025-02-12 13:04:50.264 -05:00 [VRB] CoverageMessagesWriter.WriteModuleDataStream: skippedFunction.Name: inc.
2025-02-12 13:04:50.264 -05:00 [VRB] CoverageMessagesWriter.WriteModuleDataStream: skippedFunction.Name: _ceilf.
2025-02-12 13:04:50.264 -05:00 [VRB] CoverageMessagesWriter.WriteModuleDataStream: skippedFunction.Name: RemplaceRemet<`bibliotheque_cours::remplaceConsoleInputCP'::`2'::<lambda_1>,unsigned int &><unsigned int &>(class bibliotheque_cours::remplaceConsoleInputCP::__l2::<lambda_1>, unsigned int & const).
2025-02-12 13:04:50.264 -05:00 [VRB] CoverageMessagesWriter.WriteModuleDataStream: skippedFunction.Name: operator().
2025-02-12 13:04:50.264 -05:00 [VRB] CoverageMessagesWriter.WriteModuleDataStream: skippedFunction.Name: __initialize_denormal_control.
2025-02-12 13:04:50.264 -05:00 [VRB] CoverageMessagesWriter.WriteModuleDataStream: skippedFunction.Name: __ftol3.
2025-02-12 13:04:50.264 -05:00 [VRB] CoverageMessagesWriter.WriteModuleDataStream: skippedFunction.Name: static void notify_debugger(const struct tagEXCEPTION_VISUALCPP_DEBUG_INFO & const).
2025-02-12 13:04:50.264 -05:00 [VRB] CoverageMessagesWriter.WriteModuleDataStream: skippedFunction.Name: __initialize_default_precision.
2025-02-12 13:04:50.264 -05:00 [VRB] CoverageMessagesWriter.WriteModuleDataStream: skippedFunction.Name: get_blocs_alloues_mutex.
2025-02-12 13:04:50.264 -05:00 [VRB] CoverageMessagesWriter.WriteModuleDataStream: skippedFunction.Name: _atexit.
2025-02-12 13:04:50.264 -05:00 [VRB] CoverageMessagesWriter.WriteModuleDataStream: skippedFunction.Name: debogage_allocation_est_actif.
2025-02-12 13:04:50.264 -05:00 [VRB] CoverageMessagesWriter.WriteModuleDataStream: skippedFunction.Name: static int invoke_main().
2025-02-12 13:04:50.264 -05:00 [VRB] CoverageMessagesWriter.WriteModuleDataStream: skippedFunction.Name: get_info_bloc_memoire(void *).
2025-02-12 13:04:50.264 -05:00 [VRB] CoverageMessagesWriter.WriteModuleDataStream: skippedFunction.Name: operator delete.
2025-02-12 13:04:50.264 -05:00 [VRB] CoverageMessagesWriter.WriteModuleDataStream: skippedFunction.Name: operator delete.
2025-02-12 13:04:50.264 -05:00 [VRB] CoverageMessagesWriter.WriteModuleDataStream: skippedFunction.Name: operator delete.
2025-02-12 13:04:50.264 -05:00 [VRB] CoverageMessagesWriter.WriteModuleDataStream: skippedFunction.Name: __RTC_Terminate.
2025-02-12 13:04:50.264 -05:00 [VRB] CoverageMessagesWriter.WriteModuleDataStream: skippedFunction.Name: remplaceCLocale(int, class gsl::span<char const *,4294967295>).
2025-02-12 13:04:50.264 -05:00 [VRB] CoverageMessagesWriter.WriteModuleDataStream: skippedFunction.Name: tester_bloc_verification_corruption_a.
2025-02-12 13:04:50.264 -05:00 [VRB] CoverageMessagesWriter.WriteModuleDataStream: skippedFunction.Name: static int ArrayUnwindFilter(struct _EXCEPTION_POINTERS *).
2025-02-12 13:04:50.264 -05:00 [VRB] CoverageMessagesWriter.WriteModuleDataStream: skippedFunction.Name: ~dbgbuf.
2025-02-12 13:04:50.264 -05:00 [VRB] CoverageMessagesWriter.WriteModuleDataStream: skippedFunction.Name: overflow.
2025-02-12 13:04:50.264 -05:00 [VRB] CoverageMessagesWriter.WriteModuleDataStream: skippedFunction.Name: ouvrirUneConsoleSiTestAvecDebogueur.
2025-02-12 13:04:50.264 -05:00 [VRB] CoverageMessagesWriter.WriteModuleDataStream: skippedFunction.Name: __get_startup_file_mode.
2025-02-12 13:04:50.264 -05:00 [VRB] CoverageMessagesWriter.WriteModuleDataStream: skippedFunction.Name: operator delete[].
2025-02-12 13:04:50.264 -05:00 [VRB] CoverageMessagesWriter.WriteModuleDataStream: skippedFunction.Name: operator delete[].
2025-02-12 13:04:50.264 -05:00 [VRB] CoverageMessagesWriter.WriteModuleDataStream: skippedFunction.Name: operator delete[].
2025-02-12 13:04:50.264 -05:00 [VRB] CoverageMessagesWriter.WriteModuleDataStream: skippedFunction.Name: _RTC_GetErrorFuncW.
2025-02-12 13:04:50.264 -05:00 [VRB] CoverageMessagesWriter.WriteModuleDataStream: skippedFunction.Name: begin.
2025-02-12 13:04:50.264 -05:00 [VRB] CoverageMessagesWriter.WriteModuleDataStream: skippedFunction.Name: _mainCRTStartup.
2025-02-12 13:04:50.264 -05:00 [VRB] CoverageMessagesWriter.WriteModuleDataStream: skippedFunction.Name: dbgbuf.
2025-02-12 13:04:50.264 -05:00 [VRB] CoverageMessagesWriter.WriteModuleDataStream: skippedFunction.Name: operator<<.
2025-02-12 13:04:50.264 -05:00 [VRB] CoverageMessagesWriter.WriteModuleDataStream: skippedFunction.Name: operator++.
2025-02-12 13:04:50.264 -05:00 [VRB] CoverageMessagesWriter.WriteModuleDataStream: skippedFunction.Name: step.
2025-02-12 13:04:50.264 -05:00 [VRB] CoverageMessagesWriter.WriteModuleDataStream: skippedFunction.Name: get_blocs_alloues_shared_lock.
2025-02-12 13:04:50.264 -05:00 [VRB] CoverageMessagesWriter.WriteModuleDataStream: skippedFunction.Name: repond_aux_criteres.
2025-02-12 13:04:50.264 -05:00 [VRB] CoverageMessagesWriter.WriteModuleDataStream: skippedFunction.Name: _NtCurrentTeb.
2025-02-12 13:04:50.264 -05:00 [VRB] CoverageMessagesWriter.WriteModuleDataStream: skippedFunction.Name: value.
2025-02-12 13:04:50.264 -05:00 [VRB] CoverageMessagesWriter.WriteModuleDataStream: skippedFunction.Name: `dynamic initializer for 'blocs_alloues''().
2025-02-12 13:04:50.264 -05:00 [VRB] CoverageMessagesWriter.WriteModuleDataStream: skippedFunction.Name: set_breakpoint_sur_allocations.
2025-02-12 13:04:50.264 -05:00 [VRB] CoverageMessagesWriter.WriteModuleDataStream: skippedFunction.Name: __should_initialize_environment.
2025-02-12 13:04:50.264 -05:00 [VRB] CoverageMessagesWriter.WriteModuleDataStream: skippedFunction.Name: ~SansVerifierAllocations.
2025-02-12 13:04:50.264 -05:00 [VRB] CoverageMessagesWriter.WriteModuleDataStream: skippedFunction.Name: static int pre_c_initialization().
2025-02-12 13:04:50.264 -05:00 [VRB] CoverageMessagesWriter.WriteModuleDataStream: skippedFunction.Name: operator().
2025-02-12 13:04:50.264 -05:00 [VRB] CoverageMessagesWriter.WriteModuleDataStream: skippedFunction.Name: static bool DebuggerProbe(unsigned long).
2025-02-12 13:04:50.264 -05:00 [VRB] CoverageMessagesWriter.WriteModuleDataStream: skippedFunction.Name: __matherr.
2025-02-12 13:04:50.264 -05:00 [VRB] CoverageMessagesWriter.WriteModuleDataStream: skippedFunction.Name: Iterator.
2025-02-12 13:04:50.264 -05:00 [VRB] CoverageMessagesWriter.WriteModuleDataStream: skippedFunction.Name: Range<int>.
2025-02-12 13:04:50.264 -05:00 [VRB] CoverageMessagesWriter.WriteModuleDataStream: skippedFunction.Name: Range<int>.
2025-02-12 13:04:50.264 -05:00 [VRB] CoverageMessagesWriter.WriteModuleDataStream: skippedFunction.Name: __Init_thread_wait_v2.
2025-02-12 13:04:50.264 -05:00 [VRB] CoverageMessagesWriter.WriteModuleDataStream: skippedFunction.Name: __get_startup_new_mode.
2025-02-12 13:04:50.264 -05:00 [VRB] CoverageMessagesWriter.WriteModuleDataStream: skippedFunction.Name: desactiver_verification_allocation.
2025-02-12 13:04:50.264 -05:00 [VRB] CoverageMessagesWriter.WriteModuleDataStream: skippedFunction.Name: ~RemplaceRemet<`bibliotheque_cours::remplaceConsoleInputCP'::`2'::<lambda_1>,unsigned int &>().
2025-02-12 13:04:50.264 -05:00 [VRB] CoverageMessagesWriter.WriteModuleDataStream: skippedFunction.Name: ~VerifierFuitesAllocations.
2025-02-12 13:04:50.264 -05:00 [VRB] CoverageMessagesWriter.WriteModuleDataStream: skippedFunction.Name: operator().
2025-02-12 13:04:50.264 -05:00 [VRB] CoverageMessagesWriter.WriteModuleDataStream: skippedFunction.Name: static bool is_potentially_valid_image_base(void *).
2025-02-12 13:04:50.264 -05:00 [VRB] CoverageMessagesWriter.WriteModuleDataStream: skippedFunction.Name: __initialize_invalid_parameter_handler.
2025-02-12 13:04:50.264 -05:00 [VRB] CoverageMessagesWriter.WriteModuleDataStream: skippedFunction.Name: InitConsole.
2025-02-12 13:04:50.264 -05:00 [VRB] CoverageMessagesWriter.WriteModuleDataStream: skippedFunction.Name: remplaceConsoleOutputCP(unsigned int).
2025-02-12 13:04:50.264 -05:00 [VRB] CoverageMessagesWriter.WriteModuleDataStream: skippedFunction.Name: __get_startup_argv_mode.
2025-02-12 13:04:50.264 -05:00 [VRB] CoverageMessagesWriter.WriteModuleDataStream: skippedFunction.Name: mettre_verification_corruption_sur_allocation.
2025-02-12 13:04:50.264 -05:00 [VRB] CoverageMessagesWriter.WriteModuleDataStream: skippedFunction.Name: _Unchecked_end.
2025-02-12 13:04:50.264 -05:00 [VRB] CoverageMessagesWriter.WriteModuleDataStream: skippedFunction.Name: dbgstream.
2025-02-12 13:04:50.264 -05:00 [VRB] CoverageMessagesWriter.WriteModuleDataStream: skippedFunction.Name: data.
2025-02-12 13:04:50.264 -05:00 [VRB] CoverageMessagesWriter.WriteModuleDataStream: skippedFunction.Name: _wmemset.
2025-02-12 13:04:50.264 -05:00 [VRB] CoverageMessagesWriter.WriteModuleDataStream: skippedFunction.Name: size.
2025-02-12 13:04:50.264 -05:00 [VRB] CoverageMessagesWriter.WriteModuleDataStream: skippedFunction.Name: operator().
2025-02-12 13:04:50.264 -05:00 [VRB] CoverageMessagesWriter.WriteModuleDataStream: skippedFunction.Name: remplaceConsoleInputCP(unsigned int).
2025-02-12 13:04:50.264 -05:00 [VRB] CoverageMessagesWriter.WriteModuleDataStream: skippedFunction.Name: ~RemplaceRemet<`bibliotheque_cours::remplaceCLocale'::`2'::<lambda_1>,gsl::span<char const *,4294967295> &>().
2025-02-12 13:04:50.264 -05:00 [VRB] CoverageMessagesWriter.WriteModuleDataStream: skippedFunction.Name: get_marqueur_verification_allocation.
2025-02-12 13:04:50.264 -05:00 [VRB] CoverageMessagesWriter.WriteModuleDataStream: skippedFunction.Name: SansVerifierAllocations.
2025-02-12 13:04:50.264 -05:00 [VRB] CoverageMessagesWriter.WriteModuleDataStream: skippedFunction.Name: afficher_fuites.
2025-02-12 13:04:50.264 -05:00 [VRB] CoverageMessagesWriter.WriteModuleDataStream: skippedFunction.Name: static struct HINSTANCE__ * GetPdbDllFromInstallPath().
2025-02-12 13:04:50.264 -05:00 [VRB] CoverageMessagesWriter.WriteModuleDataStream: skippedFunction.Name: __Init_thread_unlock.
2025-02-12 13:04:50.264 -05:00 [VRB] CoverageMessagesWriter.WriteModuleDataStream: skippedFunction.Name: extent_type<4294967295><2>.
2025-02-12 13:04:50.264 -05:00 [VRB] CoverageMessagesWriter.WriteModuleDataStream: skippedFunction.Name: static void pre_cpp_initialization().
2025-02-12 13:04:50.264 -05:00 [VRB] CoverageMessagesWriter.WriteModuleDataStream: skippedFunction.Name: _Unchecked_begin.
2025-02-12 13:04:50.264 -05:00 [VRB] CoverageMessagesWriter.WriteModuleDataStream: skippedFunction.Name: __except_handler4.
2025-02-12 13:04:50.264 -05:00 [VRB] CoverageMessagesWriter.WriteModuleDataStream: skippedFunction.Name: remet().
2025-02-12 13:04:50.264 -05:00 [VRB] CoverageMessagesWriter.WriteModuleDataStream: skippedFunction.Name: storage_type<gsl::details::extent_type<4294967295> ><gsl::details::extent_type<2> >.
2025-02-12 13:04:50.264 -05:00 [VRB] CoverageMessagesWriter.WriteModuleDataStream: skippedFunction.Name: extent_type<4294967295>.
2025-02-12 13:04:50.264 -05:00 [VRB] CoverageMessagesWriter.WriteModuleDataStream: skippedFunction.Name: __filter_x86_sse2_floating_point_exception_default.
2025-02-12 13:04:50.264 -05:00 [VRB] CoverageMessagesWriter.WriteModuleDataStream: skippedFunction.Name: __Init_thread_abort.
2025-02-12 13:04:50.264 -05:00 [VRB] CoverageMessagesWriter.WriteModuleDataStream: skippedFunction.Name: size.
2025-02-12 13:04:50.264 -05:00 [VRB] CoverageMessagesWriter.WriteModuleDataStream: skippedFunction.Name: not_equal_to_end.
2025-02-12 13:04:50.264 -05:00 [VRB] CoverageMessagesWriter.WriteModuleDataStream: skippedFunction.Name: operator()<std::pair<void * const,bibliotheque_cours::InfoBlocMemoire>,std::pair<void * const,bibliotheque_cours::InfoBlocMemoire> >(struct std::pair<void * const,bibliotheque_cours::InfoBlocMemoire> *, struct std::pair<void * const,bibliotheque_cours::InfoBlocMemoire> *).
2025-02-12 13:04:50.264 -05:00 [VRB] CoverageMessagesWriter.WriteModuleDataStream: skippedFunction.Name: span<unsigned int,4294967295><4294967295,0>.
2025-02-12 13:04:50.264 -05:00 [VRB] CoverageMessagesWriter.WriteModuleDataStream: skippedFunction.Name: @_RTC_CheckStackVars@8.
2025-02-12 13:04:50.264 -05:00 [VRB] CoverageMessagesWriter.WriteModuleDataStream: skippedFunction.Name: sync.
2025-02-12 13:04:50.264 -05:00 [VRB] CoverageMessagesWriter.WriteModuleDataStream: skippedFunction.Name: `dynamic initializer for 'cdbg''().
2025-02-12 13:04:50.264 -05:00 [VRB] CoverageMessagesWriter.WriteModuleDataStream: skippedFunction.Name: assurer_taille_allocation_possible.
2025-02-12 13:04:50.264 -05:00 [VRB] CoverageMessagesWriter.WriteModuleDataStream: skippedFunction.Name: storage_type<gsl::details::extent_type<4294967295> ><unsigned int>.
2025-02-12 13:04:50.264 -05:00 [VRB] CoverageMessagesWriter.WriteModuleDataStream: skippedFunction.Name: @_guard_check_icall_nop@4.
2025-02-12 13:04:50.264 -05:00 [VRB] CoverageMessagesWriter.WriteModuleDataStream: skippedFunction.Name: operator()(unsigned int).
2025-02-12 13:04:50.264 -05:00 [VRB] CoverageMessagesWriter.WriteModuleDataStream: skippedFunction.Name: ~RemplaceRemet<`bibliotheque_cours::remplaceConsoleOutputCP'::`2'::<lambda_1>,unsigned int &>().
2025-02-12 13:04:50.264 -05:00 [VRB] CoverageMessagesWriter.WriteModuleDataStream: skippedFunction.Name: end.
2025-02-12 13:04:50.264 -05:00 [VRB] CoverageMessagesWriter.WriteModuleDataStream: skippedFunction.Name: _RTC_GetSrcLine.
2025-02-12 13:04:50.264 -05:00 [VRB] CoverageMessagesWriter.WriteModuleDataStream: skippedFunction.Name: __Init_thread_notify.
2025-02-12 13:04:50.264 -05:00 [VRB] CoverageMessagesWriter.WriteModuleDataStream: skippedFunction.Name: __Init_thread_footer.
2025-02-12 13:04:50.264 -05:00 [VRB] CoverageMessagesWriter.WriteModuleDataStream: skippedFunction.Name: operator*.
2025-02-12 13:04:50.264 -05:00 [VRB] CoverageMessagesWriter.WriteModuleDataStream: skippedFunction.Name: `dynamic initializer for '_initConsole''().
2025-02-12 13:04:50.264 -05:00 [VRB] CoverageMessagesWriter.WriteModuleDataStream: skippedFunction.Name: `dynamic initializer for '_initConsole''().
2025-02-12 13:04:50.264 -05:00 [VRB] CoverageMessagesWriter.WriteModuleDataStream: skippedFunction.Name: operator()<gsl::span<char const *,4294967295> >(class gsl::span<char const *,4294967295>).
2025-02-12 13:04:50.264 -05:00 [VRB] CoverageMessagesWriter.WriteModuleDataStream: skippedFunction.Name: taille_allocation_selon_verification_corruption.
2025-02-12 13:04:50.264 -05:00 [VRB] CoverageMessagesWriter.WriteModuleDataStream: skippedFunction.Name: data.
2025-02-12 13:04:50.264 -05:00 [VRB] CoverageMessagesWriter.WriteModuleDataStream: skippedFunction.Name: est_depuis.
2025-02-12 13:04:50.264 -05:00 [VRB] CoverageMessagesWriter.WriteModuleDataStream: skippedFunction.Name: static int GetPdbDllPathFromFilePath(const wchar_t *, wchar_t *, unsigned int).
2025-02-12 13:04:50.264 -05:00 [VRB] CoverageMessagesWriter.WriteModuleDataStream: skippedFunction.Name: static struct HINSTANCE__ * GetPdbDll().
2025-02-12 13:04:50.264 -05:00 [VRB] CoverageMessagesWriter.WriteModuleDataStream: skippedFunction.Name: pointeur_octets.
2025-02-12 13:04:50.264 -05:00 [VRB] CoverageMessagesWriter.WriteModuleDataStream: skippedFunction.Name: displayDebugString(const class std::basic_string<char,std::char_traits<char>,std::allocator<char> > & const).
2025-02-12 13:04:50.264 -05:00 [VRB] CoverageMessagesWriter.WriteModuleDataStream: skippedFunction.Name: executerGoogleTest.
2025-02-12 13:04:50.264 -05:00 [VRB] CoverageMessagesWriter.WriteModuleDataStream: skippedFunction.Name: __Init_thread_header.
2025-02-12 13:04:50.264 -05:00 [VRB] CoverageMessagesWriter.WriteModuleDataStream: skippedFunction.Name: notre_operator_delete.
2025-02-12 13:04:50.264 -05:00 [VRB] CoverageMessagesWriter.WriteModuleDataStream: skippedFunction.Name: operator new[].
2025-02-12 13:04:50.264 -05:00 [VRB] CoverageMessagesWriter.WriteModuleDataStream: skippedFunction.Name: operator new[].
2025-02-12 13:04:50.264 -05:00 [VRB] CoverageMessagesWriter.WriteModuleDataStream: skippedFunction.Name: dump_blocs_alloues.
2025-02-12 13:04:50.264 -05:00 [VRB] CoverageMessagesWriter.WriteModuleDataStream: skippedFunction.Name: flushMessageBuffer.
2025-02-12 13:04:50.264 -05:00 [VRB] CoverageMessagesWriter.WriteModuleDataStream: skippedFunction.Name: initialisation_juste_avant_variables_globales().
2025-02-12 13:04:50.264 -05:00 [VRB] CoverageMessagesWriter.WriteModuleDataStream: skippedFunction.Name: remet().
2025-02-12 13:04:50.264 -05:00 [VRB] CoverageMessagesWriter.WriteModuleDataStream: skippedFunction.Name: VerifierFuitesAllocations.
2025-02-12 13:04:50.264 -05:00 [VRB] CoverageMessagesWriter.WriteModuleDataStream: skippedFunction.Name: tester_verification_corruption_sur_allocation.
2025-02-12 13:04:50.264 -05:00 [VRB] CoverageMessagesWriter.WriteModuleDataStream: skippedFunction.Name: size.
2025-02-12 13:04:50.264 -05:00 [VRB] CoverageMessagesWriter.WriteModuleDataStream: skippedFunction.Name: __Smtx_lock_shared.
2025-02-12 13:04:50.264 -05:00 [VRB] CoverageMessagesWriter.WriteModuleDataStream: skippedFunction.Name: __onexit.
2025-02-12 13:04:50.264 -05:00 [VRB] CoverageMessagesWriter.WriteModuleDataStream: skippedFunction.Name: etait_deja_actif.
2025-02-12 13:04:50.264 -05:00 [VRB] CoverageMessagesWriter.WriteModuleDataStream: skippedFunction.Name: lancer_erreur_delete(bibliotheque_cours::SorteErreurDelete, const struct bibliotheque_cours::InfoBlocMemoire & const).
2025-02-12 13:04:50.264 -05:00 [VRB] CoverageMessagesWriter.WriteModuleDataStream: skippedFunction.Name: static int post_pgo_initialization().
2025-02-12 13:04:50.264 -05:00 [VRB] CoverageMessagesWriter.WriteModuleDataStream: skippedFunction.Name: __crt_debugger_hook.
2025-02-12 13:04:50.264 -05:00 [VRB] CoverageMessagesWriter.WriteModuleDataStream: skippedFunction.Name: activerEncodageLocale.
2025-02-12 13:04:50.264 -05:00 [VRB] CoverageMessagesWriter.WriteModuleDataStream: skippedFunction.Name: <lambda_1>(const int & const).
2025-02-12 13:04:50.264 -05:00 [VRB] CoverageMessagesWriter.WriteModuleDataStream: skippedFunction.Name: __Smtx_lock_exclusive.
2025-02-12 13:04:50.264 -05:00 [VRB] CoverageMessagesWriter.WriteModuleDataStream: skippedFunction.Name: ~VerifierALaFin.
2025-02-12 13:04:50.264 -05:00 [VRB] CoverageMessagesWriter.WriteModuleDataStream: skippedFunction.Name: __Init_thread_lock.
2025-02-12 13:04:50.266 -05:00 [INF] CoverageFileWriter.WriteFile: schema: 1, modules: True, skippedFunctions: True, skippedModules: True, snapshot: True
2025-02-12 13:04:50.268 -05:00 [INF] Report generator: DefaultReportGenerator, output file: couverture2025-02-12_13_04_48,87.coverage
2025-02-12 13:04:50.270 -05:00 [VRB] PipeConnection.Stop: 097f110c-71a2-40e2-9c7a-ac2d2da12460 finished
2025-02-12 13:04:50.270 -05:00 [VRB] PipeConnection.Stop: 56cfcab1-5de7-492c-9cd1-b84eb98e83a3 finished
2025-02-12 13:04:50.270 -05:00 [VRB] PipeConnection.Stop: 0f92f30c-8c6a-4357-aa06-ab4301444a22 finished
2025-02-12 13:04:50.270 -05:00 [VRB] PipeConnection.Stop: 2d41c4a5-2e2d-4525-8112-b2998d1fbf74 finished
2025-02-12 13:04:50.270 -05:00 [VRB] PipeConnection.Stop: 59a53892-f186-42e7-8e0a-627f4fb28e01 finished
2025-02-12 13:04:50.270 -05:00 [VRB] PipeConnection.Stop: e96ad738-01ba-423c-a6a8-115d2407468a finished
2025-02-12 13:04:50.270 -05:00 [VRB] PipeConnection.Stop: 857a5f56-cd37-484b-b46d-0b134dfd7f4a finished
2025-02-12 13:04:50.274 -05:00 [INF] LoggerBase.OnShutdown: Logger is shutting down.
2025-02-12 13:04:50.274 -05:00 [VRB] PipeConnection.Stop: 097f110c-71a2-40e2-9c7a-ac2d2da12460 finished
2025-02-12 13:04:50.274 -05:00 [VRB] PipeConnection.Stop: 56cfcab1-5de7-492c-9cd1-b84eb98e83a3 finished
2025-02-12 13:04:50.274 -05:00 [VRB] PipeConnection.Stop: 0f92f30c-8c6a-4357-aa06-ab4301444a22 finished
2025-02-12 13:04:50.274 -05:00 [VRB] PipeConnection.Stop: 2d41c4a5-2e2d-4525-8112-b2998d1fbf74 finished
2025-02-12 13:04:50.274 -05:00 [VRB] PipeConnection.Stop: 59a53892-f186-42e7-8e0a-627f4fb28e01 finished
2025-02-12 13:04:50.274 -05:00 [VRB] PipeConnection.Stop: e96ad738-01ba-423c-a6a8-115d2407468a finished
2025-02-12 13:04:50.274 -05:00 [VRB] PipeConnection.Stop: 857a5f56-cd37-484b-b46d-0b134dfd7f4a finished
2025-02-12 13:04:50.274 -05:00 [VRB] PipeConnection.Stop: 097f110c-71a2-40e2-9c7a-ac2d2da12460 finished
2025-02-12 13:04:50.274 -05:00 [VRB] PipeConnection.Stop: 56cfcab1-5de7-492c-9cd1-b84eb98e83a3 finished
2025-02-12 13:04:50.274 -05:00 [VRB] PipeConnection.Stop: 0f92f30c-8c6a-4357-aa06-ab4301444a22 finished
2025-02-12 13:04:50.274 -05:00 [VRB] PipeConnection.Stop: 2d41c4a5-2e2d-4525-8112-b2998d1fbf74 finished
2025-02-12 13:04:50.274 -05:00 [VRB] PipeConnection.Stop: 59a53892-f186-42e7-8e0a-627f4fb28e01 finished
2025-02-12 13:04:50.274 -05:00 [VRB] PipeConnection.Stop: e96ad738-01ba-423c-a6a8-115d2407468a finished
2025-02-12 13:04:50.274 -05:00 [VRB] PipeConnection.Stop: 857a5f56-cd37-484b-b46d-0b134dfd7f4a finished
2025-02-12 13:04:50.274 -05:00 [INF] PipeConnection.OnClientConnected: 0f92f30c-8c6a-4357-aa06-ab4301444a22 connection was not made. Exception: Cannot access a closed pipe.
2025-02-12 13:04:50.274 -05:00 [INF] PipeConnection.OnClientConnected: 2d41c4a5-2e2d-4525-8112-b2998d1fbf74 connection was not made. Exception: Cannot access a closed pipe.
2025-02-12 13:04:50.274 -05:00 [VRB] PipeConnection.OnClientConnected: 2d41c4a5-2e2d-4525-8112-b2998d1fbf74 finished
2025-02-12 13:04:50.274 -05:00 [INF] PipeConnection.OnClientConnected: e96ad738-01ba-423c-a6a8-115d2407468a connection was not made. Exception: Cannot access a closed pipe.
2025-02-12 13:04:50.274 -05:00 [VRB] PipeConnection.OnClientConnected: e96ad738-01ba-423c-a6a8-115d2407468a finished
2025-02-12 13:04:50.274 -05:00 [VRB] PipeConnection.OnClientConnected: 0f92f30c-8c6a-4357-aa06-ab4301444a22 finished
2025-02-12 13:04:50.274 -05:00 [INF] PipeConnection.OnClientConnected: 857a5f56-cd37-484b-b46d-0b134dfd7f4a connection was not made. Exception: Cannot access a closed pipe.
2025-02-12 13:04:50.274 -05:00 [VRB] PipeConnection.OnClientConnected: 857a5f56-cd37-484b-b46d-0b134dfd7f4a finished
2025-02-12 13:04:50.274 -05:00 [INF] PipeConnection.OnClientConnected: 59a53892-f186-42e7-8e0a-627f4fb28e01 connection was not made. Exception: Cannot access a closed pipe.
2025-02-12 13:04:50.274 -05:00 [VRB] PipeConnection.OnClientConnected: 59a53892-f186-42e7-8e0a-627f4fb28e01 finished
2025-02-12 13:04:50.284 -05:00 [VRB] Cleanup session directory folder 'C:\Users\zacka\AppData\Local\Temp\7953cf38-9dec-4c5c-a2a9-568d18ba5f57'
