2025-02-11 17:22:51.331 -05:00 [INF] ConfigurationFileUtility.GetConfiguration: Coverage settings file not provided. Using default settings.
2025-02-11 17:22:51.353 -05:00 [INF] Starting collection for session id: 5f5cb3e0-ed51-4156-ab28-79402969d692
2025-02-11 17:22:51.364 -05:00 [INF] ReportGenerator.LoadGenerators. OutputType: default
2025-02-11 17:22:51.365 -05:00 [ERR] ReportGeneratorFactory.CreateGenerator: Invalid outputType: default found. Using DefaultReportGenerator.
2025-02-11 17:22:51.367 -05:00 [VRB] PrivilegeChecker.IsPrivilegeEnabled number of privileges: 5
2025-02-11 17:22:51.369 -05:00 [VRB] PrivilegeChecker.IsPrivilegeEnabled number of privileges: 5
2025-02-11 17:22:51.369 -05:00 [VRB] PrivilegeChecker.IsPrivilegeEnabled number of privileges: 5
2025-02-11 17:22:51.383 -05:00 [INF] PipeConnectionsManager.OpenConnectionInternal: acquired lock. Creating new connection.
2025-02-11 17:22:51.390 -05:00 [INF] PipeConnectionsManager.OpenConnectionInternal: Created new connection. Number of connections: 0
2025-02-11 17:22:51.390 -05:00 [INF] PipeConnectionsManager.OpenConnectionInternal: acquired lock. Creating new connection.
2025-02-11 17:22:51.390 -05:00 [INF] PipeConnectionsManager.OpenConnectionInternal: Created new connection. Number of connections: 0
2025-02-11 17:22:51.390 -05:00 [INF] PipeConnectionsManager.OpenConnectionInternal: acquired lock. Creating new connection.
2025-02-11 17:22:51.390 -05:00 [INF] PipeConnectionsManager.OpenConnectionInternal: Created new connection. Number of connections: 0
2025-02-11 17:22:51.390 -05:00 [INF] PipeConnectionsManager.OpenConnectionInternal: acquired lock. Creating new connection.
2025-02-11 17:22:51.390 -05:00 [INF] PipeConnectionsManager.OpenConnectionInternal: Created new connection. Number of connections: 0
2025-02-11 17:22:51.390 -05:00 [INF] PipeConnectionsManager.OpenConnectionInternal: acquired lock. Creating new connection.
2025-02-11 17:22:51.390 -05:00 [INF] PipeConnectionsManager.OpenConnectionInternal: Created new connection. Number of connections: 0
2025-02-11 17:22:51.393 -05:00 [VRB] Configuring environment variable key: CODE_COVERAGE_SESSION_NAME, value: 5f5cb3e0-ed51-4156-ab28-79402969d692
2025-02-11 17:22:51.393 -05:00 [VRB] Configuring environment variable key: CODE_COVERAGE_PIPE_COUNT, value: 1
2025-02-11 17:22:51.393 -05:00 [VRB] Configuring environment variable key: MicrosoftInstrumentationEngine_DisableCodeSignatureValidation, value: 1
2025-02-11 17:22:51.393 -05:00 [VRB] Configuring environment variable key: CODE_COVERAGE_FLAGS, value: 5
2025-02-11 17:22:51.393 -05:00 [VRB] Configuring environment variable key: CODE_COVERAGE_DATA_PREFIX, value: CodeCoverage.5f5cb3e0-ed51-4156-ab28-79402969d692.
2025-02-11 17:22:51.393 -05:00 [VRB] Configuring environment variable key: MicrosoftInstrumentationEngine_ConfigPath64_VanguardInstrumentationProfiler, value: C:\Program Files\Microsoft Visual Studio\2022\Enterprise\Team Tools\Dynamic Code Coverage Tools\amd64\Cov_x64.config
2025-02-11 17:22:51.393 -05:00 [VRB] Configuring environment variable key: MicrosoftInstrumentationEngine_ConfigPath32_VanguardInstrumentationProfiler, value: C:\Program Files\Microsoft Visual Studio\2022\Enterprise\Team Tools\Dynamic Code Coverage Tools\Cov_x86.config
2025-02-11 17:22:51.393 -05:00 [VRB] Configuring environment variable key: MicrosoftInstrumentationEngine_ConfigPathARM64_VanguardInstrumentationProfiler, value: C:\Program Files\Microsoft Visual Studio\2022\Enterprise\Team Tools\Dynamic Code Coverage Tools\arm64\Cov_arm64.config
2025-02-11 17:22:51.395 -05:00 [VRB] Configuring environment variable key: PATH, value: C:\Program Files\Microsoft Visual Studio\2022\Enterprise\Team Tools\Dynamic Code Coverage Tools\arm64;C:\Program Files\Microsoft Visual Studio\2022\Enterprise\Team Tools\Dynamic Code Coverage Tools\amd64;C:\Program Files\Microsoft Visual Studio\2022\Enterprise\Team Tools\Dynamic Code Coverage Tools;C:\Program Files (x86)\VMware\VMware Workstation\bin\;C:\Program Files\Common Files\Oracle\Java\javapath;C:\Program Files (x86)\Common Files\Oracle\Java\javapath;C:\Windows\system32;C:\Windows;C:\Windows\System32\Wbem;C:\Windows\System32\WindowsPowerShell\v1.0\;C:\Windows\System32\OpenSSH\;C:\Program Files (x86)\NVIDIA Corporation\PhysX\Common;C:\Program Files\dotnet\;C:\Program Files\TortoiseGit\bin;C:\Program Files\Git LFS;C:\Program Files\NVIDIA Corporation\NVIDIA app\NvDLISR;C:\Users\Édouard Renaud\AppData\Local\Programs\Python\Python311;C:\Program Files\Git\cmd;C:\Program Files\Microsoft SQL Server\150\Tools\Binn\;C:\Program Files\Microsoft SQL Server\Client SDK\ODBC\170\Tools\Binn\;C:\Program Files (x86)\Microsoft SQL Server\160\Tools\Binn\;C:\Program Files\Microsoft SQL Server\160\Tools\Binn\;C:\Program Files\Microsoft SQL Server\160\DTS\Binn\;C:\Program Files (x86)\Microsoft SQL Server\160\DTS\Binn\;C:\Program Files (x86)\Windows Kits\10\Windows Performance Toolkit\;C:\WINDOWS\system32;C:\WINDOWS;C:\WINDOWS\System32\Wbem;C:\WINDOWS\System32\WindowsPowerShell\v1.0\;C:\WINDOWS\System32\OpenSSH\;C:\Program Files\Docker\Docker\resources\bin;C:\Users\grave\AppData\Local\Programs\Python\Python312\Scripts\;C:\Users\grave\AppData\Local\Programs\Python\Python312\;C:\Users\grave\AppData\Local\Programs\Python\Launcher\;C:\Users\grave\AppData\Local\Microsoft\WindowsApps;C:\Users\grave\AppData\Local\Programs\Microsoft VS Code\bin;C:\Users\grave\.dotnet\tools;
2025-02-11 17:22:51.396 -05:00 [VRB] Configuring environment variable key: CORECLR_ENABLE_PROFILING, value: 1
2025-02-11 17:22:51.396 -05:00 [VRB] Configuring environment variable key: CORECLR_PROFILER_PATH_64, value: C:\Program Files\Microsoft Visual Studio\2022\Enterprise\Common7\IDE\CommonExtensions\Platform\InstrumentationEngine\x64\MicrosoftInstrumentationEngine_x64.dll
2025-02-11 17:22:51.396 -05:00 [VRB] Configuring environment variable key: CORECLR_PROFILER, value: {324F817A-7420-4E6D-B3C1-143FBED6D855}
2025-02-11 17:22:51.396 -05:00 [VRB] Configuring environment variable key: CORECLR_PROFILER_PATH_32, value: C:\Program Files\Microsoft Visual Studio\2022\Enterprise\Common7\IDE\CommonExtensions\Platform\InstrumentationEngine\x86\MicrosoftInstrumentationEngine_x86.dll
2025-02-11 17:22:51.396 -05:00 [VRB] Configuring environment variable key: CORECLR_PROFILER_PATH_ARM64, value: C:\Program Files\Microsoft Visual Studio\2022\Enterprise\Common7\IDE\CommonExtensions\Platform\InstrumentationEngine\arm64\MicrosoftInstrumentationEngine_arm64.dll
2025-02-11 17:22:51.397 -05:00 [VRB] Configuring environment variable key: COR_ENABLE_PROFILING, value: 1
2025-02-11 17:22:51.397 -05:00 [VRB] Configuring environment variable key: COR_PROFILER_PATH_32, value: C:\Program Files\Microsoft Visual Studio\2022\Enterprise\Common7\IDE\CommonExtensions\Platform\InstrumentationEngine\x86\MicrosoftInstrumentationEngine_x86.dll
2025-02-11 17:22:51.397 -05:00 [VRB] Configuring environment variable key: COR_PROFILER_PATH_64, value: C:\Program Files\Microsoft Visual Studio\2022\Enterprise\Common7\IDE\CommonExtensions\Platform\InstrumentationEngine\x64\MicrosoftInstrumentationEngine_x64.dll
2025-02-11 17:22:51.397 -05:00 [VRB] Configuring environment variable key: COR_PROFILER_PATH_ARM64, value: C:\Program Files\Microsoft Visual Studio\2022\Enterprise\Common7\IDE\CommonExtensions\Platform\InstrumentationEngine\arm64\MicrosoftInstrumentationEngine_arm64.dll
2025-02-11 17:22:51.397 -05:00 [VRB] Configuring environment variable key: COR_PROFILER, value: {324F817A-7420-4E6D-B3C1-143FBED6D855}
2025-02-11 17:22:51.398 -05:00 [VRB] ProcessFactoryWithCovrunInjection.Create injecting covrun into new process for session: 5f5cb3e0-ed51-4156-ab28-79402969d692
2025-02-11 17:22:51.399 -05:00 [VRB] ProcessFactory: Starting process: fileName: C:\Program Files\Microsoft Visual Studio\2022\Enterprise\Team Tools\Dynamic Code Coverage Tools\amd64\CodeCoverage.exe, arguments: connect /session:5f5cb3e0-ed51-4156-ab28-79402969d692 /wait C:\Users\grave\TPsINF1015\TPs\TP2\Debug\td2.exe 
2025-02-11 17:22:51.402 -05:00 [INF] Started process id: 29408
2025-02-11 17:22:51.409 -05:00 [INF] PipeConnection.OnClientConnected: bb15f6e9-b9b5-4385-9317-6df6d58c5ba2 connected: CodeCoverage.pipe.5f5cb3e0-ed51-4156-ab28-79402969d692
2025-02-11 17:22:51.409 -05:00 [INF] PipeConnectionsManager.OnClientConnectedEvent: Client connect with pipe: CodeCoverage.pipe.5f5cb3e0-ed51-4156-ab28-79402969d692
2025-02-11 17:22:51.409 -05:00 [INF] PipeConnectionsManager.OpenConnectionInternal: acquired lock. Creating new connection.
2025-02-11 17:22:51.409 -05:00 [INF] PipeConnectionsManager.OpenConnectionInternal: Created new connection. Number of connections: 1
2025-02-11 17:22:51.410 -05:00 [VRB] PipeConnection.OnClientConnected: bb15f6e9-b9b5-4385-9317-6df6d58c5ba2 finished
2025-02-11 17:22:51.418 -05:00 [INF] LoggerBase.OnClientConnected: processId:29408
2025-02-11 17:22:51.418 -05:00 [INF] CoveragePipeClient.SendConfiguration[29408]: Sending RegisterClientResponseMessage to client.
2025-02-11 17:22:51.420 -05:00 [VRB] PipeConnection.ReadMessagesAsync: bb15f6e9-b9b5-4385-9317-6df6d58c5ba2 finished
2025-02-11 17:22:51.450 -05:00 [INF] PipeConnection.OnClientConnected: 7dd08996-53ba-4ca0-bd0a-84d2a9439eb4 connected: CodeCoverage.pipe.5f5cb3e0-ed51-4156-ab28-79402969d692
2025-02-11 17:22:51.450 -05:00 [INF] PipeConnectionsManager.OnClientConnectedEvent: Client connect with pipe: CodeCoverage.pipe.5f5cb3e0-ed51-4156-ab28-79402969d692
2025-02-11 17:22:51.450 -05:00 [INF] PipeConnectionsManager.OpenConnectionInternal: acquired lock. Creating new connection.
2025-02-11 17:22:51.450 -05:00 [INF] PipeConnectionsManager.OpenConnectionInternal: Created new connection. Number of connections: 2
2025-02-11 17:22:51.450 -05:00 [VRB] PipeConnection.OnClientConnected: 7dd08996-53ba-4ca0-bd0a-84d2a9439eb4 finished
2025-02-11 17:22:51.450 -05:00 [INF] LoggerBase.OnClientConnected: processId:35024
2025-02-11 17:22:51.450 -05:00 [INF] CoveragePipeClient.SendConfiguration[35024]: Sending RegisterClientResponseMessage to client.
2025-02-11 17:22:51.454 -05:00 [INF] LoggerBase.CreateStream[35024]: k:StreamKey { Id = b80c97c8-6322-4bb8-acfe-6f9ad3b13f2c, Prefix = entrypoint:\ } type:b157a3a4-9542-4546-859b-abd1367a08ed path:C:\Users\grave\TPsINF1015\TPs\TP2\Debug\td2.exe
2025-02-11 17:22:51.456 -05:00 [INF] StaticStreamCreator.CreateStream: Creating LocalMemoryStream. streamId:0, identifier:00000000-0000-0000-0000-000000000000
2025-02-11 17:22:51.457 -05:00 [INF] LoggerBase.OnCreateStream: processId:35024, streamId:0, streamType:b157a3a4-9542-4546-859b-abd1367a08ed, bufferSize:0, bufferHeader:, bufferName:, prefix:entrypoint:\
2025-02-11 17:22:51.458 -05:00 [INF] CoveragePipeClient.SendCreateStreamResponse[35024]: streamId:0, bufferName:
2025-02-11 17:22:51.462 -05:00 [INF] LoggerBase.CreateStream[35024]: k:StreamKey { Id = b80c97c8-6322-4bb8-acfe-6f9ad3b13f2c, Prefix = unmanaged:\ } type:2a4f0f81-6809-4480-87ce-0d772568cfb6 path:C:\Users\grave\TPsINF1015\TPs\TP2\Debug\td2.exe
2025-02-11 17:22:51.462 -05:00 [INF] StaticStreamCreator.CreateStream: Creating LocalMemoryStream. streamId:1, identifier:00000000-0000-0000-0000-000000000000
2025-02-11 17:22:51.464 -05:00 [INF] LoggerBase.OnCreateStream: processId:35024, streamId:1, streamType:2a4f0f81-6809-4480-87ce-0d772568cfb6, bufferSize:0, bufferHeader:, bufferName:, prefix:unmanaged:\
2025-02-11 17:22:51.464 -05:00 [INF] CoveragePipeClient.SendCreateStreamResponse[35024]: streamId:1, bufferName:
2025-02-11 17:22:51.467 -05:00 [VRB] LoggerBase.OnWriteStream: processId:35024, streamId:1, streamType:2a4f0f81-6809-4480-87ce-0d772568cfb6, bufferSize:144
2025-02-11 17:22:51.485 -05:00 [VRB] LoggerBase.OnWriteStream: processId:35024, streamId:1, streamType:2a4f0f81-6809-4480-87ce-0d772568cfb6, bufferSize:102
2025-02-11 17:22:51.485 -05:00 [VRB] LoggerBase.OnWriteStream: processId:35024, streamId:1, streamType:2a4f0f81-6809-4480-87ce-0d772568cfb6, bufferSize:304
2025-02-11 17:22:51.485 -05:00 [VRB] LoggerBase.OnWriteStream: processId:35024, streamId:1, streamType:2a4f0f81-6809-4480-87ce-0d772568cfb6, bufferSize:104
2025-02-11 17:22:51.485 -05:00 [VRB] LoggerBase.OnWriteStream: processId:35024, streamId:1, streamType:2a4f0f81-6809-4480-87ce-0d772568cfb6, bufferSize:92
2025-02-11 17:22:51.485 -05:00 [VRB] LoggerBase.OnWriteStream: processId:35024, streamId:1, streamType:2a4f0f81-6809-4480-87ce-0d772568cfb6, bufferSize:52
2025-02-11 17:22:51.485 -05:00 [VRB] LoggerBase.OnWriteStream: processId:35024, streamId:1, streamType:2a4f0f81-6809-4480-87ce-0d772568cfb6, bufferSize:74
2025-02-11 17:22:51.485 -05:00 [VRB] LoggerBase.OnWriteStream: processId:35024, streamId:1, streamType:2a4f0f81-6809-4480-87ce-0d772568cfb6, bufferSize:60
2025-02-11 17:22:51.486 -05:00 [VRB] LoggerBase.OnWriteStream: processId:35024, streamId:1, streamType:2a4f0f81-6809-4480-87ce-0d772568cfb6, bufferSize:128
2025-02-11 17:22:51.486 -05:00 [VRB] LoggerBase.OnWriteStream: processId:35024, streamId:1, streamType:2a4f0f81-6809-4480-87ce-0d772568cfb6, bufferSize:242
2025-02-11 17:22:51.486 -05:00 [VRB] LoggerBase.OnWriteStream: processId:35024, streamId:1, streamType:2a4f0f81-6809-4480-87ce-0d772568cfb6, bufferSize:110
2025-02-11 17:22:51.486 -05:00 [VRB] LoggerBase.OnWriteStream: processId:35024, streamId:1, streamType:2a4f0f81-6809-4480-87ce-0d772568cfb6, bufferSize:48
2025-02-11 17:22:51.486 -05:00 [VRB] LoggerBase.OnWriteStream: processId:35024, streamId:1, streamType:2a4f0f81-6809-4480-87ce-0d772568cfb6, bufferSize:48
2025-02-11 17:22:51.486 -05:00 [VRB] LoggerBase.OnWriteStream: processId:35024, streamId:1, streamType:2a4f0f81-6809-4480-87ce-0d772568cfb6, bufferSize:48
2025-02-11 17:22:51.486 -05:00 [VRB] LoggerBase.OnWriteStream: processId:35024, streamId:1, streamType:2a4f0f81-6809-4480-87ce-0d772568cfb6, bufferSize:62
2025-02-11 17:22:51.486 -05:00 [VRB] LoggerBase.OnWriteStream: processId:35024, streamId:1, streamType:2a4f0f81-6809-4480-87ce-0d772568cfb6, bufferSize:198
2025-02-11 17:22:51.486 -05:00 [VRB] LoggerBase.OnWriteStream: processId:35024, streamId:1, streamType:2a4f0f81-6809-4480-87ce-0d772568cfb6, bufferSize:68
2025-02-11 17:22:51.486 -05:00 [VRB] LoggerBase.OnWriteStream: processId:35024, streamId:1, streamType:2a4f0f81-6809-4480-87ce-0d772568cfb6, bufferSize:90
2025-02-11 17:22:51.486 -05:00 [VRB] LoggerBase.OnWriteStream: processId:35024, streamId:1, streamType:2a4f0f81-6809-4480-87ce-0d772568cfb6, bufferSize:142
2025-02-11 17:22:51.486 -05:00 [VRB] LoggerBase.OnWriteStream: processId:35024, streamId:1, streamType:2a4f0f81-6809-4480-87ce-0d772568cfb6, bufferSize:110
2025-02-11 17:22:51.487 -05:00 [VRB] LoggerBase.OnWriteStream: processId:35024, streamId:1, streamType:2a4f0f81-6809-4480-87ce-0d772568cfb6, bufferSize:204
2025-02-11 17:22:51.487 -05:00 [VRB] LoggerBase.OnWriteStream: processId:35024, streamId:1, streamType:2a4f0f81-6809-4480-87ce-0d772568cfb6, bufferSize:82
2025-02-11 17:22:51.487 -05:00 [VRB] LoggerBase.OnWriteStream: processId:35024, streamId:1, streamType:2a4f0f81-6809-4480-87ce-0d772568cfb6, bufferSize:58
2025-02-11 17:22:51.487 -05:00 [VRB] LoggerBase.OnWriteStream: processId:35024, streamId:1, streamType:2a4f0f81-6809-4480-87ce-0d772568cfb6, bufferSize:60
2025-02-11 17:22:51.487 -05:00 [VRB] LoggerBase.OnWriteStream: processId:35024, streamId:1, streamType:2a4f0f81-6809-4480-87ce-0d772568cfb6, bufferSize:66
2025-02-11 17:22:51.487 -05:00 [VRB] LoggerBase.OnWriteStream: processId:35024, streamId:1, streamType:2a4f0f81-6809-4480-87ce-0d772568cfb6, bufferSize:56
2025-02-11 17:22:51.487 -05:00 [VRB] LoggerBase.OnWriteStream: processId:35024, streamId:1, streamType:2a4f0f81-6809-4480-87ce-0d772568cfb6, bufferSize:116
2025-02-11 17:22:51.487 -05:00 [VRB] LoggerBase.OnWriteStream: processId:35024, streamId:1, streamType:2a4f0f81-6809-4480-87ce-0d772568cfb6, bufferSize:58
2025-02-11 17:22:51.488 -05:00 [VRB] LoggerBase.OnWriteStream: processId:35024, streamId:1, streamType:2a4f0f81-6809-4480-87ce-0d772568cfb6, bufferSize:1314
2025-02-11 17:22:51.488 -05:00 [VRB] LoggerBase.OnWriteStream: processId:35024, streamId:1, streamType:2a4f0f81-6809-4480-87ce-0d772568cfb6, bufferSize:84
2025-02-11 17:22:51.488 -05:00 [VRB] LoggerBase.OnWriteStream: processId:35024, streamId:1, streamType:2a4f0f81-6809-4480-87ce-0d772568cfb6, bufferSize:88
2025-02-11 17:22:51.488 -05:00 [VRB] LoggerBase.OnWriteStream: processId:35024, streamId:1, streamType:2a4f0f81-6809-4480-87ce-0d772568cfb6, bufferSize:76
2025-02-11 17:22:51.488 -05:00 [VRB] LoggerBase.OnWriteStream: processId:35024, streamId:1, streamType:2a4f0f81-6809-4480-87ce-0d772568cfb6, bufferSize:150
2025-02-11 17:22:51.488 -05:00 [VRB] LoggerBase.OnWriteStream: processId:35024, streamId:1, streamType:2a4f0f81-6809-4480-87ce-0d772568cfb6, bufferSize:84
2025-02-11 17:22:51.488 -05:00 [VRB] LoggerBase.OnWriteStream: processId:35024, streamId:1, streamType:2a4f0f81-6809-4480-87ce-0d772568cfb6, bufferSize:208
2025-02-11 17:22:51.488 -05:00 [VRB] LoggerBase.OnWriteStream: processId:35024, streamId:1, streamType:2a4f0f81-6809-4480-87ce-0d772568cfb6, bufferSize:84
2025-02-11 17:22:51.488 -05:00 [VRB] LoggerBase.OnWriteStream: processId:35024, streamId:1, streamType:2a4f0f81-6809-4480-87ce-0d772568cfb6, bufferSize:76
2025-02-11 17:22:51.488 -05:00 [VRB] LoggerBase.OnWriteStream: processId:35024, streamId:1, streamType:2a4f0f81-6809-4480-87ce-0d772568cfb6, bufferSize:1480
2025-02-11 17:22:51.489 -05:00 [VRB] LoggerBase.OnWriteStream: processId:35024, streamId:1, streamType:2a4f0f81-6809-4480-87ce-0d772568cfb6, bufferSize:58
2025-02-11 17:22:51.489 -05:00 [VRB] LoggerBase.OnWriteStream: processId:35024, streamId:1, streamType:2a4f0f81-6809-4480-87ce-0d772568cfb6, bufferSize:62
2025-02-11 17:22:51.489 -05:00 [VRB] LoggerBase.OnWriteStream: processId:35024, streamId:1, streamType:2a4f0f81-6809-4480-87ce-0d772568cfb6, bufferSize:410
2025-02-11 17:22:51.489 -05:00 [VRB] LoggerBase.OnWriteStream: processId:35024, streamId:1, streamType:2a4f0f81-6809-4480-87ce-0d772568cfb6, bufferSize:220
2025-02-11 17:22:51.489 -05:00 [VRB] LoggerBase.OnWriteStream: processId:35024, streamId:1, streamType:2a4f0f81-6809-4480-87ce-0d772568cfb6, bufferSize:44
2025-02-11 17:22:51.489 -05:00 [VRB] LoggerBase.OnWriteStream: processId:35024, streamId:1, streamType:2a4f0f81-6809-4480-87ce-0d772568cfb6, bufferSize:44
2025-02-11 17:22:51.489 -05:00 [VRB] LoggerBase.OnWriteStream: processId:35024, streamId:1, streamType:2a4f0f81-6809-4480-87ce-0d772568cfb6, bufferSize:698
2025-02-11 17:22:51.490 -05:00 [VRB] LoggerBase.OnWriteStream: processId:35024, streamId:1, streamType:2a4f0f81-6809-4480-87ce-0d772568cfb6, bufferSize:1006
2025-02-11 17:22:51.490 -05:00 [VRB] LoggerBase.OnWriteStream: processId:35024, streamId:1, streamType:2a4f0f81-6809-4480-87ce-0d772568cfb6, bufferSize:606
2025-02-11 17:22:51.490 -05:00 [VRB] LoggerBase.OnWriteStream: processId:35024, streamId:1, streamType:2a4f0f81-6809-4480-87ce-0d772568cfb6, bufferSize:76
2025-02-11 17:22:51.490 -05:00 [VRB] LoggerBase.OnWriteStream: processId:35024, streamId:1, streamType:2a4f0f81-6809-4480-87ce-0d772568cfb6, bufferSize:48
2025-02-11 17:22:51.490 -05:00 [VRB] LoggerBase.OnWriteStream: processId:35024, streamId:1, streamType:2a4f0f81-6809-4480-87ce-0d772568cfb6, bufferSize:68
2025-02-11 17:22:51.490 -05:00 [VRB] LoggerBase.OnWriteStream: processId:35024, streamId:1, streamType:2a4f0f81-6809-4480-87ce-0d772568cfb6, bufferSize:748
2025-02-11 17:22:51.490 -05:00 [VRB] LoggerBase.OnWriteStream: processId:35024, streamId:1, streamType:2a4f0f81-6809-4480-87ce-0d772568cfb6, bufferSize:414
2025-02-11 17:22:51.490 -05:00 [VRB] LoggerBase.OnWriteStream: processId:35024, streamId:1, streamType:2a4f0f81-6809-4480-87ce-0d772568cfb6, bufferSize:86
2025-02-11 17:22:51.490 -05:00 [VRB] LoggerBase.OnWriteStream: processId:35024, streamId:1, streamType:2a4f0f81-6809-4480-87ce-0d772568cfb6, bufferSize:124
2025-02-11 17:22:51.490 -05:00 [VRB] LoggerBase.OnWriteStream: processId:35024, streamId:1, streamType:2a4f0f81-6809-4480-87ce-0d772568cfb6, bufferSize:98
2025-02-11 17:22:51.490 -05:00 [VRB] LoggerBase.OnWriteStream: processId:35024, streamId:1, streamType:2a4f0f81-6809-4480-87ce-0d772568cfb6, bufferSize:230
2025-02-11 17:22:51.490 -05:00 [VRB] LoggerBase.OnWriteStream: processId:35024, streamId:1, streamType:2a4f0f81-6809-4480-87ce-0d772568cfb6, bufferSize:78
2025-02-11 17:22:51.490 -05:00 [VRB] LoggerBase.OnWriteStream: processId:35024, streamId:1, streamType:2a4f0f81-6809-4480-87ce-0d772568cfb6, bufferSize:62
2025-02-11 17:22:51.490 -05:00 [VRB] LoggerBase.OnWriteStream: processId:35024, streamId:1, streamType:2a4f0f81-6809-4480-87ce-0d772568cfb6, bufferSize:70
2025-02-11 17:22:51.490 -05:00 [VRB] LoggerBase.OnWriteStream: processId:35024, streamId:1, streamType:2a4f0f81-6809-4480-87ce-0d772568cfb6, bufferSize:64
2025-02-11 17:22:51.490 -05:00 [VRB] LoggerBase.OnWriteStream: processId:35024, streamId:1, streamType:2a4f0f81-6809-4480-87ce-0d772568cfb6, bufferSize:74
2025-02-11 17:22:51.491 -05:00 [VRB] LoggerBase.OnWriteStream: processId:35024, streamId:1, streamType:2a4f0f81-6809-4480-87ce-0d772568cfb6, bufferSize:746
2025-02-11 17:22:51.491 -05:00 [VRB] LoggerBase.OnWriteStream: processId:35024, streamId:1, streamType:2a4f0f81-6809-4480-87ce-0d772568cfb6, bufferSize:222
2025-02-11 17:22:51.491 -05:00 [VRB] LoggerBase.OnWriteStream: processId:35024, streamId:1, streamType:2a4f0f81-6809-4480-87ce-0d772568cfb6, bufferSize:222
2025-02-11 17:22:51.491 -05:00 [VRB] LoggerBase.OnWriteStream: processId:35024, streamId:1, streamType:2a4f0f81-6809-4480-87ce-0d772568cfb6, bufferSize:92
2025-02-11 17:22:51.491 -05:00 [VRB] LoggerBase.OnWriteStream: processId:35024, streamId:1, streamType:2a4f0f81-6809-4480-87ce-0d772568cfb6, bufferSize:34
2025-02-11 17:22:51.491 -05:00 [VRB] LoggerBase.OnWriteStream: processId:35024, streamId:1, streamType:2a4f0f81-6809-4480-87ce-0d772568cfb6, bufferSize:114
2025-02-11 17:22:51.491 -05:00 [VRB] LoggerBase.OnWriteStream: processId:35024, streamId:1, streamType:2a4f0f81-6809-4480-87ce-0d772568cfb6, bufferSize:42
2025-02-11 17:22:51.491 -05:00 [VRB] LoggerBase.OnWriteStream: processId:35024, streamId:1, streamType:2a4f0f81-6809-4480-87ce-0d772568cfb6, bufferSize:90
2025-02-11 17:22:51.491 -05:00 [VRB] LoggerBase.OnWriteStream: processId:35024, streamId:1, streamType:2a4f0f81-6809-4480-87ce-0d772568cfb6, bufferSize:168
2025-02-11 17:22:51.491 -05:00 [VRB] LoggerBase.OnWriteStream: processId:35024, streamId:1, streamType:2a4f0f81-6809-4480-87ce-0d772568cfb6, bufferSize:100
2025-02-11 17:22:51.491 -05:00 [VRB] LoggerBase.OnWriteStream: processId:35024, streamId:1, streamType:2a4f0f81-6809-4480-87ce-0d772568cfb6, bufferSize:74
2025-02-11 17:22:51.491 -05:00 [VRB] LoggerBase.OnWriteStream: processId:35024, streamId:1, streamType:2a4f0f81-6809-4480-87ce-0d772568cfb6, bufferSize:70
2025-02-11 17:22:51.491 -05:00 [VRB] LoggerBase.OnWriteStream: processId:35024, streamId:1, streamType:2a4f0f81-6809-4480-87ce-0d772568cfb6, bufferSize:36
2025-02-11 17:22:51.491 -05:00 [VRB] LoggerBase.OnWriteStream: processId:35024, streamId:1, streamType:2a4f0f81-6809-4480-87ce-0d772568cfb6, bufferSize:600
2025-02-11 17:22:51.491 -05:00 [VRB] LoggerBase.OnWriteStream: processId:35024, streamId:1, streamType:2a4f0f81-6809-4480-87ce-0d772568cfb6, bufferSize:222
2025-02-11 17:22:51.491 -05:00 [VRB] LoggerBase.OnWriteStream: processId:35024, streamId:1, streamType:2a4f0f81-6809-4480-87ce-0d772568cfb6, bufferSize:82
2025-02-11 17:22:51.491 -05:00 [VRB] LoggerBase.OnWriteStream: processId:35024, streamId:1, streamType:2a4f0f81-6809-4480-87ce-0d772568cfb6, bufferSize:38
2025-02-11 17:22:51.491 -05:00 [VRB] LoggerBase.OnWriteStream: processId:35024, streamId:1, streamType:2a4f0f81-6809-4480-87ce-0d772568cfb6, bufferSize:190
2025-02-11 17:22:51.491 -05:00 [VRB] LoggerBase.OnWriteStream: processId:35024, streamId:1, streamType:2a4f0f81-6809-4480-87ce-0d772568cfb6, bufferSize:84
2025-02-11 17:22:51.491 -05:00 [VRB] LoggerBase.OnWriteStream: processId:35024, streamId:1, streamType:2a4f0f81-6809-4480-87ce-0d772568cfb6, bufferSize:70
2025-02-11 17:22:51.491 -05:00 [VRB] LoggerBase.OnWriteStream: processId:35024, streamId:1, streamType:2a4f0f81-6809-4480-87ce-0d772568cfb6, bufferSize:38
2025-02-11 17:22:51.492 -05:00 [VRB] LoggerBase.OnWriteStream: processId:35024, streamId:1, streamType:2a4f0f81-6809-4480-87ce-0d772568cfb6, bufferSize:82
2025-02-11 17:22:51.492 -05:00 [VRB] LoggerBase.OnWriteStream: processId:35024, streamId:1, streamType:2a4f0f81-6809-4480-87ce-0d772568cfb6, bufferSize:72
2025-02-11 17:22:51.492 -05:00 [VRB] LoggerBase.OnWriteStream: processId:35024, streamId:1, streamType:2a4f0f81-6809-4480-87ce-0d772568cfb6, bufferSize:82
2025-02-11 17:22:51.492 -05:00 [VRB] LoggerBase.OnWriteStream: processId:35024, streamId:1, streamType:2a4f0f81-6809-4480-87ce-0d772568cfb6, bufferSize:54
2025-02-11 17:22:51.492 -05:00 [VRB] LoggerBase.OnWriteStream: processId:35024, streamId:1, streamType:2a4f0f81-6809-4480-87ce-0d772568cfb6, bufferSize:54
2025-02-11 17:22:51.492 -05:00 [VRB] LoggerBase.OnWriteStream: processId:35024, streamId:1, streamType:2a4f0f81-6809-4480-87ce-0d772568cfb6, bufferSize:54
2025-02-11 17:22:51.492 -05:00 [VRB] LoggerBase.OnWriteStream: processId:35024, streamId:1, streamType:2a4f0f81-6809-4480-87ce-0d772568cfb6, bufferSize:54
2025-02-11 17:22:51.492 -05:00 [VRB] LoggerBase.OnWriteStream: processId:35024, streamId:1, streamType:2a4f0f81-6809-4480-87ce-0d772568cfb6, bufferSize:148
2025-02-11 17:22:51.492 -05:00 [VRB] LoggerBase.OnWriteStream: processId:35024, streamId:1, streamType:2a4f0f81-6809-4480-87ce-0d772568cfb6, bufferSize:98
2025-02-11 17:22:51.492 -05:00 [VRB] LoggerBase.OnWriteStream: processId:35024, streamId:1, streamType:2a4f0f81-6809-4480-87ce-0d772568cfb6, bufferSize:140
2025-02-11 17:22:51.492 -05:00 [VRB] LoggerBase.OnWriteStream: processId:35024, streamId:1, streamType:2a4f0f81-6809-4480-87ce-0d772568cfb6, bufferSize:50
2025-02-11 17:22:51.492 -05:00 [VRB] LoggerBase.OnWriteStream: processId:35024, streamId:1, streamType:2a4f0f81-6809-4480-87ce-0d772568cfb6, bufferSize:52
2025-02-11 17:22:51.492 -05:00 [VRB] LoggerBase.OnWriteStream: processId:35024, streamId:1, streamType:2a4f0f81-6809-4480-87ce-0d772568cfb6, bufferSize:94
2025-02-11 17:22:51.492 -05:00 [VRB] LoggerBase.OnWriteStream: processId:35024, streamId:1, streamType:2a4f0f81-6809-4480-87ce-0d772568cfb6, bufferSize:192
2025-02-11 17:22:51.492 -05:00 [VRB] LoggerBase.OnWriteStream: processId:35024, streamId:1, streamType:2a4f0f81-6809-4480-87ce-0d772568cfb6, bufferSize:70
2025-02-11 17:22:51.492 -05:00 [VRB] LoggerBase.OnWriteStream: processId:35024, streamId:1, streamType:2a4f0f81-6809-4480-87ce-0d772568cfb6, bufferSize:58
2025-02-11 17:22:51.493 -05:00 [VRB] LoggerBase.OnWriteStream: processId:35024, streamId:1, streamType:2a4f0f81-6809-4480-87ce-0d772568cfb6, bufferSize:58
2025-02-11 17:22:51.493 -05:00 [VRB] LoggerBase.OnWriteStream: processId:35024, streamId:1, streamType:2a4f0f81-6809-4480-87ce-0d772568cfb6, bufferSize:58
2025-02-11 17:22:51.493 -05:00 [VRB] LoggerBase.OnWriteStream: processId:35024, streamId:1, streamType:2a4f0f81-6809-4480-87ce-0d772568cfb6, bufferSize:60
2025-02-11 17:22:51.493 -05:00 [VRB] LoggerBase.OnWriteStream: processId:35024, streamId:1, streamType:2a4f0f81-6809-4480-87ce-0d772568cfb6, bufferSize:54
2025-02-11 17:22:51.493 -05:00 [VRB] LoggerBase.OnWriteStream: processId:35024, streamId:1, streamType:2a4f0f81-6809-4480-87ce-0d772568cfb6, bufferSize:470
2025-02-11 17:22:51.493 -05:00 [VRB] LoggerBase.OnWriteStream: processId:35024, streamId:1, streamType:2a4f0f81-6809-4480-87ce-0d772568cfb6, bufferSize:240
2025-02-11 17:22:51.493 -05:00 [VRB] LoggerBase.OnWriteStream: processId:35024, streamId:1, streamType:2a4f0f81-6809-4480-87ce-0d772568cfb6, bufferSize:54
2025-02-11 17:22:51.493 -05:00 [VRB] LoggerBase.OnWriteStream: processId:35024, streamId:1, streamType:2a4f0f81-6809-4480-87ce-0d772568cfb6, bufferSize:48
2025-02-11 17:22:51.493 -05:00 [VRB] LoggerBase.OnWriteStream: processId:35024, streamId:1, streamType:2a4f0f81-6809-4480-87ce-0d772568cfb6, bufferSize:44
2025-02-11 17:22:51.493 -05:00 [VRB] LoggerBase.OnWriteStream: processId:35024, streamId:1, streamType:2a4f0f81-6809-4480-87ce-0d772568cfb6, bufferSize:84
2025-02-11 17:22:51.493 -05:00 [VRB] LoggerBase.OnWriteStream: processId:35024, streamId:1, streamType:2a4f0f81-6809-4480-87ce-0d772568cfb6, bufferSize:72
2025-02-11 17:22:51.493 -05:00 [VRB] LoggerBase.OnWriteStream: processId:35024, streamId:1, streamType:2a4f0f81-6809-4480-87ce-0d772568cfb6, bufferSize:82
2025-02-11 17:22:51.493 -05:00 [VRB] LoggerBase.OnWriteStream: processId:35024, streamId:1, streamType:2a4f0f81-6809-4480-87ce-0d772568cfb6, bufferSize:92
2025-02-11 17:22:51.493 -05:00 [VRB] LoggerBase.OnWriteStream: processId:35024, streamId:1, streamType:2a4f0f81-6809-4480-87ce-0d772568cfb6, bufferSize:50
2025-02-11 17:22:51.493 -05:00 [VRB] LoggerBase.OnWriteStream: processId:35024, streamId:1, streamType:2a4f0f81-6809-4480-87ce-0d772568cfb6, bufferSize:74
2025-02-11 17:22:51.493 -05:00 [VRB] LoggerBase.OnWriteStream: processId:35024, streamId:1, streamType:2a4f0f81-6809-4480-87ce-0d772568cfb6, bufferSize:110
2025-02-11 17:22:51.494 -05:00 [VRB] LoggerBase.OnWriteStream: processId:35024, streamId:1, streamType:2a4f0f81-6809-4480-87ce-0d772568cfb6, bufferSize:84
2025-02-11 17:22:51.494 -05:00 [VRB] LoggerBase.OnWriteStream: processId:35024, streamId:1, streamType:2a4f0f81-6809-4480-87ce-0d772568cfb6, bufferSize:86
2025-02-11 17:22:51.494 -05:00 [VRB] LoggerBase.OnWriteStream: processId:35024, streamId:1, streamType:2a4f0f81-6809-4480-87ce-0d772568cfb6, bufferSize:118
2025-02-11 17:22:51.494 -05:00 [VRB] LoggerBase.OnWriteStream: processId:35024, streamId:1, streamType:2a4f0f81-6809-4480-87ce-0d772568cfb6, bufferSize:90
2025-02-11 17:22:51.494 -05:00 [VRB] LoggerBase.OnWriteStream: processId:35024, streamId:1, streamType:2a4f0f81-6809-4480-87ce-0d772568cfb6, bufferSize:222
2025-02-11 17:22:51.494 -05:00 [VRB] LoggerBase.OnWriteStream: processId:35024, streamId:1, streamType:2a4f0f81-6809-4480-87ce-0d772568cfb6, bufferSize:662
2025-02-11 17:22:51.494 -05:00 [VRB] LoggerBase.OnWriteStream: processId:35024, streamId:1, streamType:2a4f0f81-6809-4480-87ce-0d772568cfb6, bufferSize:104
2025-02-11 17:22:51.494 -05:00 [VRB] LoggerBase.OnWriteStream: processId:35024, streamId:1, streamType:2a4f0f81-6809-4480-87ce-0d772568cfb6, bufferSize:42
2025-02-11 17:22:51.494 -05:00 [VRB] LoggerBase.OnWriteStream: processId:35024, streamId:1, streamType:2a4f0f81-6809-4480-87ce-0d772568cfb6, bufferSize:80
2025-02-11 17:22:51.494 -05:00 [VRB] LoggerBase.OnWriteStream: processId:35024, streamId:1, streamType:2a4f0f81-6809-4480-87ce-0d772568cfb6, bufferSize:64
2025-02-11 17:22:51.494 -05:00 [VRB] LoggerBase.OnWriteStream: processId:35024, streamId:1, streamType:2a4f0f81-6809-4480-87ce-0d772568cfb6, bufferSize:64
2025-02-11 17:22:51.494 -05:00 [VRB] LoggerBase.OnWriteStream: processId:35024, streamId:1, streamType:2a4f0f81-6809-4480-87ce-0d772568cfb6, bufferSize:66
2025-02-11 17:22:51.494 -05:00 [VRB] LoggerBase.OnWriteStream: processId:35024, streamId:1, streamType:2a4f0f81-6809-4480-87ce-0d772568cfb6, bufferSize:68
2025-02-11 17:22:51.494 -05:00 [VRB] LoggerBase.OnWriteStream: processId:35024, streamId:1, streamType:2a4f0f81-6809-4480-87ce-0d772568cfb6, bufferSize:92
2025-02-11 17:22:51.494 -05:00 [VRB] LoggerBase.OnWriteStream: processId:35024, streamId:1, streamType:2a4f0f81-6809-4480-87ce-0d772568cfb6, bufferSize:394
2025-02-11 17:22:51.494 -05:00 [VRB] LoggerBase.OnWriteStream: processId:35024, streamId:1, streamType:2a4f0f81-6809-4480-87ce-0d772568cfb6, bufferSize:126
2025-02-11 17:22:51.494 -05:00 [VRB] LoggerBase.OnWriteStream: processId:35024, streamId:1, streamType:2a4f0f81-6809-4480-87ce-0d772568cfb6, bufferSize:228
2025-02-11 17:22:51.495 -05:00 [VRB] LoggerBase.OnWriteStream: processId:35024, streamId:1, streamType:2a4f0f81-6809-4480-87ce-0d772568cfb6, bufferSize:126
2025-02-11 17:22:51.495 -05:00 [VRB] LoggerBase.OnWriteStream: processId:35024, streamId:1, streamType:2a4f0f81-6809-4480-87ce-0d772568cfb6, bufferSize:100
2025-02-11 17:22:51.495 -05:00 [VRB] LoggerBase.OnWriteStream: processId:35024, streamId:1, streamType:2a4f0f81-6809-4480-87ce-0d772568cfb6, bufferSize:68
2025-02-11 17:22:51.495 -05:00 [VRB] LoggerBase.OnWriteStream: processId:35024, streamId:1, streamType:2a4f0f81-6809-4480-87ce-0d772568cfb6, bufferSize:98
2025-02-11 17:22:51.495 -05:00 [VRB] LoggerBase.OnWriteStream: processId:35024, streamId:1, streamType:2a4f0f81-6809-4480-87ce-0d772568cfb6, bufferSize:70
2025-02-11 17:22:51.495 -05:00 [VRB] LoggerBase.OnWriteStream: processId:35024, streamId:1, streamType:2a4f0f81-6809-4480-87ce-0d772568cfb6, bufferSize:114
2025-02-11 17:22:51.495 -05:00 [VRB] LoggerBase.OnWriteStream: processId:35024, streamId:1, streamType:2a4f0f81-6809-4480-87ce-0d772568cfb6, bufferSize:110
2025-02-11 17:22:51.495 -05:00 [VRB] LoggerBase.OnWriteStream: processId:35024, streamId:1, streamType:2a4f0f81-6809-4480-87ce-0d772568cfb6, bufferSize:60
2025-02-11 17:22:51.495 -05:00 [VRB] LoggerBase.OnWriteStream: processId:35024, streamId:1, streamType:2a4f0f81-6809-4480-87ce-0d772568cfb6, bufferSize:198
2025-02-11 17:22:51.495 -05:00 [VRB] LoggerBase.OnWriteStream: processId:35024, streamId:1, streamType:2a4f0f81-6809-4480-87ce-0d772568cfb6, bufferSize:40
2025-02-11 17:22:51.495 -05:00 [VRB] LoggerBase.OnWriteStream: processId:35024, streamId:1, streamType:2a4f0f81-6809-4480-87ce-0d772568cfb6, bufferSize:90
2025-02-11 17:22:51.495 -05:00 [VRB] LoggerBase.OnWriteStream: processId:35024, streamId:1, streamType:2a4f0f81-6809-4480-87ce-0d772568cfb6, bufferSize:240
2025-02-11 17:22:51.495 -05:00 [VRB] LoggerBase.OnWriteStream: processId:35024, streamId:1, streamType:2a4f0f81-6809-4480-87ce-0d772568cfb6, bufferSize:96
2025-02-11 17:22:51.495 -05:00 [VRB] LoggerBase.OnWriteStream: processId:35024, streamId:1, streamType:2a4f0f81-6809-4480-87ce-0d772568cfb6, bufferSize:454
2025-02-11 17:22:51.496 -05:00 [VRB] LoggerBase.OnWriteStream: processId:35024, streamId:1, streamType:2a4f0f81-6809-4480-87ce-0d772568cfb6, bufferSize:1032
2025-02-11 17:22:51.496 -05:00 [VRB] LoggerBase.OnWriteStream: processId:35024, streamId:1, streamType:2a4f0f81-6809-4480-87ce-0d772568cfb6, bufferSize:96
2025-02-11 17:22:51.496 -05:00 [VRB] LoggerBase.OnWriteStream: processId:35024, streamId:1, streamType:2a4f0f81-6809-4480-87ce-0d772568cfb6, bufferSize:394
2025-02-11 17:22:51.496 -05:00 [VRB] LoggerBase.OnWriteStream: processId:35024, streamId:1, streamType:2a4f0f81-6809-4480-87ce-0d772568cfb6, bufferSize:116
2025-02-11 17:22:51.496 -05:00 [VRB] LoggerBase.OnWriteStream: processId:35024, streamId:1, streamType:2a4f0f81-6809-4480-87ce-0d772568cfb6, bufferSize:54
2025-02-11 17:22:51.496 -05:00 [VRB] LoggerBase.OnWriteStream: processId:35024, streamId:1, streamType:2a4f0f81-6809-4480-87ce-0d772568cfb6, bufferSize:132
2025-02-11 17:22:51.496 -05:00 [VRB] LoggerBase.OnWriteStream: processId:35024, streamId:1, streamType:2a4f0f81-6809-4480-87ce-0d772568cfb6, bufferSize:64
2025-02-11 17:22:51.496 -05:00 [VRB] LoggerBase.OnWriteStream: processId:35024, streamId:1, streamType:2a4f0f81-6809-4480-87ce-0d772568cfb6, bufferSize:122
2025-02-11 17:22:51.496 -05:00 [VRB] LoggerBase.OnWriteStream: processId:35024, streamId:1, streamType:2a4f0f81-6809-4480-87ce-0d772568cfb6, bufferSize:96
2025-02-11 17:22:51.496 -05:00 [VRB] LoggerBase.OnWriteStream: processId:35024, streamId:1, streamType:2a4f0f81-6809-4480-87ce-0d772568cfb6, bufferSize:114
2025-02-11 17:22:51.496 -05:00 [VRB] LoggerBase.OnWriteStream: processId:35024, streamId:1, streamType:2a4f0f81-6809-4480-87ce-0d772568cfb6, bufferSize:58
2025-02-11 17:22:51.496 -05:00 [VRB] LoggerBase.OnWriteStream: processId:35024, streamId:1, streamType:2a4f0f81-6809-4480-87ce-0d772568cfb6, bufferSize:250
2025-02-11 17:22:51.496 -05:00 [VRB] LoggerBase.OnWriteStream: processId:35024, streamId:1, streamType:2a4f0f81-6809-4480-87ce-0d772568cfb6, bufferSize:356
2025-02-11 17:22:51.496 -05:00 [VRB] LoggerBase.OnWriteStream: processId:35024, streamId:1, streamType:2a4f0f81-6809-4480-87ce-0d772568cfb6, bufferSize:116
2025-02-11 17:22:51.496 -05:00 [VRB] LoggerBase.OnWriteStream: processId:35024, streamId:1, streamType:2a4f0f81-6809-4480-87ce-0d772568cfb6, bufferSize:124
2025-02-11 17:22:51.496 -05:00 [VRB] LoggerBase.OnWriteStream: processId:35024, streamId:1, streamType:2a4f0f81-6809-4480-87ce-0d772568cfb6, bufferSize:62
2025-02-11 17:22:51.497 -05:00 [VRB] LoggerBase.OnWriteStream: processId:35024, streamId:1, streamType:2a4f0f81-6809-4480-87ce-0d772568cfb6, bufferSize:78
2025-02-11 17:22:51.497 -05:00 [VRB] LoggerBase.OnWriteStream: processId:35024, streamId:1, streamType:2a4f0f81-6809-4480-87ce-0d772568cfb6, bufferSize:96
2025-02-11 17:22:51.497 -05:00 [VRB] LoggerBase.OnWriteStream: processId:35024, streamId:1, streamType:2a4f0f81-6809-4480-87ce-0d772568cfb6, bufferSize:588
2025-02-11 17:22:51.497 -05:00 [VRB] LoggerBase.OnWriteStream: processId:35024, streamId:1, streamType:2a4f0f81-6809-4480-87ce-0d772568cfb6, bufferSize:168
2025-02-11 17:22:51.497 -05:00 [VRB] LoggerBase.OnWriteStream: processId:35024, streamId:1, streamType:2a4f0f81-6809-4480-87ce-0d772568cfb6, bufferSize:68
2025-02-11 17:22:51.497 -05:00 [VRB] LoggerBase.OnWriteStream: processId:35024, streamId:1, streamType:2a4f0f81-6809-4480-87ce-0d772568cfb6, bufferSize:44
2025-02-11 17:22:51.497 -05:00 [VRB] LoggerBase.OnWriteStream: processId:35024, streamId:1, streamType:2a4f0f81-6809-4480-87ce-0d772568cfb6, bufferSize:92
2025-02-11 17:22:51.497 -05:00 [VRB] LoggerBase.OnWriteStream: processId:35024, streamId:1, streamType:2a4f0f81-6809-4480-87ce-0d772568cfb6, bufferSize:92
2025-02-11 17:22:51.497 -05:00 [VRB] LoggerBase.OnWriteStream: processId:35024, streamId:1, streamType:2a4f0f81-6809-4480-87ce-0d772568cfb6, bufferSize:322
2025-02-11 17:22:51.497 -05:00 [VRB] LoggerBase.OnWriteStream: processId:35024, streamId:1, streamType:2a4f0f81-6809-4480-87ce-0d772568cfb6, bufferSize:74
2025-02-11 17:22:51.497 -05:00 [VRB] LoggerBase.OnWriteStream: processId:35024, streamId:1, streamType:2a4f0f81-6809-4480-87ce-0d772568cfb6, bufferSize:92
2025-02-11 17:22:51.497 -05:00 [VRB] LoggerBase.OnWriteStream: processId:35024, streamId:1, streamType:2a4f0f81-6809-4480-87ce-0d772568cfb6, bufferSize:398
2025-02-11 17:22:51.497 -05:00 [VRB] LoggerBase.OnWriteStream: processId:35024, streamId:1, streamType:2a4f0f81-6809-4480-87ce-0d772568cfb6, bufferSize:1034
2025-02-11 17:22:51.497 -05:00 [VRB] LoggerBase.OnWriteStream: processId:35024, streamId:1, streamType:2a4f0f81-6809-4480-87ce-0d772568cfb6, bufferSize:50
2025-02-11 17:22:51.498 -05:00 [VRB] LoggerBase.OnWriteStream: processId:35024, streamId:1, streamType:2a4f0f81-6809-4480-87ce-0d772568cfb6, bufferSize:54
2025-02-11 17:22:51.498 -05:00 [VRB] LoggerBase.OnWriteStream: processId:35024, streamId:1, streamType:2a4f0f81-6809-4480-87ce-0d772568cfb6, bufferSize:64
2025-02-11 17:22:51.498 -05:00 [VRB] LoggerBase.OnWriteStream: processId:35024, streamId:1, streamType:2a4f0f81-6809-4480-87ce-0d772568cfb6, bufferSize:64
2025-02-11 17:22:51.498 -05:00 [VRB] LoggerBase.OnWriteStream: processId:35024, streamId:1, streamType:2a4f0f81-6809-4480-87ce-0d772568cfb6, bufferSize:82
2025-02-11 17:22:51.498 -05:00 [VRB] LoggerBase.OnWriteStream: processId:35024, streamId:1, streamType:2a4f0f81-6809-4480-87ce-0d772568cfb6, bufferSize:108
2025-02-11 17:22:51.498 -05:00 [VRB] LoggerBase.OnWriteStream: processId:35024, streamId:1, streamType:2a4f0f81-6809-4480-87ce-0d772568cfb6, bufferSize:108
2025-02-11 17:22:51.498 -05:00 [VRB] LoggerBase.OnWriteStream: processId:35024, streamId:1, streamType:2a4f0f81-6809-4480-87ce-0d772568cfb6, bufferSize:222
2025-02-11 17:22:51.498 -05:00 [VRB] LoggerBase.OnWriteStream: processId:35024, streamId:1, streamType:2a4f0f81-6809-4480-87ce-0d772568cfb6, bufferSize:118
2025-02-11 17:22:51.498 -05:00 [VRB] LoggerBase.OnWriteStream: processId:35024, streamId:1, streamType:2a4f0f81-6809-4480-87ce-0d772568cfb6, bufferSize:90
2025-02-11 17:22:51.498 -05:00 [VRB] LoggerBase.OnWriteStream: processId:35024, streamId:1, streamType:2a4f0f81-6809-4480-87ce-0d772568cfb6, bufferSize:74
2025-02-11 17:22:51.498 -05:00 [VRB] LoggerBase.OnWriteStream: processId:35024, streamId:1, streamType:2a4f0f81-6809-4480-87ce-0d772568cfb6, bufferSize:180
2025-02-11 17:22:51.498 -05:00 [VRB] LoggerBase.OnWriteStream: processId:35024, streamId:1, streamType:2a4f0f81-6809-4480-87ce-0d772568cfb6, bufferSize:214
2025-02-11 17:22:51.498 -05:00 [VRB] LoggerBase.OnWriteStream: processId:35024, streamId:1, streamType:2a4f0f81-6809-4480-87ce-0d772568cfb6, bufferSize:742
2025-02-11 17:22:51.498 -05:00 [VRB] LoggerBase.OnWriteStream: processId:35024, streamId:1, streamType:2a4f0f81-6809-4480-87ce-0d772568cfb6, bufferSize:102
2025-02-11 17:22:51.498 -05:00 [VRB] LoggerBase.OnWriteStream: processId:35024, streamId:1, streamType:2a4f0f81-6809-4480-87ce-0d772568cfb6, bufferSize:54
2025-02-11 17:22:51.498 -05:00 [VRB] LoggerBase.OnWriteStream: processId:35024, streamId:1, streamType:2a4f0f81-6809-4480-87ce-0d772568cfb6, bufferSize:240
2025-02-11 17:22:51.499 -05:00 [VRB] LoggerBase.OnWriteStream: processId:35024, streamId:1, streamType:2a4f0f81-6809-4480-87ce-0d772568cfb6, bufferSize:480
2025-02-11 17:22:51.499 -05:00 [VRB] LoggerBase.OnWriteStream: processId:35024, streamId:1, streamType:2a4f0f81-6809-4480-87ce-0d772568cfb6, bufferSize:60
2025-02-11 17:22:51.499 -05:00 [VRB] LoggerBase.OnWriteStream: processId:35024, streamId:1, streamType:2a4f0f81-6809-4480-87ce-0d772568cfb6, bufferSize:64
2025-02-11 17:22:51.499 -05:00 [VRB] LoggerBase.OnWriteStream: processId:35024, streamId:1, streamType:2a4f0f81-6809-4480-87ce-0d772568cfb6, bufferSize:66
2025-02-11 17:22:51.499 -05:00 [VRB] LoggerBase.OnWriteStream: processId:35024, streamId:1, streamType:2a4f0f81-6809-4480-87ce-0d772568cfb6, bufferSize:52
2025-02-11 17:22:51.499 -05:00 [VRB] LoggerBase.OnWriteStream: processId:35024, streamId:1, streamType:2a4f0f81-6809-4480-87ce-0d772568cfb6, bufferSize:52
2025-02-11 17:22:51.499 -05:00 [VRB] LoggerBase.OnWriteStream: processId:35024, streamId:1, streamType:2a4f0f81-6809-4480-87ce-0d772568cfb6, bufferSize:60
2025-02-11 17:22:51.499 -05:00 [VRB] LoggerBase.OnWriteStream: processId:35024, streamId:1, streamType:2a4f0f81-6809-4480-87ce-0d772568cfb6, bufferSize:72
2025-02-11 17:22:51.499 -05:00 [VRB] LoggerBase.OnWriteStream: processId:35024, streamId:1, streamType:2a4f0f81-6809-4480-87ce-0d772568cfb6, bufferSize:118
2025-02-11 17:22:51.499 -05:00 [VRB] LoggerBase.OnWriteStream: processId:35024, streamId:1, streamType:2a4f0f81-6809-4480-87ce-0d772568cfb6, bufferSize:222
2025-02-11 17:22:51.499 -05:00 [VRB] LoggerBase.OnWriteStream: processId:35024, streamId:1, streamType:2a4f0f81-6809-4480-87ce-0d772568cfb6, bufferSize:124
2025-02-11 17:22:51.499 -05:00 [VRB] LoggerBase.OnWriteStream: processId:35024, streamId:1, streamType:2a4f0f81-6809-4480-87ce-0d772568cfb6, bufferSize:114
2025-02-11 17:22:51.499 -05:00 [VRB] LoggerBase.OnWriteStream: processId:35024, streamId:1, streamType:2a4f0f81-6809-4480-87ce-0d772568cfb6, bufferSize:60
2025-02-11 17:22:51.499 -05:00 [VRB] LoggerBase.OnWriteStream: processId:35024, streamId:1, streamType:2a4f0f81-6809-4480-87ce-0d772568cfb6, bufferSize:60
2025-02-11 17:22:51.499 -05:00 [VRB] LoggerBase.OnWriteStream: processId:35024, streamId:1, streamType:2a4f0f81-6809-4480-87ce-0d772568cfb6, bufferSize:40
2025-02-11 17:22:51.499 -05:00 [VRB] LoggerBase.OnWriteStream: processId:35024, streamId:1, streamType:2a4f0f81-6809-4480-87ce-0d772568cfb6, bufferSize:102
2025-02-11 17:22:51.499 -05:00 [VRB] LoggerBase.OnWriteStream: processId:35024, streamId:1, streamType:2a4f0f81-6809-4480-87ce-0d772568cfb6, bufferSize:258
2025-02-11 17:22:51.499 -05:00 [VRB] LoggerBase.OnWriteStream: processId:35024, streamId:1, streamType:2a4f0f81-6809-4480-87ce-0d772568cfb6, bufferSize:96
2025-02-11 17:22:51.499 -05:00 [VRB] LoggerBase.OnWriteStream: processId:35024, streamId:1, streamType:2a4f0f81-6809-4480-87ce-0d772568cfb6, bufferSize:62
2025-02-11 17:22:51.500 -05:00 [VRB] LoggerBase.OnWriteStream: processId:35024, streamId:1, streamType:2a4f0f81-6809-4480-87ce-0d772568cfb6, bufferSize:66
2025-02-11 17:22:51.500 -05:00 [VRB] LoggerBase.OnWriteStream: processId:35024, streamId:1, streamType:2a4f0f81-6809-4480-87ce-0d772568cfb6, bufferSize:102
2025-02-11 17:22:51.500 -05:00 [VRB] LoggerBase.OnWriteStream: processId:35024, streamId:1, streamType:2a4f0f81-6809-4480-87ce-0d772568cfb6, bufferSize:66
2025-02-11 17:22:51.500 -05:00 [VRB] LoggerBase.OnWriteStream: processId:35024, streamId:1, streamType:2a4f0f81-6809-4480-87ce-0d772568cfb6, bufferSize:370
2025-02-11 17:22:51.500 -05:00 [VRB] LoggerBase.OnWriteStream: processId:35024, streamId:1, streamType:2a4f0f81-6809-4480-87ce-0d772568cfb6, bufferSize:136
2025-02-11 17:22:51.500 -05:00 [VRB] LoggerBase.OnWriteStream: processId:35024, streamId:1, streamType:2a4f0f81-6809-4480-87ce-0d772568cfb6, bufferSize:60
2025-02-11 17:22:51.501 -05:00 [INF] LoggerBase.OnInstrumentation: path:C:\Users\grave\TPsINF1015\TPs\TP2\Debug\td2.exe, id:b80c97c8-6322-4bb8-acfe-6f9ad3b13f2c, coverageBufferId:f23b2588-d6e6-4fb7-9ab2-096b52d924b5, isDynamic:True isManaged:False, isMixed:False, isPortablePdb:False, imageSize: 172032, imageLinkTime:1739312408, numberOfMethodsInstrumented:19, numberOfMethodsSkipped: 195, numberOfMethodsFailed:0, elapsed:35ms
2025-02-11 17:22:51.501 -05:00 [INF] LoggerBase.CreateStream[35024]: k:StreamKey { Id = b80c97c8-6322-4bb8-acfe-6f9ad3b13f2c, Prefix = unmanaged:\ } type:cb689549-d63e-4a55-b8fa-2a214725cf39 path:C:\Users\grave\TPsINF1015\TPs\TP2\Debug\td2.exe
2025-02-11 17:22:51.502 -05:00 [INF] StaticStreamCreator.CreateStream: Creating SharedMemoryStream. streamId:2, identifier:f23b2588-d6e6-4fb7-9ab2-096b52d924b5, bufferName:CodeCoverage.5f5cb3e0-ed51-4156-ab28-79402969d692.bf23b2588-d6e6-4fb7-9ab2-096b52d924b5, bufferSize:375
2025-02-11 17:22:51.503 -05:00 [INF] ReportGenerator.CreateUnmanagedStream[35024]: (StreamKey { Id = b80c97c8-6322-4bb8-acfe-6f9ad3b13f2c, Prefix = unmanaged:\ }) created new buffer stream with size: 375
2025-02-11 17:22:51.503 -05:00 [INF] LoggerBase.OnCreateStream: processId:35024, streamId:2, streamType:cb689549-d63e-4a55-b8fa-2a214725cf39, bufferSize:375, bufferHeader:00-00-00-00, bufferName:CodeCoverage.5f5cb3e0-ed51-4156-ab28-79402969d692.bf23b2588-d6e6-4fb7-9ab2-096b52d924b5, prefix:unmanaged:\
2025-02-11 17:22:51.503 -05:00 [INF] CoveragePipeClient.SendCreateStreamResponse[35024]: streamId:2, bufferName:CodeCoverage.5f5cb3e0-ed51-4156-ab28-79402969d692.bf23b2588-d6e6-4fb7-9ab2-096b52d924b5
2025-02-11 17:22:51.504 -05:00 [INF] LoggerBase.HandleCacheMessage[35024]: started prefix:unmanaged:\C:\Users\grave\TPsINF1015\TPs\TP2\Debug\td2.exe, key:b80c97c8-6322-4bb8-acfe-6f9ad3b13f2c, buffers count:2
2025-02-11 17:22:51.504 -05:00 [INF] CoveragePipeClient.SendSuccessMessage[35024]
2025-02-11 17:22:51.510 -05:00 [INF] LoggerBase.OnCloseStream: processId:35024, streamId:1, streamSize:34610
2025-02-11 17:22:51.510 -05:00 [VRB] LoggerBase.OnWriteStream: processId:35024, streamId:0, streamType:b157a3a4-9542-4546-859b-abd1367a08ed, bufferSize:68
2025-02-11 17:22:51.511 -05:00 [VRB] LoggerBase.OnWriteStream: processId:35024, streamId:0, streamType:b157a3a4-9542-4546-859b-abd1367a08ed, bufferSize:74
2025-02-11 17:22:51.512 -05:00 [VRB] LoggerBase.OnWriteStream: processId:35024, streamId:0, streamType:b157a3a4-9542-4546-859b-abd1367a08ed, bufferSize:78
2025-02-11 17:22:51.513 -05:00 [VRB] LoggerBase.OnWriteStream: processId:35024, streamId:0, streamType:b157a3a4-9542-4546-859b-abd1367a08ed, bufferSize:84
2025-02-11 17:22:51.513 -05:00 [VRB] LoggerBase.OnWriteStream: processId:35024, streamId:0, streamType:b157a3a4-9542-4546-859b-abd1367a08ed, bufferSize:76
2025-02-11 17:22:51.513 -05:00 [VRB] LoggerBase.OnWriteStream: processId:35024, streamId:0, streamType:b157a3a4-9542-4546-859b-abd1367a08ed, bufferSize:76
2025-02-11 17:22:51.514 -05:00 [VRB] LoggerBase.OnWriteStream: processId:35024, streamId:0, streamType:b157a3a4-9542-4546-859b-abd1367a08ed, bufferSize:70
2025-02-11 17:22:51.515 -05:00 [VRB] LoggerBase.OnWriteStream: processId:35024, streamId:0, streamType:b157a3a4-9542-4546-859b-abd1367a08ed, bufferSize:74
2025-02-11 17:22:51.515 -05:00 [VRB] LoggerBase.OnWriteStream: processId:35024, streamId:0, streamType:b157a3a4-9542-4546-859b-abd1367a08ed, bufferSize:72
2025-02-11 17:22:51.515 -05:00 [VRB] LoggerBase.OnWriteStream: processId:35024, streamId:0, streamType:b157a3a4-9542-4546-859b-abd1367a08ed, bufferSize:70
2025-02-11 17:22:51.515 -05:00 [VRB] LoggerBase.OnWriteStream: processId:35024, streamId:0, streamType:b157a3a4-9542-4546-859b-abd1367a08ed, bufferSize:72
2025-02-11 17:22:51.516 -05:00 [VRB] LoggerBase.OnWriteStream: processId:35024, streamId:0, streamType:b157a3a4-9542-4546-859b-abd1367a08ed, bufferSize:68
2025-02-11 17:22:51.516 -05:00 [VRB] LoggerBase.OnWriteStream: processId:35024, streamId:0, streamType:b157a3a4-9542-4546-859b-abd1367a08ed, bufferSize:76
2025-02-11 17:22:51.517 -05:00 [VRB] LoggerBase.OnWriteStream: processId:35024, streamId:0, streamType:b157a3a4-9542-4546-859b-abd1367a08ed, bufferSize:74
2025-02-11 17:22:51.517 -05:00 [VRB] LoggerBase.OnWriteStream: processId:35024, streamId:0, streamType:b157a3a4-9542-4546-859b-abd1367a08ed, bufferSize:68
2025-02-11 17:22:51.518 -05:00 [VRB] LoggerBase.OnWriteStream: processId:35024, streamId:0, streamType:b157a3a4-9542-4546-859b-abd1367a08ed, bufferSize:70
2025-02-11 17:22:51.518 -05:00 [VRB] LoggerBase.OnWriteStream: processId:35024, streamId:0, streamType:b157a3a4-9542-4546-859b-abd1367a08ed, bufferSize:76
2025-02-11 17:22:51.519 -05:00 [VRB] LoggerBase.OnWriteStream: processId:35024, streamId:0, streamType:b157a3a4-9542-4546-859b-abd1367a08ed, bufferSize:70
2025-02-11 17:22:51.520 -05:00 [VRB] LoggerBase.OnWriteStream: processId:35024, streamId:0, streamType:b157a3a4-9542-4546-859b-abd1367a08ed, bufferSize:72
2025-02-11 17:22:51.520 -05:00 [VRB] LoggerBase.OnWriteStream: processId:35024, streamId:0, streamType:b157a3a4-9542-4546-859b-abd1367a08ed, bufferSize:74
2025-02-11 17:22:51.521 -05:00 [VRB] LoggerBase.OnWriteStream: processId:35024, streamId:0, streamType:b157a3a4-9542-4546-859b-abd1367a08ed, bufferSize:72
2025-02-11 17:22:51.521 -05:00 [VRB] LoggerBase.OnWriteStream: processId:35024, streamId:0, streamType:b157a3a4-9542-4546-859b-abd1367a08ed, bufferSize:74
2025-02-11 17:22:51.522 -05:00 [VRB] LoggerBase.OnWriteStream: processId:35024, streamId:0, streamType:b157a3a4-9542-4546-859b-abd1367a08ed, bufferSize:72
2025-02-11 17:22:51.523 -05:00 [VRB] LoggerBase.OnWriteStream: processId:35024, streamId:0, streamType:b157a3a4-9542-4546-859b-abd1367a08ed, bufferSize:68
2025-02-11 17:22:51.523 -05:00 [VRB] LoggerBase.OnWriteStream: processId:35024, streamId:0, streamType:b157a3a4-9542-4546-859b-abd1367a08ed, bufferSize:68
2025-02-11 17:22:51.523 -05:00 [VRB] LoggerBase.OnWriteStream: processId:35024, streamId:0, streamType:b157a3a4-9542-4546-859b-abd1367a08ed, bufferSize:76
2025-02-11 17:22:51.523 -05:00 [VRB] LoggerBase.OnWriteStream: processId:35024, streamId:0, streamType:b157a3a4-9542-4546-859b-abd1367a08ed, bufferSize:90
2025-02-11 17:22:51.524 -05:00 [VRB] LoggerBase.OnWriteStream: processId:35024, streamId:0, streamType:b157a3a4-9542-4546-859b-abd1367a08ed, bufferSize:70
2025-02-11 17:22:51.609 -05:00 [VRB] LoggerBase.OnWriteStream: processId:35024, streamId:0, streamType:b157a3a4-9542-4546-859b-abd1367a08ed, bufferSize:86
2025-02-11 17:22:51.609 -05:00 [VRB] LoggerBase.OnWriteStream: processId:35024, streamId:0, streamType:b157a3a4-9542-4546-859b-abd1367a08ed, bufferSize:126
2025-02-11 17:22:51.611 -05:00 [VRB] CoverageMessagesReader.ReadSkippedModules: path: ntdll.dll, skipReason: no_symbols.
2025-02-11 17:22:51.612 -05:00 [VRB] CoverageMessagesReader.ReadSkippedModules: path: kernel32.dll, skipReason: no_symbols.
2025-02-11 17:22:51.612 -05:00 [VRB] CoverageMessagesReader.ReadSkippedModules: path: kernelbase.dll, skipReason: no_symbols.
2025-02-11 17:22:51.612 -05:00 [VRB] CoverageMessagesReader.ReadSkippedModules: path: vcruntime140d.dll, skipReason: no_symbols.
2025-02-11 17:22:51.612 -05:00 [VRB] CoverageMessagesReader.ReadSkippedModules: path: msvcp140d.dll, skipReason: path_is_excluded.
2025-02-11 17:22:51.612 -05:00 [VRB] CoverageMessagesReader.ReadSkippedModules: path: ucrtbased.dll, skipReason: no_symbols.
2025-02-11 17:22:51.612 -05:00 [VRB] CoverageMessagesReader.ReadSkippedModules: path: rpcrt4.dll, skipReason: no_symbols.
2025-02-11 17:22:51.612 -05:00 [VRB] CoverageMessagesReader.ReadSkippedModules: path: advapi32.dll, skipReason: no_symbols.
2025-02-11 17:22:51.612 -05:00 [VRB] CoverageMessagesReader.ReadSkippedModules: path: mscoree.dll, skipReason: path_is_excluded.
2025-02-11 17:22:51.612 -05:00 [VRB] CoverageMessagesReader.ReadSkippedModules: path: msvcrt.dll, skipReason: path_is_excluded.
2025-02-11 17:22:51.612 -05:00 [VRB] CoverageMessagesReader.ReadSkippedModules: path: sechost.dll, skipReason: no_symbols.
2025-02-11 17:22:51.612 -05:00 [VRB] CoverageMessagesReader.ReadSkippedModules: path: ole32.dll, skipReason: no_symbols.
2025-02-11 17:22:51.612 -05:00 [VRB] CoverageMessagesReader.ReadSkippedModules: path: msvcp_win.dll, skipReason: path_is_excluded.
2025-02-11 17:22:51.612 -05:00 [VRB] CoverageMessagesReader.ReadSkippedModules: path: ucrtbase.dll, skipReason: no_symbols.
2025-02-11 17:22:51.612 -05:00 [VRB] CoverageMessagesReader.ReadSkippedModules: path: gdi32.dll, skipReason: no_symbols.
2025-02-11 17:22:51.612 -05:00 [VRB] CoverageMessagesReader.ReadSkippedModules: path: win32u.dll, skipReason: no_symbols.
2025-02-11 17:22:51.612 -05:00 [VRB] CoverageMessagesReader.ReadSkippedModules: path: gdi32full.dll, skipReason: no_symbols.
2025-02-11 17:22:51.612 -05:00 [VRB] CoverageMessagesReader.ReadSkippedModules: path: user32.dll, skipReason: no_symbols.
2025-02-11 17:22:51.612 -05:00 [VRB] CoverageMessagesReader.ReadSkippedModules: path: combase.dll, skipReason: no_symbols.
2025-02-11 17:22:51.612 -05:00 [VRB] CoverageMessagesReader.ReadSkippedModules: path: oleaut32.dll, skipReason: no_symbols.
2025-02-11 17:22:51.612 -05:00 [VRB] CoverageMessagesReader.ReadSkippedModules: path: crypt32.dll, skipReason: no_symbols.
2025-02-11 17:22:51.612 -05:00 [VRB] CoverageMessagesReader.ReadSkippedModules: path: powrprof.dll, skipReason: no_symbols.
2025-02-11 17:22:51.612 -05:00 [VRB] CoverageMessagesReader.ReadSkippedModules: path: version.dll, skipReason: no_symbols.
2025-02-11 17:22:51.612 -05:00 [VRB] CoverageMessagesReader.ReadSkippedModules: path: imm32.dll, skipReason: no_symbols.
2025-02-11 17:22:51.612 -05:00 [VRB] CoverageMessagesReader.ReadSkippedModules: path: umpdc.dll, skipReason: no_symbols.
2025-02-11 17:22:51.612 -05:00 [VRB] CoverageMessagesReader.ReadSkippedModules: path: cryptbase.dll, skipReason: path_is_excluded.
2025-02-11 17:22:51.612 -05:00 [VRB] CoverageMessagesReader.ReadSkippedModules: path: bcryptprimitives.dll, skipReason: path_is_excluded.
2025-02-11 17:22:51.612 -05:00 [VRB] CoverageMessagesReader.ReadSkippedModules: path: msxml6.dll, skipReason: no_symbols.
2025-02-11 17:22:51.612 -05:00 [VRB] CoverageMessagesReader.ReadSkippedModules: path: kernel.appcore.dll, skipReason: no_symbols.
2025-02-11 17:22:51.612 -05:00 [VRB] CoverageMessagesReader.ReadSkippedModules: path: mscoreei.dll, skipReason: path_is_excluded.
2025-02-11 17:22:51.614 -05:00 [INF] Process ID 29408 exited.
2025-02-11 17:22:51.615 -05:00 [INF] LoggerBase.OnCloseStream: processId:35024, streamId:0, streamSize:0
2025-02-11 17:22:51.615 -05:00 [VRB] PipeConnection.ReadMessagesAsync: 7dd08996-53ba-4ca0-bd0a-84d2a9439eb4 finished
2025-02-11 17:22:51.617 -05:00 [VRB] PipeConnection.WaitForDisconnection: bb15f6e9-b9b5-4385-9317-6df6d58c5ba2 finished
2025-02-11 17:22:51.617 -05:00 [VRB] PipeConnection.WaitForDisconnection: 7dd08996-53ba-4ca0-bd0a-84d2a9439eb4 finished
2025-02-11 17:22:51.617 -05:00 [VRB] PipeConnection.WaitForDisconnection: 6fed6ad6-c1b2-4375-ba2b-bc3e98211c34 finished
2025-02-11 17:22:51.617 -05:00 [VRB] PipeConnection.WaitForDisconnection: 78f589fa-3b5b-4263-9c90-16e7e95ae2fb finished
2025-02-11 17:22:51.617 -05:00 [VRB] PipeConnection.WaitForDisconnection: 86da01df-eae9-491f-a57d-8d135c075e5e finished
2025-02-11 17:22:51.617 -05:00 [VRB] PipeConnection.WaitForDisconnection: 9cc90803-e962-465e-9573-8c99fe65949a finished
2025-02-11 17:22:51.617 -05:00 [VRB] PipeConnection.WaitForDisconnection: 641f86d2-5aa6-4c53-92f5-5097883e2908 finished
2025-02-11 17:22:51.617 -05:00 [VRB] PipeConnection.Stop: bb15f6e9-b9b5-4385-9317-6df6d58c5ba2 finished
2025-02-11 17:22:51.617 -05:00 [VRB] PipeConnection.Stop: 7dd08996-53ba-4ca0-bd0a-84d2a9439eb4 finished
2025-02-11 17:22:51.617 -05:00 [VRB] PipeConnection.Stop: 6fed6ad6-c1b2-4375-ba2b-bc3e98211c34 finished
2025-02-11 17:22:51.617 -05:00 [VRB] PipeConnection.Stop: 78f589fa-3b5b-4263-9c90-16e7e95ae2fb finished
2025-02-11 17:22:51.617 -05:00 [VRB] PipeConnection.Stop: 86da01df-eae9-491f-a57d-8d135c075e5e finished
2025-02-11 17:22:51.617 -05:00 [VRB] PipeConnection.Stop: 9cc90803-e962-465e-9573-8c99fe65949a finished
2025-02-11 17:22:51.617 -05:00 [VRB] PipeConnection.Stop: 641f86d2-5aa6-4c53-92f5-5097883e2908 finished
2025-02-11 17:22:51.620 -05:00 [VRB] LoggerBase.OnBufferClose: id:f23b2588-d6e6-4fb7-9ab2-096b52d924b5, 352/375 covered
2025-02-11 17:22:51.631 -05:00 [INF] CoverageFileWriter.WriteAsync: path: couverture2025-02-11_17_22_51.17.coverage, schemaVersion: 1.
2025-02-11 17:22:51.638 -05:00 [INF] CoverageFileWriter.WriteModules: modules.Count: 1.
2025-02-11 17:22:51.640 -05:00 [VRB] CoverageFileWriter.WriteModuleCoverageData: coverageBufferId: f23b2588-d6e6-4fb7-9ab2-096b52d924b5, coverageBuffer.Length: 375.
2025-02-11 17:22:51.640 -05:00 [INF] CoverageFileWriter.WriteModule: moduleId: C8-97-0C-B8-22-63-B8-4B-AC-FE-6F-9A-D3-B1-3F-2C-46-00-00-00, skippedFunctions.Count: 195, functions.Count: 19, sourceFiles.Count: 1, coverageBufferId: f23b2588-d6e6-4fb7-9ab2-096b52d924b5
2025-02-11 17:22:51.641 -05:00 [INF] CoverageFileWriter.WriteSkippedModuleData: skippedModules.Count: 30
2025-02-11 17:22:51.642 -05:00 [VRB] CoverageMessagesWriter.WriteModulesSkippedStream: skippedModule: mscoreei.dll, skipReason: path_is_excluded.
2025-02-11 17:22:51.642 -05:00 [VRB] CoverageMessagesWriter.WriteModuleDataStream: sourceFile.Path: C:\Users\grave\TPsINF1015\TPs\TP2\td2.cpp.
2025-02-11 17:22:51.642 -05:00 [VRB] CoverageMessagesWriter.WriteModulesSkippedStream: skippedModule: kernel.appcore.dll, skipReason: no_symbols.
2025-02-11 17:22:51.642 -05:00 [VRB] CoverageMessagesWriter.WriteModulesSkippedStream: skippedModule: advapi32.dll, skipReason: no_symbols.
2025-02-11 17:22:51.642 -05:00 [VRB] CoverageMessagesWriter.WriteModuleDataStream: function.Name = lireUint16, blockCount: 6.
2025-02-11 17:22:51.642 -05:00 [VRB] CoverageMessagesWriter.WriteModulesSkippedStream: skippedModule: cryptbase.dll, skipReason: path_is_excluded.
2025-02-11 17:22:51.642 -05:00 [VRB] CoverageMessagesWriter.WriteModulesSkippedStream: skippedModule: bcryptprimitives.dll, skipReason: path_is_excluded.
2025-02-11 17:22:51.642 -05:00 [VRB] CoverageMessagesWriter.WriteModulesSkippedStream: skippedModule: crypt32.dll, skipReason: no_symbols.
2025-02-11 17:22:51.642 -05:00 [VRB] CoverageMessagesWriter.WriteModulesSkippedStream: skippedModule: msvcp_win.dll, skipReason: path_is_excluded.
2025-02-11 17:22:51.642 -05:00 [VRB] CoverageMessagesWriter.WriteModulesSkippedStream: skippedModule: umpdc.dll, skipReason: no_symbols.
2025-02-11 17:22:51.642 -05:00 [VRB] CoverageMessagesWriter.WriteModulesSkippedStream: skippedModule: ucrtbase.dll, skipReason: no_symbols.
2025-02-11 17:22:51.642 -05:00 [VRB] CoverageMessagesWriter.WriteModulesSkippedStream: skippedModule: ole32.dll, skipReason: no_symbols.
2025-02-11 17:22:51.642 -05:00 [VRB] CoverageMessagesWriter.WriteModulesSkippedStream: skippedModule: user32.dll, skipReason: no_symbols.
2025-02-11 17:22:51.642 -05:00 [VRB] CoverageMessagesWriter.WriteModulesSkippedStream: skippedModule: kernel32.dll, skipReason: no_symbols.
2025-02-11 17:22:51.642 -05:00 [VRB] CoverageMessagesWriter.WriteModulesSkippedStream: skippedModule: gdi32full.dll, skipReason: no_symbols.
2025-02-11 17:22:51.642 -05:00 [VRB] CoverageMessagesWriter.WriteModulesSkippedStream: skippedModule: version.dll, skipReason: no_symbols.
2025-02-11 17:22:51.642 -05:00 [VRB] CoverageMessagesWriter.WriteModulesSkippedStream: skippedModule: combase.dll, skipReason: no_symbols.
2025-02-11 17:22:51.642 -05:00 [VRB] CoverageMessagesWriter.WriteModulesSkippedStream: skippedModule: rpcrt4.dll, skipReason: no_symbols.
2025-02-11 17:22:51.642 -05:00 [VRB] CoverageMessagesWriter.WriteModulesSkippedStream: skippedModule: win32u.dll, skipReason: no_symbols.
2025-02-11 17:22:51.642 -05:00 [VRB] CoverageMessagesWriter.WriteModulesSkippedStream: skippedModule: msxml6.dll, skipReason: no_symbols.
2025-02-11 17:22:51.642 -05:00 [VRB] CoverageMessagesWriter.WriteModulesSkippedStream: skippedModule: imm32.dll, skipReason: no_symbols.
2025-02-11 17:22:51.642 -05:00 [VRB] CoverageMessagesWriter.WriteModulesSkippedStream: skippedModule: msvcrt.dll, skipReason: path_is_excluded.
2025-02-11 17:22:51.642 -05:00 [VRB] CoverageMessagesWriter.WriteModulesSkippedStream: skippedModule: vcruntime140d.dll, skipReason: no_symbols.
2025-02-11 17:22:51.642 -05:00 [VRB] CoverageMessagesWriter.WriteModulesSkippedStream: skippedModule: powrprof.dll, skipReason: no_symbols.
2025-02-11 17:22:51.642 -05:00 [VRB] CoverageMessagesWriter.WriteModulesSkippedStream: skippedModule: oleaut32.dll, skipReason: no_symbols.
2025-02-11 17:22:51.642 -05:00 [VRB] CoverageMessagesWriter.WriteModulesSkippedStream: skippedModule: ucrtbased.dll, skipReason: no_symbols.
2025-02-11 17:22:51.642 -05:00 [VRB] CoverageMessagesWriter.WriteModulesSkippedStream: skippedModule: msvcp140d.dll, skipReason: path_is_excluded.
2025-02-11 17:22:51.642 -05:00 [VRB] CoverageMessagesWriter.WriteModulesSkippedStream: skippedModule: ntdll.dll, skipReason: no_symbols.
2025-02-11 17:22:51.642 -05:00 [VRB] CoverageMessagesWriter.WriteModulesSkippedStream: skippedModule: kernelbase.dll, skipReason: no_symbols.
2025-02-11 17:22:51.642 -05:00 [VRB] CoverageMessagesWriter.WriteModulesSkippedStream: skippedModule: sechost.dll, skipReason: no_symbols.
2025-02-11 17:22:51.642 -05:00 [VRB] CoverageMessagesWriter.WriteModulesSkippedStream: skippedModule: mscoree.dll, skipReason: path_is_excluded.
2025-02-11 17:22:51.642 -05:00 [VRB] CoverageMessagesWriter.WriteModulesSkippedStream: skippedModule: gdi32.dll, skipReason: no_symbols.
2025-02-11 17:22:51.643 -05:00 [VRB] CoverageMessagesWriter.WriteModuleDataStream: function.Name = lireFilm, blockCount: 38.
2025-02-11 17:22:51.643 -05:00 [VRB] CoverageMessagesWriter.WriteModuleDataStream: function.Name = creerSpanListeFilms, blockCount: 4.
2025-02-11 17:22:51.643 -05:00 [VRB] CoverageMessagesWriter.WriteModuleDataStream: function.Name = _main, blockCount: 53.
2025-02-11 17:22:51.643 -05:00 [VRB] CoverageMessagesWriter.WriteModuleDataStream: function.Name = lireString, blockCount: 14.
2025-02-11 17:22:51.643 -05:00 [VRB] CoverageMessagesWriter.WriteModuleDataStream: function.Name = afficherFilm, blockCount: 23.
2025-02-11 17:22:51.643 -05:00 [VRB] CoverageMessagesWriter.WriteModuleDataStream: function.Name = lireActeur, blockCount: 33.
2025-02-11 17:22:51.643 -05:00 [VRB] CoverageMessagesWriter.WriteModuleDataStream: function.Name = trouverActeur, blockCount: 26.
2025-02-11 17:22:51.643 -05:00 [VRB] CoverageMessagesWriter.WriteModuleDataStream: function.Name = creerSpanListeActeurs, blockCount: 4.
2025-02-11 17:22:51.643 -05:00 [VRB] CoverageMessagesWriter.WriteModuleDataStream: function.Name = detruireListeFilms, blockCount: 13.
2025-02-11 17:22:51.643 -05:00 [VRB] CoverageMessagesWriter.WriteModuleDataStream: function.Name = lireUint8, blockCount: 6.
2025-02-11 17:22:51.643 -05:00 [VRB] CoverageMessagesWriter.WriteModuleDataStream: function.Name = afficherListeFilms, blockCount: 23.
2025-02-11 17:22:51.643 -05:00 [VRB] CoverageMessagesWriter.WriteModuleDataStream: function.Name = ajouterFilm, blockCount: 31.
2025-02-11 17:22:51.643 -05:00 [VRB] CoverageMessagesWriter.WriteModuleDataStream: function.Name = afficherFilmographieActeur, blockCount: 12.
2025-02-11 17:22:51.643 -05:00 [VRB] CoverageMessagesWriter.WriteModuleDataStream: function.Name = detruireFilm, blockCount: 36.
2025-02-11 17:22:51.643 -05:00 [VRB] CoverageMessagesWriter.WriteModuleDataStream: function.Name = ListeFilms, blockCount: 3.
2025-02-11 17:22:51.643 -05:00 [VRB] CoverageMessagesWriter.WriteModuleDataStream: function.Name = ListeFilms, blockCount: 25.
2025-02-11 17:22:51.643 -05:00 [VRB] CoverageMessagesWriter.WriteModuleDataStream: function.Name = enleverFilm, blockCount: 13.
2025-02-11 17:22:51.643 -05:00 [VRB] CoverageMessagesWriter.WriteModuleDataStream: function.Name = afficherActeur, blockCount: 12.
2025-02-11 17:22:51.643 -05:00 [VRB] CoverageMessagesWriter.WriteModuleDataStream: skippedFunction.Name: enlever_des_blocs_alloues(void *, bool).
2025-02-11 17:22:51.644 -05:00 [VRB] CoverageMessagesWriter.WriteModuleDataStream: skippedFunction.Name: operator()(const char *, const char *, struct _iobuf *, unsigned long, class std::basic_ios<char,std::char_traits<char> > & const).
2025-02-11 17:22:51.644 -05:00 [VRB] CoverageMessagesWriter.WriteModuleDataStream: skippedFunction.Name: RangeIterData<int,0>.
2025-02-11 17:22:51.644 -05:00 [VRB] CoverageMessagesWriter.WriteModuleDataStream: skippedFunction.Name: operator()(unsigned int).
2025-02-11 17:22:51.644 -05:00 [VRB] CoverageMessagesWriter.WriteModuleDataStream: skippedFunction.Name: __RTC_CheckEsp.
2025-02-11 17:22:51.644 -05:00 [VRB] CoverageMessagesWriter.WriteModuleDataStream: skippedFunction.Name: __get_startup_commit_mode.
2025-02-11 17:22:51.644 -05:00 [VRB] CoverageMessagesWriter.WriteModuleDataStream: skippedFunction.Name: notre_operator_new.
2025-02-11 17:22:51.644 -05:00 [VRB] CoverageMessagesWriter.WriteModuleDataStream: skippedFunction.Name: _Unchecked_end.
2025-02-11 17:22:51.644 -05:00 [VRB] CoverageMessagesWriter.WriteModuleDataStream: skippedFunction.Name: operator new.
2025-02-11 17:22:51.644 -05:00 [VRB] CoverageMessagesWriter.WriteModuleDataStream: skippedFunction.Name: operator new.
2025-02-11 17:22:51.644 -05:00 [VRB] CoverageMessagesWriter.WriteModuleDataStream: skippedFunction.Name: operator new.
2025-02-11 17:22:51.644 -05:00 [VRB] CoverageMessagesWriter.WriteModuleDataStream: skippedFunction.Name: activerCouleursAnsi.
2025-02-11 17:22:51.644 -05:00 [VRB] CoverageMessagesWriter.WriteModuleDataStream: skippedFunction.Name: data.
2025-02-11 17:22:51.644 -05:00 [VRB] CoverageMessagesWriter.WriteModuleDataStream: skippedFunction.Name: get_blocs_alloues_lock.
2025-02-11 17:22:51.644 -05:00 [VRB] CoverageMessagesWriter.WriteModuleDataStream: skippedFunction.Name: size.
2025-02-11 17:22:51.644 -05:00 [VRB] CoverageMessagesWriter.WriteModuleDataStream: skippedFunction.Name: static void failwithmessage(void *, int, int, const char *).
2025-02-11 17:22:51.644 -05:00 [VRB] CoverageMessagesWriter.WriteModuleDataStream: skippedFunction.Name: get_blocs_alloues_tries(bool, unsigned int).
2025-02-11 17:22:51.644 -05:00 [VRB] CoverageMessagesWriter.WriteModuleDataStream: skippedFunction.Name: static struct _IMAGE_SECTION_HEADER * find_pe_section(unsigned char *, const unsigned int).
2025-02-11 17:22:51.644 -05:00 [VRB] CoverageMessagesWriter.WriteModuleDataStream: skippedFunction.Name: a_numero_ligne.
2025-02-11 17:22:51.644 -05:00 [VRB] CoverageMessagesWriter.WriteModuleDataStream: skippedFunction.Name: _RTC_StackFailure.
2025-02-11 17:22:51.644 -05:00 [VRB] CoverageMessagesWriter.WriteModuleDataStream: skippedFunction.Name: compte_allocations.
2025-02-11 17:22:51.644 -05:00 [VRB] CoverageMessagesWriter.WriteModuleDataStream: skippedFunction.Name: initialiserGoogleTest.
2025-02-11 17:22:51.644 -05:00 [VRB] CoverageMessagesWriter.WriteModuleDataStream: skippedFunction.Name: __RTC_Initialize.
2025-02-11 17:22:51.644 -05:00 [VRB] CoverageMessagesWriter.WriteModuleDataStream: skippedFunction.Name: static unsigned int _strlen_priv(const char *).
2025-02-11 17:22:51.644 -05:00 [VRB] CoverageMessagesWriter.WriteModuleDataStream: skippedFunction.Name: _RTC_GetErrorFunc.
2025-02-11 17:22:51.644 -05:00 [VRB] CoverageMessagesWriter.WriteModuleDataStream: skippedFunction.Name: operator!=.
2025-02-11 17:22:51.644 -05:00 [VRB] CoverageMessagesWriter.WriteModuleDataStream: skippedFunction.Name: __get_startup_thread_locale_mode.
2025-02-11 17:22:51.644 -05:00 [VRB] CoverageMessagesWriter.WriteModuleDataStream: skippedFunction.Name: remise_a_zero_verification.
2025-02-11 17:22:51.644 -05:00 [VRB] CoverageMessagesWriter.WriteModuleDataStream: skippedFunction.Name: span<char const *,4294967295><2,0>.
2025-02-11 17:22:51.644 -05:00 [VRB] CoverageMessagesWriter.WriteModuleDataStream: skippedFunction.Name: operator==.
2025-02-11 17:22:51.644 -05:00 [VRB] CoverageMessagesWriter.WriteModuleDataStream: skippedFunction.Name: operator!=.
2025-02-11 17:22:51.644 -05:00 [VRB] CoverageMessagesWriter.WriteModuleDataStream: skippedFunction.Name: __except_handler4_noexcept.
2025-02-11 17:22:51.644 -05:00 [VRB] CoverageMessagesWriter.WriteModuleDataStream: skippedFunction.Name: get_blocs_alloues.
2025-02-11 17:22:51.644 -05:00 [VRB] CoverageMessagesWriter.WriteModuleDataStream: skippedFunction.Name: locales_a_essayer().
2025-02-11 17:22:51.644 -05:00 [VRB] CoverageMessagesWriter.WriteModuleDataStream: skippedFunction.Name: remet().
2025-02-11 17:22:51.644 -05:00 [VRB] CoverageMessagesWriter.WriteModuleDataStream: skippedFunction.Name: range<int>.
2025-02-11 17:22:51.644 -05:00 [VRB] CoverageMessagesWriter.WriteModuleDataStream: skippedFunction.Name: range<int>.
2025-02-11 17:22:51.644 -05:00 [VRB] CoverageMessagesWriter.WriteModuleDataStream: skippedFunction.Name: RemplaceRemet<`bibliotheque_cours::remplaceConsoleOutputCP'::`2'::<lambda_1>,unsigned int &><unsigned int &>(class bibliotheque_cours::remplaceConsoleOutputCP::__l2::<lambda_1>, unsigned int & const).
2025-02-11 17:22:51.644 -05:00 [VRB] CoverageMessagesWriter.WriteModuleDataStream: skippedFunction.Name: tous_les_new_ont_un_delete.
2025-02-11 17:22:51.644 -05:00 [VRB] CoverageMessagesWriter.WriteModuleDataStream: skippedFunction.Name: _RTC_Failure.
2025-02-11 17:22:51.644 -05:00 [VRB] CoverageMessagesWriter.WriteModuleDataStream: skippedFunction.Name: operator()().
2025-02-11 17:22:51.644 -05:00 [VRB] CoverageMessagesWriter.WriteModuleDataStream: skippedFunction.Name: operator()<std::array<std::basic_string<char,std::char_traits<char>,std::allocator<char> >,1> >(class std::array<std::basic_string<char,std::char_traits<char>,std::allocator<char> >,1>).
2025-02-11 17:22:51.644 -05:00 [VRB] CoverageMessagesWriter.WriteModuleDataStream: skippedFunction.Name: activer_verification_allocation.
2025-02-11 17:22:51.644 -05:00 [VRB] CoverageMessagesWriter.WriteModuleDataStream: skippedFunction.Name: est_dans_phase_apres_main.
2025-02-11 17:22:51.644 -05:00 [VRB] CoverageMessagesWriter.WriteModuleDataStream: skippedFunction.Name: not_equal_to_impl.
2025-02-11 17:22:51.644 -05:00 [VRB] CoverageMessagesWriter.WriteModuleDataStream: skippedFunction.Name: to_const_char(const class std::basic_string<char,std::char_traits<char>,std::allocator<char> > & const).
2025-02-11 17:22:51.644 -05:00 [VRB] CoverageMessagesWriter.WriteModuleDataStream: skippedFunction.Name: to_const_char(const char *).
2025-02-11 17:22:51.644 -05:00 [VRB] CoverageMessagesWriter.WriteModuleDataStream: skippedFunction.Name: ~type_info.
2025-02-11 17:22:51.644 -05:00 [VRB] CoverageMessagesWriter.WriteModuleDataStream: skippedFunction.Name: __Smtx_unlock_exclusive.
2025-02-11 17:22:51.644 -05:00 [VRB] CoverageMessagesWriter.WriteModuleDataStream: skippedFunction.Name: __Smtx_unlock_shared.
2025-02-11 17:22:51.644 -05:00 [VRB] CoverageMessagesWriter.WriteModuleDataStream: skippedFunction.Name: get_message_erreur_delete.
2025-02-11 17:22:51.644 -05:00 [VRB] CoverageMessagesWriter.WriteModuleDataStream: skippedFunction.Name: RemplaceRemet<`bibliotheque_cours::remplaceCLocale'::`2'::<lambda_1>,gsl::span<char const *,4294967295> &><gsl::span<char const *,4294967295> &>(class bibliotheque_cours::remplaceCLocale::__l2::<lambda_1>, class gsl::span<char const *,4294967295> & const).
2025-02-11 17:22:51.644 -05:00 [VRB] CoverageMessagesWriter.WriteModuleDataStream: skippedFunction.Name: operator().
2025-02-11 17:22:51.644 -05:00 [VRB] CoverageMessagesWriter.WriteModuleDataStream: skippedFunction.Name: operator().
2025-02-11 17:22:51.644 -05:00 [VRB] CoverageMessagesWriter.WriteModuleDataStream: skippedFunction.Name: remise_a_zero_compteurs_allocation.
2025-02-11 17:22:51.644 -05:00 [VRB] CoverageMessagesWriter.WriteModuleDataStream: skippedFunction.Name: ~S().
2025-02-11 17:22:51.644 -05:00 [VRB] CoverageMessagesWriter.WriteModuleDataStream: skippedFunction.Name: _Unchecked_begin.
2025-02-11 17:22:51.644 -05:00 [VRB] CoverageMessagesWriter.WriteModuleDataStream: skippedFunction.Name: terminate.
2025-02-11 17:22:51.644 -05:00 [VRB] CoverageMessagesWriter.WriteModuleDataStream: skippedFunction.Name: data.
2025-02-11 17:22:51.644 -05:00 [VRB] CoverageMessagesWriter.WriteModuleDataStream: skippedFunction.Name: static bool DebuggerRuntime(unsigned long, int, void *, const wchar_t *).
2025-02-11 17:22:51.644 -05:00 [VRB] CoverageMessagesWriter.WriteModuleDataStream: skippedFunction.Name: remplir_bloc_verification_corruption_a.
2025-02-11 17:22:51.644 -05:00 [VRB] CoverageMessagesWriter.WriteModuleDataStream: skippedFunction.Name: tester_tous_blocs_alloues.
2025-02-11 17:22:51.644 -05:00 [VRB] CoverageMessagesWriter.WriteModuleDataStream: skippedFunction.Name: inc.
2025-02-11 17:22:51.644 -05:00 [VRB] CoverageMessagesWriter.WriteModuleDataStream: skippedFunction.Name: _ceilf.
2025-02-11 17:22:51.644 -05:00 [VRB] CoverageMessagesWriter.WriteModuleDataStream: skippedFunction.Name: RemplaceRemet<`bibliotheque_cours::remplaceConsoleInputCP'::`2'::<lambda_1>,unsigned int &><unsigned int &>(class bibliotheque_cours::remplaceConsoleInputCP::__l2::<lambda_1>, unsigned int & const).
2025-02-11 17:22:51.644 -05:00 [VRB] CoverageMessagesWriter.WriteModuleDataStream: skippedFunction.Name: operator().
2025-02-11 17:22:51.644 -05:00 [VRB] CoverageMessagesWriter.WriteModuleDataStream: skippedFunction.Name: __initialize_denormal_control.
2025-02-11 17:22:51.644 -05:00 [VRB] CoverageMessagesWriter.WriteModuleDataStream: skippedFunction.Name: __ftol3.
2025-02-11 17:22:51.644 -05:00 [VRB] CoverageMessagesWriter.WriteModuleDataStream: skippedFunction.Name: static void notify_debugger(const struct tagEXCEPTION_VISUALCPP_DEBUG_INFO & const).
2025-02-11 17:22:51.644 -05:00 [VRB] CoverageMessagesWriter.WriteModuleDataStream: skippedFunction.Name: __initialize_default_precision.
2025-02-11 17:22:51.644 -05:00 [VRB] CoverageMessagesWriter.WriteModuleDataStream: skippedFunction.Name: get_blocs_alloues_mutex.
2025-02-11 17:22:51.644 -05:00 [VRB] CoverageMessagesWriter.WriteModuleDataStream: skippedFunction.Name: _atexit.
2025-02-11 17:22:51.644 -05:00 [VRB] CoverageMessagesWriter.WriteModuleDataStream: skippedFunction.Name: debogage_allocation_est_actif.
2025-02-11 17:22:51.644 -05:00 [VRB] CoverageMessagesWriter.WriteModuleDataStream: skippedFunction.Name: static int invoke_main().
2025-02-11 17:22:51.644 -05:00 [VRB] CoverageMessagesWriter.WriteModuleDataStream: skippedFunction.Name: get_info_bloc_memoire(void *).
2025-02-11 17:22:51.644 -05:00 [VRB] CoverageMessagesWriter.WriteModuleDataStream: skippedFunction.Name: operator delete.
2025-02-11 17:22:51.644 -05:00 [VRB] CoverageMessagesWriter.WriteModuleDataStream: skippedFunction.Name: operator delete.
2025-02-11 17:22:51.644 -05:00 [VRB] CoverageMessagesWriter.WriteModuleDataStream: skippedFunction.Name: operator delete.
2025-02-11 17:22:51.644 -05:00 [VRB] CoverageMessagesWriter.WriteModuleDataStream: skippedFunction.Name: __RTC_Terminate.
2025-02-11 17:22:51.644 -05:00 [VRB] CoverageMessagesWriter.WriteModuleDataStream: skippedFunction.Name: remplaceCLocale(int, class gsl::span<char const *,4294967295>).
2025-02-11 17:22:51.644 -05:00 [VRB] CoverageMessagesWriter.WriteModuleDataStream: skippedFunction.Name: tester_bloc_verification_corruption_a.
2025-02-11 17:22:51.644 -05:00 [VRB] CoverageMessagesWriter.WriteModuleDataStream: skippedFunction.Name: static int ArrayUnwindFilter(struct _EXCEPTION_POINTERS *).
2025-02-11 17:22:51.644 -05:00 [VRB] CoverageMessagesWriter.WriteModuleDataStream: skippedFunction.Name: ~dbgbuf.
2025-02-11 17:22:51.644 -05:00 [VRB] CoverageMessagesWriter.WriteModuleDataStream: skippedFunction.Name: overflow.
2025-02-11 17:22:51.644 -05:00 [VRB] CoverageMessagesWriter.WriteModuleDataStream: skippedFunction.Name: ouvrirUneConsoleSiTestAvecDebogueur.
2025-02-11 17:22:51.644 -05:00 [VRB] CoverageMessagesWriter.WriteModuleDataStream: skippedFunction.Name: __get_startup_file_mode.
2025-02-11 17:22:51.644 -05:00 [VRB] CoverageMessagesWriter.WriteModuleDataStream: skippedFunction.Name: operator delete[].
2025-02-11 17:22:51.644 -05:00 [VRB] CoverageMessagesWriter.WriteModuleDataStream: skippedFunction.Name: operator delete[].
2025-02-11 17:22:51.644 -05:00 [VRB] CoverageMessagesWriter.WriteModuleDataStream: skippedFunction.Name: operator delete[].
2025-02-11 17:22:51.644 -05:00 [VRB] CoverageMessagesWriter.WriteModuleDataStream: skippedFunction.Name: _RTC_GetErrorFuncW.
2025-02-11 17:22:51.644 -05:00 [VRB] CoverageMessagesWriter.WriteModuleDataStream: skippedFunction.Name: begin.
2025-02-11 17:22:51.644 -05:00 [VRB] CoverageMessagesWriter.WriteModuleDataStream: skippedFunction.Name: _mainCRTStartup.
2025-02-11 17:22:51.644 -05:00 [VRB] CoverageMessagesWriter.WriteModuleDataStream: skippedFunction.Name: dbgbuf.
2025-02-11 17:22:51.644 -05:00 [VRB] CoverageMessagesWriter.WriteModuleDataStream: skippedFunction.Name: operator<<.
2025-02-11 17:22:51.644 -05:00 [VRB] CoverageMessagesWriter.WriteModuleDataStream: skippedFunction.Name: operator++.
2025-02-11 17:22:51.644 -05:00 [VRB] CoverageMessagesWriter.WriteModuleDataStream: skippedFunction.Name: step.
2025-02-11 17:22:51.644 -05:00 [VRB] CoverageMessagesWriter.WriteModuleDataStream: skippedFunction.Name: get_blocs_alloues_shared_lock.
2025-02-11 17:22:51.644 -05:00 [VRB] CoverageMessagesWriter.WriteModuleDataStream: skippedFunction.Name: repond_aux_criteres.
2025-02-11 17:22:51.644 -05:00 [VRB] CoverageMessagesWriter.WriteModuleDataStream: skippedFunction.Name: _NtCurrentTeb.
2025-02-11 17:22:51.644 -05:00 [VRB] CoverageMessagesWriter.WriteModuleDataStream: skippedFunction.Name: value.
2025-02-11 17:22:51.644 -05:00 [VRB] CoverageMessagesWriter.WriteModuleDataStream: skippedFunction.Name: `dynamic initializer for 'blocs_alloues''().
2025-02-11 17:22:51.644 -05:00 [VRB] CoverageMessagesWriter.WriteModuleDataStream: skippedFunction.Name: set_breakpoint_sur_allocations.
2025-02-11 17:22:51.644 -05:00 [VRB] CoverageMessagesWriter.WriteModuleDataStream: skippedFunction.Name: __should_initialize_environment.
2025-02-11 17:22:51.644 -05:00 [VRB] CoverageMessagesWriter.WriteModuleDataStream: skippedFunction.Name: ~SansVerifierAllocations.
2025-02-11 17:22:51.644 -05:00 [VRB] CoverageMessagesWriter.WriteModuleDataStream: skippedFunction.Name: static int pre_c_initialization().
2025-02-11 17:22:51.644 -05:00 [VRB] CoverageMessagesWriter.WriteModuleDataStream: skippedFunction.Name: operator().
2025-02-11 17:22:51.644 -05:00 [VRB] CoverageMessagesWriter.WriteModuleDataStream: skippedFunction.Name: static bool DebuggerProbe(unsigned long).
2025-02-11 17:22:51.644 -05:00 [VRB] CoverageMessagesWriter.WriteModuleDataStream: skippedFunction.Name: __matherr.
2025-02-11 17:22:51.644 -05:00 [VRB] CoverageMessagesWriter.WriteModuleDataStream: skippedFunction.Name: Iterator.
2025-02-11 17:22:51.644 -05:00 [VRB] CoverageMessagesWriter.WriteModuleDataStream: skippedFunction.Name: Range<int>.
2025-02-11 17:22:51.644 -05:00 [VRB] CoverageMessagesWriter.WriteModuleDataStream: skippedFunction.Name: Range<int>.
2025-02-11 17:22:51.644 -05:00 [VRB] CoverageMessagesWriter.WriteModuleDataStream: skippedFunction.Name: __Init_thread_wait_v2.
2025-02-11 17:22:51.644 -05:00 [VRB] CoverageMessagesWriter.WriteModuleDataStream: skippedFunction.Name: __get_startup_new_mode.
2025-02-11 17:22:51.644 -05:00 [VRB] CoverageMessagesWriter.WriteModuleDataStream: skippedFunction.Name: desactiver_verification_allocation.
2025-02-11 17:22:51.644 -05:00 [VRB] CoverageMessagesWriter.WriteModuleDataStream: skippedFunction.Name: ~RemplaceRemet<`bibliotheque_cours::remplaceConsoleInputCP'::`2'::<lambda_1>,unsigned int &>().
2025-02-11 17:22:51.644 -05:00 [VRB] CoverageMessagesWriter.WriteModuleDataStream: skippedFunction.Name: ~VerifierFuitesAllocations.
2025-02-11 17:22:51.644 -05:00 [VRB] CoverageMessagesWriter.WriteModuleDataStream: skippedFunction.Name: operator().
2025-02-11 17:22:51.644 -05:00 [VRB] CoverageMessagesWriter.WriteModuleDataStream: skippedFunction.Name: static bool is_potentially_valid_image_base(void *).
2025-02-11 17:22:51.644 -05:00 [VRB] CoverageMessagesWriter.WriteModuleDataStream: skippedFunction.Name: __initialize_invalid_parameter_handler.
2025-02-11 17:22:51.644 -05:00 [VRB] CoverageMessagesWriter.WriteModuleDataStream: skippedFunction.Name: InitConsole.
2025-02-11 17:22:51.644 -05:00 [VRB] CoverageMessagesWriter.WriteModuleDataStream: skippedFunction.Name: remplaceConsoleOutputCP(unsigned int).
2025-02-11 17:22:51.644 -05:00 [VRB] CoverageMessagesWriter.WriteModuleDataStream: skippedFunction.Name: __get_startup_argv_mode.
2025-02-11 17:22:51.644 -05:00 [VRB] CoverageMessagesWriter.WriteModuleDataStream: skippedFunction.Name: mettre_verification_corruption_sur_allocation.
2025-02-11 17:22:51.644 -05:00 [VRB] CoverageMessagesWriter.WriteModuleDataStream: skippedFunction.Name: _Unchecked_end.
2025-02-11 17:22:51.644 -05:00 [VRB] CoverageMessagesWriter.WriteModuleDataStream: skippedFunction.Name: dbgstream.
2025-02-11 17:22:51.644 -05:00 [VRB] CoverageMessagesWriter.WriteModuleDataStream: skippedFunction.Name: data.
2025-02-11 17:22:51.644 -05:00 [VRB] CoverageMessagesWriter.WriteModuleDataStream: skippedFunction.Name: _wmemset.
2025-02-11 17:22:51.644 -05:00 [VRB] CoverageMessagesWriter.WriteModuleDataStream: skippedFunction.Name: size.
2025-02-11 17:22:51.644 -05:00 [VRB] CoverageMessagesWriter.WriteModuleDataStream: skippedFunction.Name: operator().
2025-02-11 17:22:51.644 -05:00 [VRB] CoverageMessagesWriter.WriteModuleDataStream: skippedFunction.Name: remplaceConsoleInputCP(unsigned int).
2025-02-11 17:22:51.644 -05:00 [VRB] CoverageMessagesWriter.WriteModuleDataStream: skippedFunction.Name: ~RemplaceRemet<`bibliotheque_cours::remplaceCLocale'::`2'::<lambda_1>,gsl::span<char const *,4294967295> &>().
2025-02-11 17:22:51.644 -05:00 [VRB] CoverageMessagesWriter.WriteModuleDataStream: skippedFunction.Name: get_marqueur_verification_allocation.
2025-02-11 17:22:51.644 -05:00 [VRB] CoverageMessagesWriter.WriteModuleDataStream: skippedFunction.Name: SansVerifierAllocations.
2025-02-11 17:22:51.644 -05:00 [VRB] CoverageMessagesWriter.WriteModuleDataStream: skippedFunction.Name: afficher_fuites.
2025-02-11 17:22:51.644 -05:00 [VRB] CoverageMessagesWriter.WriteModuleDataStream: skippedFunction.Name: static struct HINSTANCE__ * GetPdbDllFromInstallPath().
2025-02-11 17:22:51.644 -05:00 [VRB] CoverageMessagesWriter.WriteModuleDataStream: skippedFunction.Name: __Init_thread_unlock.
2025-02-11 17:22:51.644 -05:00 [VRB] CoverageMessagesWriter.WriteModuleDataStream: skippedFunction.Name: extent_type<4294967295><2>.
2025-02-11 17:22:51.644 -05:00 [VRB] CoverageMessagesWriter.WriteModuleDataStream: skippedFunction.Name: static void pre_cpp_initialization().
2025-02-11 17:22:51.644 -05:00 [VRB] CoverageMessagesWriter.WriteModuleDataStream: skippedFunction.Name: _Unchecked_begin.
2025-02-11 17:22:51.644 -05:00 [VRB] CoverageMessagesWriter.WriteModuleDataStream: skippedFunction.Name: __except_handler4.
2025-02-11 17:22:51.644 -05:00 [VRB] CoverageMessagesWriter.WriteModuleDataStream: skippedFunction.Name: remet().
2025-02-11 17:22:51.644 -05:00 [VRB] CoverageMessagesWriter.WriteModuleDataStream: skippedFunction.Name: storage_type<gsl::details::extent_type<4294967295> ><gsl::details::extent_type<2> >.
2025-02-11 17:22:51.644 -05:00 [VRB] CoverageMessagesWriter.WriteModuleDataStream: skippedFunction.Name: extent_type<4294967295>.
2025-02-11 17:22:51.644 -05:00 [VRB] CoverageMessagesWriter.WriteModuleDataStream: skippedFunction.Name: __filter_x86_sse2_floating_point_exception_default.
2025-02-11 17:22:51.644 -05:00 [VRB] CoverageMessagesWriter.WriteModuleDataStream: skippedFunction.Name: __Init_thread_abort.
2025-02-11 17:22:51.644 -05:00 [VRB] CoverageMessagesWriter.WriteModuleDataStream: skippedFunction.Name: size.
2025-02-11 17:22:51.644 -05:00 [VRB] CoverageMessagesWriter.WriteModuleDataStream: skippedFunction.Name: not_equal_to_end.
2025-02-11 17:22:51.644 -05:00 [VRB] CoverageMessagesWriter.WriteModuleDataStream: skippedFunction.Name: operator()<std::pair<void * const,bibliotheque_cours::InfoBlocMemoire>,std::pair<void * const,bibliotheque_cours::InfoBlocMemoire> >(struct std::pair<void * const,bibliotheque_cours::InfoBlocMemoire> *, struct std::pair<void * const,bibliotheque_cours::InfoBlocMemoire> *).
2025-02-11 17:22:51.644 -05:00 [VRB] CoverageMessagesWriter.WriteModuleDataStream: skippedFunction.Name: span<unsigned int,4294967295><4294967295,0>.
2025-02-11 17:22:51.644 -05:00 [VRB] CoverageMessagesWriter.WriteModuleDataStream: skippedFunction.Name: @_RTC_CheckStackVars@8.
2025-02-11 17:22:51.644 -05:00 [VRB] CoverageMessagesWriter.WriteModuleDataStream: skippedFunction.Name: sync.
2025-02-11 17:22:51.644 -05:00 [VRB] CoverageMessagesWriter.WriteModuleDataStream: skippedFunction.Name: `dynamic initializer for 'cdbg''().
2025-02-11 17:22:51.644 -05:00 [VRB] CoverageMessagesWriter.WriteModuleDataStream: skippedFunction.Name: assurer_taille_allocation_possible.
2025-02-11 17:22:51.644 -05:00 [VRB] CoverageMessagesWriter.WriteModuleDataStream: skippedFunction.Name: storage_type<gsl::details::extent_type<4294967295> ><unsigned int>.
2025-02-11 17:22:51.644 -05:00 [VRB] CoverageMessagesWriter.WriteModuleDataStream: skippedFunction.Name: @_guard_check_icall_nop@4.
2025-02-11 17:22:51.644 -05:00 [VRB] CoverageMessagesWriter.WriteModuleDataStream: skippedFunction.Name: operator()(unsigned int).
2025-02-11 17:22:51.644 -05:00 [VRB] CoverageMessagesWriter.WriteModuleDataStream: skippedFunction.Name: ~RemplaceRemet<`bibliotheque_cours::remplaceConsoleOutputCP'::`2'::<lambda_1>,unsigned int &>().
2025-02-11 17:22:51.644 -05:00 [VRB] CoverageMessagesWriter.WriteModuleDataStream: skippedFunction.Name: end.
2025-02-11 17:22:51.644 -05:00 [VRB] CoverageMessagesWriter.WriteModuleDataStream: skippedFunction.Name: _RTC_GetSrcLine.
2025-02-11 17:22:51.644 -05:00 [VRB] CoverageMessagesWriter.WriteModuleDataStream: skippedFunction.Name: __Init_thread_notify.
2025-02-11 17:22:51.644 -05:00 [VRB] CoverageMessagesWriter.WriteModuleDataStream: skippedFunction.Name: __Init_thread_footer.
2025-02-11 17:22:51.644 -05:00 [VRB] CoverageMessagesWriter.WriteModuleDataStream: skippedFunction.Name: operator*.
2025-02-11 17:22:51.644 -05:00 [VRB] CoverageMessagesWriter.WriteModuleDataStream: skippedFunction.Name: `dynamic initializer for '_initConsole''().
2025-02-11 17:22:51.644 -05:00 [VRB] CoverageMessagesWriter.WriteModuleDataStream: skippedFunction.Name: `dynamic initializer for '_initConsole''().
2025-02-11 17:22:51.644 -05:00 [VRB] CoverageMessagesWriter.WriteModuleDataStream: skippedFunction.Name: operator()<gsl::span<char const *,4294967295> >(class gsl::span<char const *,4294967295>).
2025-02-11 17:22:51.644 -05:00 [VRB] CoverageMessagesWriter.WriteModuleDataStream: skippedFunction.Name: taille_allocation_selon_verification_corruption.
2025-02-11 17:22:51.644 -05:00 [VRB] CoverageMessagesWriter.WriteModuleDataStream: skippedFunction.Name: data.
2025-02-11 17:22:51.644 -05:00 [VRB] CoverageMessagesWriter.WriteModuleDataStream: skippedFunction.Name: est_depuis.
2025-02-11 17:22:51.644 -05:00 [VRB] CoverageMessagesWriter.WriteModuleDataStream: skippedFunction.Name: static int GetPdbDllPathFromFilePath(const wchar_t *, wchar_t *, unsigned int).
2025-02-11 17:22:51.644 -05:00 [VRB] CoverageMessagesWriter.WriteModuleDataStream: skippedFunction.Name: static struct HINSTANCE__ * GetPdbDll().
2025-02-11 17:22:51.644 -05:00 [VRB] CoverageMessagesWriter.WriteModuleDataStream: skippedFunction.Name: pointeur_octets.
2025-02-11 17:22:51.644 -05:00 [VRB] CoverageMessagesWriter.WriteModuleDataStream: skippedFunction.Name: displayDebugString(const class std::basic_string<char,std::char_traits<char>,std::allocator<char> > & const).
2025-02-11 17:22:51.644 -05:00 [VRB] CoverageMessagesWriter.WriteModuleDataStream: skippedFunction.Name: executerGoogleTest.
2025-02-11 17:22:51.644 -05:00 [VRB] CoverageMessagesWriter.WriteModuleDataStream: skippedFunction.Name: __Init_thread_header.
2025-02-11 17:22:51.644 -05:00 [VRB] CoverageMessagesWriter.WriteModuleDataStream: skippedFunction.Name: notre_operator_delete.
2025-02-11 17:22:51.644 -05:00 [VRB] CoverageMessagesWriter.WriteModuleDataStream: skippedFunction.Name: operator new[].
2025-02-11 17:22:51.644 -05:00 [VRB] CoverageMessagesWriter.WriteModuleDataStream: skippedFunction.Name: operator new[].
2025-02-11 17:22:51.644 -05:00 [VRB] CoverageMessagesWriter.WriteModuleDataStream: skippedFunction.Name: dump_blocs_alloues.
2025-02-11 17:22:51.644 -05:00 [VRB] CoverageMessagesWriter.WriteModuleDataStream: skippedFunction.Name: flushMessageBuffer.
2025-02-11 17:22:51.644 -05:00 [VRB] CoverageMessagesWriter.WriteModuleDataStream: skippedFunction.Name: initialisation_juste_avant_variables_globales().
2025-02-11 17:22:51.644 -05:00 [VRB] CoverageMessagesWriter.WriteModuleDataStream: skippedFunction.Name: remet().
2025-02-11 17:22:51.644 -05:00 [VRB] CoverageMessagesWriter.WriteModuleDataStream: skippedFunction.Name: VerifierFuitesAllocations.
2025-02-11 17:22:51.644 -05:00 [VRB] CoverageMessagesWriter.WriteModuleDataStream: skippedFunction.Name: tester_verification_corruption_sur_allocation.
2025-02-11 17:22:51.644 -05:00 [VRB] CoverageMessagesWriter.WriteModuleDataStream: skippedFunction.Name: size.
2025-02-11 17:22:51.644 -05:00 [VRB] CoverageMessagesWriter.WriteModuleDataStream: skippedFunction.Name: __Smtx_lock_shared.
2025-02-11 17:22:51.644 -05:00 [VRB] CoverageMessagesWriter.WriteModuleDataStream: skippedFunction.Name: __onexit.
2025-02-11 17:22:51.644 -05:00 [VRB] CoverageMessagesWriter.WriteModuleDataStream: skippedFunction.Name: etait_deja_actif.
2025-02-11 17:22:51.644 -05:00 [VRB] CoverageMessagesWriter.WriteModuleDataStream: skippedFunction.Name: lancer_erreur_delete(bibliotheque_cours::SorteErreurDelete, const struct bibliotheque_cours::InfoBlocMemoire & const).
2025-02-11 17:22:51.644 -05:00 [VRB] CoverageMessagesWriter.WriteModuleDataStream: skippedFunction.Name: static int post_pgo_initialization().
2025-02-11 17:22:51.644 -05:00 [VRB] CoverageMessagesWriter.WriteModuleDataStream: skippedFunction.Name: __crt_debugger_hook.
2025-02-11 17:22:51.645 -05:00 [VRB] CoverageMessagesWriter.WriteModuleDataStream: skippedFunction.Name: activerEncodageLocale.
2025-02-11 17:22:51.645 -05:00 [VRB] CoverageMessagesWriter.WriteModuleDataStream: skippedFunction.Name: <lambda_1>(const int & const).
2025-02-11 17:22:51.645 -05:00 [VRB] CoverageMessagesWriter.WriteModuleDataStream: skippedFunction.Name: __Smtx_lock_exclusive.
2025-02-11 17:22:51.645 -05:00 [VRB] CoverageMessagesWriter.WriteModuleDataStream: skippedFunction.Name: ~VerifierALaFin.
2025-02-11 17:22:51.645 -05:00 [VRB] CoverageMessagesWriter.WriteModuleDataStream: skippedFunction.Name: __Init_thread_lock.
2025-02-11 17:22:51.646 -05:00 [INF] CoverageFileWriter.WriteFile: schema: 1, modules: True, skippedFunctions: True, skippedModules: True, snapshot: True
2025-02-11 17:22:51.647 -05:00 [INF] Report generator: DefaultReportGenerator, output file: couverture2025-02-11_17_22_51.17.coverage
2025-02-11 17:22:51.647 -05:00 [VRB] PipeConnection.Stop: bb15f6e9-b9b5-4385-9317-6df6d58c5ba2 finished
2025-02-11 17:22:51.647 -05:00 [VRB] PipeConnection.Stop: 7dd08996-53ba-4ca0-bd0a-84d2a9439eb4 finished
2025-02-11 17:22:51.647 -05:00 [VRB] PipeConnection.Stop: 6fed6ad6-c1b2-4375-ba2b-bc3e98211c34 finished
2025-02-11 17:22:51.647 -05:00 [VRB] PipeConnection.Stop: 78f589fa-3b5b-4263-9c90-16e7e95ae2fb finished
2025-02-11 17:22:51.647 -05:00 [VRB] PipeConnection.Stop: 86da01df-eae9-491f-a57d-8d135c075e5e finished
2025-02-11 17:22:51.647 -05:00 [VRB] PipeConnection.Stop: 9cc90803-e962-465e-9573-8c99fe65949a finished
2025-02-11 17:22:51.647 -05:00 [VRB] PipeConnection.Stop: 641f86d2-5aa6-4c53-92f5-5097883e2908 finished
2025-02-11 17:22:51.649 -05:00 [INF] LoggerBase.OnShutdown: Logger is shutting down.
2025-02-11 17:22:51.650 -05:00 [VRB] PipeConnection.Stop: bb15f6e9-b9b5-4385-9317-6df6d58c5ba2 finished
2025-02-11 17:22:51.650 -05:00 [VRB] PipeConnection.Stop: 7dd08996-53ba-4ca0-bd0a-84d2a9439eb4 finished
2025-02-11 17:22:51.650 -05:00 [VRB] PipeConnection.Stop: 6fed6ad6-c1b2-4375-ba2b-bc3e98211c34 finished
2025-02-11 17:22:51.650 -05:00 [VRB] PipeConnection.Stop: 78f589fa-3b5b-4263-9c90-16e7e95ae2fb finished
2025-02-11 17:22:51.650 -05:00 [VRB] PipeConnection.Stop: 86da01df-eae9-491f-a57d-8d135c075e5e finished
2025-02-11 17:22:51.650 -05:00 [VRB] PipeConnection.Stop: 9cc90803-e962-465e-9573-8c99fe65949a finished
2025-02-11 17:22:51.650 -05:00 [VRB] PipeConnection.Stop: 641f86d2-5aa6-4c53-92f5-5097883e2908 finished
2025-02-11 17:22:51.650 -05:00 [VRB] PipeConnection.Stop: bb15f6e9-b9b5-4385-9317-6df6d58c5ba2 finished
2025-02-11 17:22:51.650 -05:00 [VRB] PipeConnection.Stop: 7dd08996-53ba-4ca0-bd0a-84d2a9439eb4 finished
2025-02-11 17:22:51.650 -05:00 [VRB] PipeConnection.Stop: 6fed6ad6-c1b2-4375-ba2b-bc3e98211c34 finished
2025-02-11 17:22:51.650 -05:00 [VRB] PipeConnection.Stop: 78f589fa-3b5b-4263-9c90-16e7e95ae2fb finished
2025-02-11 17:22:51.650 -05:00 [VRB] PipeConnection.Stop: 86da01df-eae9-491f-a57d-8d135c075e5e finished
2025-02-11 17:22:51.650 -05:00 [VRB] PipeConnection.Stop: 9cc90803-e962-465e-9573-8c99fe65949a finished
2025-02-11 17:22:51.650 -05:00 [VRB] PipeConnection.Stop: 641f86d2-5aa6-4c53-92f5-5097883e2908 finished
2025-02-11 17:22:51.652 -05:00 [INF] PipeConnection.OnClientConnected: 6fed6ad6-c1b2-4375-ba2b-bc3e98211c34 connection was not made. Exception: Impossible d'accéder à un canal fermé.
2025-02-11 17:22:51.652 -05:00 [VRB] PipeConnection.OnClientConnected: 6fed6ad6-c1b2-4375-ba2b-bc3e98211c34 finished
2025-02-11 17:22:51.652 -05:00 [INF] PipeConnection.OnClientConnected: 86da01df-eae9-491f-a57d-8d135c075e5e connection was not made. Exception: Impossible d'accéder à un canal fermé.
2025-02-11 17:22:51.652 -05:00 [VRB] PipeConnection.OnClientConnected: 86da01df-eae9-491f-a57d-8d135c075e5e finished
2025-02-11 17:22:51.652 -05:00 [INF] PipeConnection.OnClientConnected: 641f86d2-5aa6-4c53-92f5-5097883e2908 connection was not made. Exception: Impossible d'accéder à un canal fermé.
2025-02-11 17:22:51.652 -05:00 [VRB] PipeConnection.OnClientConnected: 641f86d2-5aa6-4c53-92f5-5097883e2908 finished
2025-02-11 17:22:51.652 -05:00 [INF] PipeConnection.OnClientConnected: 9cc90803-e962-465e-9573-8c99fe65949a connection was not made. Exception: Impossible d'accéder à un canal fermé.
2025-02-11 17:22:51.652 -05:00 [VRB] PipeConnection.OnClientConnected: 9cc90803-e962-465e-9573-8c99fe65949a finished
2025-02-11 17:22:51.652 -05:00 [INF] PipeConnection.OnClientConnected: 78f589fa-3b5b-4263-9c90-16e7e95ae2fb connection was not made. Exception: Impossible d'accéder à un canal fermé.
2025-02-11 17:22:51.653 -05:00 [VRB] PipeConnection.OnClientConnected: 78f589fa-3b5b-4263-9c90-16e7e95ae2fb finished
2025-02-11 17:22:51.653 -05:00 [VRB] Cleanup session directory folder 'C:\Users\grave\AppData\Local\Temp\5f5cb3e0-ed51-4156-ab28-79402969d692'
